[2023-07-31T19:49:53.327+0000] {processor.py:157} INFO - Started process (PID=32) to work on /home/airflow/.local/lib/python3.7/site-packages/airflow/example_dags/example_params_ui_tutorial.py
[2023-07-31T19:49:53.334+0000] {processor.py:826} INFO - Processing file /home/airflow/.local/lib/python3.7/site-packages/airflow/example_dags/example_params_ui_tutorial.py for tasks to queue
[2023-07-31T19:49:53.335+0000] {logging_mixin.py:150} INFO - [2023-07-31T19:49:53.335+0000] {dagbag.py:541} INFO - Filling up the DagBag from /home/airflow/.local/lib/python3.7/site-packages/airflow/example_dags/example_params_ui_tutorial.py
[2023-07-31T19:49:53.455+0000] {processor.py:836} INFO - DAG(s) dict_keys(['example_params_ui_tutorial']) retrieved from /home/airflow/.local/lib/python3.7/site-packages/airflow/example_dags/example_params_ui_tutorial.py
[2023-07-31T19:49:53.960+0000] {logging_mixin.py:150} INFO - [2023-07-31T19:49:53.960+0000] {manager.py:504} INFO - Created Permission View: can delete on DAG:example_params_ui_tutorial
[2023-07-31T19:49:53.992+0000] {logging_mixin.py:150} INFO - [2023-07-31T19:49:53.992+0000] {manager.py:504} INFO - Created Permission View: can edit on DAG:example_params_ui_tutorial
[2023-07-31T19:49:54.008+0000] {logging_mixin.py:150} INFO - [2023-07-31T19:49:54.008+0000] {manager.py:504} INFO - Created Permission View: can read on DAG:example_params_ui_tutorial
[2023-07-31T19:49:54.043+0000] {logging_mixin.py:150} INFO - [2023-07-31T19:49:54.043+0000] {dag.py:2742} INFO - Sync 1 DAGs
[2023-07-31T19:49:54.075+0000] {logging_mixin.py:150} INFO - [2023-07-31T19:49:54.075+0000] {dag.py:2763} INFO - Creating ORM DAG for example_params_ui_tutorial
[2023-07-31T19:49:54.102+0000] {logging_mixin.py:150} INFO - [2023-07-31T19:49:54.102+0000] {dag.py:3508} INFO - Setting next_dagrun for example_params_ui_tutorial to None, run_after=None
[2023-07-31T19:49:54.187+0000] {processor.py:179} INFO - Processing /home/airflow/.local/lib/python3.7/site-packages/airflow/example_dags/example_params_ui_tutorial.py took 0.867 seconds
[2023-07-31T19:50:25.066+0000] {processor.py:157} INFO - Started process (PID=93) to work on /home/airflow/.local/lib/python3.7/site-packages/airflow/example_dags/example_params_ui_tutorial.py
[2023-07-31T19:50:25.067+0000] {processor.py:826} INFO - Processing file /home/airflow/.local/lib/python3.7/site-packages/airflow/example_dags/example_params_ui_tutorial.py for tasks to queue
[2023-07-31T19:50:25.068+0000] {logging_mixin.py:150} INFO - [2023-07-31T19:50:25.068+0000] {dagbag.py:541} INFO - Filling up the DagBag from /home/airflow/.local/lib/python3.7/site-packages/airflow/example_dags/example_params_ui_tutorial.py
[2023-07-31T19:50:25.319+0000] {processor.py:836} INFO - DAG(s) dict_keys(['example_params_ui_tutorial']) retrieved from /home/airflow/.local/lib/python3.7/site-packages/airflow/example_dags/example_params_ui_tutorial.py
[2023-07-31T19:50:27.013+0000] {logging_mixin.py:150} INFO - [2023-07-31T19:50:27.013+0000] {dag.py:2742} INFO - Sync 1 DAGs
[2023-07-31T19:50:27.083+0000] {logging_mixin.py:150} INFO - [2023-07-31T19:50:27.083+0000] {dag.py:3508} INFO - Setting next_dagrun for example_params_ui_tutorial to None, run_after=None
[2023-07-31T19:50:27.118+0000] {processor.py:179} INFO - Processing /home/airflow/.local/lib/python3.7/site-packages/airflow/example_dags/example_params_ui_tutorial.py took 2.065 seconds
[2023-07-31T19:50:57.496+0000] {processor.py:157} INFO - Started process (PID=154) to work on /home/airflow/.local/lib/python3.7/site-packages/airflow/example_dags/example_params_ui_tutorial.py
[2023-07-31T19:50:57.497+0000] {processor.py:826} INFO - Processing file /home/airflow/.local/lib/python3.7/site-packages/airflow/example_dags/example_params_ui_tutorial.py for tasks to queue
[2023-07-31T19:50:57.498+0000] {logging_mixin.py:150} INFO - [2023-07-31T19:50:57.497+0000] {dagbag.py:541} INFO - Filling up the DagBag from /home/airflow/.local/lib/python3.7/site-packages/airflow/example_dags/example_params_ui_tutorial.py
[2023-07-31T19:50:57.538+0000] {processor.py:836} INFO - DAG(s) dict_keys(['example_params_ui_tutorial']) retrieved from /home/airflow/.local/lib/python3.7/site-packages/airflow/example_dags/example_params_ui_tutorial.py
[2023-07-31T19:50:57.610+0000] {logging_mixin.py:150} INFO - [2023-07-31T19:50:57.610+0000] {dag.py:2742} INFO - Sync 1 DAGs
[2023-07-31T19:50:57.635+0000] {logging_mixin.py:150} INFO - [2023-07-31T19:50:57.634+0000] {dag.py:3508} INFO - Setting next_dagrun for example_params_ui_tutorial to None, run_after=None
[2023-07-31T19:50:57.655+0000] {processor.py:179} INFO - Processing /home/airflow/.local/lib/python3.7/site-packages/airflow/example_dags/example_params_ui_tutorial.py took 0.162 seconds
[2023-07-31T19:51:27.889+0000] {processor.py:157} INFO - Started process (PID=214) to work on /home/airflow/.local/lib/python3.7/site-packages/airflow/example_dags/example_params_ui_tutorial.py
[2023-07-31T19:51:27.890+0000] {processor.py:826} INFO - Processing file /home/airflow/.local/lib/python3.7/site-packages/airflow/example_dags/example_params_ui_tutorial.py for tasks to queue
[2023-07-31T19:51:27.891+0000] {logging_mixin.py:150} INFO - [2023-07-31T19:51:27.890+0000] {dagbag.py:541} INFO - Filling up the DagBag from /home/airflow/.local/lib/python3.7/site-packages/airflow/example_dags/example_params_ui_tutorial.py
[2023-07-31T19:51:27.954+0000] {processor.py:836} INFO - DAG(s) dict_keys(['example_params_ui_tutorial']) retrieved from /home/airflow/.local/lib/python3.7/site-packages/airflow/example_dags/example_params_ui_tutorial.py
[2023-07-31T19:51:28.053+0000] {logging_mixin.py:150} INFO - [2023-07-31T19:51:28.053+0000] {dag.py:2742} INFO - Sync 1 DAGs
[2023-07-31T19:51:28.092+0000] {logging_mixin.py:150} INFO - [2023-07-31T19:51:28.091+0000] {dag.py:3508} INFO - Setting next_dagrun for example_params_ui_tutorial to None, run_after=None
[2023-07-31T19:51:28.124+0000] {processor.py:179} INFO - Processing /home/airflow/.local/lib/python3.7/site-packages/airflow/example_dags/example_params_ui_tutorial.py took 0.239 seconds
[2023-07-31T19:51:58.234+0000] {processor.py:157} INFO - Started process (PID=275) to work on /home/airflow/.local/lib/python3.7/site-packages/airflow/example_dags/example_params_ui_tutorial.py
[2023-07-31T19:51:58.235+0000] {processor.py:826} INFO - Processing file /home/airflow/.local/lib/python3.7/site-packages/airflow/example_dags/example_params_ui_tutorial.py for tasks to queue
[2023-07-31T19:51:58.236+0000] {logging_mixin.py:150} INFO - [2023-07-31T19:51:58.236+0000] {dagbag.py:541} INFO - Filling up the DagBag from /home/airflow/.local/lib/python3.7/site-packages/airflow/example_dags/example_params_ui_tutorial.py
[2023-07-31T19:51:58.282+0000] {processor.py:836} INFO - DAG(s) dict_keys(['example_params_ui_tutorial']) retrieved from /home/airflow/.local/lib/python3.7/site-packages/airflow/example_dags/example_params_ui_tutorial.py
[2023-07-31T19:51:58.368+0000] {logging_mixin.py:150} INFO - [2023-07-31T19:51:58.368+0000] {dag.py:2742} INFO - Sync 1 DAGs
[2023-07-31T19:51:58.402+0000] {logging_mixin.py:150} INFO - [2023-07-31T19:51:58.402+0000] {dag.py:3508} INFO - Setting next_dagrun for example_params_ui_tutorial to None, run_after=None
[2023-07-31T19:51:58.432+0000] {processor.py:179} INFO - Processing /home/airflow/.local/lib/python3.7/site-packages/airflow/example_dags/example_params_ui_tutorial.py took 0.201 seconds
[2023-07-31T19:52:28.475+0000] {processor.py:157} INFO - Started process (PID=336) to work on /home/airflow/.local/lib/python3.7/site-packages/airflow/example_dags/example_params_ui_tutorial.py
[2023-07-31T19:52:28.476+0000] {processor.py:826} INFO - Processing file /home/airflow/.local/lib/python3.7/site-packages/airflow/example_dags/example_params_ui_tutorial.py for tasks to queue
[2023-07-31T19:52:28.477+0000] {logging_mixin.py:150} INFO - [2023-07-31T19:52:28.477+0000] {dagbag.py:541} INFO - Filling up the DagBag from /home/airflow/.local/lib/python3.7/site-packages/airflow/example_dags/example_params_ui_tutorial.py
[2023-07-31T19:52:28.549+0000] {processor.py:836} INFO - DAG(s) dict_keys(['example_params_ui_tutorial']) retrieved from /home/airflow/.local/lib/python3.7/site-packages/airflow/example_dags/example_params_ui_tutorial.py
[2023-07-31T19:52:28.655+0000] {logging_mixin.py:150} INFO - [2023-07-31T19:52:28.655+0000] {dag.py:2742} INFO - Sync 1 DAGs
[2023-07-31T19:52:28.691+0000] {logging_mixin.py:150} INFO - [2023-07-31T19:52:28.690+0000] {dag.py:3508} INFO - Setting next_dagrun for example_params_ui_tutorial to None, run_after=None
[2023-07-31T19:52:28.712+0000] {processor.py:179} INFO - Processing /home/airflow/.local/lib/python3.7/site-packages/airflow/example_dags/example_params_ui_tutorial.py took 0.240 seconds
[2023-07-31T19:52:58.985+0000] {processor.py:157} INFO - Started process (PID=397) to work on /home/airflow/.local/lib/python3.7/site-packages/airflow/example_dags/example_params_ui_tutorial.py
[2023-07-31T19:52:58.987+0000] {processor.py:826} INFO - Processing file /home/airflow/.local/lib/python3.7/site-packages/airflow/example_dags/example_params_ui_tutorial.py for tasks to queue
[2023-07-31T19:52:58.988+0000] {logging_mixin.py:150} INFO - [2023-07-31T19:52:58.987+0000] {dagbag.py:541} INFO - Filling up the DagBag from /home/airflow/.local/lib/python3.7/site-packages/airflow/example_dags/example_params_ui_tutorial.py
[2023-07-31T19:52:59.057+0000] {processor.py:836} INFO - DAG(s) dict_keys(['example_params_ui_tutorial']) retrieved from /home/airflow/.local/lib/python3.7/site-packages/airflow/example_dags/example_params_ui_tutorial.py
[2023-07-31T19:52:59.184+0000] {logging_mixin.py:150} INFO - [2023-07-31T19:52:59.184+0000] {dag.py:2742} INFO - Sync 1 DAGs
[2023-07-31T19:52:59.236+0000] {logging_mixin.py:150} INFO - [2023-07-31T19:52:59.236+0000] {dag.py:3508} INFO - Setting next_dagrun for example_params_ui_tutorial to None, run_after=None
[2023-07-31T19:52:59.273+0000] {processor.py:179} INFO - Processing /home/airflow/.local/lib/python3.7/site-packages/airflow/example_dags/example_params_ui_tutorial.py took 0.292 seconds
[2023-07-31T19:53:30.159+0000] {processor.py:157} INFO - Started process (PID=458) to work on /home/airflow/.local/lib/python3.7/site-packages/airflow/example_dags/example_params_ui_tutorial.py
[2023-07-31T19:53:30.160+0000] {processor.py:826} INFO - Processing file /home/airflow/.local/lib/python3.7/site-packages/airflow/example_dags/example_params_ui_tutorial.py for tasks to queue
[2023-07-31T19:53:30.160+0000] {logging_mixin.py:150} INFO - [2023-07-31T19:53:30.160+0000] {dagbag.py:541} INFO - Filling up the DagBag from /home/airflow/.local/lib/python3.7/site-packages/airflow/example_dags/example_params_ui_tutorial.py
[2023-07-31T19:53:30.217+0000] {processor.py:836} INFO - DAG(s) dict_keys(['example_params_ui_tutorial']) retrieved from /home/airflow/.local/lib/python3.7/site-packages/airflow/example_dags/example_params_ui_tutorial.py
[2023-07-31T19:53:30.307+0000] {logging_mixin.py:150} INFO - [2023-07-31T19:53:30.306+0000] {dag.py:2742} INFO - Sync 1 DAGs
[2023-07-31T19:53:30.349+0000] {logging_mixin.py:150} INFO - [2023-07-31T19:53:30.349+0000] {dag.py:3508} INFO - Setting next_dagrun for example_params_ui_tutorial to None, run_after=None
[2023-07-31T19:53:30.374+0000] {processor.py:179} INFO - Processing /home/airflow/.local/lib/python3.7/site-packages/airflow/example_dags/example_params_ui_tutorial.py took 0.218 seconds
[2023-07-31T19:54:00.827+0000] {processor.py:157} INFO - Started process (PID=519) to work on /home/airflow/.local/lib/python3.7/site-packages/airflow/example_dags/example_params_ui_tutorial.py
[2023-07-31T19:54:00.831+0000] {processor.py:826} INFO - Processing file /home/airflow/.local/lib/python3.7/site-packages/airflow/example_dags/example_params_ui_tutorial.py for tasks to queue
[2023-07-31T19:54:00.831+0000] {logging_mixin.py:150} INFO - [2023-07-31T19:54:00.831+0000] {dagbag.py:541} INFO - Filling up the DagBag from /home/airflow/.local/lib/python3.7/site-packages/airflow/example_dags/example_params_ui_tutorial.py
[2023-07-31T19:54:00.876+0000] {processor.py:836} INFO - DAG(s) dict_keys(['example_params_ui_tutorial']) retrieved from /home/airflow/.local/lib/python3.7/site-packages/airflow/example_dags/example_params_ui_tutorial.py
[2023-07-31T19:54:00.955+0000] {logging_mixin.py:150} INFO - [2023-07-31T19:54:00.954+0000] {dag.py:2742} INFO - Sync 1 DAGs
[2023-07-31T19:54:00.987+0000] {logging_mixin.py:150} INFO - [2023-07-31T19:54:00.987+0000] {dag.py:3508} INFO - Setting next_dagrun for example_params_ui_tutorial to None, run_after=None
[2023-07-31T19:54:01.016+0000] {processor.py:179} INFO - Processing /home/airflow/.local/lib/python3.7/site-packages/airflow/example_dags/example_params_ui_tutorial.py took 0.194 seconds
[2023-07-31T19:54:31.114+0000] {processor.py:157} INFO - Started process (PID=580) to work on /home/airflow/.local/lib/python3.7/site-packages/airflow/example_dags/example_params_ui_tutorial.py
[2023-07-31T19:54:31.115+0000] {processor.py:826} INFO - Processing file /home/airflow/.local/lib/python3.7/site-packages/airflow/example_dags/example_params_ui_tutorial.py for tasks to queue
[2023-07-31T19:54:31.116+0000] {logging_mixin.py:150} INFO - [2023-07-31T19:54:31.115+0000] {dagbag.py:541} INFO - Filling up the DagBag from /home/airflow/.local/lib/python3.7/site-packages/airflow/example_dags/example_params_ui_tutorial.py
[2023-07-31T19:54:31.162+0000] {processor.py:836} INFO - DAG(s) dict_keys(['example_params_ui_tutorial']) retrieved from /home/airflow/.local/lib/python3.7/site-packages/airflow/example_dags/example_params_ui_tutorial.py
[2023-07-31T19:54:31.235+0000] {logging_mixin.py:150} INFO - [2023-07-31T19:54:31.235+0000] {dag.py:2742} INFO - Sync 1 DAGs
[2023-07-31T19:54:31.262+0000] {logging_mixin.py:150} INFO - [2023-07-31T19:54:31.262+0000] {dag.py:3508} INFO - Setting next_dagrun for example_params_ui_tutorial to None, run_after=None
[2023-07-31T19:54:31.281+0000] {processor.py:179} INFO - Processing /home/airflow/.local/lib/python3.7/site-packages/airflow/example_dags/example_params_ui_tutorial.py took 0.171 seconds
[2023-07-31T19:55:01.370+0000] {processor.py:157} INFO - Started process (PID=642) to work on /home/airflow/.local/lib/python3.7/site-packages/airflow/example_dags/example_params_ui_tutorial.py
[2023-07-31T19:55:01.371+0000] {processor.py:826} INFO - Processing file /home/airflow/.local/lib/python3.7/site-packages/airflow/example_dags/example_params_ui_tutorial.py for tasks to queue
[2023-07-31T19:55:01.372+0000] {logging_mixin.py:150} INFO - [2023-07-31T19:55:01.371+0000] {dagbag.py:541} INFO - Filling up the DagBag from /home/airflow/.local/lib/python3.7/site-packages/airflow/example_dags/example_params_ui_tutorial.py
[2023-07-31T19:55:01.420+0000] {processor.py:836} INFO - DAG(s) dict_keys(['example_params_ui_tutorial']) retrieved from /home/airflow/.local/lib/python3.7/site-packages/airflow/example_dags/example_params_ui_tutorial.py
[2023-07-31T19:55:01.498+0000] {logging_mixin.py:150} INFO - [2023-07-31T19:55:01.497+0000] {dag.py:2742} INFO - Sync 1 DAGs
[2023-07-31T19:55:01.523+0000] {logging_mixin.py:150} INFO - [2023-07-31T19:55:01.523+0000] {dag.py:3508} INFO - Setting next_dagrun for example_params_ui_tutorial to None, run_after=None
[2023-07-31T19:55:01.546+0000] {processor.py:179} INFO - Processing /home/airflow/.local/lib/python3.7/site-packages/airflow/example_dags/example_params_ui_tutorial.py took 0.180 seconds
[2023-07-31T19:55:31.753+0000] {processor.py:157} INFO - Started process (PID=702) to work on /home/airflow/.local/lib/python3.7/site-packages/airflow/example_dags/example_params_ui_tutorial.py
[2023-07-31T19:55:31.754+0000] {processor.py:826} INFO - Processing file /home/airflow/.local/lib/python3.7/site-packages/airflow/example_dags/example_params_ui_tutorial.py for tasks to queue
[2023-07-31T19:55:31.755+0000] {logging_mixin.py:150} INFO - [2023-07-31T19:55:31.755+0000] {dagbag.py:541} INFO - Filling up the DagBag from /home/airflow/.local/lib/python3.7/site-packages/airflow/example_dags/example_params_ui_tutorial.py
[2023-07-31T19:55:31.805+0000] {processor.py:836} INFO - DAG(s) dict_keys(['example_params_ui_tutorial']) retrieved from /home/airflow/.local/lib/python3.7/site-packages/airflow/example_dags/example_params_ui_tutorial.py
[2023-07-31T19:55:31.902+0000] {logging_mixin.py:150} INFO - [2023-07-31T19:55:31.902+0000] {dag.py:2742} INFO - Sync 1 DAGs
[2023-07-31T19:55:31.931+0000] {logging_mixin.py:150} INFO - [2023-07-31T19:55:31.931+0000] {dag.py:3508} INFO - Setting next_dagrun for example_params_ui_tutorial to None, run_after=None
[2023-07-31T19:55:31.954+0000] {processor.py:179} INFO - Processing /home/airflow/.local/lib/python3.7/site-packages/airflow/example_dags/example_params_ui_tutorial.py took 0.205 seconds
[2023-07-31T19:56:02.153+0000] {processor.py:157} INFO - Started process (PID=763) to work on /home/airflow/.local/lib/python3.7/site-packages/airflow/example_dags/example_params_ui_tutorial.py
[2023-07-31T19:56:02.157+0000] {processor.py:826} INFO - Processing file /home/airflow/.local/lib/python3.7/site-packages/airflow/example_dags/example_params_ui_tutorial.py for tasks to queue
[2023-07-31T19:56:02.157+0000] {logging_mixin.py:150} INFO - [2023-07-31T19:56:02.157+0000] {dagbag.py:541} INFO - Filling up the DagBag from /home/airflow/.local/lib/python3.7/site-packages/airflow/example_dags/example_params_ui_tutorial.py
[2023-07-31T19:56:02.203+0000] {processor.py:836} INFO - DAG(s) dict_keys(['example_params_ui_tutorial']) retrieved from /home/airflow/.local/lib/python3.7/site-packages/airflow/example_dags/example_params_ui_tutorial.py
[2023-07-31T19:56:02.285+0000] {logging_mixin.py:150} INFO - [2023-07-31T19:56:02.285+0000] {dag.py:2742} INFO - Sync 1 DAGs
[2023-07-31T19:56:02.314+0000] {logging_mixin.py:150} INFO - [2023-07-31T19:56:02.314+0000] {dag.py:3508} INFO - Setting next_dagrun for example_params_ui_tutorial to None, run_after=None
[2023-07-31T19:56:02.344+0000] {processor.py:179} INFO - Processing /home/airflow/.local/lib/python3.7/site-packages/airflow/example_dags/example_params_ui_tutorial.py took 0.193 seconds
[2023-07-31T19:56:32.614+0000] {processor.py:157} INFO - Started process (PID=824) to work on /home/airflow/.local/lib/python3.7/site-packages/airflow/example_dags/example_params_ui_tutorial.py
[2023-07-31T19:56:32.615+0000] {processor.py:826} INFO - Processing file /home/airflow/.local/lib/python3.7/site-packages/airflow/example_dags/example_params_ui_tutorial.py for tasks to queue
[2023-07-31T19:56:32.615+0000] {logging_mixin.py:150} INFO - [2023-07-31T19:56:32.615+0000] {dagbag.py:541} INFO - Filling up the DagBag from /home/airflow/.local/lib/python3.7/site-packages/airflow/example_dags/example_params_ui_tutorial.py
[2023-07-31T19:56:32.667+0000] {processor.py:836} INFO - DAG(s) dict_keys(['example_params_ui_tutorial']) retrieved from /home/airflow/.local/lib/python3.7/site-packages/airflow/example_dags/example_params_ui_tutorial.py
[2023-07-31T19:56:32.741+0000] {logging_mixin.py:150} INFO - [2023-07-31T19:56:32.740+0000] {dag.py:2742} INFO - Sync 1 DAGs
[2023-07-31T19:56:32.772+0000] {logging_mixin.py:150} INFO - [2023-07-31T19:56:32.771+0000] {dag.py:3508} INFO - Setting next_dagrun for example_params_ui_tutorial to None, run_after=None
[2023-07-31T19:56:32.793+0000] {processor.py:179} INFO - Processing /home/airflow/.local/lib/python3.7/site-packages/airflow/example_dags/example_params_ui_tutorial.py took 0.182 seconds
[2023-07-31T19:57:02.889+0000] {processor.py:157} INFO - Started process (PID=885) to work on /home/airflow/.local/lib/python3.7/site-packages/airflow/example_dags/example_params_ui_tutorial.py
[2023-07-31T19:57:02.893+0000] {processor.py:826} INFO - Processing file /home/airflow/.local/lib/python3.7/site-packages/airflow/example_dags/example_params_ui_tutorial.py for tasks to queue
[2023-07-31T19:57:02.894+0000] {logging_mixin.py:150} INFO - [2023-07-31T19:57:02.894+0000] {dagbag.py:541} INFO - Filling up the DagBag from /home/airflow/.local/lib/python3.7/site-packages/airflow/example_dags/example_params_ui_tutorial.py
[2023-07-31T19:57:02.952+0000] {processor.py:836} INFO - DAG(s) dict_keys(['example_params_ui_tutorial']) retrieved from /home/airflow/.local/lib/python3.7/site-packages/airflow/example_dags/example_params_ui_tutorial.py
[2023-07-31T19:57:03.132+0000] {logging_mixin.py:150} INFO - [2023-07-31T19:57:03.132+0000] {dag.py:2742} INFO - Sync 1 DAGs
[2023-07-31T19:57:03.167+0000] {logging_mixin.py:150} INFO - [2023-07-31T19:57:03.167+0000] {dag.py:3508} INFO - Setting next_dagrun for example_params_ui_tutorial to None, run_after=None
[2023-07-31T19:57:03.188+0000] {processor.py:179} INFO - Processing /home/airflow/.local/lib/python3.7/site-packages/airflow/example_dags/example_params_ui_tutorial.py took 0.302 seconds
[2023-07-31T19:57:33.625+0000] {processor.py:157} INFO - Started process (PID=946) to work on /home/airflow/.local/lib/python3.7/site-packages/airflow/example_dags/example_params_ui_tutorial.py
[2023-07-31T19:57:33.627+0000] {processor.py:826} INFO - Processing file /home/airflow/.local/lib/python3.7/site-packages/airflow/example_dags/example_params_ui_tutorial.py for tasks to queue
[2023-07-31T19:57:33.629+0000] {logging_mixin.py:150} INFO - [2023-07-31T19:57:33.629+0000] {dagbag.py:541} INFO - Filling up the DagBag from /home/airflow/.local/lib/python3.7/site-packages/airflow/example_dags/example_params_ui_tutorial.py
[2023-07-31T19:57:33.760+0000] {processor.py:836} INFO - DAG(s) dict_keys(['example_params_ui_tutorial']) retrieved from /home/airflow/.local/lib/python3.7/site-packages/airflow/example_dags/example_params_ui_tutorial.py
[2023-07-31T19:57:33.980+0000] {logging_mixin.py:150} INFO - [2023-07-31T19:57:33.979+0000] {dag.py:2742} INFO - Sync 1 DAGs
[2023-07-31T19:57:34.058+0000] {logging_mixin.py:150} INFO - [2023-07-31T19:57:34.057+0000] {dag.py:3508} INFO - Setting next_dagrun for example_params_ui_tutorial to None, run_after=None
[2023-07-31T19:57:34.113+0000] {processor.py:179} INFO - Processing /home/airflow/.local/lib/python3.7/site-packages/airflow/example_dags/example_params_ui_tutorial.py took 0.497 seconds
[2023-07-31T19:58:04.968+0000] {processor.py:157} INFO - Started process (PID=1008) to work on /home/airflow/.local/lib/python3.7/site-packages/airflow/example_dags/example_params_ui_tutorial.py
[2023-07-31T19:58:04.971+0000] {processor.py:826} INFO - Processing file /home/airflow/.local/lib/python3.7/site-packages/airflow/example_dags/example_params_ui_tutorial.py for tasks to queue
[2023-07-31T19:58:04.972+0000] {logging_mixin.py:150} INFO - [2023-07-31T19:58:04.972+0000] {dagbag.py:541} INFO - Filling up the DagBag from /home/airflow/.local/lib/python3.7/site-packages/airflow/example_dags/example_params_ui_tutorial.py
[2023-07-31T19:58:05.022+0000] {processor.py:836} INFO - DAG(s) dict_keys(['example_params_ui_tutorial']) retrieved from /home/airflow/.local/lib/python3.7/site-packages/airflow/example_dags/example_params_ui_tutorial.py
[2023-07-31T19:58:05.102+0000] {logging_mixin.py:150} INFO - [2023-07-31T19:58:05.102+0000] {dag.py:2742} INFO - Sync 1 DAGs
[2023-07-31T19:58:05.137+0000] {logging_mixin.py:150} INFO - [2023-07-31T19:58:05.137+0000] {dag.py:3508} INFO - Setting next_dagrun for example_params_ui_tutorial to None, run_after=None
[2023-07-31T19:58:05.161+0000] {processor.py:179} INFO - Processing /home/airflow/.local/lib/python3.7/site-packages/airflow/example_dags/example_params_ui_tutorial.py took 0.197 seconds
[2023-07-31T19:58:35.445+0000] {processor.py:157} INFO - Started process (PID=1069) to work on /home/airflow/.local/lib/python3.7/site-packages/airflow/example_dags/example_params_ui_tutorial.py
[2023-07-31T19:58:35.445+0000] {processor.py:826} INFO - Processing file /home/airflow/.local/lib/python3.7/site-packages/airflow/example_dags/example_params_ui_tutorial.py for tasks to queue
[2023-07-31T19:58:35.446+0000] {logging_mixin.py:150} INFO - [2023-07-31T19:58:35.446+0000] {dagbag.py:541} INFO - Filling up the DagBag from /home/airflow/.local/lib/python3.7/site-packages/airflow/example_dags/example_params_ui_tutorial.py
[2023-07-31T19:58:35.491+0000] {processor.py:836} INFO - DAG(s) dict_keys(['example_params_ui_tutorial']) retrieved from /home/airflow/.local/lib/python3.7/site-packages/airflow/example_dags/example_params_ui_tutorial.py
[2023-07-31T19:58:35.567+0000] {logging_mixin.py:150} INFO - [2023-07-31T19:58:35.567+0000] {dag.py:2742} INFO - Sync 1 DAGs
[2023-07-31T19:58:35.594+0000] {logging_mixin.py:150} INFO - [2023-07-31T19:58:35.594+0000] {dag.py:3508} INFO - Setting next_dagrun for example_params_ui_tutorial to None, run_after=None
[2023-07-31T19:58:35.618+0000] {processor.py:179} INFO - Processing /home/airflow/.local/lib/python3.7/site-packages/airflow/example_dags/example_params_ui_tutorial.py took 0.177 seconds
[2023-07-31T20:00:41.573+0000] {processor.py:157} INFO - Started process (PID=33) to work on /home/airflow/.local/lib/python3.7/site-packages/airflow/example_dags/example_params_ui_tutorial.py
[2023-07-31T20:00:41.575+0000] {processor.py:826} INFO - Processing file /home/airflow/.local/lib/python3.7/site-packages/airflow/example_dags/example_params_ui_tutorial.py for tasks to queue
[2023-07-31T20:00:41.576+0000] {logging_mixin.py:150} INFO - [2023-07-31T20:00:41.576+0000] {dagbag.py:541} INFO - Filling up the DagBag from /home/airflow/.local/lib/python3.7/site-packages/airflow/example_dags/example_params_ui_tutorial.py
[2023-07-31T20:00:41.651+0000] {processor.py:836} INFO - DAG(s) dict_keys(['example_params_ui_tutorial']) retrieved from /home/airflow/.local/lib/python3.7/site-packages/airflow/example_dags/example_params_ui_tutorial.py
[2023-07-31T20:00:41.666+0000] {logging_mixin.py:150} INFO - [2023-07-31T20:00:41.666+0000] {dag.py:2742} INFO - Sync 1 DAGs
[2023-07-31T20:00:41.944+0000] {logging_mixin.py:150} INFO - [2023-07-31T20:00:41.943+0000] {dag.py:3508} INFO - Setting next_dagrun for example_params_ui_tutorial to None, run_after=None
[2023-07-31T20:00:41.976+0000] {processor.py:179} INFO - Processing /home/airflow/.local/lib/python3.7/site-packages/airflow/example_dags/example_params_ui_tutorial.py took 0.409 seconds
[2023-07-31T20:01:13.561+0000] {processor.py:157} INFO - Started process (PID=95) to work on /home/airflow/.local/lib/python3.7/site-packages/airflow/example_dags/example_params_ui_tutorial.py
[2023-07-31T20:01:15.071+0000] {processor.py:826} INFO - Processing file /home/airflow/.local/lib/python3.7/site-packages/airflow/example_dags/example_params_ui_tutorial.py for tasks to queue
[2023-07-31T20:01:15.072+0000] {logging_mixin.py:150} INFO - [2023-07-31T20:01:15.072+0000] {dagbag.py:541} INFO - Filling up the DagBag from /home/airflow/.local/lib/python3.7/site-packages/airflow/example_dags/example_params_ui_tutorial.py
[2023-07-31T20:01:15.727+0000] {processor.py:836} INFO - DAG(s) dict_keys(['example_params_ui_tutorial']) retrieved from /home/airflow/.local/lib/python3.7/site-packages/airflow/example_dags/example_params_ui_tutorial.py
[2023-07-31T20:01:15.798+0000] {logging_mixin.py:150} INFO - [2023-07-31T20:01:15.798+0000] {dag.py:2742} INFO - Sync 1 DAGs
[2023-07-31T20:01:15.824+0000] {logging_mixin.py:150} INFO - [2023-07-31T20:01:15.824+0000] {dag.py:3508} INFO - Setting next_dagrun for example_params_ui_tutorial to None, run_after=None
[2023-07-31T20:01:15.847+0000] {processor.py:179} INFO - Processing /home/airflow/.local/lib/python3.7/site-packages/airflow/example_dags/example_params_ui_tutorial.py took 2.291 seconds
[2023-07-31T20:01:46.378+0000] {processor.py:157} INFO - Started process (PID=157) to work on /home/airflow/.local/lib/python3.7/site-packages/airflow/example_dags/example_params_ui_tutorial.py
[2023-07-31T20:01:46.379+0000] {processor.py:826} INFO - Processing file /home/airflow/.local/lib/python3.7/site-packages/airflow/example_dags/example_params_ui_tutorial.py for tasks to queue
[2023-07-31T20:01:46.380+0000] {logging_mixin.py:150} INFO - [2023-07-31T20:01:46.380+0000] {dagbag.py:541} INFO - Filling up the DagBag from /home/airflow/.local/lib/python3.7/site-packages/airflow/example_dags/example_params_ui_tutorial.py
[2023-07-31T20:01:46.421+0000] {processor.py:836} INFO - DAG(s) dict_keys(['example_params_ui_tutorial']) retrieved from /home/airflow/.local/lib/python3.7/site-packages/airflow/example_dags/example_params_ui_tutorial.py
[2023-07-31T20:01:46.486+0000] {logging_mixin.py:150} INFO - [2023-07-31T20:01:46.485+0000] {dag.py:2742} INFO - Sync 1 DAGs
[2023-07-31T20:01:46.517+0000] {logging_mixin.py:150} INFO - [2023-07-31T20:01:46.517+0000] {dag.py:3508} INFO - Setting next_dagrun for example_params_ui_tutorial to None, run_after=None
[2023-07-31T20:01:46.535+0000] {processor.py:179} INFO - Processing /home/airflow/.local/lib/python3.7/site-packages/airflow/example_dags/example_params_ui_tutorial.py took 0.160 seconds
[2023-07-31T20:02:16.630+0000] {processor.py:157} INFO - Started process (PID=219) to work on /home/airflow/.local/lib/python3.7/site-packages/airflow/example_dags/example_params_ui_tutorial.py
[2023-07-31T20:02:16.633+0000] {processor.py:826} INFO - Processing file /home/airflow/.local/lib/python3.7/site-packages/airflow/example_dags/example_params_ui_tutorial.py for tasks to queue
[2023-07-31T20:02:16.634+0000] {logging_mixin.py:150} INFO - [2023-07-31T20:02:16.634+0000] {dagbag.py:541} INFO - Filling up the DagBag from /home/airflow/.local/lib/python3.7/site-packages/airflow/example_dags/example_params_ui_tutorial.py
[2023-07-31T20:02:16.674+0000] {processor.py:836} INFO - DAG(s) dict_keys(['example_params_ui_tutorial']) retrieved from /home/airflow/.local/lib/python3.7/site-packages/airflow/example_dags/example_params_ui_tutorial.py
[2023-07-31T20:02:16.739+0000] {logging_mixin.py:150} INFO - [2023-07-31T20:02:16.739+0000] {dag.py:2742} INFO - Sync 1 DAGs
[2023-07-31T20:02:16.764+0000] {logging_mixin.py:150} INFO - [2023-07-31T20:02:16.763+0000] {dag.py:3508} INFO - Setting next_dagrun for example_params_ui_tutorial to None, run_after=None
[2023-07-31T20:02:16.782+0000] {processor.py:179} INFO - Processing /home/airflow/.local/lib/python3.7/site-packages/airflow/example_dags/example_params_ui_tutorial.py took 0.155 seconds
