[2023-07-31T19:49:54.224+0000] {processor.py:157} INFO - Started process (PID=33) to work on /home/airflow/.local/lib/python3.7/site-packages/airflow/example_dags/example_short_circuit_operator.py
[2023-07-31T19:49:54.225+0000] {processor.py:826} INFO - Processing file /home/airflow/.local/lib/python3.7/site-packages/airflow/example_dags/example_short_circuit_operator.py for tasks to queue
[2023-07-31T19:49:54.226+0000] {logging_mixin.py:150} INFO - [2023-07-31T19:49:54.225+0000] {dagbag.py:541} INFO - Filling up the DagBag from /home/airflow/.local/lib/python3.7/site-packages/airflow/example_dags/example_short_circuit_operator.py
[2023-07-31T19:49:54.240+0000] {processor.py:836} INFO - DAG(s) dict_keys(['example_short_circuit_operator']) retrieved from /home/airflow/.local/lib/python3.7/site-packages/airflow/example_dags/example_short_circuit_operator.py
[2023-07-31T19:49:54.550+0000] {logging_mixin.py:150} INFO - [2023-07-31T19:49:54.549+0000] {manager.py:504} INFO - Created Permission View: can delete on DAG:example_short_circuit_operator
[2023-07-31T19:49:54.689+0000] {logging_mixin.py:150} INFO - [2023-07-31T19:49:54.689+0000] {manager.py:504} INFO - Created Permission View: can edit on DAG:example_short_circuit_operator
[2023-07-31T19:49:54.709+0000] {logging_mixin.py:150} INFO - [2023-07-31T19:49:54.709+0000] {manager.py:504} INFO - Created Permission View: can read on DAG:example_short_circuit_operator
[2023-07-31T19:49:54.761+0000] {logging_mixin.py:150} INFO - [2023-07-31T19:49:54.761+0000] {dag.py:2742} INFO - Sync 1 DAGs
[2023-07-31T19:49:54.796+0000] {logging_mixin.py:150} INFO - [2023-07-31T19:49:54.795+0000] {dag.py:2763} INFO - Creating ORM DAG for example_short_circuit_operator
[2023-07-31T19:49:54.822+0000] {logging_mixin.py:150} INFO - [2023-07-31T19:49:54.822+0000] {dag.py:3508} INFO - Setting next_dagrun for example_short_circuit_operator to 2023-07-30T19:49:54.822119+00:00, run_after=2023-07-31T19:49:54.822119+00:00
[2023-07-31T19:49:54.866+0000] {processor.py:179} INFO - Processing /home/airflow/.local/lib/python3.7/site-packages/airflow/example_dags/example_short_circuit_operator.py took 0.655 seconds
[2023-07-31T19:50:27.160+0000] {processor.py:157} INFO - Started process (PID=94) to work on /home/airflow/.local/lib/python3.7/site-packages/airflow/example_dags/example_short_circuit_operator.py
[2023-07-31T19:50:27.163+0000] {processor.py:826} INFO - Processing file /home/airflow/.local/lib/python3.7/site-packages/airflow/example_dags/example_short_circuit_operator.py for tasks to queue
[2023-07-31T19:50:27.166+0000] {logging_mixin.py:150} INFO - [2023-07-31T19:50:27.165+0000] {dagbag.py:541} INFO - Filling up the DagBag from /home/airflow/.local/lib/python3.7/site-packages/airflow/example_dags/example_short_circuit_operator.py
[2023-07-31T19:50:27.185+0000] {processor.py:836} INFO - DAG(s) dict_keys(['example_short_circuit_operator']) retrieved from /home/airflow/.local/lib/python3.7/site-packages/airflow/example_dags/example_short_circuit_operator.py
[2023-07-31T19:50:27.230+0000] {logging_mixin.py:150} INFO - [2023-07-31T19:50:27.230+0000] {dag.py:2742} INFO - Sync 1 DAGs
[2023-07-31T19:50:27.275+0000] {logging_mixin.py:150} INFO - [2023-07-31T19:50:27.275+0000] {dag.py:3508} INFO - Setting next_dagrun for example_short_circuit_operator to 2023-07-30T19:50:27.275096+00:00, run_after=2023-07-31T19:50:27.275096+00:00
[2023-07-31T19:50:27.312+0000] {processor.py:179} INFO - Processing /home/airflow/.local/lib/python3.7/site-packages/airflow/example_dags/example_short_circuit_operator.py took 0.161 seconds
[2023-07-31T19:50:57.597+0000] {processor.py:157} INFO - Started process (PID=155) to work on /home/airflow/.local/lib/python3.7/site-packages/airflow/example_dags/example_short_circuit_operator.py
[2023-07-31T19:50:57.598+0000] {processor.py:826} INFO - Processing file /home/airflow/.local/lib/python3.7/site-packages/airflow/example_dags/example_short_circuit_operator.py for tasks to queue
[2023-07-31T19:50:57.599+0000] {logging_mixin.py:150} INFO - [2023-07-31T19:50:57.599+0000] {dagbag.py:541} INFO - Filling up the DagBag from /home/airflow/.local/lib/python3.7/site-packages/airflow/example_dags/example_short_circuit_operator.py
[2023-07-31T19:50:57.607+0000] {processor.py:836} INFO - DAG(s) dict_keys(['example_short_circuit_operator']) retrieved from /home/airflow/.local/lib/python3.7/site-packages/airflow/example_dags/example_short_circuit_operator.py
[2023-07-31T19:50:57.633+0000] {logging_mixin.py:150} INFO - [2023-07-31T19:50:57.632+0000] {dag.py:2742} INFO - Sync 1 DAGs
[2023-07-31T19:50:57.659+0000] {logging_mixin.py:150} INFO - [2023-07-31T19:50:57.659+0000] {dag.py:3508} INFO - Setting next_dagrun for example_short_circuit_operator to 2023-07-30T19:50:57.659217+00:00, run_after=2023-07-31T19:50:57.659217+00:00
[2023-07-31T19:50:57.679+0000] {processor.py:179} INFO - Processing /home/airflow/.local/lib/python3.7/site-packages/airflow/example_dags/example_short_circuit_operator.py took 0.084 seconds
[2023-07-31T19:51:28.041+0000] {processor.py:157} INFO - Started process (PID=215) to work on /home/airflow/.local/lib/python3.7/site-packages/airflow/example_dags/example_short_circuit_operator.py
[2023-07-31T19:51:28.042+0000] {processor.py:826} INFO - Processing file /home/airflow/.local/lib/python3.7/site-packages/airflow/example_dags/example_short_circuit_operator.py for tasks to queue
[2023-07-31T19:51:28.043+0000] {logging_mixin.py:150} INFO - [2023-07-31T19:51:28.042+0000] {dagbag.py:541} INFO - Filling up the DagBag from /home/airflow/.local/lib/python3.7/site-packages/airflow/example_dags/example_short_circuit_operator.py
[2023-07-31T19:51:28.055+0000] {processor.py:836} INFO - DAG(s) dict_keys(['example_short_circuit_operator']) retrieved from /home/airflow/.local/lib/python3.7/site-packages/airflow/example_dags/example_short_circuit_operator.py
[2023-07-31T19:51:28.095+0000] {logging_mixin.py:150} INFO - [2023-07-31T19:51:28.095+0000] {dag.py:2742} INFO - Sync 1 DAGs
[2023-07-31T19:51:28.138+0000] {logging_mixin.py:150} INFO - [2023-07-31T19:51:28.138+0000] {dag.py:3508} INFO - Setting next_dagrun for example_short_circuit_operator to 2023-07-30T19:51:28.138400+00:00, run_after=2023-07-31T19:51:28.138400+00:00
[2023-07-31T19:51:28.169+0000] {processor.py:179} INFO - Processing /home/airflow/.local/lib/python3.7/site-packages/airflow/example_dags/example_short_circuit_operator.py took 0.132 seconds
[2023-07-31T19:51:58.357+0000] {processor.py:157} INFO - Started process (PID=276) to work on /home/airflow/.local/lib/python3.7/site-packages/airflow/example_dags/example_short_circuit_operator.py
[2023-07-31T19:51:58.358+0000] {processor.py:826} INFO - Processing file /home/airflow/.local/lib/python3.7/site-packages/airflow/example_dags/example_short_circuit_operator.py for tasks to queue
[2023-07-31T19:51:58.363+0000] {logging_mixin.py:150} INFO - [2023-07-31T19:51:58.362+0000] {dagbag.py:541} INFO - Filling up the DagBag from /home/airflow/.local/lib/python3.7/site-packages/airflow/example_dags/example_short_circuit_operator.py
[2023-07-31T19:51:58.372+0000] {processor.py:836} INFO - DAG(s) dict_keys(['example_short_circuit_operator']) retrieved from /home/airflow/.local/lib/python3.7/site-packages/airflow/example_dags/example_short_circuit_operator.py
[2023-07-31T19:51:58.405+0000] {logging_mixin.py:150} INFO - [2023-07-31T19:51:58.405+0000] {dag.py:2742} INFO - Sync 1 DAGs
[2023-07-31T19:51:58.439+0000] {logging_mixin.py:150} INFO - [2023-07-31T19:51:58.439+0000] {dag.py:3508} INFO - Setting next_dagrun for example_short_circuit_operator to 2023-07-30T19:51:58.439221+00:00, run_after=2023-07-31T19:51:58.439221+00:00
[2023-07-31T19:51:58.471+0000] {processor.py:179} INFO - Processing /home/airflow/.local/lib/python3.7/site-packages/airflow/example_dags/example_short_circuit_operator.py took 0.117 seconds
[2023-07-31T19:52:28.655+0000] {processor.py:157} INFO - Started process (PID=337) to work on /home/airflow/.local/lib/python3.7/site-packages/airflow/example_dags/example_short_circuit_operator.py
[2023-07-31T19:52:28.656+0000] {processor.py:826} INFO - Processing file /home/airflow/.local/lib/python3.7/site-packages/airflow/example_dags/example_short_circuit_operator.py for tasks to queue
[2023-07-31T19:52:28.657+0000] {logging_mixin.py:150} INFO - [2023-07-31T19:52:28.656+0000] {dagbag.py:541} INFO - Filling up the DagBag from /home/airflow/.local/lib/python3.7/site-packages/airflow/example_dags/example_short_circuit_operator.py
[2023-07-31T19:52:28.665+0000] {processor.py:836} INFO - DAG(s) dict_keys(['example_short_circuit_operator']) retrieved from /home/airflow/.local/lib/python3.7/site-packages/airflow/example_dags/example_short_circuit_operator.py
[2023-07-31T19:52:28.702+0000] {logging_mixin.py:150} INFO - [2023-07-31T19:52:28.702+0000] {dag.py:2742} INFO - Sync 1 DAGs
[2023-07-31T19:52:28.731+0000] {logging_mixin.py:150} INFO - [2023-07-31T19:52:28.731+0000] {dag.py:3508} INFO - Setting next_dagrun for example_short_circuit_operator to 2023-07-30T19:52:28.731469+00:00, run_after=2023-07-31T19:52:28.731469+00:00
[2023-07-31T19:52:28.755+0000] {processor.py:179} INFO - Processing /home/airflow/.local/lib/python3.7/site-packages/airflow/example_dags/example_short_circuit_operator.py took 0.104 seconds
[2023-07-31T19:52:59.155+0000] {processor.py:157} INFO - Started process (PID=398) to work on /home/airflow/.local/lib/python3.7/site-packages/airflow/example_dags/example_short_circuit_operator.py
[2023-07-31T19:52:59.157+0000] {processor.py:826} INFO - Processing file /home/airflow/.local/lib/python3.7/site-packages/airflow/example_dags/example_short_circuit_operator.py for tasks to queue
[2023-07-31T19:52:59.158+0000] {logging_mixin.py:150} INFO - [2023-07-31T19:52:59.158+0000] {dagbag.py:541} INFO - Filling up the DagBag from /home/airflow/.local/lib/python3.7/site-packages/airflow/example_dags/example_short_circuit_operator.py
[2023-07-31T19:52:59.173+0000] {processor.py:836} INFO - DAG(s) dict_keys(['example_short_circuit_operator']) retrieved from /home/airflow/.local/lib/python3.7/site-packages/airflow/example_dags/example_short_circuit_operator.py
[2023-07-31T19:52:59.217+0000] {logging_mixin.py:150} INFO - [2023-07-31T19:52:59.217+0000] {dag.py:2742} INFO - Sync 1 DAGs
[2023-07-31T19:52:59.263+0000] {logging_mixin.py:150} INFO - [2023-07-31T19:52:59.262+0000] {dag.py:3508} INFO - Setting next_dagrun for example_short_circuit_operator to 2023-07-30T19:52:59.260806+00:00, run_after=2023-07-31T19:52:59.260806+00:00
[2023-07-31T19:52:59.302+0000] {processor.py:179} INFO - Processing /home/airflow/.local/lib/python3.7/site-packages/airflow/example_dags/example_short_circuit_operator.py took 0.151 seconds
[2023-07-31T19:53:30.166+0000] {processor.py:157} INFO - Started process (PID=459) to work on /home/airflow/.local/lib/python3.7/site-packages/airflow/example_dags/example_short_circuit_operator.py
[2023-07-31T19:53:30.166+0000] {processor.py:826} INFO - Processing file /home/airflow/.local/lib/python3.7/site-packages/airflow/example_dags/example_short_circuit_operator.py for tasks to queue
[2023-07-31T19:53:30.167+0000] {logging_mixin.py:150} INFO - [2023-07-31T19:53:30.167+0000] {dagbag.py:541} INFO - Filling up the DagBag from /home/airflow/.local/lib/python3.7/site-packages/airflow/example_dags/example_short_circuit_operator.py
[2023-07-31T19:53:30.177+0000] {processor.py:836} INFO - DAG(s) dict_keys(['example_short_circuit_operator']) retrieved from /home/airflow/.local/lib/python3.7/site-packages/airflow/example_dags/example_short_circuit_operator.py
[2023-07-31T19:53:30.211+0000] {logging_mixin.py:150} INFO - [2023-07-31T19:53:30.211+0000] {dag.py:2742} INFO - Sync 1 DAGs
[2023-07-31T19:53:30.249+0000] {logging_mixin.py:150} INFO - [2023-07-31T19:53:30.249+0000] {dag.py:3508} INFO - Setting next_dagrun for example_short_circuit_operator to 2023-07-30T19:53:30.248931+00:00, run_after=2023-07-31T19:53:30.248931+00:00
[2023-07-31T19:53:30.277+0000] {processor.py:179} INFO - Processing /home/airflow/.local/lib/python3.7/site-packages/airflow/example_dags/example_short_circuit_operator.py took 0.116 seconds
[2023-07-31T19:54:00.832+0000] {processor.py:157} INFO - Started process (PID=520) to work on /home/airflow/.local/lib/python3.7/site-packages/airflow/example_dags/example_short_circuit_operator.py
[2023-07-31T19:54:00.833+0000] {processor.py:826} INFO - Processing file /home/airflow/.local/lib/python3.7/site-packages/airflow/example_dags/example_short_circuit_operator.py for tasks to queue
[2023-07-31T19:54:00.834+0000] {logging_mixin.py:150} INFO - [2023-07-31T19:54:00.834+0000] {dagbag.py:541} INFO - Filling up the DagBag from /home/airflow/.local/lib/python3.7/site-packages/airflow/example_dags/example_short_circuit_operator.py
[2023-07-31T19:54:00.843+0000] {processor.py:836} INFO - DAG(s) dict_keys(['example_short_circuit_operator']) retrieved from /home/airflow/.local/lib/python3.7/site-packages/airflow/example_dags/example_short_circuit_operator.py
[2023-07-31T19:54:00.871+0000] {logging_mixin.py:150} INFO - [2023-07-31T19:54:00.870+0000] {dag.py:2742} INFO - Sync 1 DAGs
[2023-07-31T19:54:00.899+0000] {logging_mixin.py:150} INFO - [2023-07-31T19:54:00.899+0000] {dag.py:3508} INFO - Setting next_dagrun for example_short_circuit_operator to 2023-07-30T19:54:00.899564+00:00, run_after=2023-07-31T19:54:00.899564+00:00
[2023-07-31T19:54:00.930+0000] {processor.py:179} INFO - Processing /home/airflow/.local/lib/python3.7/site-packages/airflow/example_dags/example_short_circuit_operator.py took 0.100 seconds
[2023-07-31T19:54:31.122+0000] {processor.py:157} INFO - Started process (PID=581) to work on /home/airflow/.local/lib/python3.7/site-packages/airflow/example_dags/example_short_circuit_operator.py
[2023-07-31T19:54:31.122+0000] {processor.py:826} INFO - Processing file /home/airflow/.local/lib/python3.7/site-packages/airflow/example_dags/example_short_circuit_operator.py for tasks to queue
[2023-07-31T19:54:31.123+0000] {logging_mixin.py:150} INFO - [2023-07-31T19:54:31.123+0000] {dagbag.py:541} INFO - Filling up the DagBag from /home/airflow/.local/lib/python3.7/site-packages/airflow/example_dags/example_short_circuit_operator.py
[2023-07-31T19:54:31.131+0000] {processor.py:836} INFO - DAG(s) dict_keys(['example_short_circuit_operator']) retrieved from /home/airflow/.local/lib/python3.7/site-packages/airflow/example_dags/example_short_circuit_operator.py
[2023-07-31T19:54:31.159+0000] {logging_mixin.py:150} INFO - [2023-07-31T19:54:31.158+0000] {dag.py:2742} INFO - Sync 1 DAGs
[2023-07-31T19:54:31.186+0000] {logging_mixin.py:150} INFO - [2023-07-31T19:54:31.186+0000] {dag.py:3508} INFO - Setting next_dagrun for example_short_circuit_operator to 2023-07-30T19:54:31.185945+00:00, run_after=2023-07-31T19:54:31.185945+00:00
[2023-07-31T19:54:31.210+0000] {processor.py:179} INFO - Processing /home/airflow/.local/lib/python3.7/site-packages/airflow/example_dags/example_short_circuit_operator.py took 0.094 seconds
[2023-07-31T19:55:01.264+0000] {processor.py:157} INFO - Started process (PID=641) to work on /home/airflow/.local/lib/python3.7/site-packages/airflow/example_dags/example_short_circuit_operator.py
[2023-07-31T19:55:01.265+0000] {processor.py:826} INFO - Processing file /home/airflow/.local/lib/python3.7/site-packages/airflow/example_dags/example_short_circuit_operator.py for tasks to queue
[2023-07-31T19:55:01.266+0000] {logging_mixin.py:150} INFO - [2023-07-31T19:55:01.266+0000] {dagbag.py:541} INFO - Filling up the DagBag from /home/airflow/.local/lib/python3.7/site-packages/airflow/example_dags/example_short_circuit_operator.py
[2023-07-31T19:55:01.273+0000] {processor.py:836} INFO - DAG(s) dict_keys(['example_short_circuit_operator']) retrieved from /home/airflow/.local/lib/python3.7/site-packages/airflow/example_dags/example_short_circuit_operator.py
[2023-07-31T19:55:01.300+0000] {logging_mixin.py:150} INFO - [2023-07-31T19:55:01.300+0000] {dag.py:2742} INFO - Sync 1 DAGs
[2023-07-31T19:55:01.330+0000] {logging_mixin.py:150} INFO - [2023-07-31T19:55:01.330+0000] {dag.py:3508} INFO - Setting next_dagrun for example_short_circuit_operator to 2023-07-30T19:55:01.329865+00:00, run_after=2023-07-31T19:55:01.329865+00:00
[2023-07-31T19:55:01.353+0000] {processor.py:179} INFO - Processing /home/airflow/.local/lib/python3.7/site-packages/airflow/example_dags/example_short_circuit_operator.py took 0.096 seconds
[2023-07-31T19:55:31.758+0000] {processor.py:157} INFO - Started process (PID=703) to work on /home/airflow/.local/lib/python3.7/site-packages/airflow/example_dags/example_short_circuit_operator.py
[2023-07-31T19:55:31.759+0000] {processor.py:826} INFO - Processing file /home/airflow/.local/lib/python3.7/site-packages/airflow/example_dags/example_short_circuit_operator.py for tasks to queue
[2023-07-31T19:55:31.760+0000] {logging_mixin.py:150} INFO - [2023-07-31T19:55:31.760+0000] {dagbag.py:541} INFO - Filling up the DagBag from /home/airflow/.local/lib/python3.7/site-packages/airflow/example_dags/example_short_circuit_operator.py
[2023-07-31T19:55:31.770+0000] {processor.py:836} INFO - DAG(s) dict_keys(['example_short_circuit_operator']) retrieved from /home/airflow/.local/lib/python3.7/site-packages/airflow/example_dags/example_short_circuit_operator.py
[2023-07-31T19:55:31.798+0000] {logging_mixin.py:150} INFO - [2023-07-31T19:55:31.798+0000] {dag.py:2742} INFO - Sync 1 DAGs
[2023-07-31T19:55:31.835+0000] {logging_mixin.py:150} INFO - [2023-07-31T19:55:31.835+0000] {dag.py:3508} INFO - Setting next_dagrun for example_short_circuit_operator to 2023-07-30T19:55:31.834657+00:00, run_after=2023-07-31T19:55:31.834657+00:00
[2023-07-31T19:55:31.866+0000] {processor.py:179} INFO - Processing /home/airflow/.local/lib/python3.7/site-packages/airflow/example_dags/example_short_circuit_operator.py took 0.111 seconds
[2023-07-31T19:56:02.160+0000] {processor.py:157} INFO - Started process (PID=764) to work on /home/airflow/.local/lib/python3.7/site-packages/airflow/example_dags/example_short_circuit_operator.py
[2023-07-31T19:56:02.161+0000] {processor.py:826} INFO - Processing file /home/airflow/.local/lib/python3.7/site-packages/airflow/example_dags/example_short_circuit_operator.py for tasks to queue
[2023-07-31T19:56:02.162+0000] {logging_mixin.py:150} INFO - [2023-07-31T19:56:02.162+0000] {dagbag.py:541} INFO - Filling up the DagBag from /home/airflow/.local/lib/python3.7/site-packages/airflow/example_dags/example_short_circuit_operator.py
[2023-07-31T19:56:02.169+0000] {processor.py:836} INFO - DAG(s) dict_keys(['example_short_circuit_operator']) retrieved from /home/airflow/.local/lib/python3.7/site-packages/airflow/example_dags/example_short_circuit_operator.py
[2023-07-31T19:56:02.200+0000] {logging_mixin.py:150} INFO - [2023-07-31T19:56:02.200+0000] {dag.py:2742} INFO - Sync 1 DAGs
[2023-07-31T19:56:02.230+0000] {logging_mixin.py:150} INFO - [2023-07-31T19:56:02.229+0000] {dag.py:3508} INFO - Setting next_dagrun for example_short_circuit_operator to 2023-07-30T19:56:02.229499+00:00, run_after=2023-07-31T19:56:02.229499+00:00
[2023-07-31T19:56:02.260+0000] {processor.py:179} INFO - Processing /home/airflow/.local/lib/python3.7/site-packages/airflow/example_dags/example_short_circuit_operator.py took 0.104 seconds
[2023-07-31T19:56:32.620+0000] {processor.py:157} INFO - Started process (PID=825) to work on /home/airflow/.local/lib/python3.7/site-packages/airflow/example_dags/example_short_circuit_operator.py
[2023-07-31T19:56:32.621+0000] {processor.py:826} INFO - Processing file /home/airflow/.local/lib/python3.7/site-packages/airflow/example_dags/example_short_circuit_operator.py for tasks to queue
[2023-07-31T19:56:32.621+0000] {logging_mixin.py:150} INFO - [2023-07-31T19:56:32.621+0000] {dagbag.py:541} INFO - Filling up the DagBag from /home/airflow/.local/lib/python3.7/site-packages/airflow/example_dags/example_short_circuit_operator.py
[2023-07-31T19:56:32.630+0000] {processor.py:836} INFO - DAG(s) dict_keys(['example_short_circuit_operator']) retrieved from /home/airflow/.local/lib/python3.7/site-packages/airflow/example_dags/example_short_circuit_operator.py
[2023-07-31T19:56:32.663+0000] {logging_mixin.py:150} INFO - [2023-07-31T19:56:32.663+0000] {dag.py:2742} INFO - Sync 1 DAGs
[2023-07-31T19:56:32.690+0000] {logging_mixin.py:150} INFO - [2023-07-31T19:56:32.690+0000] {dag.py:3508} INFO - Setting next_dagrun for example_short_circuit_operator to 2023-07-30T19:56:32.690325+00:00, run_after=2023-07-31T19:56:32.690325+00:00
[2023-07-31T19:56:32.715+0000] {processor.py:179} INFO - Processing /home/airflow/.local/lib/python3.7/site-packages/airflow/example_dags/example_short_circuit_operator.py took 0.099 seconds
[2023-07-31T19:57:02.895+0000] {processor.py:157} INFO - Started process (PID=886) to work on /home/airflow/.local/lib/python3.7/site-packages/airflow/example_dags/example_short_circuit_operator.py
[2023-07-31T19:57:02.896+0000] {processor.py:826} INFO - Processing file /home/airflow/.local/lib/python3.7/site-packages/airflow/example_dags/example_short_circuit_operator.py for tasks to queue
[2023-07-31T19:57:02.897+0000] {logging_mixin.py:150} INFO - [2023-07-31T19:57:02.897+0000] {dagbag.py:541} INFO - Filling up the DagBag from /home/airflow/.local/lib/python3.7/site-packages/airflow/example_dags/example_short_circuit_operator.py
[2023-07-31T19:57:02.906+0000] {processor.py:836} INFO - DAG(s) dict_keys(['example_short_circuit_operator']) retrieved from /home/airflow/.local/lib/python3.7/site-packages/airflow/example_dags/example_short_circuit_operator.py
[2023-07-31T19:57:02.944+0000] {logging_mixin.py:150} INFO - [2023-07-31T19:57:02.944+0000] {dag.py:2742} INFO - Sync 1 DAGs
[2023-07-31T19:57:03.033+0000] {logging_mixin.py:150} INFO - [2023-07-31T19:57:03.032+0000] {dag.py:3508} INFO - Setting next_dagrun for example_short_circuit_operator to 2023-07-30T19:57:03.032253+00:00, run_after=2023-07-31T19:57:03.032253+00:00
[2023-07-31T19:57:03.090+0000] {processor.py:179} INFO - Processing /home/airflow/.local/lib/python3.7/site-packages/airflow/example_dags/example_short_circuit_operator.py took 0.197 seconds
[2023-07-31T19:57:33.634+0000] {processor.py:157} INFO - Started process (PID=947) to work on /home/airflow/.local/lib/python3.7/site-packages/airflow/example_dags/example_short_circuit_operator.py
[2023-07-31T19:57:33.638+0000] {processor.py:826} INFO - Processing file /home/airflow/.local/lib/python3.7/site-packages/airflow/example_dags/example_short_circuit_operator.py for tasks to queue
[2023-07-31T19:57:33.640+0000] {logging_mixin.py:150} INFO - [2023-07-31T19:57:33.640+0000] {dagbag.py:541} INFO - Filling up the DagBag from /home/airflow/.local/lib/python3.7/site-packages/airflow/example_dags/example_short_circuit_operator.py
[2023-07-31T19:57:33.658+0000] {processor.py:836} INFO - DAG(s) dict_keys(['example_short_circuit_operator']) retrieved from /home/airflow/.local/lib/python3.7/site-packages/airflow/example_dags/example_short_circuit_operator.py
[2023-07-31T19:57:33.733+0000] {logging_mixin.py:150} INFO - [2023-07-31T19:57:33.733+0000] {dag.py:2742} INFO - Sync 1 DAGs
[2023-07-31T19:57:33.814+0000] {logging_mixin.py:150} INFO - [2023-07-31T19:57:33.814+0000] {dag.py:3508} INFO - Setting next_dagrun for example_short_circuit_operator to 2023-07-30T19:57:33.813795+00:00, run_after=2023-07-31T19:57:33.813795+00:00
[2023-07-31T19:57:33.872+0000] {processor.py:179} INFO - Processing /home/airflow/.local/lib/python3.7/site-packages/airflow/example_dags/example_short_circuit_operator.py took 0.243 seconds
[2023-07-31T19:58:03.959+0000] {processor.py:157} INFO - Started process (PID=1007) to work on /home/airflow/.local/lib/python3.7/site-packages/airflow/example_dags/example_short_circuit_operator.py
[2023-07-31T19:58:03.963+0000] {processor.py:826} INFO - Processing file /home/airflow/.local/lib/python3.7/site-packages/airflow/example_dags/example_short_circuit_operator.py for tasks to queue
[2023-07-31T19:58:03.964+0000] {logging_mixin.py:150} INFO - [2023-07-31T19:58:03.964+0000] {dagbag.py:541} INFO - Filling up the DagBag from /home/airflow/.local/lib/python3.7/site-packages/airflow/example_dags/example_short_circuit_operator.py
[2023-07-31T19:58:03.972+0000] {processor.py:836} INFO - DAG(s) dict_keys(['example_short_circuit_operator']) retrieved from /home/airflow/.local/lib/python3.7/site-packages/airflow/example_dags/example_short_circuit_operator.py
[2023-07-31T19:58:03.999+0000] {logging_mixin.py:150} INFO - [2023-07-31T19:58:03.999+0000] {dag.py:2742} INFO - Sync 1 DAGs
[2023-07-31T19:58:04.026+0000] {logging_mixin.py:150} INFO - [2023-07-31T19:58:04.026+0000] {dag.py:3508} INFO - Setting next_dagrun for example_short_circuit_operator to 2023-07-30T19:58:04.026068+00:00, run_after=2023-07-31T19:58:04.026068+00:00
[2023-07-31T19:58:04.052+0000] {processor.py:179} INFO - Processing /home/airflow/.local/lib/python3.7/site-packages/airflow/example_dags/example_short_circuit_operator.py took 0.097 seconds
[2023-07-31T19:58:34.436+0000] {processor.py:157} INFO - Started process (PID=1068) to work on /home/airflow/.local/lib/python3.7/site-packages/airflow/example_dags/example_short_circuit_operator.py
[2023-07-31T19:58:34.437+0000] {processor.py:826} INFO - Processing file /home/airflow/.local/lib/python3.7/site-packages/airflow/example_dags/example_short_circuit_operator.py for tasks to queue
[2023-07-31T19:58:34.438+0000] {logging_mixin.py:150} INFO - [2023-07-31T19:58:34.438+0000] {dagbag.py:541} INFO - Filling up the DagBag from /home/airflow/.local/lib/python3.7/site-packages/airflow/example_dags/example_short_circuit_operator.py
[2023-07-31T19:58:34.446+0000] {processor.py:836} INFO - DAG(s) dict_keys(['example_short_circuit_operator']) retrieved from /home/airflow/.local/lib/python3.7/site-packages/airflow/example_dags/example_short_circuit_operator.py
[2023-07-31T19:58:34.481+0000] {logging_mixin.py:150} INFO - [2023-07-31T19:58:34.481+0000] {dag.py:2742} INFO - Sync 1 DAGs
[2023-07-31T19:58:34.516+0000] {logging_mixin.py:150} INFO - [2023-07-31T19:58:34.515+0000] {dag.py:3508} INFO - Setting next_dagrun for example_short_circuit_operator to 2023-07-30T19:58:34.515321+00:00, run_after=2023-07-31T19:58:34.515321+00:00
[2023-07-31T19:58:34.544+0000] {processor.py:179} INFO - Processing /home/airflow/.local/lib/python3.7/site-packages/airflow/example_dags/example_short_circuit_operator.py took 0.112 seconds
[2023-07-31T20:00:41.991+0000] {processor.py:157} INFO - Started process (PID=34) to work on /home/airflow/.local/lib/python3.7/site-packages/airflow/example_dags/example_short_circuit_operator.py
[2023-07-31T20:00:41.993+0000] {processor.py:826} INFO - Processing file /home/airflow/.local/lib/python3.7/site-packages/airflow/example_dags/example_short_circuit_operator.py for tasks to queue
[2023-07-31T20:00:41.995+0000] {logging_mixin.py:150} INFO - [2023-07-31T20:00:41.994+0000] {dagbag.py:541} INFO - Filling up the DagBag from /home/airflow/.local/lib/python3.7/site-packages/airflow/example_dags/example_short_circuit_operator.py
[2023-07-31T20:00:42.011+0000] {processor.py:836} INFO - DAG(s) dict_keys(['example_short_circuit_operator']) retrieved from /home/airflow/.local/lib/python3.7/site-packages/airflow/example_dags/example_short_circuit_operator.py
[2023-07-31T20:00:42.029+0000] {logging_mixin.py:150} INFO - [2023-07-31T20:00:42.029+0000] {dag.py:2742} INFO - Sync 1 DAGs
[2023-07-31T20:00:42.071+0000] {logging_mixin.py:150} INFO - [2023-07-31T20:00:42.071+0000] {dag.py:3508} INFO - Setting next_dagrun for example_short_circuit_operator to 2023-07-30T20:00:42.070944+00:00, run_after=2023-07-31T20:00:42.070944+00:00
[2023-07-31T20:00:42.231+0000] {processor.py:179} INFO - Processing /home/airflow/.local/lib/python3.7/site-packages/airflow/example_dags/example_short_circuit_operator.py took 0.244 seconds
[2023-07-31T20:01:13.710+0000] {processor.py:157} INFO - Started process (PID=96) to work on /home/airflow/.local/lib/python3.7/site-packages/airflow/example_dags/example_short_circuit_operator.py
[2023-07-31T20:01:15.080+0000] {processor.py:826} INFO - Processing file /home/airflow/.local/lib/python3.7/site-packages/airflow/example_dags/example_short_circuit_operator.py for tasks to queue
[2023-07-31T20:01:15.081+0000] {logging_mixin.py:150} INFO - [2023-07-31T20:01:15.081+0000] {dagbag.py:541} INFO - Filling up the DagBag from /home/airflow/.local/lib/python3.7/site-packages/airflow/example_dags/example_short_circuit_operator.py
[2023-07-31T20:01:15.230+0000] {processor.py:836} INFO - DAG(s) dict_keys(['example_short_circuit_operator']) retrieved from /home/airflow/.local/lib/python3.7/site-packages/airflow/example_dags/example_short_circuit_operator.py
[2023-07-31T20:01:15.254+0000] {logging_mixin.py:150} INFO - [2023-07-31T20:01:15.253+0000] {dag.py:2742} INFO - Sync 1 DAGs
[2023-07-31T20:01:15.278+0000] {logging_mixin.py:150} INFO - [2023-07-31T20:01:15.278+0000] {dag.py:3508} INFO - Setting next_dagrun for example_short_circuit_operator to 2023-07-30T20:01:15.278144+00:00, run_after=2023-07-31T20:01:15.278144+00:00
[2023-07-31T20:01:15.722+0000] {processor.py:179} INFO - Processing /home/airflow/.local/lib/python3.7/site-packages/airflow/example_dags/example_short_circuit_operator.py took 2.015 seconds
[2023-07-31T20:01:46.385+0000] {processor.py:157} INFO - Started process (PID=158) to work on /home/airflow/.local/lib/python3.7/site-packages/airflow/example_dags/example_short_circuit_operator.py
[2023-07-31T20:01:46.385+0000] {processor.py:826} INFO - Processing file /home/airflow/.local/lib/python3.7/site-packages/airflow/example_dags/example_short_circuit_operator.py for tasks to queue
[2023-07-31T20:01:46.386+0000] {logging_mixin.py:150} INFO - [2023-07-31T20:01:46.386+0000] {dagbag.py:541} INFO - Filling up the DagBag from /home/airflow/.local/lib/python3.7/site-packages/airflow/example_dags/example_short_circuit_operator.py
[2023-07-31T20:01:46.395+0000] {processor.py:836} INFO - DAG(s) dict_keys(['example_short_circuit_operator']) retrieved from /home/airflow/.local/lib/python3.7/site-packages/airflow/example_dags/example_short_circuit_operator.py
[2023-07-31T20:01:46.422+0000] {logging_mixin.py:150} INFO - [2023-07-31T20:01:46.422+0000] {dag.py:2742} INFO - Sync 1 DAGs
[2023-07-31T20:01:46.448+0000] {logging_mixin.py:150} INFO - [2023-07-31T20:01:46.448+0000] {dag.py:3508} INFO - Setting next_dagrun for example_short_circuit_operator to 2023-07-30T20:01:46.448228+00:00, run_after=2023-07-31T20:01:46.448228+00:00
[2023-07-31T20:01:46.470+0000] {processor.py:179} INFO - Processing /home/airflow/.local/lib/python3.7/site-packages/airflow/example_dags/example_short_circuit_operator.py took 0.088 seconds
[2023-07-31T20:02:16.635+0000] {processor.py:157} INFO - Started process (PID=220) to work on /home/airflow/.local/lib/python3.7/site-packages/airflow/example_dags/example_short_circuit_operator.py
[2023-07-31T20:02:16.636+0000] {processor.py:826} INFO - Processing file /home/airflow/.local/lib/python3.7/site-packages/airflow/example_dags/example_short_circuit_operator.py for tasks to queue
[2023-07-31T20:02:16.636+0000] {logging_mixin.py:150} INFO - [2023-07-31T20:02:16.636+0000] {dagbag.py:541} INFO - Filling up the DagBag from /home/airflow/.local/lib/python3.7/site-packages/airflow/example_dags/example_short_circuit_operator.py
[2023-07-31T20:02:16.643+0000] {processor.py:836} INFO - DAG(s) dict_keys(['example_short_circuit_operator']) retrieved from /home/airflow/.local/lib/python3.7/site-packages/airflow/example_dags/example_short_circuit_operator.py
[2023-07-31T20:02:16.668+0000] {logging_mixin.py:150} INFO - [2023-07-31T20:02:16.668+0000] {dag.py:2742} INFO - Sync 1 DAGs
[2023-07-31T20:02:16.693+0000] {logging_mixin.py:150} INFO - [2023-07-31T20:02:16.693+0000] {dag.py:3508} INFO - Setting next_dagrun for example_short_circuit_operator to 2023-07-30T20:02:16.693005+00:00, run_after=2023-07-31T20:02:16.693005+00:00
[2023-07-31T20:02:16.713+0000] {processor.py:179} INFO - Processing /home/airflow/.local/lib/python3.7/site-packages/airflow/example_dags/example_short_circuit_operator.py took 0.081 seconds
