[2023-07-31T19:50:01.917+0000] {processor.py:157} INFO - Started process (PID=44) to work on /home/airflow/.local/lib/python3.7/site-packages/airflow/example_dags/example_skip_dag.py
[2023-07-31T19:50:01.918+0000] {processor.py:826} INFO - Processing file /home/airflow/.local/lib/python3.7/site-packages/airflow/example_dags/example_skip_dag.py for tasks to queue
[2023-07-31T19:50:01.920+0000] {logging_mixin.py:150} INFO - [2023-07-31T19:50:01.919+0000] {dagbag.py:541} INFO - Filling up the DagBag from /home/airflow/.local/lib/python3.7/site-packages/airflow/example_dags/example_skip_dag.py
[2023-07-31T19:50:01.941+0000] {processor.py:836} INFO - DAG(s) dict_keys(['example_skip_dag']) retrieved from /home/airflow/.local/lib/python3.7/site-packages/airflow/example_dags/example_skip_dag.py
[2023-07-31T19:50:02.144+0000] {logging_mixin.py:150} INFO - [2023-07-31T19:50:02.143+0000] {manager.py:504} INFO - Created Permission View: can delete on DAG:example_skip_dag
[2023-07-31T19:50:02.169+0000] {logging_mixin.py:150} INFO - [2023-07-31T19:50:02.169+0000] {manager.py:504} INFO - Created Permission View: can edit on DAG:example_skip_dag
[2023-07-31T19:50:02.184+0000] {logging_mixin.py:150} INFO - [2023-07-31T19:50:02.184+0000] {manager.py:504} INFO - Created Permission View: can read on DAG:example_skip_dag
[2023-07-31T19:50:02.213+0000] {logging_mixin.py:150} INFO - [2023-07-31T19:50:02.213+0000] {dag.py:2742} INFO - Sync 1 DAGs
[2023-07-31T19:50:02.236+0000] {logging_mixin.py:150} INFO - [2023-07-31T19:50:02.236+0000] {dag.py:2763} INFO - Creating ORM DAG for example_skip_dag
[2023-07-31T19:50:02.267+0000] {logging_mixin.py:150} INFO - [2023-07-31T19:50:02.266+0000] {dag.py:3508} INFO - Setting next_dagrun for example_skip_dag to 2023-07-30T19:50:02.266350+00:00, run_after=2023-07-31T19:50:02.266350+00:00
[2023-07-31T19:50:02.300+0000] {processor.py:179} INFO - Processing /home/airflow/.local/lib/python3.7/site-packages/airflow/example_dags/example_skip_dag.py took 0.388 seconds
[2023-07-31T19:50:32.743+0000] {processor.py:157} INFO - Started process (PID=105) to work on /home/airflow/.local/lib/python3.7/site-packages/airflow/example_dags/example_skip_dag.py
[2023-07-31T19:50:32.745+0000] {processor.py:826} INFO - Processing file /home/airflow/.local/lib/python3.7/site-packages/airflow/example_dags/example_skip_dag.py for tasks to queue
[2023-07-31T19:50:32.746+0000] {logging_mixin.py:150} INFO - [2023-07-31T19:50:32.746+0000] {dagbag.py:541} INFO - Filling up the DagBag from /home/airflow/.local/lib/python3.7/site-packages/airflow/example_dags/example_skip_dag.py
[2023-07-31T19:50:32.775+0000] {processor.py:836} INFO - DAG(s) dict_keys(['example_skip_dag']) retrieved from /home/airflow/.local/lib/python3.7/site-packages/airflow/example_dags/example_skip_dag.py
[2023-07-31T19:50:32.879+0000] {logging_mixin.py:150} INFO - [2023-07-31T19:50:32.879+0000] {dag.py:2742} INFO - Sync 1 DAGs
[2023-07-31T19:50:32.978+0000] {logging_mixin.py:150} INFO - [2023-07-31T19:50:32.977+0000] {dag.py:3508} INFO - Setting next_dagrun for example_skip_dag to 2023-07-30T19:50:32.977275+00:00, run_after=2023-07-31T19:50:32.977275+00:00
[2023-07-31T19:50:33.038+0000] {processor.py:179} INFO - Processing /home/airflow/.local/lib/python3.7/site-packages/airflow/example_dags/example_skip_dag.py took 0.307 seconds
[2023-07-31T19:51:03.517+0000] {processor.py:157} INFO - Started process (PID=166) to work on /home/airflow/.local/lib/python3.7/site-packages/airflow/example_dags/example_skip_dag.py
[2023-07-31T19:51:03.519+0000] {processor.py:826} INFO - Processing file /home/airflow/.local/lib/python3.7/site-packages/airflow/example_dags/example_skip_dag.py for tasks to queue
[2023-07-31T19:51:03.523+0000] {logging_mixin.py:150} INFO - [2023-07-31T19:51:03.523+0000] {dagbag.py:541} INFO - Filling up the DagBag from /home/airflow/.local/lib/python3.7/site-packages/airflow/example_dags/example_skip_dag.py
[2023-07-31T19:51:03.540+0000] {processor.py:836} INFO - DAG(s) dict_keys(['example_skip_dag']) retrieved from /home/airflow/.local/lib/python3.7/site-packages/airflow/example_dags/example_skip_dag.py
[2023-07-31T19:51:03.598+0000] {logging_mixin.py:150} INFO - [2023-07-31T19:51:03.597+0000] {dag.py:2742} INFO - Sync 1 DAGs
[2023-07-31T19:51:03.657+0000] {logging_mixin.py:150} INFO - [2023-07-31T19:51:03.656+0000] {dag.py:3508} INFO - Setting next_dagrun for example_skip_dag to 2023-07-30T19:51:03.656306+00:00, run_after=2023-07-31T19:51:03.656306+00:00
[2023-07-31T19:51:03.701+0000] {processor.py:179} INFO - Processing /home/airflow/.local/lib/python3.7/site-packages/airflow/example_dags/example_skip_dag.py took 0.191 seconds
[2023-07-31T19:51:33.889+0000] {processor.py:157} INFO - Started process (PID=226) to work on /home/airflow/.local/lib/python3.7/site-packages/airflow/example_dags/example_skip_dag.py
[2023-07-31T19:51:33.891+0000] {processor.py:826} INFO - Processing file /home/airflow/.local/lib/python3.7/site-packages/airflow/example_dags/example_skip_dag.py for tasks to queue
[2023-07-31T19:51:33.891+0000] {logging_mixin.py:150} INFO - [2023-07-31T19:51:33.891+0000] {dagbag.py:541} INFO - Filling up the DagBag from /home/airflow/.local/lib/python3.7/site-packages/airflow/example_dags/example_skip_dag.py
[2023-07-31T19:51:33.903+0000] {processor.py:836} INFO - DAG(s) dict_keys(['example_skip_dag']) retrieved from /home/airflow/.local/lib/python3.7/site-packages/airflow/example_dags/example_skip_dag.py
[2023-07-31T19:51:33.945+0000] {logging_mixin.py:150} INFO - [2023-07-31T19:51:33.945+0000] {dag.py:2742} INFO - Sync 1 DAGs
[2023-07-31T19:51:33.989+0000] {logging_mixin.py:150} INFO - [2023-07-31T19:51:33.989+0000] {dag.py:3508} INFO - Setting next_dagrun for example_skip_dag to 2023-07-30T19:51:33.989376+00:00, run_after=2023-07-31T19:51:33.989376+00:00
[2023-07-31T19:51:34.026+0000] {processor.py:179} INFO - Processing /home/airflow/.local/lib/python3.7/site-packages/airflow/example_dags/example_skip_dag.py took 0.140 seconds
[2023-07-31T19:52:04.153+0000] {processor.py:157} INFO - Started process (PID=287) to work on /home/airflow/.local/lib/python3.7/site-packages/airflow/example_dags/example_skip_dag.py
[2023-07-31T19:52:04.155+0000] {processor.py:826} INFO - Processing file /home/airflow/.local/lib/python3.7/site-packages/airflow/example_dags/example_skip_dag.py for tasks to queue
[2023-07-31T19:52:04.156+0000] {logging_mixin.py:150} INFO - [2023-07-31T19:52:04.156+0000] {dagbag.py:541} INFO - Filling up the DagBag from /home/airflow/.local/lib/python3.7/site-packages/airflow/example_dags/example_skip_dag.py
[2023-07-31T19:52:04.164+0000] {processor.py:836} INFO - DAG(s) dict_keys(['example_skip_dag']) retrieved from /home/airflow/.local/lib/python3.7/site-packages/airflow/example_dags/example_skip_dag.py
[2023-07-31T19:52:04.192+0000] {logging_mixin.py:150} INFO - [2023-07-31T19:52:04.192+0000] {dag.py:2742} INFO - Sync 1 DAGs
[2023-07-31T19:52:04.225+0000] {logging_mixin.py:150} INFO - [2023-07-31T19:52:04.225+0000] {dag.py:3508} INFO - Setting next_dagrun for example_skip_dag to 2023-07-30T19:52:04.224920+00:00, run_after=2023-07-31T19:52:04.224920+00:00
[2023-07-31T19:52:04.246+0000] {processor.py:179} INFO - Processing /home/airflow/.local/lib/python3.7/site-packages/airflow/example_dags/example_skip_dag.py took 0.096 seconds
[2023-07-31T19:52:34.517+0000] {processor.py:157} INFO - Started process (PID=348) to work on /home/airflow/.local/lib/python3.7/site-packages/airflow/example_dags/example_skip_dag.py
[2023-07-31T19:52:34.518+0000] {processor.py:826} INFO - Processing file /home/airflow/.local/lib/python3.7/site-packages/airflow/example_dags/example_skip_dag.py for tasks to queue
[2023-07-31T19:52:34.519+0000] {logging_mixin.py:150} INFO - [2023-07-31T19:52:34.519+0000] {dagbag.py:541} INFO - Filling up the DagBag from /home/airflow/.local/lib/python3.7/site-packages/airflow/example_dags/example_skip_dag.py
[2023-07-31T19:52:34.528+0000] {processor.py:836} INFO - DAG(s) dict_keys(['example_skip_dag']) retrieved from /home/airflow/.local/lib/python3.7/site-packages/airflow/example_dags/example_skip_dag.py
[2023-07-31T19:52:34.558+0000] {logging_mixin.py:150} INFO - [2023-07-31T19:52:34.558+0000] {dag.py:2742} INFO - Sync 1 DAGs
[2023-07-31T19:52:34.588+0000] {logging_mixin.py:150} INFO - [2023-07-31T19:52:34.588+0000] {dag.py:3508} INFO - Setting next_dagrun for example_skip_dag to 2023-07-30T19:52:34.587760+00:00, run_after=2023-07-31T19:52:34.587760+00:00
[2023-07-31T19:52:34.620+0000] {processor.py:179} INFO - Processing /home/airflow/.local/lib/python3.7/site-packages/airflow/example_dags/example_skip_dag.py took 0.106 seconds
[2023-07-31T19:53:05.574+0000] {processor.py:157} INFO - Started process (PID=409) to work on /home/airflow/.local/lib/python3.7/site-packages/airflow/example_dags/example_skip_dag.py
[2023-07-31T19:53:05.576+0000] {processor.py:826} INFO - Processing file /home/airflow/.local/lib/python3.7/site-packages/airflow/example_dags/example_skip_dag.py for tasks to queue
[2023-07-31T19:53:05.577+0000] {logging_mixin.py:150} INFO - [2023-07-31T19:53:05.577+0000] {dagbag.py:541} INFO - Filling up the DagBag from /home/airflow/.local/lib/python3.7/site-packages/airflow/example_dags/example_skip_dag.py
[2023-07-31T19:53:05.591+0000] {processor.py:836} INFO - DAG(s) dict_keys(['example_skip_dag']) retrieved from /home/airflow/.local/lib/python3.7/site-packages/airflow/example_dags/example_skip_dag.py
[2023-07-31T19:53:05.644+0000] {logging_mixin.py:150} INFO - [2023-07-31T19:53:05.644+0000] {dag.py:2742} INFO - Sync 1 DAGs
[2023-07-31T19:53:05.701+0000] {logging_mixin.py:150} INFO - [2023-07-31T19:53:05.701+0000] {dag.py:3508} INFO - Setting next_dagrun for example_skip_dag to 2023-07-30T19:53:05.701143+00:00, run_after=2023-07-31T19:53:05.701143+00:00
[2023-07-31T19:53:05.746+0000] {processor.py:179} INFO - Processing /home/airflow/.local/lib/python3.7/site-packages/airflow/example_dags/example_skip_dag.py took 0.180 seconds
[2023-07-31T19:53:36.247+0000] {processor.py:157} INFO - Started process (PID=470) to work on /home/airflow/.local/lib/python3.7/site-packages/airflow/example_dags/example_skip_dag.py
[2023-07-31T19:53:36.248+0000] {processor.py:826} INFO - Processing file /home/airflow/.local/lib/python3.7/site-packages/airflow/example_dags/example_skip_dag.py for tasks to queue
[2023-07-31T19:53:36.249+0000] {logging_mixin.py:150} INFO - [2023-07-31T19:53:36.249+0000] {dagbag.py:541} INFO - Filling up the DagBag from /home/airflow/.local/lib/python3.7/site-packages/airflow/example_dags/example_skip_dag.py
[2023-07-31T19:53:36.261+0000] {processor.py:836} INFO - DAG(s) dict_keys(['example_skip_dag']) retrieved from /home/airflow/.local/lib/python3.7/site-packages/airflow/example_dags/example_skip_dag.py
[2023-07-31T19:53:36.298+0000] {logging_mixin.py:150} INFO - [2023-07-31T19:53:36.297+0000] {dag.py:2742} INFO - Sync 1 DAGs
[2023-07-31T19:53:36.340+0000] {logging_mixin.py:150} INFO - [2023-07-31T19:53:36.339+0000] {dag.py:3508} INFO - Setting next_dagrun for example_skip_dag to 2023-07-30T19:53:36.339489+00:00, run_after=2023-07-31T19:53:36.339489+00:00
[2023-07-31T19:53:36.371+0000] {processor.py:179} INFO - Processing /home/airflow/.local/lib/python3.7/site-packages/airflow/example_dags/example_skip_dag.py took 0.129 seconds
[2023-07-31T19:54:06.739+0000] {processor.py:157} INFO - Started process (PID=531) to work on /home/airflow/.local/lib/python3.7/site-packages/airflow/example_dags/example_skip_dag.py
[2023-07-31T19:54:06.740+0000] {processor.py:826} INFO - Processing file /home/airflow/.local/lib/python3.7/site-packages/airflow/example_dags/example_skip_dag.py for tasks to queue
[2023-07-31T19:54:06.741+0000] {logging_mixin.py:150} INFO - [2023-07-31T19:54:06.741+0000] {dagbag.py:541} INFO - Filling up the DagBag from /home/airflow/.local/lib/python3.7/site-packages/airflow/example_dags/example_skip_dag.py
[2023-07-31T19:54:06.748+0000] {processor.py:836} INFO - DAG(s) dict_keys(['example_skip_dag']) retrieved from /home/airflow/.local/lib/python3.7/site-packages/airflow/example_dags/example_skip_dag.py
[2023-07-31T19:54:06.779+0000] {logging_mixin.py:150} INFO - [2023-07-31T19:54:06.778+0000] {dag.py:2742} INFO - Sync 1 DAGs
[2023-07-31T19:54:06.811+0000] {logging_mixin.py:150} INFO - [2023-07-31T19:54:06.811+0000] {dag.py:3508} INFO - Setting next_dagrun for example_skip_dag to 2023-07-30T19:54:06.811109+00:00, run_after=2023-07-31T19:54:06.811109+00:00
[2023-07-31T19:54:06.835+0000] {processor.py:179} INFO - Processing /home/airflow/.local/lib/python3.7/site-packages/airflow/example_dags/example_skip_dag.py took 0.101 seconds
[2023-07-31T19:54:36.989+0000] {processor.py:157} INFO - Started process (PID=593) to work on /home/airflow/.local/lib/python3.7/site-packages/airflow/example_dags/example_skip_dag.py
[2023-07-31T19:54:36.990+0000] {processor.py:826} INFO - Processing file /home/airflow/.local/lib/python3.7/site-packages/airflow/example_dags/example_skip_dag.py for tasks to queue
[2023-07-31T19:54:36.991+0000] {logging_mixin.py:150} INFO - [2023-07-31T19:54:36.990+0000] {dagbag.py:541} INFO - Filling up the DagBag from /home/airflow/.local/lib/python3.7/site-packages/airflow/example_dags/example_skip_dag.py
[2023-07-31T19:54:36.999+0000] {processor.py:836} INFO - DAG(s) dict_keys(['example_skip_dag']) retrieved from /home/airflow/.local/lib/python3.7/site-packages/airflow/example_dags/example_skip_dag.py
[2023-07-31T19:54:37.024+0000] {logging_mixin.py:150} INFO - [2023-07-31T19:54:37.024+0000] {dag.py:2742} INFO - Sync 1 DAGs
[2023-07-31T19:54:37.064+0000] {logging_mixin.py:150} INFO - [2023-07-31T19:54:37.064+0000] {dag.py:3508} INFO - Setting next_dagrun for example_skip_dag to 2023-07-30T19:54:37.063971+00:00, run_after=2023-07-31T19:54:37.063971+00:00
[2023-07-31T19:54:37.088+0000] {processor.py:179} INFO - Processing /home/airflow/.local/lib/python3.7/site-packages/airflow/example_dags/example_skip_dag.py took 0.102 seconds
[2023-07-31T19:55:07.112+0000] {processor.py:157} INFO - Started process (PID=653) to work on /home/airflow/.local/lib/python3.7/site-packages/airflow/example_dags/example_skip_dag.py
[2023-07-31T19:55:07.113+0000] {processor.py:826} INFO - Processing file /home/airflow/.local/lib/python3.7/site-packages/airflow/example_dags/example_skip_dag.py for tasks to queue
[2023-07-31T19:55:07.113+0000] {logging_mixin.py:150} INFO - [2023-07-31T19:55:07.113+0000] {dagbag.py:541} INFO - Filling up the DagBag from /home/airflow/.local/lib/python3.7/site-packages/airflow/example_dags/example_skip_dag.py
[2023-07-31T19:55:07.121+0000] {processor.py:836} INFO - DAG(s) dict_keys(['example_skip_dag']) retrieved from /home/airflow/.local/lib/python3.7/site-packages/airflow/example_dags/example_skip_dag.py
[2023-07-31T19:55:07.152+0000] {logging_mixin.py:150} INFO - [2023-07-31T19:55:07.151+0000] {dag.py:2742} INFO - Sync 1 DAGs
[2023-07-31T19:55:07.184+0000] {logging_mixin.py:150} INFO - [2023-07-31T19:55:07.184+0000] {dag.py:3508} INFO - Setting next_dagrun for example_skip_dag to 2023-07-30T19:55:07.184295+00:00, run_after=2023-07-31T19:55:07.184295+00:00
[2023-07-31T19:55:07.215+0000] {processor.py:179} INFO - Processing /home/airflow/.local/lib/python3.7/site-packages/airflow/example_dags/example_skip_dag.py took 0.106 seconds
[2023-07-31T19:55:37.514+0000] {processor.py:157} INFO - Started process (PID=713) to work on /home/airflow/.local/lib/python3.7/site-packages/airflow/example_dags/example_skip_dag.py
[2023-07-31T19:55:37.515+0000] {processor.py:826} INFO - Processing file /home/airflow/.local/lib/python3.7/site-packages/airflow/example_dags/example_skip_dag.py for tasks to queue
[2023-07-31T19:55:37.516+0000] {logging_mixin.py:150} INFO - [2023-07-31T19:55:37.515+0000] {dagbag.py:541} INFO - Filling up the DagBag from /home/airflow/.local/lib/python3.7/site-packages/airflow/example_dags/example_skip_dag.py
[2023-07-31T19:55:37.524+0000] {processor.py:836} INFO - DAG(s) dict_keys(['example_skip_dag']) retrieved from /home/airflow/.local/lib/python3.7/site-packages/airflow/example_dags/example_skip_dag.py
[2023-07-31T19:55:37.553+0000] {logging_mixin.py:150} INFO - [2023-07-31T19:55:37.553+0000] {dag.py:2742} INFO - Sync 1 DAGs
[2023-07-31T19:55:37.587+0000] {logging_mixin.py:150} INFO - [2023-07-31T19:55:37.587+0000] {dag.py:3508} INFO - Setting next_dagrun for example_skip_dag to 2023-07-30T19:55:37.586987+00:00, run_after=2023-07-31T19:55:37.586987+00:00
[2023-07-31T19:55:37.608+0000] {processor.py:179} INFO - Processing /home/airflow/.local/lib/python3.7/site-packages/airflow/example_dags/example_skip_dag.py took 0.099 seconds
[2023-07-31T19:56:07.938+0000] {processor.py:157} INFO - Started process (PID=774) to work on /home/airflow/.local/lib/python3.7/site-packages/airflow/example_dags/example_skip_dag.py
[2023-07-31T19:56:07.939+0000] {processor.py:826} INFO - Processing file /home/airflow/.local/lib/python3.7/site-packages/airflow/example_dags/example_skip_dag.py for tasks to queue
[2023-07-31T19:56:07.940+0000] {logging_mixin.py:150} INFO - [2023-07-31T19:56:07.939+0000] {dagbag.py:541} INFO - Filling up the DagBag from /home/airflow/.local/lib/python3.7/site-packages/airflow/example_dags/example_skip_dag.py
[2023-07-31T19:56:07.946+0000] {processor.py:836} INFO - DAG(s) dict_keys(['example_skip_dag']) retrieved from /home/airflow/.local/lib/python3.7/site-packages/airflow/example_dags/example_skip_dag.py
[2023-07-31T19:56:07.972+0000] {logging_mixin.py:150} INFO - [2023-07-31T19:56:07.972+0000] {dag.py:2742} INFO - Sync 1 DAGs
[2023-07-31T19:56:07.999+0000] {logging_mixin.py:150} INFO - [2023-07-31T19:56:07.999+0000] {dag.py:3508} INFO - Setting next_dagrun for example_skip_dag to 2023-07-30T19:56:07.999125+00:00, run_after=2023-07-31T19:56:07.999125+00:00
[2023-07-31T19:56:08.022+0000] {processor.py:179} INFO - Processing /home/airflow/.local/lib/python3.7/site-packages/airflow/example_dags/example_skip_dag.py took 0.088 seconds
[2023-07-31T19:56:38.317+0000] {processor.py:157} INFO - Started process (PID=835) to work on /home/airflow/.local/lib/python3.7/site-packages/airflow/example_dags/example_skip_dag.py
[2023-07-31T19:56:38.319+0000] {processor.py:826} INFO - Processing file /home/airflow/.local/lib/python3.7/site-packages/airflow/example_dags/example_skip_dag.py for tasks to queue
[2023-07-31T19:56:38.319+0000] {logging_mixin.py:150} INFO - [2023-07-31T19:56:38.319+0000] {dagbag.py:541} INFO - Filling up the DagBag from /home/airflow/.local/lib/python3.7/site-packages/airflow/example_dags/example_skip_dag.py
[2023-07-31T19:56:38.326+0000] {processor.py:836} INFO - DAG(s) dict_keys(['example_skip_dag']) retrieved from /home/airflow/.local/lib/python3.7/site-packages/airflow/example_dags/example_skip_dag.py
[2023-07-31T19:56:38.351+0000] {logging_mixin.py:150} INFO - [2023-07-31T19:56:38.351+0000] {dag.py:2742} INFO - Sync 1 DAGs
[2023-07-31T19:56:38.377+0000] {logging_mixin.py:150} INFO - [2023-07-31T19:56:38.377+0000] {dag.py:3508} INFO - Setting next_dagrun for example_skip_dag to 2023-07-30T19:56:38.377451+00:00, run_after=2023-07-31T19:56:38.377451+00:00
[2023-07-31T19:56:38.401+0000] {processor.py:179} INFO - Processing /home/airflow/.local/lib/python3.7/site-packages/airflow/example_dags/example_skip_dag.py took 0.086 seconds
[2023-07-31T19:57:08.747+0000] {processor.py:157} INFO - Started process (PID=896) to work on /home/airflow/.local/lib/python3.7/site-packages/airflow/example_dags/example_skip_dag.py
[2023-07-31T19:57:08.748+0000] {processor.py:826} INFO - Processing file /home/airflow/.local/lib/python3.7/site-packages/airflow/example_dags/example_skip_dag.py for tasks to queue
[2023-07-31T19:57:08.749+0000] {logging_mixin.py:150} INFO - [2023-07-31T19:57:08.749+0000] {dagbag.py:541} INFO - Filling up the DagBag from /home/airflow/.local/lib/python3.7/site-packages/airflow/example_dags/example_skip_dag.py
[2023-07-31T19:57:08.757+0000] {processor.py:836} INFO - DAG(s) dict_keys(['example_skip_dag']) retrieved from /home/airflow/.local/lib/python3.7/site-packages/airflow/example_dags/example_skip_dag.py
[2023-07-31T19:57:08.782+0000] {logging_mixin.py:150} INFO - [2023-07-31T19:57:08.782+0000] {dag.py:2742} INFO - Sync 1 DAGs
[2023-07-31T19:57:08.813+0000] {logging_mixin.py:150} INFO - [2023-07-31T19:57:08.813+0000] {dag.py:3508} INFO - Setting next_dagrun for example_skip_dag to 2023-07-30T19:57:08.813023+00:00, run_after=2023-07-31T19:57:08.813023+00:00
[2023-07-31T19:57:08.838+0000] {processor.py:179} INFO - Processing /home/airflow/.local/lib/python3.7/site-packages/airflow/example_dags/example_skip_dag.py took 0.093 seconds
[2023-07-31T19:57:39.297+0000] {processor.py:157} INFO - Started process (PID=957) to work on /home/airflow/.local/lib/python3.7/site-packages/airflow/example_dags/example_skip_dag.py
[2023-07-31T19:57:39.299+0000] {processor.py:826} INFO - Processing file /home/airflow/.local/lib/python3.7/site-packages/airflow/example_dags/example_skip_dag.py for tasks to queue
[2023-07-31T19:57:39.300+0000] {logging_mixin.py:150} INFO - [2023-07-31T19:57:39.299+0000] {dagbag.py:541} INFO - Filling up the DagBag from /home/airflow/.local/lib/python3.7/site-packages/airflow/example_dags/example_skip_dag.py
[2023-07-31T19:57:39.309+0000] {processor.py:836} INFO - DAG(s) dict_keys(['example_skip_dag']) retrieved from /home/airflow/.local/lib/python3.7/site-packages/airflow/example_dags/example_skip_dag.py
[2023-07-31T19:57:39.347+0000] {logging_mixin.py:150} INFO - [2023-07-31T19:57:39.347+0000] {dag.py:2742} INFO - Sync 1 DAGs
[2023-07-31T19:57:39.389+0000] {logging_mixin.py:150} INFO - [2023-07-31T19:57:39.388+0000] {dag.py:3508} INFO - Setting next_dagrun for example_skip_dag to 2023-07-30T19:57:39.388402+00:00, run_after=2023-07-31T19:57:39.388402+00:00
[2023-07-31T19:57:39.422+0000] {processor.py:179} INFO - Processing /home/airflow/.local/lib/python3.7/site-packages/airflow/example_dags/example_skip_dag.py took 0.132 seconds
[2023-07-31T19:58:09.718+0000] {processor.py:157} INFO - Started process (PID=1018) to work on /home/airflow/.local/lib/python3.7/site-packages/airflow/example_dags/example_skip_dag.py
[2023-07-31T19:58:09.721+0000] {processor.py:826} INFO - Processing file /home/airflow/.local/lib/python3.7/site-packages/airflow/example_dags/example_skip_dag.py for tasks to queue
[2023-07-31T19:58:09.722+0000] {logging_mixin.py:150} INFO - [2023-07-31T19:58:09.722+0000] {dagbag.py:541} INFO - Filling up the DagBag from /home/airflow/.local/lib/python3.7/site-packages/airflow/example_dags/example_skip_dag.py
[2023-07-31T19:58:09.732+0000] {processor.py:836} INFO - DAG(s) dict_keys(['example_skip_dag']) retrieved from /home/airflow/.local/lib/python3.7/site-packages/airflow/example_dags/example_skip_dag.py
[2023-07-31T19:58:09.764+0000] {logging_mixin.py:150} INFO - [2023-07-31T19:58:09.763+0000] {dag.py:2742} INFO - Sync 1 DAGs
[2023-07-31T19:58:09.797+0000] {logging_mixin.py:150} INFO - [2023-07-31T19:58:09.797+0000] {dag.py:3508} INFO - Setting next_dagrun for example_skip_dag to 2023-07-30T19:58:09.796900+00:00, run_after=2023-07-31T19:58:09.796900+00:00
[2023-07-31T19:58:09.821+0000] {processor.py:179} INFO - Processing /home/airflow/.local/lib/python3.7/site-packages/airflow/example_dags/example_skip_dag.py took 0.106 seconds
[2023-07-31T19:58:40.195+0000] {processor.py:157} INFO - Started process (PID=1079) to work on /home/airflow/.local/lib/python3.7/site-packages/airflow/example_dags/example_skip_dag.py
[2023-07-31T19:58:40.197+0000] {processor.py:826} INFO - Processing file /home/airflow/.local/lib/python3.7/site-packages/airflow/example_dags/example_skip_dag.py for tasks to queue
[2023-07-31T19:58:40.198+0000] {logging_mixin.py:150} INFO - [2023-07-31T19:58:40.198+0000] {dagbag.py:541} INFO - Filling up the DagBag from /home/airflow/.local/lib/python3.7/site-packages/airflow/example_dags/example_skip_dag.py
[2023-07-31T19:58:40.206+0000] {processor.py:836} INFO - DAG(s) dict_keys(['example_skip_dag']) retrieved from /home/airflow/.local/lib/python3.7/site-packages/airflow/example_dags/example_skip_dag.py
[2023-07-31T19:58:40.238+0000] {logging_mixin.py:150} INFO - [2023-07-31T19:58:40.237+0000] {dag.py:2742} INFO - Sync 1 DAGs
[2023-07-31T19:58:40.273+0000] {logging_mixin.py:150} INFO - [2023-07-31T19:58:40.273+0000] {dag.py:3508} INFO - Setting next_dagrun for example_skip_dag to 2023-07-30T19:58:40.272794+00:00, run_after=2023-07-31T19:58:40.272794+00:00
[2023-07-31T19:58:40.300+0000] {processor.py:179} INFO - Processing /home/airflow/.local/lib/python3.7/site-packages/airflow/example_dags/example_skip_dag.py took 0.109 seconds
[2023-07-31T20:00:57.090+0000] {processor.py:157} INFO - Started process (PID=45) to work on /home/airflow/.local/lib/python3.7/site-packages/airflow/example_dags/example_skip_dag.py
[2023-07-31T20:00:57.093+0000] {processor.py:826} INFO - Processing file /home/airflow/.local/lib/python3.7/site-packages/airflow/example_dags/example_skip_dag.py for tasks to queue
[2023-07-31T20:00:57.094+0000] {logging_mixin.py:150} INFO - [2023-07-31T20:00:57.094+0000] {dagbag.py:541} INFO - Filling up the DagBag from /home/airflow/.local/lib/python3.7/site-packages/airflow/example_dags/example_skip_dag.py
[2023-07-31T20:00:57.103+0000] {processor.py:836} INFO - DAG(s) dict_keys(['example_skip_dag']) retrieved from /home/airflow/.local/lib/python3.7/site-packages/airflow/example_dags/example_skip_dag.py
[2023-07-31T20:00:57.228+0000] {logging_mixin.py:150} INFO - [2023-07-31T20:00:57.228+0000] {dag.py:2742} INFO - Sync 1 DAGs
[2023-07-31T20:00:57.254+0000] {logging_mixin.py:150} INFO - [2023-07-31T20:00:57.254+0000] {dag.py:3508} INFO - Setting next_dagrun for example_skip_dag to 2023-07-30T20:00:57.253868+00:00, run_after=2023-07-31T20:00:57.253868+00:00
[2023-07-31T20:00:57.273+0000] {processor.py:179} INFO - Processing /home/airflow/.local/lib/python3.7/site-packages/airflow/example_dags/example_skip_dag.py took 0.186 seconds
[2023-07-31T20:01:27.808+0000] {processor.py:157} INFO - Started process (PID=107) to work on /home/airflow/.local/lib/python3.7/site-packages/airflow/example_dags/example_skip_dag.py
[2023-07-31T20:01:27.809+0000] {processor.py:826} INFO - Processing file /home/airflow/.local/lib/python3.7/site-packages/airflow/example_dags/example_skip_dag.py for tasks to queue
[2023-07-31T20:01:27.810+0000] {logging_mixin.py:150} INFO - [2023-07-31T20:01:27.810+0000] {dagbag.py:541} INFO - Filling up the DagBag from /home/airflow/.local/lib/python3.7/site-packages/airflow/example_dags/example_skip_dag.py
[2023-07-31T20:01:27.816+0000] {processor.py:836} INFO - DAG(s) dict_keys(['example_skip_dag']) retrieved from /home/airflow/.local/lib/python3.7/site-packages/airflow/example_dags/example_skip_dag.py
[2023-07-31T20:01:27.839+0000] {logging_mixin.py:150} INFO - [2023-07-31T20:01:27.838+0000] {dag.py:2742} INFO - Sync 1 DAGs
[2023-07-31T20:01:27.865+0000] {logging_mixin.py:150} INFO - [2023-07-31T20:01:27.865+0000] {dag.py:3508} INFO - Setting next_dagrun for example_skip_dag to 2023-07-30T20:01:27.865477+00:00, run_after=2023-07-31T20:01:27.865477+00:00
[2023-07-31T20:01:27.884+0000] {processor.py:179} INFO - Processing /home/airflow/.local/lib/python3.7/site-packages/airflow/example_dags/example_skip_dag.py took 0.079 seconds
[2023-07-31T20:01:58.268+0000] {processor.py:157} INFO - Started process (PID=169) to work on /home/airflow/.local/lib/python3.7/site-packages/airflow/example_dags/example_skip_dag.py
[2023-07-31T20:01:58.268+0000] {processor.py:826} INFO - Processing file /home/airflow/.local/lib/python3.7/site-packages/airflow/example_dags/example_skip_dag.py for tasks to queue
[2023-07-31T20:01:58.269+0000] {logging_mixin.py:150} INFO - [2023-07-31T20:01:58.269+0000] {dagbag.py:541} INFO - Filling up the DagBag from /home/airflow/.local/lib/python3.7/site-packages/airflow/example_dags/example_skip_dag.py
[2023-07-31T20:01:58.276+0000] {processor.py:836} INFO - DAG(s) dict_keys(['example_skip_dag']) retrieved from /home/airflow/.local/lib/python3.7/site-packages/airflow/example_dags/example_skip_dag.py
[2023-07-31T20:01:58.300+0000] {logging_mixin.py:150} INFO - [2023-07-31T20:01:58.300+0000] {dag.py:2742} INFO - Sync 1 DAGs
[2023-07-31T20:01:58.328+0000] {logging_mixin.py:150} INFO - [2023-07-31T20:01:58.328+0000] {dag.py:3508} INFO - Setting next_dagrun for example_skip_dag to 2023-07-30T20:01:58.328166+00:00, run_after=2023-07-31T20:01:58.328166+00:00
[2023-07-31T20:01:58.350+0000] {processor.py:179} INFO - Processing /home/airflow/.local/lib/python3.7/site-packages/airflow/example_dags/example_skip_dag.py took 0.085 seconds
