[2023-07-31T19:50:02.037+0000] {processor.py:157} INFO - Started process (PID=45) to work on /home/airflow/.local/lib/python3.7/site-packages/airflow/example_dags/example_sensors.py
[2023-07-31T19:50:02.039+0000] {processor.py:826} INFO - Processing file /home/airflow/.local/lib/python3.7/site-packages/airflow/example_dags/example_sensors.py for tasks to queue
[2023-07-31T19:50:02.041+0000] {logging_mixin.py:150} INFO - [2023-07-31T19:50:02.040+0000] {dagbag.py:541} INFO - Filling up the DagBag from /home/airflow/.local/lib/python3.7/site-packages/airflow/example_dags/example_sensors.py
[2023-07-31T19:50:02.063+0000] {processor.py:836} INFO - DAG(s) dict_keys(['example_sensors']) retrieved from /home/airflow/.local/lib/python3.7/site-packages/airflow/example_dags/example_sensors.py
[2023-07-31T19:50:02.281+0000] {logging_mixin.py:150} INFO - [2023-07-31T19:50:02.281+0000] {manager.py:504} INFO - Created Permission View: can delete on DAG:example_sensors
[2023-07-31T19:50:02.299+0000] {logging_mixin.py:150} INFO - [2023-07-31T19:50:02.299+0000] {manager.py:504} INFO - Created Permission View: can edit on DAG:example_sensors
[2023-07-31T19:50:02.318+0000] {logging_mixin.py:150} INFO - [2023-07-31T19:50:02.318+0000] {manager.py:504} INFO - Created Permission View: can read on DAG:example_sensors
[2023-07-31T19:50:02.347+0000] {logging_mixin.py:150} INFO - [2023-07-31T19:50:02.347+0000] {dag.py:2742} INFO - Sync 1 DAGs
[2023-07-31T19:50:02.368+0000] {logging_mixin.py:150} INFO - [2023-07-31T19:50:02.368+0000] {dag.py:2763} INFO - Creating ORM DAG for example_sensors
[2023-07-31T19:50:02.386+0000] {logging_mixin.py:150} INFO - [2023-07-31T19:50:02.385+0000] {dag.py:3508} INFO - Setting next_dagrun for example_sensors to None, run_after=None
[2023-07-31T19:50:02.415+0000] {processor.py:179} INFO - Processing /home/airflow/.local/lib/python3.7/site-packages/airflow/example_dags/example_sensors.py took 0.383 seconds
[2023-07-31T19:50:32.841+0000] {processor.py:157} INFO - Started process (PID=106) to work on /home/airflow/.local/lib/python3.7/site-packages/airflow/example_dags/example_sensors.py
[2023-07-31T19:50:32.851+0000] {processor.py:826} INFO - Processing file /home/airflow/.local/lib/python3.7/site-packages/airflow/example_dags/example_sensors.py for tasks to queue
[2023-07-31T19:50:32.855+0000] {logging_mixin.py:150} INFO - [2023-07-31T19:50:32.854+0000] {dagbag.py:541} INFO - Filling up the DagBag from /home/airflow/.local/lib/python3.7/site-packages/airflow/example_dags/example_sensors.py
[2023-07-31T19:50:32.890+0000] {processor.py:836} INFO - DAG(s) dict_keys(['example_sensors']) retrieved from /home/airflow/.local/lib/python3.7/site-packages/airflow/example_dags/example_sensors.py
[2023-07-31T19:50:32.978+0000] {logging_mixin.py:150} INFO - [2023-07-31T19:50:32.978+0000] {dag.py:2742} INFO - Sync 1 DAGs
[2023-07-31T19:50:33.061+0000] {logging_mixin.py:150} INFO - [2023-07-31T19:50:33.061+0000] {dag.py:3508} INFO - Setting next_dagrun for example_sensors to None, run_after=None
[2023-07-31T19:50:33.122+0000] {processor.py:179} INFO - Processing /home/airflow/.local/lib/python3.7/site-packages/airflow/example_dags/example_sensors.py took 0.291 seconds
[2023-07-31T19:51:03.566+0000] {processor.py:157} INFO - Started process (PID=167) to work on /home/airflow/.local/lib/python3.7/site-packages/airflow/example_dags/example_sensors.py
[2023-07-31T19:51:03.568+0000] {processor.py:826} INFO - Processing file /home/airflow/.local/lib/python3.7/site-packages/airflow/example_dags/example_sensors.py for tasks to queue
[2023-07-31T19:51:03.570+0000] {logging_mixin.py:150} INFO - [2023-07-31T19:51:03.569+0000] {dagbag.py:541} INFO - Filling up the DagBag from /home/airflow/.local/lib/python3.7/site-packages/airflow/example_dags/example_sensors.py
[2023-07-31T19:51:03.596+0000] {processor.py:836} INFO - DAG(s) dict_keys(['example_sensors']) retrieved from /home/airflow/.local/lib/python3.7/site-packages/airflow/example_dags/example_sensors.py
[2023-07-31T19:51:03.661+0000] {logging_mixin.py:150} INFO - [2023-07-31T19:51:03.661+0000] {dag.py:2742} INFO - Sync 1 DAGs
[2023-07-31T19:51:03.718+0000] {logging_mixin.py:150} INFO - [2023-07-31T19:51:03.717+0000] {dag.py:3508} INFO - Setting next_dagrun for example_sensors to None, run_after=None
[2023-07-31T19:51:03.763+0000] {processor.py:179} INFO - Processing /home/airflow/.local/lib/python3.7/site-packages/airflow/example_dags/example_sensors.py took 0.207 seconds
[2023-07-31T19:51:33.928+0000] {processor.py:157} INFO - Started process (PID=227) to work on /home/airflow/.local/lib/python3.7/site-packages/airflow/example_dags/example_sensors.py
[2023-07-31T19:51:33.935+0000] {processor.py:826} INFO - Processing file /home/airflow/.local/lib/python3.7/site-packages/airflow/example_dags/example_sensors.py for tasks to queue
[2023-07-31T19:51:33.936+0000] {logging_mixin.py:150} INFO - [2023-07-31T19:51:33.935+0000] {dagbag.py:541} INFO - Filling up the DagBag from /home/airflow/.local/lib/python3.7/site-packages/airflow/example_dags/example_sensors.py
[2023-07-31T19:51:33.955+0000] {processor.py:836} INFO - DAG(s) dict_keys(['example_sensors']) retrieved from /home/airflow/.local/lib/python3.7/site-packages/airflow/example_dags/example_sensors.py
[2023-07-31T19:51:34.001+0000] {logging_mixin.py:150} INFO - [2023-07-31T19:51:34.000+0000] {dag.py:2742} INFO - Sync 1 DAGs
[2023-07-31T19:51:34.039+0000] {logging_mixin.py:150} INFO - [2023-07-31T19:51:34.039+0000] {dag.py:3508} INFO - Setting next_dagrun for example_sensors to None, run_after=None
[2023-07-31T19:51:34.069+0000] {processor.py:179} INFO - Processing /home/airflow/.local/lib/python3.7/site-packages/airflow/example_dags/example_sensors.py took 0.145 seconds
[2023-07-31T19:52:04.199+0000] {processor.py:157} INFO - Started process (PID=288) to work on /home/airflow/.local/lib/python3.7/site-packages/airflow/example_dags/example_sensors.py
[2023-07-31T19:52:04.200+0000] {processor.py:826} INFO - Processing file /home/airflow/.local/lib/python3.7/site-packages/airflow/example_dags/example_sensors.py for tasks to queue
[2023-07-31T19:52:04.200+0000] {logging_mixin.py:150} INFO - [2023-07-31T19:52:04.200+0000] {dagbag.py:541} INFO - Filling up the DagBag from /home/airflow/.local/lib/python3.7/site-packages/airflow/example_dags/example_sensors.py
[2023-07-31T19:52:04.215+0000] {processor.py:836} INFO - DAG(s) dict_keys(['example_sensors']) retrieved from /home/airflow/.local/lib/python3.7/site-packages/airflow/example_dags/example_sensors.py
[2023-07-31T19:52:04.246+0000] {logging_mixin.py:150} INFO - [2023-07-31T19:52:04.245+0000] {dag.py:2742} INFO - Sync 1 DAGs
[2023-07-31T19:52:04.277+0000] {logging_mixin.py:150} INFO - [2023-07-31T19:52:04.276+0000] {dag.py:3508} INFO - Setting next_dagrun for example_sensors to None, run_after=None
[2023-07-31T19:52:04.297+0000] {processor.py:179} INFO - Processing /home/airflow/.local/lib/python3.7/site-packages/airflow/example_dags/example_sensors.py took 0.101 seconds
[2023-07-31T19:52:34.642+0000] {processor.py:157} INFO - Started process (PID=349) to work on /home/airflow/.local/lib/python3.7/site-packages/airflow/example_dags/example_sensors.py
[2023-07-31T19:52:34.643+0000] {processor.py:826} INFO - Processing file /home/airflow/.local/lib/python3.7/site-packages/airflow/example_dags/example_sensors.py for tasks to queue
[2023-07-31T19:52:34.643+0000] {logging_mixin.py:150} INFO - [2023-07-31T19:52:34.643+0000] {dagbag.py:541} INFO - Filling up the DagBag from /home/airflow/.local/lib/python3.7/site-packages/airflow/example_dags/example_sensors.py
[2023-07-31T19:52:34.656+0000] {processor.py:836} INFO - DAG(s) dict_keys(['example_sensors']) retrieved from /home/airflow/.local/lib/python3.7/site-packages/airflow/example_dags/example_sensors.py
[2023-07-31T19:52:34.688+0000] {logging_mixin.py:150} INFO - [2023-07-31T19:52:34.688+0000] {dag.py:2742} INFO - Sync 1 DAGs
[2023-07-31T19:52:34.722+0000] {logging_mixin.py:150} INFO - [2023-07-31T19:52:34.722+0000] {dag.py:3508} INFO - Setting next_dagrun for example_sensors to None, run_after=None
[2023-07-31T19:52:34.742+0000] {processor.py:179} INFO - Processing /home/airflow/.local/lib/python3.7/site-packages/airflow/example_dags/example_sensors.py took 0.103 seconds
[2023-07-31T19:53:05.679+0000] {processor.py:157} INFO - Started process (PID=410) to work on /home/airflow/.local/lib/python3.7/site-packages/airflow/example_dags/example_sensors.py
[2023-07-31T19:53:05.680+0000] {processor.py:826} INFO - Processing file /home/airflow/.local/lib/python3.7/site-packages/airflow/example_dags/example_sensors.py for tasks to queue
[2023-07-31T19:53:05.681+0000] {logging_mixin.py:150} INFO - [2023-07-31T19:53:05.680+0000] {dagbag.py:541} INFO - Filling up the DagBag from /home/airflow/.local/lib/python3.7/site-packages/airflow/example_dags/example_sensors.py
[2023-07-31T19:53:05.701+0000] {processor.py:836} INFO - DAG(s) dict_keys(['example_sensors']) retrieved from /home/airflow/.local/lib/python3.7/site-packages/airflow/example_dags/example_sensors.py
[2023-07-31T19:53:05.761+0000] {logging_mixin.py:150} INFO - [2023-07-31T19:53:05.760+0000] {dag.py:2742} INFO - Sync 1 DAGs
[2023-07-31T19:53:05.816+0000] {logging_mixin.py:150} INFO - [2023-07-31T19:53:05.815+0000] {dag.py:3508} INFO - Setting next_dagrun for example_sensors to None, run_after=None
[2023-07-31T19:53:05.857+0000] {processor.py:179} INFO - Processing /home/airflow/.local/lib/python3.7/site-packages/airflow/example_dags/example_sensors.py took 0.186 seconds
[2023-07-31T19:53:36.355+0000] {processor.py:157} INFO - Started process (PID=472) to work on /home/airflow/.local/lib/python3.7/site-packages/airflow/example_dags/example_sensors.py
[2023-07-31T19:53:36.356+0000] {processor.py:826} INFO - Processing file /home/airflow/.local/lib/python3.7/site-packages/airflow/example_dags/example_sensors.py for tasks to queue
[2023-07-31T19:53:36.359+0000] {logging_mixin.py:150} INFO - [2023-07-31T19:53:36.357+0000] {dagbag.py:541} INFO - Filling up the DagBag from /home/airflow/.local/lib/python3.7/site-packages/airflow/example_dags/example_sensors.py
[2023-07-31T19:53:36.371+0000] {processor.py:836} INFO - DAG(s) dict_keys(['example_sensors']) retrieved from /home/airflow/.local/lib/python3.7/site-packages/airflow/example_dags/example_sensors.py
[2023-07-31T19:53:36.418+0000] {logging_mixin.py:150} INFO - [2023-07-31T19:53:36.418+0000] {dag.py:2742} INFO - Sync 1 DAGs
[2023-07-31T19:53:36.454+0000] {logging_mixin.py:150} INFO - [2023-07-31T19:53:36.453+0000] {dag.py:3508} INFO - Setting next_dagrun for example_sensors to None, run_after=None
[2023-07-31T19:53:36.487+0000] {processor.py:179} INFO - Processing /home/airflow/.local/lib/python3.7/site-packages/airflow/example_dags/example_sensors.py took 0.136 seconds
[2023-07-31T19:54:06.824+0000] {processor.py:157} INFO - Started process (PID=533) to work on /home/airflow/.local/lib/python3.7/site-packages/airflow/example_dags/example_sensors.py
[2023-07-31T19:54:06.825+0000] {processor.py:826} INFO - Processing file /home/airflow/.local/lib/python3.7/site-packages/airflow/example_dags/example_sensors.py for tasks to queue
[2023-07-31T19:54:06.826+0000] {logging_mixin.py:150} INFO - [2023-07-31T19:54:06.825+0000] {dagbag.py:541} INFO - Filling up the DagBag from /home/airflow/.local/lib/python3.7/site-packages/airflow/example_dags/example_sensors.py
[2023-07-31T19:54:06.840+0000] {processor.py:836} INFO - DAG(s) dict_keys(['example_sensors']) retrieved from /home/airflow/.local/lib/python3.7/site-packages/airflow/example_dags/example_sensors.py
[2023-07-31T19:54:06.874+0000] {logging_mixin.py:150} INFO - [2023-07-31T19:54:06.874+0000] {dag.py:2742} INFO - Sync 1 DAGs
[2023-07-31T19:54:06.906+0000] {logging_mixin.py:150} INFO - [2023-07-31T19:54:06.906+0000] {dag.py:3508} INFO - Setting next_dagrun for example_sensors to None, run_after=None
[2023-07-31T19:54:06.926+0000] {processor.py:179} INFO - Processing /home/airflow/.local/lib/python3.7/site-packages/airflow/example_dags/example_sensors.py took 0.108 seconds
[2023-07-31T19:54:37.106+0000] {processor.py:157} INFO - Started process (PID=594) to work on /home/airflow/.local/lib/python3.7/site-packages/airflow/example_dags/example_sensors.py
[2023-07-31T19:54:37.107+0000] {processor.py:826} INFO - Processing file /home/airflow/.local/lib/python3.7/site-packages/airflow/example_dags/example_sensors.py for tasks to queue
[2023-07-31T19:54:37.107+0000] {logging_mixin.py:150} INFO - [2023-07-31T19:54:37.107+0000] {dagbag.py:541} INFO - Filling up the DagBag from /home/airflow/.local/lib/python3.7/site-packages/airflow/example_dags/example_sensors.py
[2023-07-31T19:54:37.118+0000] {processor.py:836} INFO - DAG(s) dict_keys(['example_sensors']) retrieved from /home/airflow/.local/lib/python3.7/site-packages/airflow/example_dags/example_sensors.py
[2023-07-31T19:54:37.149+0000] {logging_mixin.py:150} INFO - [2023-07-31T19:54:37.149+0000] {dag.py:2742} INFO - Sync 1 DAGs
[2023-07-31T19:54:37.177+0000] {logging_mixin.py:150} INFO - [2023-07-31T19:54:37.177+0000] {dag.py:3508} INFO - Setting next_dagrun for example_sensors to None, run_after=None
[2023-07-31T19:54:37.201+0000] {processor.py:179} INFO - Processing /home/airflow/.local/lib/python3.7/site-packages/airflow/example_dags/example_sensors.py took 0.099 seconds
[2023-07-31T19:55:07.241+0000] {processor.py:157} INFO - Started process (PID=655) to work on /home/airflow/.local/lib/python3.7/site-packages/airflow/example_dags/example_sensors.py
[2023-07-31T19:55:07.243+0000] {processor.py:826} INFO - Processing file /home/airflow/.local/lib/python3.7/site-packages/airflow/example_dags/example_sensors.py for tasks to queue
[2023-07-31T19:55:07.244+0000] {logging_mixin.py:150} INFO - [2023-07-31T19:55:07.243+0000] {dagbag.py:541} INFO - Filling up the DagBag from /home/airflow/.local/lib/python3.7/site-packages/airflow/example_dags/example_sensors.py
[2023-07-31T19:55:07.258+0000] {processor.py:836} INFO - DAG(s) dict_keys(['example_sensors']) retrieved from /home/airflow/.local/lib/python3.7/site-packages/airflow/example_dags/example_sensors.py
[2023-07-31T19:55:07.294+0000] {logging_mixin.py:150} INFO - [2023-07-31T19:55:07.294+0000] {dag.py:2742} INFO - Sync 1 DAGs
[2023-07-31T19:55:07.322+0000] {logging_mixin.py:150} INFO - [2023-07-31T19:55:07.322+0000] {dag.py:3508} INFO - Setting next_dagrun for example_sensors to None, run_after=None
[2023-07-31T19:55:07.349+0000] {processor.py:179} INFO - Processing /home/airflow/.local/lib/python3.7/site-packages/airflow/example_dags/example_sensors.py took 0.116 seconds
[2023-07-31T19:55:37.550+0000] {processor.py:157} INFO - Started process (PID=714) to work on /home/airflow/.local/lib/python3.7/site-packages/airflow/example_dags/example_sensors.py
[2023-07-31T19:55:37.551+0000] {processor.py:826} INFO - Processing file /home/airflow/.local/lib/python3.7/site-packages/airflow/example_dags/example_sensors.py for tasks to queue
[2023-07-31T19:55:37.552+0000] {logging_mixin.py:150} INFO - [2023-07-31T19:55:37.552+0000] {dagbag.py:541} INFO - Filling up the DagBag from /home/airflow/.local/lib/python3.7/site-packages/airflow/example_dags/example_sensors.py
[2023-07-31T19:55:37.566+0000] {processor.py:836} INFO - DAG(s) dict_keys(['example_sensors']) retrieved from /home/airflow/.local/lib/python3.7/site-packages/airflow/example_dags/example_sensors.py
[2023-07-31T19:55:37.596+0000] {logging_mixin.py:150} INFO - [2023-07-31T19:55:37.595+0000] {dag.py:2742} INFO - Sync 1 DAGs
[2023-07-31T19:55:37.625+0000] {logging_mixin.py:150} INFO - [2023-07-31T19:55:37.625+0000] {dag.py:3508} INFO - Setting next_dagrun for example_sensors to None, run_after=None
[2023-07-31T19:55:37.649+0000] {processor.py:179} INFO - Processing /home/airflow/.local/lib/python3.7/site-packages/airflow/example_dags/example_sensors.py took 0.104 seconds
[2023-07-31T19:56:07.964+0000] {processor.py:157} INFO - Started process (PID=775) to work on /home/airflow/.local/lib/python3.7/site-packages/airflow/example_dags/example_sensors.py
[2023-07-31T19:56:07.965+0000] {processor.py:826} INFO - Processing file /home/airflow/.local/lib/python3.7/site-packages/airflow/example_dags/example_sensors.py for tasks to queue
[2023-07-31T19:56:07.966+0000] {logging_mixin.py:150} INFO - [2023-07-31T19:56:07.965+0000] {dagbag.py:541} INFO - Filling up the DagBag from /home/airflow/.local/lib/python3.7/site-packages/airflow/example_dags/example_sensors.py
[2023-07-31T19:56:07.977+0000] {processor.py:836} INFO - DAG(s) dict_keys(['example_sensors']) retrieved from /home/airflow/.local/lib/python3.7/site-packages/airflow/example_dags/example_sensors.py
[2023-07-31T19:56:08.006+0000] {logging_mixin.py:150} INFO - [2023-07-31T19:56:08.006+0000] {dag.py:2742} INFO - Sync 1 DAGs
[2023-07-31T19:56:08.038+0000] {logging_mixin.py:150} INFO - [2023-07-31T19:56:08.036+0000] {dag.py:3508} INFO - Setting next_dagrun for example_sensors to None, run_after=None
[2023-07-31T19:56:08.061+0000] {processor.py:179} INFO - Processing /home/airflow/.local/lib/python3.7/site-packages/airflow/example_dags/example_sensors.py took 0.099 seconds
[2023-07-31T19:56:38.344+0000] {processor.py:157} INFO - Started process (PID=836) to work on /home/airflow/.local/lib/python3.7/site-packages/airflow/example_dags/example_sensors.py
[2023-07-31T19:56:38.347+0000] {processor.py:826} INFO - Processing file /home/airflow/.local/lib/python3.7/site-packages/airflow/example_dags/example_sensors.py for tasks to queue
[2023-07-31T19:56:38.348+0000] {logging_mixin.py:150} INFO - [2023-07-31T19:56:38.348+0000] {dagbag.py:541} INFO - Filling up the DagBag from /home/airflow/.local/lib/python3.7/site-packages/airflow/example_dags/example_sensors.py
[2023-07-31T19:56:38.357+0000] {processor.py:836} INFO - DAG(s) dict_keys(['example_sensors']) retrieved from /home/airflow/.local/lib/python3.7/site-packages/airflow/example_dags/example_sensors.py
[2023-07-31T19:56:38.387+0000] {logging_mixin.py:150} INFO - [2023-07-31T19:56:38.387+0000] {dag.py:2742} INFO - Sync 1 DAGs
[2023-07-31T19:56:38.416+0000] {logging_mixin.py:150} INFO - [2023-07-31T19:56:38.416+0000] {dag.py:3508} INFO - Setting next_dagrun for example_sensors to None, run_after=None
[2023-07-31T19:56:38.439+0000] {processor.py:179} INFO - Processing /home/airflow/.local/lib/python3.7/site-packages/airflow/example_dags/example_sensors.py took 0.098 seconds
[2023-07-31T19:57:08.776+0000] {processor.py:157} INFO - Started process (PID=897) to work on /home/airflow/.local/lib/python3.7/site-packages/airflow/example_dags/example_sensors.py
[2023-07-31T19:57:08.777+0000] {processor.py:826} INFO - Processing file /home/airflow/.local/lib/python3.7/site-packages/airflow/example_dags/example_sensors.py for tasks to queue
[2023-07-31T19:57:08.778+0000] {logging_mixin.py:150} INFO - [2023-07-31T19:57:08.777+0000] {dagbag.py:541} INFO - Filling up the DagBag from /home/airflow/.local/lib/python3.7/site-packages/airflow/example_dags/example_sensors.py
[2023-07-31T19:57:08.789+0000] {processor.py:836} INFO - DAG(s) dict_keys(['example_sensors']) retrieved from /home/airflow/.local/lib/python3.7/site-packages/airflow/example_dags/example_sensors.py
[2023-07-31T19:57:08.821+0000] {logging_mixin.py:150} INFO - [2023-07-31T19:57:08.820+0000] {dag.py:2742} INFO - Sync 1 DAGs
[2023-07-31T19:57:08.852+0000] {logging_mixin.py:150} INFO - [2023-07-31T19:57:08.851+0000] {dag.py:3508} INFO - Setting next_dagrun for example_sensors to None, run_after=None
[2023-07-31T19:57:08.879+0000] {processor.py:179} INFO - Processing /home/airflow/.local/lib/python3.7/site-packages/airflow/example_dags/example_sensors.py took 0.106 seconds
[2023-07-31T19:57:39.340+0000] {processor.py:157} INFO - Started process (PID=958) to work on /home/airflow/.local/lib/python3.7/site-packages/airflow/example_dags/example_sensors.py
[2023-07-31T19:57:39.341+0000] {processor.py:826} INFO - Processing file /home/airflow/.local/lib/python3.7/site-packages/airflow/example_dags/example_sensors.py for tasks to queue
[2023-07-31T19:57:39.342+0000] {logging_mixin.py:150} INFO - [2023-07-31T19:57:39.342+0000] {dagbag.py:541} INFO - Filling up the DagBag from /home/airflow/.local/lib/python3.7/site-packages/airflow/example_dags/example_sensors.py
[2023-07-31T19:57:39.357+0000] {processor.py:836} INFO - DAG(s) dict_keys(['example_sensors']) retrieved from /home/airflow/.local/lib/python3.7/site-packages/airflow/example_dags/example_sensors.py
[2023-07-31T19:57:39.403+0000] {logging_mixin.py:150} INFO - [2023-07-31T19:57:39.403+0000] {dag.py:2742} INFO - Sync 1 DAGs
[2023-07-31T19:57:39.455+0000] {logging_mixin.py:150} INFO - [2023-07-31T19:57:39.455+0000] {dag.py:3508} INFO - Setting next_dagrun for example_sensors to None, run_after=None
[2023-07-31T19:57:39.487+0000] {processor.py:179} INFO - Processing /home/airflow/.local/lib/python3.7/site-packages/airflow/example_dags/example_sensors.py took 0.152 seconds
[2023-07-31T19:58:09.752+0000] {processor.py:157} INFO - Started process (PID=1019) to work on /home/airflow/.local/lib/python3.7/site-packages/airflow/example_dags/example_sensors.py
[2023-07-31T19:58:09.754+0000] {processor.py:826} INFO - Processing file /home/airflow/.local/lib/python3.7/site-packages/airflow/example_dags/example_sensors.py for tasks to queue
[2023-07-31T19:58:09.757+0000] {logging_mixin.py:150} INFO - [2023-07-31T19:58:09.757+0000] {dagbag.py:541} INFO - Filling up the DagBag from /home/airflow/.local/lib/python3.7/site-packages/airflow/example_dags/example_sensors.py
[2023-07-31T19:58:09.766+0000] {processor.py:836} INFO - DAG(s) dict_keys(['example_sensors']) retrieved from /home/airflow/.local/lib/python3.7/site-packages/airflow/example_dags/example_sensors.py
[2023-07-31T19:58:09.797+0000] {logging_mixin.py:150} INFO - [2023-07-31T19:58:09.797+0000] {dag.py:2742} INFO - Sync 1 DAGs
[2023-07-31T19:58:09.829+0000] {logging_mixin.py:150} INFO - [2023-07-31T19:58:09.828+0000] {dag.py:3508} INFO - Setting next_dagrun for example_sensors to None, run_after=None
[2023-07-31T19:58:09.851+0000] {processor.py:179} INFO - Processing /home/airflow/.local/lib/python3.7/site-packages/airflow/example_dags/example_sensors.py took 0.102 seconds
[2023-07-31T19:58:40.224+0000] {processor.py:157} INFO - Started process (PID=1080) to work on /home/airflow/.local/lib/python3.7/site-packages/airflow/example_dags/example_sensors.py
[2023-07-31T19:58:40.225+0000] {processor.py:826} INFO - Processing file /home/airflow/.local/lib/python3.7/site-packages/airflow/example_dags/example_sensors.py for tasks to queue
[2023-07-31T19:58:40.226+0000] {logging_mixin.py:150} INFO - [2023-07-31T19:58:40.226+0000] {dagbag.py:541} INFO - Filling up the DagBag from /home/airflow/.local/lib/python3.7/site-packages/airflow/example_dags/example_sensors.py
[2023-07-31T19:58:40.239+0000] {processor.py:836} INFO - DAG(s) dict_keys(['example_sensors']) retrieved from /home/airflow/.local/lib/python3.7/site-packages/airflow/example_dags/example_sensors.py
[2023-07-31T19:58:40.276+0000] {logging_mixin.py:150} INFO - [2023-07-31T19:58:40.275+0000] {dag.py:2742} INFO - Sync 1 DAGs
[2023-07-31T19:58:40.309+0000] {logging_mixin.py:150} INFO - [2023-07-31T19:58:40.308+0000] {dag.py:3508} INFO - Setting next_dagrun for example_sensors to None, run_after=None
[2023-07-31T19:58:40.336+0000] {processor.py:179} INFO - Processing /home/airflow/.local/lib/python3.7/site-packages/airflow/example_dags/example_sensors.py took 0.116 seconds
[2023-07-31T20:00:57.276+0000] {processor.py:157} INFO - Started process (PID=46) to work on /home/airflow/.local/lib/python3.7/site-packages/airflow/example_dags/example_sensors.py
[2023-07-31T20:00:57.277+0000] {processor.py:826} INFO - Processing file /home/airflow/.local/lib/python3.7/site-packages/airflow/example_dags/example_sensors.py for tasks to queue
[2023-07-31T20:00:57.278+0000] {logging_mixin.py:150} INFO - [2023-07-31T20:00:57.278+0000] {dagbag.py:541} INFO - Filling up the DagBag from /home/airflow/.local/lib/python3.7/site-packages/airflow/example_dags/example_sensors.py
[2023-07-31T20:00:57.289+0000] {processor.py:836} INFO - DAG(s) dict_keys(['example_sensors']) retrieved from /home/airflow/.local/lib/python3.7/site-packages/airflow/example_dags/example_sensors.py
[2023-07-31T20:00:57.445+0000] {logging_mixin.py:150} INFO - [2023-07-31T20:00:57.444+0000] {dag.py:2742} INFO - Sync 1 DAGs
[2023-07-31T20:00:57.475+0000] {logging_mixin.py:150} INFO - [2023-07-31T20:00:57.475+0000] {dag.py:3508} INFO - Setting next_dagrun for example_sensors to None, run_after=None
[2023-07-31T20:00:57.497+0000] {processor.py:179} INFO - Processing /home/airflow/.local/lib/python3.7/site-packages/airflow/example_dags/example_sensors.py took 0.224 seconds
[2023-07-31T20:01:27.830+0000] {processor.py:157} INFO - Started process (PID=108) to work on /home/airflow/.local/lib/python3.7/site-packages/airflow/example_dags/example_sensors.py
[2023-07-31T20:01:27.831+0000] {processor.py:826} INFO - Processing file /home/airflow/.local/lib/python3.7/site-packages/airflow/example_dags/example_sensors.py for tasks to queue
[2023-07-31T20:01:27.832+0000] {logging_mixin.py:150} INFO - [2023-07-31T20:01:27.832+0000] {dagbag.py:541} INFO - Filling up the DagBag from /home/airflow/.local/lib/python3.7/site-packages/airflow/example_dags/example_sensors.py
[2023-07-31T20:01:27.841+0000] {processor.py:836} INFO - DAG(s) dict_keys(['example_sensors']) retrieved from /home/airflow/.local/lib/python3.7/site-packages/airflow/example_dags/example_sensors.py
[2023-07-31T20:01:27.867+0000] {logging_mixin.py:150} INFO - [2023-07-31T20:01:27.867+0000] {dag.py:2742} INFO - Sync 1 DAGs
[2023-07-31T20:01:27.892+0000] {logging_mixin.py:150} INFO - [2023-07-31T20:01:27.892+0000] {dag.py:3508} INFO - Setting next_dagrun for example_sensors to None, run_after=None
[2023-07-31T20:01:27.913+0000] {processor.py:179} INFO - Processing /home/airflow/.local/lib/python3.7/site-packages/airflow/example_dags/example_sensors.py took 0.085 seconds
[2023-07-31T20:01:58.336+0000] {processor.py:157} INFO - Started process (PID=170) to work on /home/airflow/.local/lib/python3.7/site-packages/airflow/example_dags/example_sensors.py
[2023-07-31T20:01:58.337+0000] {processor.py:826} INFO - Processing file /home/airflow/.local/lib/python3.7/site-packages/airflow/example_dags/example_sensors.py for tasks to queue
[2023-07-31T20:01:58.338+0000] {logging_mixin.py:150} INFO - [2023-07-31T20:01:58.338+0000] {dagbag.py:541} INFO - Filling up the DagBag from /home/airflow/.local/lib/python3.7/site-packages/airflow/example_dags/example_sensors.py
[2023-07-31T20:01:58.347+0000] {processor.py:836} INFO - DAG(s) dict_keys(['example_sensors']) retrieved from /home/airflow/.local/lib/python3.7/site-packages/airflow/example_dags/example_sensors.py
[2023-07-31T20:01:58.377+0000] {logging_mixin.py:150} INFO - [2023-07-31T20:01:58.377+0000] {dag.py:2742} INFO - Sync 1 DAGs
[2023-07-31T20:01:58.403+0000] {logging_mixin.py:150} INFO - [2023-07-31T20:01:58.403+0000] {dag.py:3508} INFO - Setting next_dagrun for example_sensors to None, run_after=None
[2023-07-31T20:01:58.426+0000] {processor.py:179} INFO - Processing /home/airflow/.local/lib/python3.7/site-packages/airflow/example_dags/example_sensors.py took 0.092 seconds
