[2023-07-31T19:50:01.053+0000] {processor.py:157} INFO - Started process (PID=42) to work on /home/airflow/.local/lib/python3.7/site-packages/airflow/example_dags/example_datasets.py
[2023-07-31T19:50:01.054+0000] {processor.py:826} INFO - Processing file /home/airflow/.local/lib/python3.7/site-packages/airflow/example_dags/example_datasets.py for tasks to queue
[2023-07-31T19:50:01.058+0000] {logging_mixin.py:150} INFO - [2023-07-31T19:50:01.057+0000] {dagbag.py:541} INFO - Filling up the DagBag from /home/airflow/.local/lib/python3.7/site-packages/airflow/example_dags/example_datasets.py
[2023-07-31T19:50:01.085+0000] {processor.py:836} INFO - DAG(s) dict_keys(['dataset_consumes_unknown_never_scheduled', 'dataset_consumes_1', 'dataset_consumes_1_never_scheduled', 'dataset_consumes_1_and_2', 'dataset_produces_1', 'dataset_produces_2']) retrieved from /home/airflow/.local/lib/python3.7/site-packages/airflow/example_dags/example_datasets.py
[2023-07-31T19:50:01.275+0000] {logging_mixin.py:150} INFO - [2023-07-31T19:50:01.275+0000] {manager.py:504} INFO - Created Permission View: can delete on DAG:dataset_consumes_unknown_never_scheduled
[2023-07-31T19:50:01.313+0000] {logging_mixin.py:150} INFO - [2023-07-31T19:50:01.312+0000] {manager.py:504} INFO - Created Permission View: can edit on DAG:dataset_consumes_unknown_never_scheduled
[2023-07-31T19:50:01.351+0000] {logging_mixin.py:150} INFO - [2023-07-31T19:50:01.350+0000] {manager.py:504} INFO - Created Permission View: can read on DAG:dataset_consumes_unknown_never_scheduled
[2023-07-31T19:50:01.418+0000] {logging_mixin.py:150} INFO - [2023-07-31T19:50:01.418+0000] {manager.py:504} INFO - Created Permission View: can delete on DAG:dataset_consumes_1
[2023-07-31T19:50:01.434+0000] {logging_mixin.py:150} INFO - [2023-07-31T19:50:01.434+0000] {manager.py:504} INFO - Created Permission View: can edit on DAG:dataset_consumes_1
[2023-07-31T19:50:01.449+0000] {logging_mixin.py:150} INFO - [2023-07-31T19:50:01.448+0000] {manager.py:504} INFO - Created Permission View: can read on DAG:dataset_consumes_1
[2023-07-31T19:50:01.484+0000] {logging_mixin.py:150} INFO - [2023-07-31T19:50:01.484+0000] {manager.py:504} INFO - Created Permission View: can delete on DAG:dataset_consumes_1_never_scheduled
[2023-07-31T19:50:01.515+0000] {logging_mixin.py:150} INFO - [2023-07-31T19:50:01.514+0000] {manager.py:504} INFO - Created Permission View: can edit on DAG:dataset_consumes_1_never_scheduled
[2023-07-31T19:50:01.536+0000] {logging_mixin.py:150} INFO - [2023-07-31T19:50:01.535+0000] {manager.py:504} INFO - Created Permission View: can read on DAG:dataset_consumes_1_never_scheduled
[2023-07-31T19:50:01.631+0000] {logging_mixin.py:150} INFO - [2023-07-31T19:50:01.631+0000] {manager.py:504} INFO - Created Permission View: can delete on DAG:dataset_consumes_1_and_2
[2023-07-31T19:50:01.695+0000] {logging_mixin.py:150} INFO - [2023-07-31T19:50:01.694+0000] {manager.py:504} INFO - Created Permission View: can edit on DAG:dataset_consumes_1_and_2
[2023-07-31T19:50:01.715+0000] {logging_mixin.py:150} INFO - [2023-07-31T19:50:01.715+0000] {manager.py:504} INFO - Created Permission View: can read on DAG:dataset_consumes_1_and_2
[2023-07-31T19:50:01.748+0000] {logging_mixin.py:150} INFO - [2023-07-31T19:50:01.748+0000] {manager.py:504} INFO - Created Permission View: can delete on DAG:dataset_produces_1
[2023-07-31T19:50:01.761+0000] {logging_mixin.py:150} INFO - [2023-07-31T19:50:01.761+0000] {manager.py:504} INFO - Created Permission View: can edit on DAG:dataset_produces_1
[2023-07-31T19:50:01.778+0000] {logging_mixin.py:150} INFO - [2023-07-31T19:50:01.778+0000] {manager.py:504} INFO - Created Permission View: can read on DAG:dataset_produces_1
[2023-07-31T19:50:01.813+0000] {logging_mixin.py:150} INFO - [2023-07-31T19:50:01.813+0000] {manager.py:504} INFO - Created Permission View: can delete on DAG:dataset_produces_2
[2023-07-31T19:50:01.827+0000] {logging_mixin.py:150} INFO - [2023-07-31T19:50:01.826+0000] {manager.py:504} INFO - Created Permission View: can edit on DAG:dataset_produces_2
[2023-07-31T19:50:01.837+0000] {logging_mixin.py:150} INFO - [2023-07-31T19:50:01.836+0000] {manager.py:504} INFO - Created Permission View: can read on DAG:dataset_produces_2
[2023-07-31T19:50:01.853+0000] {logging_mixin.py:150} INFO - [2023-07-31T19:50:01.853+0000] {dag.py:2742} INFO - Sync 6 DAGs
[2023-07-31T19:50:01.882+0000] {logging_mixin.py:150} INFO - [2023-07-31T19:50:01.881+0000] {dag.py:2763} INFO - Creating ORM DAG for dataset_consumes_1_and_2
[2023-07-31T19:50:01.883+0000] {logging_mixin.py:150} INFO - [2023-07-31T19:50:01.882+0000] {dag.py:2763} INFO - Creating ORM DAG for dataset_produces_2
[2023-07-31T19:50:01.883+0000] {logging_mixin.py:150} INFO - [2023-07-31T19:50:01.883+0000] {dag.py:2763} INFO - Creating ORM DAG for dataset_consumes_1
[2023-07-31T19:50:01.885+0000] {logging_mixin.py:150} INFO - [2023-07-31T19:50:01.884+0000] {dag.py:2763} INFO - Creating ORM DAG for dataset_produces_1
[2023-07-31T19:50:01.886+0000] {logging_mixin.py:150} INFO - [2023-07-31T19:50:01.886+0000] {dag.py:2763} INFO - Creating ORM DAG for dataset_consumes_unknown_never_scheduled
[2023-07-31T19:50:01.887+0000] {logging_mixin.py:150} INFO - [2023-07-31T19:50:01.887+0000] {dag.py:2763} INFO - Creating ORM DAG for dataset_consumes_1_never_scheduled
[2023-07-31T19:50:01.910+0000] {logging_mixin.py:150} INFO - [2023-07-31T19:50:01.910+0000] {dag.py:3508} INFO - Setting next_dagrun for dataset_consumes_1 to None, run_after=None
[2023-07-31T19:50:01.911+0000] {logging_mixin.py:150} INFO - [2023-07-31T19:50:01.911+0000] {dag.py:3508} INFO - Setting next_dagrun for dataset_consumes_1_and_2 to None, run_after=None
[2023-07-31T19:50:01.912+0000] {logging_mixin.py:150} INFO - [2023-07-31T19:50:01.912+0000] {dag.py:3508} INFO - Setting next_dagrun for dataset_consumes_1_never_scheduled to None, run_after=None
[2023-07-31T19:50:01.913+0000] {logging_mixin.py:150} INFO - [2023-07-31T19:50:01.913+0000] {dag.py:3508} INFO - Setting next_dagrun for dataset_consumes_unknown_never_scheduled to None, run_after=None
[2023-07-31T19:50:01.916+0000] {logging_mixin.py:150} INFO - [2023-07-31T19:50:01.916+0000] {dag.py:3508} INFO - Setting next_dagrun for dataset_produces_1 to 2023-07-30T00:00:00+00:00, run_after=2023-07-31T00:00:00+00:00
[2023-07-31T19:50:01.917+0000] {logging_mixin.py:150} INFO - [2023-07-31T19:50:01.917+0000] {dag.py:3508} INFO - Setting next_dagrun for dataset_produces_2 to None, run_after=None
[2023-07-31T19:50:01.998+0000] {processor.py:179} INFO - Processing /home/airflow/.local/lib/python3.7/site-packages/airflow/example_dags/example_datasets.py took 0.950 seconds
[2023-07-31T19:50:32.470+0000] {processor.py:157} INFO - Started process (PID=103) to work on /home/airflow/.local/lib/python3.7/site-packages/airflow/example_dags/example_datasets.py
[2023-07-31T19:50:32.472+0000] {processor.py:826} INFO - Processing file /home/airflow/.local/lib/python3.7/site-packages/airflow/example_dags/example_datasets.py for tasks to queue
[2023-07-31T19:50:32.473+0000] {logging_mixin.py:150} INFO - [2023-07-31T19:50:32.473+0000] {dagbag.py:541} INFO - Filling up the DagBag from /home/airflow/.local/lib/python3.7/site-packages/airflow/example_dags/example_datasets.py
[2023-07-31T19:50:32.490+0000] {processor.py:836} INFO - DAG(s) dict_keys(['dataset_produces_1', 'dataset_produces_2', 'dataset_consumes_1_never_scheduled', 'dataset_consumes_1', 'dataset_consumes_unknown_never_scheduled', 'dataset_consumes_1_and_2']) retrieved from /home/airflow/.local/lib/python3.7/site-packages/airflow/example_dags/example_datasets.py
[2023-07-31T19:50:32.574+0000] {logging_mixin.py:150} INFO - [2023-07-31T19:50:32.573+0000] {dag.py:2742} INFO - Sync 6 DAGs
[2023-07-31T19:50:32.644+0000] {logging_mixin.py:150} INFO - [2023-07-31T19:50:32.643+0000] {dag.py:3508} INFO - Setting next_dagrun for dataset_consumes_1 to None, run_after=None
[2023-07-31T19:50:32.657+0000] {logging_mixin.py:150} INFO - [2023-07-31T19:50:32.657+0000] {dag.py:3508} INFO - Setting next_dagrun for dataset_consumes_1_and_2 to None, run_after=None
[2023-07-31T19:50:32.659+0000] {logging_mixin.py:150} INFO - [2023-07-31T19:50:32.659+0000] {dag.py:3508} INFO - Setting next_dagrun for dataset_consumes_1_never_scheduled to None, run_after=None
[2023-07-31T19:50:32.661+0000] {logging_mixin.py:150} INFO - [2023-07-31T19:50:32.661+0000] {dag.py:3508} INFO - Setting next_dagrun for dataset_consumes_unknown_never_scheduled to None, run_after=None
[2023-07-31T19:50:32.671+0000] {logging_mixin.py:150} INFO - [2023-07-31T19:50:32.670+0000] {dag.py:3508} INFO - Setting next_dagrun for dataset_produces_1 to 2023-07-30T00:00:00+00:00, run_after=2023-07-31T00:00:00+00:00
[2023-07-31T19:50:32.673+0000] {logging_mixin.py:150} INFO - [2023-07-31T19:50:32.673+0000] {dag.py:3508} INFO - Setting next_dagrun for dataset_produces_2 to None, run_after=None
[2023-07-31T19:50:32.779+0000] {processor.py:179} INFO - Processing /home/airflow/.local/lib/python3.7/site-packages/airflow/example_dags/example_datasets.py took 0.317 seconds
[2023-07-31T19:51:03.243+0000] {processor.py:157} INFO - Started process (PID=164) to work on /home/airflow/.local/lib/python3.7/site-packages/airflow/example_dags/example_datasets.py
[2023-07-31T19:51:03.244+0000] {processor.py:826} INFO - Processing file /home/airflow/.local/lib/python3.7/site-packages/airflow/example_dags/example_datasets.py for tasks to queue
[2023-07-31T19:51:03.245+0000] {logging_mixin.py:150} INFO - [2023-07-31T19:51:03.245+0000] {dagbag.py:541} INFO - Filling up the DagBag from /home/airflow/.local/lib/python3.7/site-packages/airflow/example_dags/example_datasets.py
[2023-07-31T19:51:03.262+0000] {processor.py:836} INFO - DAG(s) dict_keys(['dataset_produces_1', 'dataset_consumes_1_never_scheduled', 'dataset_consumes_1', 'dataset_consumes_unknown_never_scheduled', 'dataset_produces_2', 'dataset_consumes_1_and_2']) retrieved from /home/airflow/.local/lib/python3.7/site-packages/airflow/example_dags/example_datasets.py
[2023-07-31T19:51:03.356+0000] {logging_mixin.py:150} INFO - [2023-07-31T19:51:03.356+0000] {dag.py:2742} INFO - Sync 6 DAGs
[2023-07-31T19:51:03.417+0000] {logging_mixin.py:150} INFO - [2023-07-31T19:51:03.417+0000] {dag.py:3508} INFO - Setting next_dagrun for dataset_consumes_1 to None, run_after=None
[2023-07-31T19:51:03.427+0000] {logging_mixin.py:150} INFO - [2023-07-31T19:51:03.426+0000] {dag.py:3508} INFO - Setting next_dagrun for dataset_consumes_1_and_2 to None, run_after=None
[2023-07-31T19:51:03.430+0000] {logging_mixin.py:150} INFO - [2023-07-31T19:51:03.430+0000] {dag.py:3508} INFO - Setting next_dagrun for dataset_consumes_1_never_scheduled to None, run_after=None
[2023-07-31T19:51:03.433+0000] {logging_mixin.py:150} INFO - [2023-07-31T19:51:03.433+0000] {dag.py:3508} INFO - Setting next_dagrun for dataset_consumes_unknown_never_scheduled to None, run_after=None
[2023-07-31T19:51:03.442+0000] {logging_mixin.py:150} INFO - [2023-07-31T19:51:03.442+0000] {dag.py:3508} INFO - Setting next_dagrun for dataset_produces_1 to 2023-07-30T00:00:00+00:00, run_after=2023-07-31T00:00:00+00:00
[2023-07-31T19:51:03.445+0000] {logging_mixin.py:150} INFO - [2023-07-31T19:51:03.445+0000] {dag.py:3508} INFO - Setting next_dagrun for dataset_produces_2 to None, run_after=None
[2023-07-31T19:51:03.519+0000] {processor.py:179} INFO - Processing /home/airflow/.local/lib/python3.7/site-packages/airflow/example_dags/example_datasets.py took 0.283 seconds
[2023-07-31T19:51:33.742+0000] {processor.py:157} INFO - Started process (PID=224) to work on /home/airflow/.local/lib/python3.7/site-packages/airflow/example_dags/example_datasets.py
[2023-07-31T19:51:33.746+0000] {processor.py:826} INFO - Processing file /home/airflow/.local/lib/python3.7/site-packages/airflow/example_dags/example_datasets.py for tasks to queue
[2023-07-31T19:51:33.748+0000] {logging_mixin.py:150} INFO - [2023-07-31T19:51:33.748+0000] {dagbag.py:541} INFO - Filling up the DagBag from /home/airflow/.local/lib/python3.7/site-packages/airflow/example_dags/example_datasets.py
[2023-07-31T19:51:33.757+0000] {processor.py:836} INFO - DAG(s) dict_keys(['dataset_consumes_1_never_scheduled', 'dataset_produces_1', 'dataset_consumes_1_and_2', 'dataset_produces_2', 'dataset_consumes_unknown_never_scheduled', 'dataset_consumes_1']) retrieved from /home/airflow/.local/lib/python3.7/site-packages/airflow/example_dags/example_datasets.py
[2023-07-31T19:51:33.805+0000] {logging_mixin.py:150} INFO - [2023-07-31T19:51:33.805+0000] {dag.py:2742} INFO - Sync 6 DAGs
[2023-07-31T19:51:33.838+0000] {logging_mixin.py:150} INFO - [2023-07-31T19:51:33.837+0000] {dag.py:3508} INFO - Setting next_dagrun for dataset_consumes_1 to None, run_after=None
[2023-07-31T19:51:33.841+0000] {logging_mixin.py:150} INFO - [2023-07-31T19:51:33.841+0000] {dag.py:3508} INFO - Setting next_dagrun for dataset_consumes_1_and_2 to None, run_after=None
[2023-07-31T19:51:33.843+0000] {logging_mixin.py:150} INFO - [2023-07-31T19:51:33.843+0000] {dag.py:3508} INFO - Setting next_dagrun for dataset_consumes_1_never_scheduled to None, run_after=None
[2023-07-31T19:51:33.845+0000] {logging_mixin.py:150} INFO - [2023-07-31T19:51:33.844+0000] {dag.py:3508} INFO - Setting next_dagrun for dataset_consumes_unknown_never_scheduled to None, run_after=None
[2023-07-31T19:51:33.850+0000] {logging_mixin.py:150} INFO - [2023-07-31T19:51:33.850+0000] {dag.py:3508} INFO - Setting next_dagrun for dataset_produces_1 to 2023-07-30T00:00:00+00:00, run_after=2023-07-31T00:00:00+00:00
[2023-07-31T19:51:33.852+0000] {logging_mixin.py:150} INFO - [2023-07-31T19:51:33.851+0000] {dag.py:3508} INFO - Setting next_dagrun for dataset_produces_2 to None, run_after=None
[2023-07-31T19:51:33.900+0000] {processor.py:179} INFO - Processing /home/airflow/.local/lib/python3.7/site-packages/airflow/example_dags/example_datasets.py took 0.161 seconds
[2023-07-31T19:52:04.044+0000] {processor.py:157} INFO - Started process (PID=286) to work on /home/airflow/.local/lib/python3.7/site-packages/airflow/example_dags/example_datasets.py
[2023-07-31T19:52:04.045+0000] {processor.py:826} INFO - Processing file /home/airflow/.local/lib/python3.7/site-packages/airflow/example_dags/example_datasets.py for tasks to queue
[2023-07-31T19:52:04.045+0000] {logging_mixin.py:150} INFO - [2023-07-31T19:52:04.045+0000] {dagbag.py:541} INFO - Filling up the DagBag from /home/airflow/.local/lib/python3.7/site-packages/airflow/example_dags/example_datasets.py
[2023-07-31T19:52:04.055+0000] {processor.py:836} INFO - DAG(s) dict_keys(['dataset_consumes_1', 'dataset_consumes_1_and_2', 'dataset_produces_1', 'dataset_produces_2', 'dataset_consumes_1_never_scheduled', 'dataset_consumes_unknown_never_scheduled']) retrieved from /home/airflow/.local/lib/python3.7/site-packages/airflow/example_dags/example_datasets.py
[2023-07-31T19:52:04.097+0000] {logging_mixin.py:150} INFO - [2023-07-31T19:52:04.097+0000] {dag.py:2742} INFO - Sync 6 DAGs
[2023-07-31T19:52:04.128+0000] {logging_mixin.py:150} INFO - [2023-07-31T19:52:04.127+0000] {dag.py:3508} INFO - Setting next_dagrun for dataset_consumes_1 to None, run_after=None
[2023-07-31T19:52:04.131+0000] {logging_mixin.py:150} INFO - [2023-07-31T19:52:04.131+0000] {dag.py:3508} INFO - Setting next_dagrun for dataset_consumes_1_and_2 to None, run_after=None
[2023-07-31T19:52:04.133+0000] {logging_mixin.py:150} INFO - [2023-07-31T19:52:04.132+0000] {dag.py:3508} INFO - Setting next_dagrun for dataset_consumes_1_never_scheduled to None, run_after=None
[2023-07-31T19:52:04.134+0000] {logging_mixin.py:150} INFO - [2023-07-31T19:52:04.134+0000] {dag.py:3508} INFO - Setting next_dagrun for dataset_consumes_unknown_never_scheduled to None, run_after=None
[2023-07-31T19:52:04.137+0000] {logging_mixin.py:150} INFO - [2023-07-31T19:52:04.137+0000] {dag.py:3508} INFO - Setting next_dagrun for dataset_produces_1 to 2023-07-30T00:00:00+00:00, run_after=2023-07-31T00:00:00+00:00
[2023-07-31T19:52:04.140+0000] {logging_mixin.py:150} INFO - [2023-07-31T19:52:04.140+0000] {dag.py:3508} INFO - Setting next_dagrun for dataset_produces_2 to None, run_after=None
[2023-07-31T19:52:04.179+0000] {processor.py:179} INFO - Processing /home/airflow/.local/lib/python3.7/site-packages/airflow/example_dags/example_datasets.py took 0.139 seconds
[2023-07-31T19:52:34.510+0000] {processor.py:157} INFO - Started process (PID=347) to work on /home/airflow/.local/lib/python3.7/site-packages/airflow/example_dags/example_datasets.py
[2023-07-31T19:52:34.511+0000] {processor.py:826} INFO - Processing file /home/airflow/.local/lib/python3.7/site-packages/airflow/example_dags/example_datasets.py for tasks to queue
[2023-07-31T19:52:34.514+0000] {logging_mixin.py:150} INFO - [2023-07-31T19:52:34.514+0000] {dagbag.py:541} INFO - Filling up the DagBag from /home/airflow/.local/lib/python3.7/site-packages/airflow/example_dags/example_datasets.py
[2023-07-31T19:52:34.525+0000] {processor.py:836} INFO - DAG(s) dict_keys(['dataset_consumes_1', 'dataset_consumes_unknown_never_scheduled', 'dataset_produces_1', 'dataset_consumes_1_and_2', 'dataset_produces_2', 'dataset_consumes_1_never_scheduled']) retrieved from /home/airflow/.local/lib/python3.7/site-packages/airflow/example_dags/example_datasets.py
[2023-07-31T19:52:34.571+0000] {logging_mixin.py:150} INFO - [2023-07-31T19:52:34.571+0000] {dag.py:2742} INFO - Sync 6 DAGs
[2023-07-31T19:52:34.606+0000] {logging_mixin.py:150} INFO - [2023-07-31T19:52:34.606+0000] {dag.py:3508} INFO - Setting next_dagrun for dataset_consumes_1 to None, run_after=None
[2023-07-31T19:52:34.610+0000] {logging_mixin.py:150} INFO - [2023-07-31T19:52:34.610+0000] {dag.py:3508} INFO - Setting next_dagrun for dataset_consumes_1_and_2 to None, run_after=None
[2023-07-31T19:52:34.614+0000] {logging_mixin.py:150} INFO - [2023-07-31T19:52:34.612+0000] {dag.py:3508} INFO - Setting next_dagrun for dataset_consumes_1_never_scheduled to None, run_after=None
[2023-07-31T19:52:34.618+0000] {logging_mixin.py:150} INFO - [2023-07-31T19:52:34.618+0000] {dag.py:3508} INFO - Setting next_dagrun for dataset_consumes_unknown_never_scheduled to None, run_after=None
[2023-07-31T19:52:34.621+0000] {logging_mixin.py:150} INFO - [2023-07-31T19:52:34.621+0000] {dag.py:3508} INFO - Setting next_dagrun for dataset_produces_1 to 2023-07-30T00:00:00+00:00, run_after=2023-07-31T00:00:00+00:00
[2023-07-31T19:52:34.623+0000] {logging_mixin.py:150} INFO - [2023-07-31T19:52:34.623+0000] {dag.py:3508} INFO - Setting next_dagrun for dataset_produces_2 to None, run_after=None
[2023-07-31T19:52:34.668+0000] {processor.py:179} INFO - Processing /home/airflow/.local/lib/python3.7/site-packages/airflow/example_dags/example_datasets.py took 0.161 seconds
[2023-07-31T19:53:05.062+0000] {processor.py:157} INFO - Started process (PID=407) to work on /home/airflow/.local/lib/python3.7/site-packages/airflow/example_dags/example_datasets.py
[2023-07-31T19:53:05.063+0000] {processor.py:826} INFO - Processing file /home/airflow/.local/lib/python3.7/site-packages/airflow/example_dags/example_datasets.py for tasks to queue
[2023-07-31T19:53:05.063+0000] {logging_mixin.py:150} INFO - [2023-07-31T19:53:05.063+0000] {dagbag.py:541} INFO - Filling up the DagBag from /home/airflow/.local/lib/python3.7/site-packages/airflow/example_dags/example_datasets.py
[2023-07-31T19:53:05.079+0000] {processor.py:836} INFO - DAG(s) dict_keys(['dataset_consumes_1_never_scheduled', 'dataset_consumes_unknown_never_scheduled', 'dataset_produces_1', 'dataset_consumes_1_and_2', 'dataset_consumes_1', 'dataset_produces_2']) retrieved from /home/airflow/.local/lib/python3.7/site-packages/airflow/example_dags/example_datasets.py
[2023-07-31T19:53:05.161+0000] {logging_mixin.py:150} INFO - [2023-07-31T19:53:05.161+0000] {dag.py:2742} INFO - Sync 6 DAGs
[2023-07-31T19:53:05.218+0000] {logging_mixin.py:150} INFO - [2023-07-31T19:53:05.217+0000] {dag.py:3508} INFO - Setting next_dagrun for dataset_consumes_1 to None, run_after=None
[2023-07-31T19:53:05.227+0000] {logging_mixin.py:150} INFO - [2023-07-31T19:53:05.227+0000] {dag.py:3508} INFO - Setting next_dagrun for dataset_consumes_1_and_2 to None, run_after=None
[2023-07-31T19:53:05.229+0000] {logging_mixin.py:150} INFO - [2023-07-31T19:53:05.229+0000] {dag.py:3508} INFO - Setting next_dagrun for dataset_consumes_1_never_scheduled to None, run_after=None
[2023-07-31T19:53:05.231+0000] {logging_mixin.py:150} INFO - [2023-07-31T19:53:05.231+0000] {dag.py:3508} INFO - Setting next_dagrun for dataset_consumes_unknown_never_scheduled to None, run_after=None
[2023-07-31T19:53:05.235+0000] {logging_mixin.py:150} INFO - [2023-07-31T19:53:05.235+0000] {dag.py:3508} INFO - Setting next_dagrun for dataset_produces_1 to 2023-07-30T00:00:00+00:00, run_after=2023-07-31T00:00:00+00:00
[2023-07-31T19:53:05.236+0000] {logging_mixin.py:150} INFO - [2023-07-31T19:53:05.236+0000] {dag.py:3508} INFO - Setting next_dagrun for dataset_produces_2 to None, run_after=None
[2023-07-31T19:53:05.310+0000] {processor.py:179} INFO - Processing /home/airflow/.local/lib/python3.7/site-packages/airflow/example_dags/example_datasets.py took 0.256 seconds
[2023-07-31T19:53:35.873+0000] {processor.py:157} INFO - Started process (PID=468) to work on /home/airflow/.local/lib/python3.7/site-packages/airflow/example_dags/example_datasets.py
[2023-07-31T19:53:35.874+0000] {processor.py:826} INFO - Processing file /home/airflow/.local/lib/python3.7/site-packages/airflow/example_dags/example_datasets.py for tasks to queue
[2023-07-31T19:53:35.876+0000] {logging_mixin.py:150} INFO - [2023-07-31T19:53:35.876+0000] {dagbag.py:541} INFO - Filling up the DagBag from /home/airflow/.local/lib/python3.7/site-packages/airflow/example_dags/example_datasets.py
[2023-07-31T19:53:35.889+0000] {processor.py:836} INFO - DAG(s) dict_keys(['dataset_consumes_1_and_2', 'dataset_produces_1', 'dataset_consumes_1_never_scheduled', 'dataset_consumes_1', 'dataset_consumes_unknown_never_scheduled', 'dataset_produces_2']) retrieved from /home/airflow/.local/lib/python3.7/site-packages/airflow/example_dags/example_datasets.py
[2023-07-31T19:53:35.946+0000] {logging_mixin.py:150} INFO - [2023-07-31T19:53:35.945+0000] {dag.py:2742} INFO - Sync 6 DAGs
[2023-07-31T19:53:35.982+0000] {logging_mixin.py:150} INFO - [2023-07-31T19:53:35.982+0000] {dag.py:3508} INFO - Setting next_dagrun for dataset_consumes_1 to None, run_after=None
[2023-07-31T19:53:35.988+0000] {logging_mixin.py:150} INFO - [2023-07-31T19:53:35.987+0000] {dag.py:3508} INFO - Setting next_dagrun for dataset_consumes_1_and_2 to None, run_after=None
[2023-07-31T19:53:35.989+0000] {logging_mixin.py:150} INFO - [2023-07-31T19:53:35.989+0000] {dag.py:3508} INFO - Setting next_dagrun for dataset_consumes_1_never_scheduled to None, run_after=None
[2023-07-31T19:53:35.994+0000] {logging_mixin.py:150} INFO - [2023-07-31T19:53:35.993+0000] {dag.py:3508} INFO - Setting next_dagrun for dataset_consumes_unknown_never_scheduled to None, run_after=None
[2023-07-31T19:53:35.997+0000] {logging_mixin.py:150} INFO - [2023-07-31T19:53:35.997+0000] {dag.py:3508} INFO - Setting next_dagrun for dataset_produces_1 to 2023-07-30T00:00:00+00:00, run_after=2023-07-31T00:00:00+00:00
[2023-07-31T19:53:35.999+0000] {logging_mixin.py:150} INFO - [2023-07-31T19:53:35.999+0000] {dag.py:3508} INFO - Setting next_dagrun for dataset_produces_2 to None, run_after=None
[2023-07-31T19:53:36.050+0000] {processor.py:179} INFO - Processing /home/airflow/.local/lib/python3.7/site-packages/airflow/example_dags/example_datasets.py took 0.180 seconds
[2023-07-31T19:54:06.403+0000] {processor.py:157} INFO - Started process (PID=529) to work on /home/airflow/.local/lib/python3.7/site-packages/airflow/example_dags/example_datasets.py
[2023-07-31T19:54:06.405+0000] {processor.py:826} INFO - Processing file /home/airflow/.local/lib/python3.7/site-packages/airflow/example_dags/example_datasets.py for tasks to queue
[2023-07-31T19:54:06.406+0000] {logging_mixin.py:150} INFO - [2023-07-31T19:54:06.406+0000] {dagbag.py:541} INFO - Filling up the DagBag from /home/airflow/.local/lib/python3.7/site-packages/airflow/example_dags/example_datasets.py
[2023-07-31T19:54:06.418+0000] {processor.py:836} INFO - DAG(s) dict_keys(['dataset_consumes_1_never_scheduled', 'dataset_produces_2', 'dataset_consumes_1', 'dataset_produces_1', 'dataset_consumes_unknown_never_scheduled', 'dataset_consumes_1_and_2']) retrieved from /home/airflow/.local/lib/python3.7/site-packages/airflow/example_dags/example_datasets.py
[2023-07-31T19:54:06.467+0000] {logging_mixin.py:150} INFO - [2023-07-31T19:54:06.467+0000] {dag.py:2742} INFO - Sync 6 DAGs
[2023-07-31T19:54:06.504+0000] {logging_mixin.py:150} INFO - [2023-07-31T19:54:06.504+0000] {dag.py:3508} INFO - Setting next_dagrun for dataset_consumes_1 to None, run_after=None
[2023-07-31T19:54:06.509+0000] {logging_mixin.py:150} INFO - [2023-07-31T19:54:06.509+0000] {dag.py:3508} INFO - Setting next_dagrun for dataset_consumes_1_and_2 to None, run_after=None
[2023-07-31T19:54:06.511+0000] {logging_mixin.py:150} INFO - [2023-07-31T19:54:06.511+0000] {dag.py:3508} INFO - Setting next_dagrun for dataset_consumes_1_never_scheduled to None, run_after=None
[2023-07-31T19:54:06.513+0000] {logging_mixin.py:150} INFO - [2023-07-31T19:54:06.513+0000] {dag.py:3508} INFO - Setting next_dagrun for dataset_consumes_unknown_never_scheduled to None, run_after=None
[2023-07-31T19:54:06.518+0000] {logging_mixin.py:150} INFO - [2023-07-31T19:54:06.518+0000] {dag.py:3508} INFO - Setting next_dagrun for dataset_produces_1 to 2023-07-30T00:00:00+00:00, run_after=2023-07-31T00:00:00+00:00
[2023-07-31T19:54:06.521+0000] {logging_mixin.py:150} INFO - [2023-07-31T19:54:06.520+0000] {dag.py:3508} INFO - Setting next_dagrun for dataset_produces_2 to None, run_after=None
[2023-07-31T19:54:06.575+0000] {processor.py:179} INFO - Processing /home/airflow/.local/lib/python3.7/site-packages/airflow/example_dags/example_datasets.py took 0.174 seconds
[2023-07-31T19:54:36.673+0000] {processor.py:157} INFO - Started process (PID=589) to work on /home/airflow/.local/lib/python3.7/site-packages/airflow/example_dags/example_datasets.py
[2023-07-31T19:54:36.677+0000] {processor.py:826} INFO - Processing file /home/airflow/.local/lib/python3.7/site-packages/airflow/example_dags/example_datasets.py for tasks to queue
[2023-07-31T19:54:36.678+0000] {logging_mixin.py:150} INFO - [2023-07-31T19:54:36.678+0000] {dagbag.py:541} INFO - Filling up the DagBag from /home/airflow/.local/lib/python3.7/site-packages/airflow/example_dags/example_datasets.py
[2023-07-31T19:54:36.688+0000] {processor.py:836} INFO - DAG(s) dict_keys(['dataset_consumes_1_never_scheduled', 'dataset_consumes_1_and_2', 'dataset_produces_2', 'dataset_consumes_unknown_never_scheduled', 'dataset_consumes_1', 'dataset_produces_1']) retrieved from /home/airflow/.local/lib/python3.7/site-packages/airflow/example_dags/example_datasets.py
[2023-07-31T19:54:36.728+0000] {logging_mixin.py:150} INFO - [2023-07-31T19:54:36.728+0000] {dag.py:2742} INFO - Sync 6 DAGs
[2023-07-31T19:54:36.757+0000] {logging_mixin.py:150} INFO - [2023-07-31T19:54:36.757+0000] {dag.py:3508} INFO - Setting next_dagrun for dataset_consumes_1 to None, run_after=None
[2023-07-31T19:54:36.761+0000] {logging_mixin.py:150} INFO - [2023-07-31T19:54:36.760+0000] {dag.py:3508} INFO - Setting next_dagrun for dataset_consumes_1_and_2 to None, run_after=None
[2023-07-31T19:54:36.763+0000] {logging_mixin.py:150} INFO - [2023-07-31T19:54:36.763+0000] {dag.py:3508} INFO - Setting next_dagrun for dataset_consumes_1_never_scheduled to None, run_after=None
[2023-07-31T19:54:36.765+0000] {logging_mixin.py:150} INFO - [2023-07-31T19:54:36.765+0000] {dag.py:3508} INFO - Setting next_dagrun for dataset_consumes_unknown_never_scheduled to None, run_after=None
[2023-07-31T19:54:36.767+0000] {logging_mixin.py:150} INFO - [2023-07-31T19:54:36.767+0000] {dag.py:3508} INFO - Setting next_dagrun for dataset_produces_1 to 2023-07-30T00:00:00+00:00, run_after=2023-07-31T00:00:00+00:00
[2023-07-31T19:54:36.768+0000] {logging_mixin.py:150} INFO - [2023-07-31T19:54:36.768+0000] {dag.py:3508} INFO - Setting next_dagrun for dataset_produces_2 to None, run_after=None
[2023-07-31T19:54:36.806+0000] {processor.py:179} INFO - Processing /home/airflow/.local/lib/python3.7/site-packages/airflow/example_dags/example_datasets.py took 0.135 seconds
[2023-07-31T19:55:06.916+0000] {processor.py:157} INFO - Started process (PID=650) to work on /home/airflow/.local/lib/python3.7/site-packages/airflow/example_dags/example_datasets.py
[2023-07-31T19:55:06.916+0000] {processor.py:826} INFO - Processing file /home/airflow/.local/lib/python3.7/site-packages/airflow/example_dags/example_datasets.py for tasks to queue
[2023-07-31T19:55:06.917+0000] {logging_mixin.py:150} INFO - [2023-07-31T19:55:06.917+0000] {dagbag.py:541} INFO - Filling up the DagBag from /home/airflow/.local/lib/python3.7/site-packages/airflow/example_dags/example_datasets.py
[2023-07-31T19:55:06.926+0000] {processor.py:836} INFO - DAG(s) dict_keys(['dataset_consumes_unknown_never_scheduled', 'dataset_consumes_1_and_2', 'dataset_consumes_1', 'dataset_consumes_1_never_scheduled', 'dataset_produces_1', 'dataset_produces_2']) retrieved from /home/airflow/.local/lib/python3.7/site-packages/airflow/example_dags/example_datasets.py
[2023-07-31T19:55:06.966+0000] {logging_mixin.py:150} INFO - [2023-07-31T19:55:06.966+0000] {dag.py:2742} INFO - Sync 6 DAGs
[2023-07-31T19:55:06.993+0000] {logging_mixin.py:150} INFO - [2023-07-31T19:55:06.993+0000] {dag.py:3508} INFO - Setting next_dagrun for dataset_consumes_1 to None, run_after=None
[2023-07-31T19:55:06.997+0000] {logging_mixin.py:150} INFO - [2023-07-31T19:55:06.997+0000] {dag.py:3508} INFO - Setting next_dagrun for dataset_consumes_1_and_2 to None, run_after=None
[2023-07-31T19:55:06.999+0000] {logging_mixin.py:150} INFO - [2023-07-31T19:55:06.998+0000] {dag.py:3508} INFO - Setting next_dagrun for dataset_consumes_1_never_scheduled to None, run_after=None
[2023-07-31T19:55:07.000+0000] {logging_mixin.py:150} INFO - [2023-07-31T19:55:07.000+0000] {dag.py:3508} INFO - Setting next_dagrun for dataset_consumes_unknown_never_scheduled to None, run_after=None
[2023-07-31T19:55:07.002+0000] {logging_mixin.py:150} INFO - [2023-07-31T19:55:07.002+0000] {dag.py:3508} INFO - Setting next_dagrun for dataset_produces_1 to 2023-07-30T00:00:00+00:00, run_after=2023-07-31T00:00:00+00:00
[2023-07-31T19:55:07.005+0000] {logging_mixin.py:150} INFO - [2023-07-31T19:55:07.005+0000] {dag.py:3508} INFO - Setting next_dagrun for dataset_produces_2 to None, run_after=None
[2023-07-31T19:55:07.047+0000] {processor.py:179} INFO - Processing /home/airflow/.local/lib/python3.7/site-packages/airflow/example_dags/example_datasets.py took 0.134 seconds
[2023-07-31T19:55:37.371+0000] {processor.py:157} INFO - Started process (PID=711) to work on /home/airflow/.local/lib/python3.7/site-packages/airflow/example_dags/example_datasets.py
[2023-07-31T19:55:37.375+0000] {processor.py:826} INFO - Processing file /home/airflow/.local/lib/python3.7/site-packages/airflow/example_dags/example_datasets.py for tasks to queue
[2023-07-31T19:55:37.375+0000] {logging_mixin.py:150} INFO - [2023-07-31T19:55:37.375+0000] {dagbag.py:541} INFO - Filling up the DagBag from /home/airflow/.local/lib/python3.7/site-packages/airflow/example_dags/example_datasets.py
[2023-07-31T19:55:37.385+0000] {processor.py:836} INFO - DAG(s) dict_keys(['dataset_consumes_1_never_scheduled', 'dataset_produces_2', 'dataset_consumes_unknown_never_scheduled', 'dataset_produces_1', 'dataset_consumes_1', 'dataset_consumes_1_and_2']) retrieved from /home/airflow/.local/lib/python3.7/site-packages/airflow/example_dags/example_datasets.py
[2023-07-31T19:55:37.439+0000] {logging_mixin.py:150} INFO - [2023-07-31T19:55:37.439+0000] {dag.py:2742} INFO - Sync 6 DAGs
[2023-07-31T19:55:37.470+0000] {logging_mixin.py:150} INFO - [2023-07-31T19:55:37.470+0000] {dag.py:3508} INFO - Setting next_dagrun for dataset_consumes_1 to None, run_after=None
[2023-07-31T19:55:37.474+0000] {logging_mixin.py:150} INFO - [2023-07-31T19:55:37.474+0000] {dag.py:3508} INFO - Setting next_dagrun for dataset_consumes_1_and_2 to None, run_after=None
[2023-07-31T19:55:37.476+0000] {logging_mixin.py:150} INFO - [2023-07-31T19:55:37.476+0000] {dag.py:3508} INFO - Setting next_dagrun for dataset_consumes_1_never_scheduled to None, run_after=None
[2023-07-31T19:55:37.478+0000] {logging_mixin.py:150} INFO - [2023-07-31T19:55:37.477+0000] {dag.py:3508} INFO - Setting next_dagrun for dataset_consumes_unknown_never_scheduled to None, run_after=None
[2023-07-31T19:55:37.483+0000] {logging_mixin.py:150} INFO - [2023-07-31T19:55:37.483+0000] {dag.py:3508} INFO - Setting next_dagrun for dataset_produces_1 to 2023-07-30T00:00:00+00:00, run_after=2023-07-31T00:00:00+00:00
[2023-07-31T19:55:37.485+0000] {logging_mixin.py:150} INFO - [2023-07-31T19:55:37.484+0000] {dag.py:3508} INFO - Setting next_dagrun for dataset_produces_2 to None, run_after=None
[2023-07-31T19:55:37.527+0000] {processor.py:179} INFO - Processing /home/airflow/.local/lib/python3.7/site-packages/airflow/example_dags/example_datasets.py took 0.159 seconds
[2023-07-31T19:56:07.795+0000] {processor.py:157} INFO - Started process (PID=772) to work on /home/airflow/.local/lib/python3.7/site-packages/airflow/example_dags/example_datasets.py
[2023-07-31T19:56:07.796+0000] {processor.py:826} INFO - Processing file /home/airflow/.local/lib/python3.7/site-packages/airflow/example_dags/example_datasets.py for tasks to queue
[2023-07-31T19:56:07.797+0000] {logging_mixin.py:150} INFO - [2023-07-31T19:56:07.796+0000] {dagbag.py:541} INFO - Filling up the DagBag from /home/airflow/.local/lib/python3.7/site-packages/airflow/example_dags/example_datasets.py
[2023-07-31T19:56:07.809+0000] {processor.py:836} INFO - DAG(s) dict_keys(['dataset_consumes_1', 'dataset_produces_1', 'dataset_produces_2', 'dataset_consumes_1_never_scheduled', 'dataset_consumes_unknown_never_scheduled', 'dataset_consumes_1_and_2']) retrieved from /home/airflow/.local/lib/python3.7/site-packages/airflow/example_dags/example_datasets.py
[2023-07-31T19:56:07.856+0000] {logging_mixin.py:150} INFO - [2023-07-31T19:56:07.856+0000] {dag.py:2742} INFO - Sync 6 DAGs
[2023-07-31T19:56:07.890+0000] {logging_mixin.py:150} INFO - [2023-07-31T19:56:07.890+0000] {dag.py:3508} INFO - Setting next_dagrun for dataset_consumes_1 to None, run_after=None
[2023-07-31T19:56:07.894+0000] {logging_mixin.py:150} INFO - [2023-07-31T19:56:07.894+0000] {dag.py:3508} INFO - Setting next_dagrun for dataset_consumes_1_and_2 to None, run_after=None
[2023-07-31T19:56:07.896+0000] {logging_mixin.py:150} INFO - [2023-07-31T19:56:07.896+0000] {dag.py:3508} INFO - Setting next_dagrun for dataset_consumes_1_never_scheduled to None, run_after=None
[2023-07-31T19:56:07.897+0000] {logging_mixin.py:150} INFO - [2023-07-31T19:56:07.897+0000] {dag.py:3508} INFO - Setting next_dagrun for dataset_consumes_unknown_never_scheduled to None, run_after=None
[2023-07-31T19:56:07.900+0000] {logging_mixin.py:150} INFO - [2023-07-31T19:56:07.900+0000] {dag.py:3508} INFO - Setting next_dagrun for dataset_produces_1 to 2023-07-30T00:00:00+00:00, run_after=2023-07-31T00:00:00+00:00
[2023-07-31T19:56:07.902+0000] {logging_mixin.py:150} INFO - [2023-07-31T19:56:07.902+0000] {dag.py:3508} INFO - Setting next_dagrun for dataset_produces_2 to None, run_after=None
[2023-07-31T19:56:07.945+0000] {processor.py:179} INFO - Processing /home/airflow/.local/lib/python3.7/site-packages/airflow/example_dags/example_datasets.py took 0.154 seconds
[2023-07-31T19:56:38.189+0000] {processor.py:157} INFO - Started process (PID=833) to work on /home/airflow/.local/lib/python3.7/site-packages/airflow/example_dags/example_datasets.py
[2023-07-31T19:56:38.192+0000] {processor.py:826} INFO - Processing file /home/airflow/.local/lib/python3.7/site-packages/airflow/example_dags/example_datasets.py for tasks to queue
[2023-07-31T19:56:38.193+0000] {logging_mixin.py:150} INFO - [2023-07-31T19:56:38.192+0000] {dagbag.py:541} INFO - Filling up the DagBag from /home/airflow/.local/lib/python3.7/site-packages/airflow/example_dags/example_datasets.py
[2023-07-31T19:56:38.202+0000] {processor.py:836} INFO - DAG(s) dict_keys(['dataset_consumes_1_never_scheduled', 'dataset_produces_2', 'dataset_consumes_unknown_never_scheduled', 'dataset_produces_1', 'dataset_consumes_1_and_2', 'dataset_consumes_1']) retrieved from /home/airflow/.local/lib/python3.7/site-packages/airflow/example_dags/example_datasets.py
[2023-07-31T19:56:38.244+0000] {logging_mixin.py:150} INFO - [2023-07-31T19:56:38.244+0000] {dag.py:2742} INFO - Sync 6 DAGs
[2023-07-31T19:56:38.272+0000] {logging_mixin.py:150} INFO - [2023-07-31T19:56:38.272+0000] {dag.py:3508} INFO - Setting next_dagrun for dataset_consumes_1 to None, run_after=None
[2023-07-31T19:56:38.276+0000] {logging_mixin.py:150} INFO - [2023-07-31T19:56:38.276+0000] {dag.py:3508} INFO - Setting next_dagrun for dataset_consumes_1_and_2 to None, run_after=None
[2023-07-31T19:56:38.277+0000] {logging_mixin.py:150} INFO - [2023-07-31T19:56:38.277+0000] {dag.py:3508} INFO - Setting next_dagrun for dataset_consumes_1_never_scheduled to None, run_after=None
[2023-07-31T19:56:38.279+0000] {logging_mixin.py:150} INFO - [2023-07-31T19:56:38.279+0000] {dag.py:3508} INFO - Setting next_dagrun for dataset_consumes_unknown_never_scheduled to None, run_after=None
[2023-07-31T19:56:38.283+0000] {logging_mixin.py:150} INFO - [2023-07-31T19:56:38.282+0000] {dag.py:3508} INFO - Setting next_dagrun for dataset_produces_1 to 2023-07-30T00:00:00+00:00, run_after=2023-07-31T00:00:00+00:00
[2023-07-31T19:56:38.284+0000] {logging_mixin.py:150} INFO - [2023-07-31T19:56:38.284+0000] {dag.py:3508} INFO - Setting next_dagrun for dataset_produces_2 to None, run_after=None
[2023-07-31T19:56:38.325+0000] {processor.py:179} INFO - Processing /home/airflow/.local/lib/python3.7/site-packages/airflow/example_dags/example_datasets.py took 0.138 seconds
[2023-07-31T19:57:08.619+0000] {processor.py:157} INFO - Started process (PID=894) to work on /home/airflow/.local/lib/python3.7/site-packages/airflow/example_dags/example_datasets.py
[2023-07-31T19:57:08.621+0000] {processor.py:826} INFO - Processing file /home/airflow/.local/lib/python3.7/site-packages/airflow/example_dags/example_datasets.py for tasks to queue
[2023-07-31T19:57:08.622+0000] {logging_mixin.py:150} INFO - [2023-07-31T19:57:08.622+0000] {dagbag.py:541} INFO - Filling up the DagBag from /home/airflow/.local/lib/python3.7/site-packages/airflow/example_dags/example_datasets.py
[2023-07-31T19:57:08.631+0000] {processor.py:836} INFO - DAG(s) dict_keys(['dataset_consumes_1_never_scheduled', 'dataset_consumes_1_and_2', 'dataset_produces_1', 'dataset_produces_2', 'dataset_consumes_unknown_never_scheduled', 'dataset_consumes_1']) retrieved from /home/airflow/.local/lib/python3.7/site-packages/airflow/example_dags/example_datasets.py
[2023-07-31T19:57:08.677+0000] {logging_mixin.py:150} INFO - [2023-07-31T19:57:08.677+0000] {dag.py:2742} INFO - Sync 6 DAGs
[2023-07-31T19:57:08.707+0000] {logging_mixin.py:150} INFO - [2023-07-31T19:57:08.707+0000] {dag.py:3508} INFO - Setting next_dagrun for dataset_consumes_1 to None, run_after=None
[2023-07-31T19:57:08.710+0000] {logging_mixin.py:150} INFO - [2023-07-31T19:57:08.710+0000] {dag.py:3508} INFO - Setting next_dagrun for dataset_consumes_1_and_2 to None, run_after=None
[2023-07-31T19:57:08.712+0000] {logging_mixin.py:150} INFO - [2023-07-31T19:57:08.712+0000] {dag.py:3508} INFO - Setting next_dagrun for dataset_consumes_1_never_scheduled to None, run_after=None
[2023-07-31T19:57:08.713+0000] {logging_mixin.py:150} INFO - [2023-07-31T19:57:08.713+0000] {dag.py:3508} INFO - Setting next_dagrun for dataset_consumes_unknown_never_scheduled to None, run_after=None
[2023-07-31T19:57:08.716+0000] {logging_mixin.py:150} INFO - [2023-07-31T19:57:08.716+0000] {dag.py:3508} INFO - Setting next_dagrun for dataset_produces_1 to 2023-07-30T00:00:00+00:00, run_after=2023-07-31T00:00:00+00:00
[2023-07-31T19:57:08.717+0000] {logging_mixin.py:150} INFO - [2023-07-31T19:57:08.717+0000] {dag.py:3508} INFO - Setting next_dagrun for dataset_produces_2 to None, run_after=None
[2023-07-31T19:57:08.758+0000] {processor.py:179} INFO - Processing /home/airflow/.local/lib/python3.7/site-packages/airflow/example_dags/example_datasets.py took 0.142 seconds
[2023-07-31T19:57:39.097+0000] {processor.py:157} INFO - Started process (PID=955) to work on /home/airflow/.local/lib/python3.7/site-packages/airflow/example_dags/example_datasets.py
[2023-07-31T19:57:39.101+0000] {processor.py:826} INFO - Processing file /home/airflow/.local/lib/python3.7/site-packages/airflow/example_dags/example_datasets.py for tasks to queue
[2023-07-31T19:57:39.102+0000] {logging_mixin.py:150} INFO - [2023-07-31T19:57:39.102+0000] {dagbag.py:541} INFO - Filling up the DagBag from /home/airflow/.local/lib/python3.7/site-packages/airflow/example_dags/example_datasets.py
[2023-07-31T19:57:39.116+0000] {processor.py:836} INFO - DAG(s) dict_keys(['dataset_produces_1', 'dataset_consumes_unknown_never_scheduled', 'dataset_consumes_1_never_scheduled', 'dataset_consumes_1_and_2', 'dataset_produces_2', 'dataset_consumes_1']) retrieved from /home/airflow/.local/lib/python3.7/site-packages/airflow/example_dags/example_datasets.py
[2023-07-31T19:57:39.185+0000] {logging_mixin.py:150} INFO - [2023-07-31T19:57:39.185+0000] {dag.py:2742} INFO - Sync 6 DAGs
[2023-07-31T19:57:39.237+0000] {logging_mixin.py:150} INFO - [2023-07-31T19:57:39.237+0000] {dag.py:3508} INFO - Setting next_dagrun for dataset_consumes_1 to None, run_after=None
[2023-07-31T19:57:39.244+0000] {logging_mixin.py:150} INFO - [2023-07-31T19:57:39.244+0000] {dag.py:3508} INFO - Setting next_dagrun for dataset_consumes_1_and_2 to None, run_after=None
[2023-07-31T19:57:39.248+0000] {logging_mixin.py:150} INFO - [2023-07-31T19:57:39.247+0000] {dag.py:3508} INFO - Setting next_dagrun for dataset_consumes_1_never_scheduled to None, run_after=None
[2023-07-31T19:57:39.250+0000] {logging_mixin.py:150} INFO - [2023-07-31T19:57:39.250+0000] {dag.py:3508} INFO - Setting next_dagrun for dataset_consumes_unknown_never_scheduled to None, run_after=None
[2023-07-31T19:57:39.254+0000] {logging_mixin.py:150} INFO - [2023-07-31T19:57:39.254+0000] {dag.py:3508} INFO - Setting next_dagrun for dataset_produces_1 to 2023-07-30T00:00:00+00:00, run_after=2023-07-31T00:00:00+00:00
[2023-07-31T19:57:39.257+0000] {logging_mixin.py:150} INFO - [2023-07-31T19:57:39.256+0000] {dag.py:3508} INFO - Setting next_dagrun for dataset_produces_2 to None, run_after=None
[2023-07-31T19:57:39.316+0000] {processor.py:179} INFO - Processing /home/airflow/.local/lib/python3.7/site-packages/airflow/example_dags/example_datasets.py took 0.224 seconds
[2023-07-31T19:58:09.558+0000] {processor.py:157} INFO - Started process (PID=1016) to work on /home/airflow/.local/lib/python3.7/site-packages/airflow/example_dags/example_datasets.py
[2023-07-31T19:58:09.559+0000] {processor.py:826} INFO - Processing file /home/airflow/.local/lib/python3.7/site-packages/airflow/example_dags/example_datasets.py for tasks to queue
[2023-07-31T19:58:09.560+0000] {logging_mixin.py:150} INFO - [2023-07-31T19:58:09.559+0000] {dagbag.py:541} INFO - Filling up the DagBag from /home/airflow/.local/lib/python3.7/site-packages/airflow/example_dags/example_datasets.py
[2023-07-31T19:58:09.568+0000] {processor.py:836} INFO - DAG(s) dict_keys(['dataset_consumes_1', 'dataset_produces_1', 'dataset_consumes_1_never_scheduled', 'dataset_produces_2', 'dataset_consumes_1_and_2', 'dataset_consumes_unknown_never_scheduled']) retrieved from /home/airflow/.local/lib/python3.7/site-packages/airflow/example_dags/example_datasets.py
[2023-07-31T19:58:09.630+0000] {logging_mixin.py:150} INFO - [2023-07-31T19:58:09.630+0000] {dag.py:2742} INFO - Sync 6 DAGs
[2023-07-31T19:58:09.673+0000] {logging_mixin.py:150} INFO - [2023-07-31T19:58:09.672+0000] {dag.py:3508} INFO - Setting next_dagrun for dataset_consumes_1 to None, run_after=None
[2023-07-31T19:58:09.677+0000] {logging_mixin.py:150} INFO - [2023-07-31T19:58:09.677+0000] {dag.py:3508} INFO - Setting next_dagrun for dataset_consumes_1_and_2 to None, run_after=None
[2023-07-31T19:58:09.678+0000] {logging_mixin.py:150} INFO - [2023-07-31T19:58:09.678+0000] {dag.py:3508} INFO - Setting next_dagrun for dataset_consumes_1_never_scheduled to None, run_after=None
[2023-07-31T19:58:09.680+0000] {logging_mixin.py:150} INFO - [2023-07-31T19:58:09.680+0000] {dag.py:3508} INFO - Setting next_dagrun for dataset_consumes_unknown_never_scheduled to None, run_after=None
[2023-07-31T19:58:09.683+0000] {logging_mixin.py:150} INFO - [2023-07-31T19:58:09.683+0000] {dag.py:3508} INFO - Setting next_dagrun for dataset_produces_1 to 2023-07-30T00:00:00+00:00, run_after=2023-07-31T00:00:00+00:00
[2023-07-31T19:58:09.685+0000] {logging_mixin.py:150} INFO - [2023-07-31T19:58:09.685+0000] {dag.py:3508} INFO - Setting next_dagrun for dataset_produces_2 to None, run_after=None
[2023-07-31T19:58:09.730+0000] {processor.py:179} INFO - Processing /home/airflow/.local/lib/python3.7/site-packages/airflow/example_dags/example_datasets.py took 0.175 seconds
[2023-07-31T19:58:40.042+0000] {processor.py:157} INFO - Started process (PID=1077) to work on /home/airflow/.local/lib/python3.7/site-packages/airflow/example_dags/example_datasets.py
[2023-07-31T19:58:40.046+0000] {processor.py:826} INFO - Processing file /home/airflow/.local/lib/python3.7/site-packages/airflow/example_dags/example_datasets.py for tasks to queue
[2023-07-31T19:58:40.048+0000] {logging_mixin.py:150} INFO - [2023-07-31T19:58:40.047+0000] {dagbag.py:541} INFO - Filling up the DagBag from /home/airflow/.local/lib/python3.7/site-packages/airflow/example_dags/example_datasets.py
[2023-07-31T19:58:40.059+0000] {processor.py:836} INFO - DAG(s) dict_keys(['dataset_produces_1', 'dataset_consumes_1_and_2', 'dataset_produces_2', 'dataset_consumes_1_never_scheduled', 'dataset_consumes_1', 'dataset_consumes_unknown_never_scheduled']) retrieved from /home/airflow/.local/lib/python3.7/site-packages/airflow/example_dags/example_datasets.py
[2023-07-31T19:58:40.108+0000] {logging_mixin.py:150} INFO - [2023-07-31T19:58:40.107+0000] {dag.py:2742} INFO - Sync 6 DAGs
[2023-07-31T19:58:40.143+0000] {logging_mixin.py:150} INFO - [2023-07-31T19:58:40.143+0000] {dag.py:3508} INFO - Setting next_dagrun for dataset_consumes_1 to None, run_after=None
[2023-07-31T19:58:40.148+0000] {logging_mixin.py:150} INFO - [2023-07-31T19:58:40.148+0000] {dag.py:3508} INFO - Setting next_dagrun for dataset_consumes_1_and_2 to None, run_after=None
[2023-07-31T19:58:40.150+0000] {logging_mixin.py:150} INFO - [2023-07-31T19:58:40.149+0000] {dag.py:3508} INFO - Setting next_dagrun for dataset_consumes_1_never_scheduled to None, run_after=None
[2023-07-31T19:58:40.151+0000] {logging_mixin.py:150} INFO - [2023-07-31T19:58:40.151+0000] {dag.py:3508} INFO - Setting next_dagrun for dataset_consumes_unknown_never_scheduled to None, run_after=None
[2023-07-31T19:58:40.154+0000] {logging_mixin.py:150} INFO - [2023-07-31T19:58:40.154+0000] {dag.py:3508} INFO - Setting next_dagrun for dataset_produces_1 to 2023-07-30T00:00:00+00:00, run_after=2023-07-31T00:00:00+00:00
[2023-07-31T19:58:40.156+0000] {logging_mixin.py:150} INFO - [2023-07-31T19:58:40.156+0000] {dag.py:3508} INFO - Setting next_dagrun for dataset_produces_2 to None, run_after=None
[2023-07-31T19:58:40.203+0000] {processor.py:179} INFO - Processing /home/airflow/.local/lib/python3.7/site-packages/airflow/example_dags/example_datasets.py took 0.164 seconds
[2023-07-31T20:00:56.832+0000] {processor.py:157} INFO - Started process (PID=43) to work on /home/airflow/.local/lib/python3.7/site-packages/airflow/example_dags/example_datasets.py
[2023-07-31T20:00:56.834+0000] {processor.py:826} INFO - Processing file /home/airflow/.local/lib/python3.7/site-packages/airflow/example_dags/example_datasets.py for tasks to queue
[2023-07-31T20:00:56.835+0000] {logging_mixin.py:150} INFO - [2023-07-31T20:00:56.834+0000] {dagbag.py:541} INFO - Filling up the DagBag from /home/airflow/.local/lib/python3.7/site-packages/airflow/example_dags/example_datasets.py
[2023-07-31T20:00:56.846+0000] {processor.py:836} INFO - DAG(s) dict_keys(['dataset_consumes_1_never_scheduled', 'dataset_produces_2', 'dataset_produces_1', 'dataset_consumes_1_and_2', 'dataset_consumes_1', 'dataset_consumes_unknown_never_scheduled']) retrieved from /home/airflow/.local/lib/python3.7/site-packages/airflow/example_dags/example_datasets.py
[2023-07-31T20:00:56.903+0000] {logging_mixin.py:150} INFO - [2023-07-31T20:00:56.903+0000] {dag.py:2742} INFO - Sync 6 DAGs
[2023-07-31T20:00:57.024+0000] {logging_mixin.py:150} INFO - [2023-07-31T20:00:57.024+0000] {dag.py:3508} INFO - Setting next_dagrun for dataset_consumes_1 to None, run_after=None
[2023-07-31T20:00:57.027+0000] {logging_mixin.py:150} INFO - [2023-07-31T20:00:57.027+0000] {dag.py:3508} INFO - Setting next_dagrun for dataset_consumes_1_and_2 to None, run_after=None
[2023-07-31T20:00:57.029+0000] {logging_mixin.py:150} INFO - [2023-07-31T20:00:57.029+0000] {dag.py:3508} INFO - Setting next_dagrun for dataset_consumes_1_never_scheduled to None, run_after=None
[2023-07-31T20:00:57.030+0000] {logging_mixin.py:150} INFO - [2023-07-31T20:00:57.030+0000] {dag.py:3508} INFO - Setting next_dagrun for dataset_consumes_unknown_never_scheduled to None, run_after=None
[2023-07-31T20:00:57.034+0000] {logging_mixin.py:150} INFO - [2023-07-31T20:00:57.033+0000] {dag.py:3508} INFO - Setting next_dagrun for dataset_produces_1 to 2023-07-30T00:00:00+00:00, run_after=2023-07-31T00:00:00+00:00
[2023-07-31T20:00:57.035+0000] {logging_mixin.py:150} INFO - [2023-07-31T20:00:57.035+0000] {dag.py:3508} INFO - Setting next_dagrun for dataset_produces_2 to None, run_after=None
[2023-07-31T20:00:57.071+0000] {processor.py:179} INFO - Processing /home/airflow/.local/lib/python3.7/site-packages/airflow/example_dags/example_datasets.py took 0.241 seconds
[2023-07-31T20:01:27.695+0000] {processor.py:157} INFO - Started process (PID=105) to work on /home/airflow/.local/lib/python3.7/site-packages/airflow/example_dags/example_datasets.py
[2023-07-31T20:01:27.696+0000] {processor.py:826} INFO - Processing file /home/airflow/.local/lib/python3.7/site-packages/airflow/example_dags/example_datasets.py for tasks to queue
[2023-07-31T20:01:27.697+0000] {logging_mixin.py:150} INFO - [2023-07-31T20:01:27.697+0000] {dagbag.py:541} INFO - Filling up the DagBag from /home/airflow/.local/lib/python3.7/site-packages/airflow/example_dags/example_datasets.py
[2023-07-31T20:01:27.706+0000] {processor.py:836} INFO - DAG(s) dict_keys(['dataset_consumes_unknown_never_scheduled', 'dataset_consumes_1_never_scheduled', 'dataset_produces_1', 'dataset_consumes_1', 'dataset_consumes_1_and_2', 'dataset_produces_2']) retrieved from /home/airflow/.local/lib/python3.7/site-packages/airflow/example_dags/example_datasets.py
[2023-07-31T20:01:27.743+0000] {logging_mixin.py:150} INFO - [2023-07-31T20:01:27.743+0000] {dag.py:2742} INFO - Sync 6 DAGs
[2023-07-31T20:01:27.769+0000] {logging_mixin.py:150} INFO - [2023-07-31T20:01:27.768+0000] {dag.py:3508} INFO - Setting next_dagrun for dataset_consumes_1 to None, run_after=None
[2023-07-31T20:01:27.772+0000] {logging_mixin.py:150} INFO - [2023-07-31T20:01:27.772+0000] {dag.py:3508} INFO - Setting next_dagrun for dataset_consumes_1_and_2 to None, run_after=None
[2023-07-31T20:01:27.773+0000] {logging_mixin.py:150} INFO - [2023-07-31T20:01:27.773+0000] {dag.py:3508} INFO - Setting next_dagrun for dataset_consumes_1_never_scheduled to None, run_after=None
[2023-07-31T20:01:27.774+0000] {logging_mixin.py:150} INFO - [2023-07-31T20:01:27.774+0000] {dag.py:3508} INFO - Setting next_dagrun for dataset_consumes_unknown_never_scheduled to None, run_after=None
[2023-07-31T20:01:27.777+0000] {logging_mixin.py:150} INFO - [2023-07-31T20:01:27.777+0000] {dag.py:3508} INFO - Setting next_dagrun for dataset_produces_1 to 2023-07-30T00:00:00+00:00, run_after=2023-07-31T00:00:00+00:00
[2023-07-31T20:01:27.778+0000] {logging_mixin.py:150} INFO - [2023-07-31T20:01:27.778+0000] {dag.py:3508} INFO - Setting next_dagrun for dataset_produces_2 to None, run_after=None
[2023-07-31T20:01:27.812+0000] {processor.py:179} INFO - Processing /home/airflow/.local/lib/python3.7/site-packages/airflow/example_dags/example_datasets.py took 0.120 seconds
[2023-07-31T20:01:58.131+0000] {processor.py:157} INFO - Started process (PID=167) to work on /home/airflow/.local/lib/python3.7/site-packages/airflow/example_dags/example_datasets.py
[2023-07-31T20:01:58.131+0000] {processor.py:826} INFO - Processing file /home/airflow/.local/lib/python3.7/site-packages/airflow/example_dags/example_datasets.py for tasks to queue
[2023-07-31T20:01:58.132+0000] {logging_mixin.py:150} INFO - [2023-07-31T20:01:58.132+0000] {dagbag.py:541} INFO - Filling up the DagBag from /home/airflow/.local/lib/python3.7/site-packages/airflow/example_dags/example_datasets.py
[2023-07-31T20:01:58.140+0000] {processor.py:836} INFO - DAG(s) dict_keys(['dataset_produces_1', 'dataset_consumes_1_never_scheduled', 'dataset_consumes_unknown_never_scheduled', 'dataset_consumes_1', 'dataset_consumes_1_and_2', 'dataset_produces_2']) retrieved from /home/airflow/.local/lib/python3.7/site-packages/airflow/example_dags/example_datasets.py
[2023-07-31T20:01:58.177+0000] {logging_mixin.py:150} INFO - [2023-07-31T20:01:58.177+0000] {dag.py:2742} INFO - Sync 6 DAGs
[2023-07-31T20:01:58.203+0000] {logging_mixin.py:150} INFO - [2023-07-31T20:01:58.203+0000] {dag.py:3508} INFO - Setting next_dagrun for dataset_consumes_1 to None, run_after=None
[2023-07-31T20:01:58.208+0000] {logging_mixin.py:150} INFO - [2023-07-31T20:01:58.208+0000] {dag.py:3508} INFO - Setting next_dagrun for dataset_consumes_1_and_2 to None, run_after=None
[2023-07-31T20:01:58.210+0000] {logging_mixin.py:150} INFO - [2023-07-31T20:01:58.210+0000] {dag.py:3508} INFO - Setting next_dagrun for dataset_consumes_1_never_scheduled to None, run_after=None
[2023-07-31T20:01:58.211+0000] {logging_mixin.py:150} INFO - [2023-07-31T20:01:58.211+0000] {dag.py:3508} INFO - Setting next_dagrun for dataset_consumes_unknown_never_scheduled to None, run_after=None
[2023-07-31T20:01:58.213+0000] {logging_mixin.py:150} INFO - [2023-07-31T20:01:58.213+0000] {dag.py:3508} INFO - Setting next_dagrun for dataset_produces_1 to 2023-07-30T00:00:00+00:00, run_after=2023-07-31T00:00:00+00:00
[2023-07-31T20:01:58.215+0000] {logging_mixin.py:150} INFO - [2023-07-31T20:01:58.214+0000] {dag.py:3508} INFO - Setting next_dagrun for dataset_produces_2 to None, run_after=None
[2023-07-31T20:01:58.250+0000] {processor.py:179} INFO - Processing /home/airflow/.local/lib/python3.7/site-packages/airflow/example_dags/example_datasets.py took 0.122 seconds
