[2023-07-31T19:50:07.074+0000] {processor.py:157} INFO - Started process (PID=68) to work on /home/airflow/.local/lib/python3.7/site-packages/airflow/example_dags/example_latest_only_with_trigger.py
[2023-07-31T19:50:07.076+0000] {processor.py:826} INFO - Processing file /home/airflow/.local/lib/python3.7/site-packages/airflow/example_dags/example_latest_only_with_trigger.py for tasks to queue
[2023-07-31T19:50:07.077+0000] {logging_mixin.py:150} INFO - [2023-07-31T19:50:07.077+0000] {dagbag.py:541} INFO - Filling up the DagBag from /home/airflow/.local/lib/python3.7/site-packages/airflow/example_dags/example_latest_only_with_trigger.py
[2023-07-31T19:50:07.096+0000] {processor.py:836} INFO - DAG(s) dict_keys(['latest_only_with_trigger']) retrieved from /home/airflow/.local/lib/python3.7/site-packages/airflow/example_dags/example_latest_only_with_trigger.py
[2023-07-31T19:50:07.294+0000] {logging_mixin.py:150} INFO - [2023-07-31T19:50:07.294+0000] {manager.py:504} INFO - Created Permission View: can delete on DAG:latest_only_with_trigger
[2023-07-31T19:50:07.328+0000] {logging_mixin.py:150} INFO - [2023-07-31T19:50:07.328+0000] {manager.py:504} INFO - Created Permission View: can edit on DAG:latest_only_with_trigger
[2023-07-31T19:50:07.345+0000] {logging_mixin.py:150} INFO - [2023-07-31T19:50:07.344+0000] {manager.py:504} INFO - Created Permission View: can read on DAG:latest_only_with_trigger
[2023-07-31T19:50:07.386+0000] {logging_mixin.py:150} INFO - [2023-07-31T19:50:07.385+0000] {dag.py:2742} INFO - Sync 1 DAGs
[2023-07-31T19:50:07.415+0000] {logging_mixin.py:150} INFO - [2023-07-31T19:50:07.414+0000] {dag.py:2763} INFO - Creating ORM DAG for latest_only_with_trigger
[2023-07-31T19:50:07.439+0000] {logging_mixin.py:150} INFO - [2023-07-31T19:50:07.439+0000] {dag.py:3508} INFO - Setting next_dagrun for latest_only_with_trigger to 2023-07-31T15:50:07.439123+00:00, run_after=2023-07-31T19:50:07.439123+00:00
[2023-07-31T19:50:07.471+0000] {processor.py:179} INFO - Processing /home/airflow/.local/lib/python3.7/site-packages/airflow/example_dags/example_latest_only_with_trigger.py took 0.406 seconds
[2023-07-31T19:50:37.790+0000] {processor.py:157} INFO - Started process (PID=129) to work on /home/airflow/.local/lib/python3.7/site-packages/airflow/example_dags/example_latest_only_with_trigger.py
[2023-07-31T19:50:37.791+0000] {processor.py:826} INFO - Processing file /home/airflow/.local/lib/python3.7/site-packages/airflow/example_dags/example_latest_only_with_trigger.py for tasks to queue
[2023-07-31T19:50:37.792+0000] {logging_mixin.py:150} INFO - [2023-07-31T19:50:37.791+0000] {dagbag.py:541} INFO - Filling up the DagBag from /home/airflow/.local/lib/python3.7/site-packages/airflow/example_dags/example_latest_only_with_trigger.py
[2023-07-31T19:50:37.805+0000] {processor.py:836} INFO - DAG(s) dict_keys(['latest_only_with_trigger']) retrieved from /home/airflow/.local/lib/python3.7/site-packages/airflow/example_dags/example_latest_only_with_trigger.py
[2023-07-31T19:50:37.836+0000] {logging_mixin.py:150} INFO - [2023-07-31T19:50:37.836+0000] {dag.py:2742} INFO - Sync 1 DAGs
[2023-07-31T19:50:37.882+0000] {logging_mixin.py:150} INFO - [2023-07-31T19:50:37.882+0000] {dag.py:3508} INFO - Setting next_dagrun for latest_only_with_trigger to 2023-07-31T15:50:37.882240+00:00, run_after=2023-07-31T19:50:37.882240+00:00
[2023-07-31T19:50:37.916+0000] {processor.py:179} INFO - Processing /home/airflow/.local/lib/python3.7/site-packages/airflow/example_dags/example_latest_only_with_trigger.py took 0.130 seconds
[2023-07-31T19:51:08.524+0000] {processor.py:157} INFO - Started process (PID=190) to work on /home/airflow/.local/lib/python3.7/site-packages/airflow/example_dags/example_latest_only_with_trigger.py
[2023-07-31T19:51:08.525+0000] {processor.py:826} INFO - Processing file /home/airflow/.local/lib/python3.7/site-packages/airflow/example_dags/example_latest_only_with_trigger.py for tasks to queue
[2023-07-31T19:51:08.526+0000] {logging_mixin.py:150} INFO - [2023-07-31T19:51:08.526+0000] {dagbag.py:541} INFO - Filling up the DagBag from /home/airflow/.local/lib/python3.7/site-packages/airflow/example_dags/example_latest_only_with_trigger.py
[2023-07-31T19:51:08.539+0000] {processor.py:836} INFO - DAG(s) dict_keys(['latest_only_with_trigger']) retrieved from /home/airflow/.local/lib/python3.7/site-packages/airflow/example_dags/example_latest_only_with_trigger.py
[2023-07-31T19:51:08.578+0000] {logging_mixin.py:150} INFO - [2023-07-31T19:51:08.578+0000] {dag.py:2742} INFO - Sync 1 DAGs
[2023-07-31T19:51:08.641+0000] {logging_mixin.py:150} INFO - [2023-07-31T19:51:08.641+0000] {dag.py:3508} INFO - Setting next_dagrun for latest_only_with_trigger to 2023-07-31T15:51:08.641293+00:00, run_after=2023-07-31T19:51:08.641293+00:00
[2023-07-31T19:51:08.676+0000] {processor.py:179} INFO - Processing /home/airflow/.local/lib/python3.7/site-packages/airflow/example_dags/example_latest_only_with_trigger.py took 0.157 seconds
[2023-07-31T19:51:39.045+0000] {processor.py:157} INFO - Started process (PID=250) to work on /home/airflow/.local/lib/python3.7/site-packages/airflow/example_dags/example_latest_only_with_trigger.py
[2023-07-31T19:51:39.046+0000] {processor.py:826} INFO - Processing file /home/airflow/.local/lib/python3.7/site-packages/airflow/example_dags/example_latest_only_with_trigger.py for tasks to queue
[2023-07-31T19:51:39.047+0000] {logging_mixin.py:150} INFO - [2023-07-31T19:51:39.046+0000] {dagbag.py:541} INFO - Filling up the DagBag from /home/airflow/.local/lib/python3.7/site-packages/airflow/example_dags/example_latest_only_with_trigger.py
[2023-07-31T19:51:39.052+0000] {processor.py:836} INFO - DAG(s) dict_keys(['latest_only_with_trigger']) retrieved from /home/airflow/.local/lib/python3.7/site-packages/airflow/example_dags/example_latest_only_with_trigger.py
[2023-07-31T19:51:39.078+0000] {logging_mixin.py:150} INFO - [2023-07-31T19:51:39.078+0000] {dag.py:2742} INFO - Sync 1 DAGs
[2023-07-31T19:51:39.107+0000] {logging_mixin.py:150} INFO - [2023-07-31T19:51:39.107+0000] {dag.py:3508} INFO - Setting next_dagrun for latest_only_with_trigger to 2023-07-31T15:51:39.106878+00:00, run_after=2023-07-31T19:51:39.106878+00:00
[2023-07-31T19:51:39.144+0000] {processor.py:179} INFO - Processing /home/airflow/.local/lib/python3.7/site-packages/airflow/example_dags/example_latest_only_with_trigger.py took 0.104 seconds
[2023-07-31T19:52:09.855+0000] {processor.py:157} INFO - Started process (PID=311) to work on /home/airflow/.local/lib/python3.7/site-packages/airflow/example_dags/example_latest_only_with_trigger.py
[2023-07-31T19:52:09.855+0000] {processor.py:826} INFO - Processing file /home/airflow/.local/lib/python3.7/site-packages/airflow/example_dags/example_latest_only_with_trigger.py for tasks to queue
[2023-07-31T19:52:09.857+0000] {logging_mixin.py:150} INFO - [2023-07-31T19:52:09.856+0000] {dagbag.py:541} INFO - Filling up the DagBag from /home/airflow/.local/lib/python3.7/site-packages/airflow/example_dags/example_latest_only_with_trigger.py
[2023-07-31T19:52:09.863+0000] {processor.py:836} INFO - DAG(s) dict_keys(['latest_only_with_trigger']) retrieved from /home/airflow/.local/lib/python3.7/site-packages/airflow/example_dags/example_latest_only_with_trigger.py
[2023-07-31T19:52:09.890+0000] {logging_mixin.py:150} INFO - [2023-07-31T19:52:09.890+0000] {dag.py:2742} INFO - Sync 1 DAGs
[2023-07-31T19:52:09.918+0000] {logging_mixin.py:150} INFO - [2023-07-31T19:52:09.917+0000] {dag.py:3508} INFO - Setting next_dagrun for latest_only_with_trigger to 2023-07-31T15:52:09.917317+00:00, run_after=2023-07-31T19:52:09.917317+00:00
[2023-07-31T19:52:09.943+0000] {processor.py:179} INFO - Processing /home/airflow/.local/lib/python3.7/site-packages/airflow/example_dags/example_latest_only_with_trigger.py took 0.092 seconds
[2023-07-31T19:52:40.294+0000] {processor.py:157} INFO - Started process (PID=372) to work on /home/airflow/.local/lib/python3.7/site-packages/airflow/example_dags/example_latest_only_with_trigger.py
[2023-07-31T19:52:40.296+0000] {processor.py:826} INFO - Processing file /home/airflow/.local/lib/python3.7/site-packages/airflow/example_dags/example_latest_only_with_trigger.py for tasks to queue
[2023-07-31T19:52:40.297+0000] {logging_mixin.py:150} INFO - [2023-07-31T19:52:40.296+0000] {dagbag.py:541} INFO - Filling up the DagBag from /home/airflow/.local/lib/python3.7/site-packages/airflow/example_dags/example_latest_only_with_trigger.py
[2023-07-31T19:52:40.303+0000] {processor.py:836} INFO - DAG(s) dict_keys(['latest_only_with_trigger']) retrieved from /home/airflow/.local/lib/python3.7/site-packages/airflow/example_dags/example_latest_only_with_trigger.py
[2023-07-31T19:52:40.337+0000] {logging_mixin.py:150} INFO - [2023-07-31T19:52:40.337+0000] {dag.py:2742} INFO - Sync 1 DAGs
[2023-07-31T19:52:40.367+0000] {logging_mixin.py:150} INFO - [2023-07-31T19:52:40.367+0000] {dag.py:3508} INFO - Setting next_dagrun for latest_only_with_trigger to 2023-07-31T15:52:40.366859+00:00, run_after=2023-07-31T19:52:40.366859+00:00
[2023-07-31T19:52:40.397+0000] {processor.py:179} INFO - Processing /home/airflow/.local/lib/python3.7/site-packages/airflow/example_dags/example_latest_only_with_trigger.py took 0.108 seconds
[2023-07-31T19:53:11.015+0000] {processor.py:157} INFO - Started process (PID=433) to work on /home/airflow/.local/lib/python3.7/site-packages/airflow/example_dags/example_latest_only_with_trigger.py
[2023-07-31T19:53:11.016+0000] {processor.py:826} INFO - Processing file /home/airflow/.local/lib/python3.7/site-packages/airflow/example_dags/example_latest_only_with_trigger.py for tasks to queue
[2023-07-31T19:53:11.016+0000] {logging_mixin.py:150} INFO - [2023-07-31T19:53:11.016+0000] {dagbag.py:541} INFO - Filling up the DagBag from /home/airflow/.local/lib/python3.7/site-packages/airflow/example_dags/example_latest_only_with_trigger.py
[2023-07-31T19:53:11.022+0000] {processor.py:836} INFO - DAG(s) dict_keys(['latest_only_with_trigger']) retrieved from /home/airflow/.local/lib/python3.7/site-packages/airflow/example_dags/example_latest_only_with_trigger.py
[2023-07-31T19:53:11.050+0000] {logging_mixin.py:150} INFO - [2023-07-31T19:53:11.050+0000] {dag.py:2742} INFO - Sync 1 DAGs
[2023-07-31T19:53:11.078+0000] {logging_mixin.py:150} INFO - [2023-07-31T19:53:11.077+0000] {dag.py:3508} INFO - Setting next_dagrun for latest_only_with_trigger to 2023-07-31T15:53:11.077328+00:00, run_after=2023-07-31T19:53:11.077328+00:00
[2023-07-31T19:53:11.114+0000] {processor.py:179} INFO - Processing /home/airflow/.local/lib/python3.7/site-packages/airflow/example_dags/example_latest_only_with_trigger.py took 0.104 seconds
[2023-07-31T19:53:41.984+0000] {processor.py:157} INFO - Started process (PID=494) to work on /home/airflow/.local/lib/python3.7/site-packages/airflow/example_dags/example_latest_only_with_trigger.py
[2023-07-31T19:53:41.985+0000] {processor.py:826} INFO - Processing file /home/airflow/.local/lib/python3.7/site-packages/airflow/example_dags/example_latest_only_with_trigger.py for tasks to queue
[2023-07-31T19:53:41.986+0000] {logging_mixin.py:150} INFO - [2023-07-31T19:53:41.986+0000] {dagbag.py:541} INFO - Filling up the DagBag from /home/airflow/.local/lib/python3.7/site-packages/airflow/example_dags/example_latest_only_with_trigger.py
[2023-07-31T19:53:41.998+0000] {processor.py:836} INFO - DAG(s) dict_keys(['latest_only_with_trigger']) retrieved from /home/airflow/.local/lib/python3.7/site-packages/airflow/example_dags/example_latest_only_with_trigger.py
[2023-07-31T19:53:42.032+0000] {logging_mixin.py:150} INFO - [2023-07-31T19:53:42.032+0000] {dag.py:2742} INFO - Sync 1 DAGs
[2023-07-31T19:53:42.073+0000] {logging_mixin.py:150} INFO - [2023-07-31T19:53:42.073+0000] {dag.py:3508} INFO - Setting next_dagrun for latest_only_with_trigger to 2023-07-31T15:53:42.072886+00:00, run_after=2023-07-31T19:53:42.072886+00:00
[2023-07-31T19:53:42.104+0000] {processor.py:179} INFO - Processing /home/airflow/.local/lib/python3.7/site-packages/airflow/example_dags/example_latest_only_with_trigger.py took 0.124 seconds
[2023-07-31T19:54:12.258+0000] {processor.py:157} INFO - Started process (PID=554) to work on /home/airflow/.local/lib/python3.7/site-packages/airflow/example_dags/example_latest_only_with_trigger.py
[2023-07-31T19:54:12.259+0000] {processor.py:826} INFO - Processing file /home/airflow/.local/lib/python3.7/site-packages/airflow/example_dags/example_latest_only_with_trigger.py for tasks to queue
[2023-07-31T19:54:12.260+0000] {logging_mixin.py:150} INFO - [2023-07-31T19:54:12.260+0000] {dagbag.py:541} INFO - Filling up the DagBag from /home/airflow/.local/lib/python3.7/site-packages/airflow/example_dags/example_latest_only_with_trigger.py
[2023-07-31T19:54:12.270+0000] {processor.py:836} INFO - DAG(s) dict_keys(['latest_only_with_trigger']) retrieved from /home/airflow/.local/lib/python3.7/site-packages/airflow/example_dags/example_latest_only_with_trigger.py
[2023-07-31T19:54:12.307+0000] {logging_mixin.py:150} INFO - [2023-07-31T19:54:12.307+0000] {dag.py:2742} INFO - Sync 1 DAGs
[2023-07-31T19:54:12.350+0000] {logging_mixin.py:150} INFO - [2023-07-31T19:54:12.348+0000] {dag.py:3508} INFO - Setting next_dagrun for latest_only_with_trigger to 2023-07-31T15:54:12.347921+00:00, run_after=2023-07-31T19:54:12.347921+00:00
[2023-07-31T19:54:12.380+0000] {processor.py:179} INFO - Processing /home/airflow/.local/lib/python3.7/site-packages/airflow/example_dags/example_latest_only_with_trigger.py took 0.126 seconds
[2023-07-31T19:54:42.474+0000] {processor.py:157} INFO - Started process (PID=615) to work on /home/airflow/.local/lib/python3.7/site-packages/airflow/example_dags/example_latest_only_with_trigger.py
[2023-07-31T19:54:42.479+0000] {processor.py:826} INFO - Processing file /home/airflow/.local/lib/python3.7/site-packages/airflow/example_dags/example_latest_only_with_trigger.py for tasks to queue
[2023-07-31T19:54:42.479+0000] {logging_mixin.py:150} INFO - [2023-07-31T19:54:42.479+0000] {dagbag.py:541} INFO - Filling up the DagBag from /home/airflow/.local/lib/python3.7/site-packages/airflow/example_dags/example_latest_only_with_trigger.py
[2023-07-31T19:54:42.486+0000] {processor.py:836} INFO - DAG(s) dict_keys(['latest_only_with_trigger']) retrieved from /home/airflow/.local/lib/python3.7/site-packages/airflow/example_dags/example_latest_only_with_trigger.py
[2023-07-31T19:54:42.513+0000] {logging_mixin.py:150} INFO - [2023-07-31T19:54:42.512+0000] {dag.py:2742} INFO - Sync 1 DAGs
[2023-07-31T19:54:42.538+0000] {logging_mixin.py:150} INFO - [2023-07-31T19:54:42.538+0000] {dag.py:3508} INFO - Setting next_dagrun for latest_only_with_trigger to 2023-07-31T15:54:42.538579+00:00, run_after=2023-07-31T19:54:42.538579+00:00
[2023-07-31T19:54:42.566+0000] {processor.py:179} INFO - Processing /home/airflow/.local/lib/python3.7/site-packages/airflow/example_dags/example_latest_only_with_trigger.py took 0.096 seconds
[2023-07-31T19:55:12.753+0000] {processor.py:157} INFO - Started process (PID=676) to work on /home/airflow/.local/lib/python3.7/site-packages/airflow/example_dags/example_latest_only_with_trigger.py
[2023-07-31T19:55:12.754+0000] {processor.py:826} INFO - Processing file /home/airflow/.local/lib/python3.7/site-packages/airflow/example_dags/example_latest_only_with_trigger.py for tasks to queue
[2023-07-31T19:55:12.755+0000] {logging_mixin.py:150} INFO - [2023-07-31T19:55:12.754+0000] {dagbag.py:541} INFO - Filling up the DagBag from /home/airflow/.local/lib/python3.7/site-packages/airflow/example_dags/example_latest_only_with_trigger.py
[2023-07-31T19:55:12.763+0000] {processor.py:836} INFO - DAG(s) dict_keys(['latest_only_with_trigger']) retrieved from /home/airflow/.local/lib/python3.7/site-packages/airflow/example_dags/example_latest_only_with_trigger.py
[2023-07-31T19:55:12.800+0000] {logging_mixin.py:150} INFO - [2023-07-31T19:55:12.799+0000] {dag.py:2742} INFO - Sync 1 DAGs
[2023-07-31T19:55:12.840+0000] {logging_mixin.py:150} INFO - [2023-07-31T19:55:12.840+0000] {dag.py:3508} INFO - Setting next_dagrun for latest_only_with_trigger to 2023-07-31T15:55:12.839873+00:00, run_after=2023-07-31T19:55:12.839873+00:00
[2023-07-31T19:55:12.869+0000] {processor.py:179} INFO - Processing /home/airflow/.local/lib/python3.7/site-packages/airflow/example_dags/example_latest_only_with_trigger.py took 0.119 seconds
[2023-07-31T19:55:43.297+0000] {processor.py:157} INFO - Started process (PID=737) to work on /home/airflow/.local/lib/python3.7/site-packages/airflow/example_dags/example_latest_only_with_trigger.py
[2023-07-31T19:55:43.298+0000] {processor.py:826} INFO - Processing file /home/airflow/.local/lib/python3.7/site-packages/airflow/example_dags/example_latest_only_with_trigger.py for tasks to queue
[2023-07-31T19:55:43.299+0000] {logging_mixin.py:150} INFO - [2023-07-31T19:55:43.299+0000] {dagbag.py:541} INFO - Filling up the DagBag from /home/airflow/.local/lib/python3.7/site-packages/airflow/example_dags/example_latest_only_with_trigger.py
[2023-07-31T19:55:43.306+0000] {processor.py:836} INFO - DAG(s) dict_keys(['latest_only_with_trigger']) retrieved from /home/airflow/.local/lib/python3.7/site-packages/airflow/example_dags/example_latest_only_with_trigger.py
[2023-07-31T19:55:43.335+0000] {logging_mixin.py:150} INFO - [2023-07-31T19:55:43.335+0000] {dag.py:2742} INFO - Sync 1 DAGs
[2023-07-31T19:55:43.371+0000] {logging_mixin.py:150} INFO - [2023-07-31T19:55:43.371+0000] {dag.py:3508} INFO - Setting next_dagrun for latest_only_with_trigger to 2023-07-31T15:55:43.371288+00:00, run_after=2023-07-31T19:55:43.371288+00:00
[2023-07-31T19:55:43.404+0000] {processor.py:179} INFO - Processing /home/airflow/.local/lib/python3.7/site-packages/airflow/example_dags/example_latest_only_with_trigger.py took 0.110 seconds
[2023-07-31T19:56:13.562+0000] {processor.py:157} INFO - Started process (PID=798) to work on /home/airflow/.local/lib/python3.7/site-packages/airflow/example_dags/example_latest_only_with_trigger.py
[2023-07-31T19:56:13.563+0000] {processor.py:826} INFO - Processing file /home/airflow/.local/lib/python3.7/site-packages/airflow/example_dags/example_latest_only_with_trigger.py for tasks to queue
[2023-07-31T19:56:13.563+0000] {logging_mixin.py:150} INFO - [2023-07-31T19:56:13.563+0000] {dagbag.py:541} INFO - Filling up the DagBag from /home/airflow/.local/lib/python3.7/site-packages/airflow/example_dags/example_latest_only_with_trigger.py
[2023-07-31T19:56:13.570+0000] {processor.py:836} INFO - DAG(s) dict_keys(['latest_only_with_trigger']) retrieved from /home/airflow/.local/lib/python3.7/site-packages/airflow/example_dags/example_latest_only_with_trigger.py
[2023-07-31T19:56:13.595+0000] {logging_mixin.py:150} INFO - [2023-07-31T19:56:13.595+0000] {dag.py:2742} INFO - Sync 1 DAGs
[2023-07-31T19:56:13.627+0000] {logging_mixin.py:150} INFO - [2023-07-31T19:56:13.627+0000] {dag.py:3508} INFO - Setting next_dagrun for latest_only_with_trigger to 2023-07-31T15:56:13.626477+00:00, run_after=2023-07-31T19:56:13.626477+00:00
[2023-07-31T19:56:13.657+0000] {processor.py:179} INFO - Processing /home/airflow/.local/lib/python3.7/site-packages/airflow/example_dags/example_latest_only_with_trigger.py took 0.097 seconds
[2023-07-31T19:56:43.864+0000] {processor.py:157} INFO - Started process (PID=866) to work on /home/airflow/.local/lib/python3.7/site-packages/airflow/example_dags/example_latest_only_with_trigger.py
[2023-07-31T19:56:43.865+0000] {processor.py:826} INFO - Processing file /home/airflow/.local/lib/python3.7/site-packages/airflow/example_dags/example_latest_only_with_trigger.py for tasks to queue
[2023-07-31T19:56:43.866+0000] {logging_mixin.py:150} INFO - [2023-07-31T19:56:43.866+0000] {dagbag.py:541} INFO - Filling up the DagBag from /home/airflow/.local/lib/python3.7/site-packages/airflow/example_dags/example_latest_only_with_trigger.py
[2023-07-31T19:56:43.872+0000] {processor.py:836} INFO - DAG(s) dict_keys(['latest_only_with_trigger']) retrieved from /home/airflow/.local/lib/python3.7/site-packages/airflow/example_dags/example_latest_only_with_trigger.py
[2023-07-31T19:56:43.899+0000] {logging_mixin.py:150} INFO - [2023-07-31T19:56:43.899+0000] {dag.py:2742} INFO - Sync 1 DAGs
[2023-07-31T19:56:43.927+0000] {logging_mixin.py:150} INFO - [2023-07-31T19:56:43.927+0000] {dag.py:3508} INFO - Setting next_dagrun for latest_only_with_trigger to 2023-07-31T15:56:43.926927+00:00, run_after=2023-07-31T19:56:43.926927+00:00
[2023-07-31T19:56:43.952+0000] {processor.py:179} INFO - Processing /home/airflow/.local/lib/python3.7/site-packages/airflow/example_dags/example_latest_only_with_trigger.py took 0.091 seconds
[2023-07-31T19:57:14.334+0000] {processor.py:157} INFO - Started process (PID=927) to work on /home/airflow/.local/lib/python3.7/site-packages/airflow/example_dags/example_latest_only_with_trigger.py
[2023-07-31T19:57:14.336+0000] {processor.py:826} INFO - Processing file /home/airflow/.local/lib/python3.7/site-packages/airflow/example_dags/example_latest_only_with_trigger.py for tasks to queue
[2023-07-31T19:57:14.336+0000] {logging_mixin.py:150} INFO - [2023-07-31T19:57:14.336+0000] {dagbag.py:541} INFO - Filling up the DagBag from /home/airflow/.local/lib/python3.7/site-packages/airflow/example_dags/example_latest_only_with_trigger.py
[2023-07-31T19:57:14.342+0000] {processor.py:836} INFO - DAG(s) dict_keys(['latest_only_with_trigger']) retrieved from /home/airflow/.local/lib/python3.7/site-packages/airflow/example_dags/example_latest_only_with_trigger.py
[2023-07-31T19:57:14.370+0000] {logging_mixin.py:150} INFO - [2023-07-31T19:57:14.370+0000] {dag.py:2742} INFO - Sync 1 DAGs
[2023-07-31T19:57:14.398+0000] {logging_mixin.py:150} INFO - [2023-07-31T19:57:14.397+0000] {dag.py:3508} INFO - Setting next_dagrun for latest_only_with_trigger to 2023-07-31T15:57:14.397668+00:00, run_after=2023-07-31T19:57:14.397668+00:00
[2023-07-31T19:57:14.428+0000] {processor.py:179} INFO - Processing /home/airflow/.local/lib/python3.7/site-packages/airflow/example_dags/example_latest_only_with_trigger.py took 0.098 seconds
[2023-07-31T19:57:44.700+0000] {processor.py:157} INFO - Started process (PID=988) to work on /home/airflow/.local/lib/python3.7/site-packages/airflow/example_dags/example_latest_only_with_trigger.py
[2023-07-31T19:57:44.705+0000] {processor.py:826} INFO - Processing file /home/airflow/.local/lib/python3.7/site-packages/airflow/example_dags/example_latest_only_with_trigger.py for tasks to queue
[2023-07-31T19:57:44.705+0000] {logging_mixin.py:150} INFO - [2023-07-31T19:57:44.705+0000] {dagbag.py:541} INFO - Filling up the DagBag from /home/airflow/.local/lib/python3.7/site-packages/airflow/example_dags/example_latest_only_with_trigger.py
[2023-07-31T19:57:44.722+0000] {processor.py:836} INFO - DAG(s) dict_keys(['latest_only_with_trigger']) retrieved from /home/airflow/.local/lib/python3.7/site-packages/airflow/example_dags/example_latest_only_with_trigger.py
[2023-07-31T19:57:44.767+0000] {logging_mixin.py:150} INFO - [2023-07-31T19:57:44.767+0000] {dag.py:2742} INFO - Sync 1 DAGs
[2023-07-31T19:57:44.809+0000] {logging_mixin.py:150} INFO - [2023-07-31T19:57:44.809+0000] {dag.py:3508} INFO - Setting next_dagrun for latest_only_with_trigger to 2023-07-31T15:57:44.808856+00:00, run_after=2023-07-31T19:57:44.808856+00:00
[2023-07-31T19:57:44.837+0000] {processor.py:179} INFO - Processing /home/airflow/.local/lib/python3.7/site-packages/airflow/example_dags/example_latest_only_with_trigger.py took 0.147 seconds
[2023-07-31T19:58:15.463+0000] {processor.py:157} INFO - Started process (PID=1049) to work on /home/airflow/.local/lib/python3.7/site-packages/airflow/example_dags/example_latest_only_with_trigger.py
[2023-07-31T19:58:15.465+0000] {processor.py:826} INFO - Processing file /home/airflow/.local/lib/python3.7/site-packages/airflow/example_dags/example_latest_only_with_trigger.py for tasks to queue
[2023-07-31T19:58:15.467+0000] {logging_mixin.py:150} INFO - [2023-07-31T19:58:15.466+0000] {dagbag.py:541} INFO - Filling up the DagBag from /home/airflow/.local/lib/python3.7/site-packages/airflow/example_dags/example_latest_only_with_trigger.py
[2023-07-31T19:58:15.476+0000] {processor.py:836} INFO - DAG(s) dict_keys(['latest_only_with_trigger']) retrieved from /home/airflow/.local/lib/python3.7/site-packages/airflow/example_dags/example_latest_only_with_trigger.py
[2023-07-31T19:58:15.506+0000] {logging_mixin.py:150} INFO - [2023-07-31T19:58:15.506+0000] {dag.py:2742} INFO - Sync 1 DAGs
[2023-07-31T19:58:15.537+0000] {logging_mixin.py:150} INFO - [2023-07-31T19:58:15.537+0000] {dag.py:3508} INFO - Setting next_dagrun for latest_only_with_trigger to 2023-07-31T15:58:15.537457+00:00, run_after=2023-07-31T19:58:15.537457+00:00
[2023-07-31T19:58:15.561+0000] {processor.py:179} INFO - Processing /home/airflow/.local/lib/python3.7/site-packages/airflow/example_dags/example_latest_only_with_trigger.py took 0.101 seconds
[2023-07-31T19:58:45.625+0000] {processor.py:157} INFO - Started process (PID=1110) to work on /home/airflow/.local/lib/python3.7/site-packages/airflow/example_dags/example_latest_only_with_trigger.py
[2023-07-31T19:58:45.626+0000] {processor.py:826} INFO - Processing file /home/airflow/.local/lib/python3.7/site-packages/airflow/example_dags/example_latest_only_with_trigger.py for tasks to queue
[2023-07-31T19:58:45.627+0000] {logging_mixin.py:150} INFO - [2023-07-31T19:58:45.627+0000] {dagbag.py:541} INFO - Filling up the DagBag from /home/airflow/.local/lib/python3.7/site-packages/airflow/example_dags/example_latest_only_with_trigger.py
[2023-07-31T19:58:45.636+0000] {processor.py:836} INFO - DAG(s) dict_keys(['latest_only_with_trigger']) retrieved from /home/airflow/.local/lib/python3.7/site-packages/airflow/example_dags/example_latest_only_with_trigger.py
[2023-07-31T19:58:45.680+0000] {logging_mixin.py:150} INFO - [2023-07-31T19:58:45.680+0000] {dag.py:2742} INFO - Sync 1 DAGs
[2023-07-31T19:58:45.726+0000] {logging_mixin.py:150} INFO - [2023-07-31T19:58:45.726+0000] {dag.py:3508} INFO - Setting next_dagrun for latest_only_with_trigger to 2023-07-31T15:58:45.725049+00:00, run_after=2023-07-31T19:58:45.725049+00:00
[2023-07-31T19:58:45.762+0000] {processor.py:179} INFO - Processing /home/airflow/.local/lib/python3.7/site-packages/airflow/example_dags/example_latest_only_with_trigger.py took 0.143 seconds
[2023-07-31T20:01:00.679+0000] {processor.py:157} INFO - Started process (PID=69) to work on /home/airflow/.local/lib/python3.7/site-packages/airflow/example_dags/example_latest_only_with_trigger.py
[2023-07-31T20:01:00.680+0000] {processor.py:826} INFO - Processing file /home/airflow/.local/lib/python3.7/site-packages/airflow/example_dags/example_latest_only_with_trigger.py for tasks to queue
[2023-07-31T20:01:00.682+0000] {logging_mixin.py:150} INFO - [2023-07-31T20:01:00.681+0000] {dagbag.py:541} INFO - Filling up the DagBag from /home/airflow/.local/lib/python3.7/site-packages/airflow/example_dags/example_latest_only_with_trigger.py
[2023-07-31T20:01:00.812+0000] {processor.py:836} INFO - DAG(s) dict_keys(['latest_only_with_trigger']) retrieved from /home/airflow/.local/lib/python3.7/site-packages/airflow/example_dags/example_latest_only_with_trigger.py
[2023-07-31T20:01:00.838+0000] {logging_mixin.py:150} INFO - [2023-07-31T20:01:00.838+0000] {dag.py:2742} INFO - Sync 1 DAGs
[2023-07-31T20:01:00.862+0000] {logging_mixin.py:150} INFO - [2023-07-31T20:01:00.861+0000] {dag.py:3508} INFO - Setting next_dagrun for latest_only_with_trigger to 2023-07-31T16:01:00.861560+00:00, run_after=2023-07-31T20:01:00.861560+00:00
[2023-07-31T20:01:00.884+0000] {processor.py:179} INFO - Processing /home/airflow/.local/lib/python3.7/site-packages/airflow/example_dags/example_latest_only_with_trigger.py took 0.211 seconds
[2023-07-31T20:01:31.260+0000] {processor.py:157} INFO - Started process (PID=131) to work on /home/airflow/.local/lib/python3.7/site-packages/airflow/example_dags/example_latest_only_with_trigger.py
[2023-07-31T20:01:31.262+0000] {processor.py:826} INFO - Processing file /home/airflow/.local/lib/python3.7/site-packages/airflow/example_dags/example_latest_only_with_trigger.py for tasks to queue
[2023-07-31T20:01:31.262+0000] {logging_mixin.py:150} INFO - [2023-07-31T20:01:31.262+0000] {dagbag.py:541} INFO - Filling up the DagBag from /home/airflow/.local/lib/python3.7/site-packages/airflow/example_dags/example_latest_only_with_trigger.py
[2023-07-31T20:01:31.268+0000] {processor.py:836} INFO - DAG(s) dict_keys(['latest_only_with_trigger']) retrieved from /home/airflow/.local/lib/python3.7/site-packages/airflow/example_dags/example_latest_only_with_trigger.py
[2023-07-31T20:01:31.292+0000] {logging_mixin.py:150} INFO - [2023-07-31T20:01:31.292+0000] {dag.py:2742} INFO - Sync 1 DAGs
[2023-07-31T20:01:31.316+0000] {logging_mixin.py:150} INFO - [2023-07-31T20:01:31.316+0000] {dag.py:3508} INFO - Setting next_dagrun for latest_only_with_trigger to 2023-07-31T16:01:31.316261+00:00, run_after=2023-07-31T20:01:31.316261+00:00
[2023-07-31T20:01:31.339+0000] {processor.py:179} INFO - Processing /home/airflow/.local/lib/python3.7/site-packages/airflow/example_dags/example_latest_only_with_trigger.py took 0.081 seconds
[2023-07-31T20:02:01.732+0000] {processor.py:157} INFO - Started process (PID=193) to work on /home/airflow/.local/lib/python3.7/site-packages/airflow/example_dags/example_latest_only_with_trigger.py
[2023-07-31T20:02:01.733+0000] {processor.py:826} INFO - Processing file /home/airflow/.local/lib/python3.7/site-packages/airflow/example_dags/example_latest_only_with_trigger.py for tasks to queue
[2023-07-31T20:02:01.734+0000] {logging_mixin.py:150} INFO - [2023-07-31T20:02:01.734+0000] {dagbag.py:541} INFO - Filling up the DagBag from /home/airflow/.local/lib/python3.7/site-packages/airflow/example_dags/example_latest_only_with_trigger.py
[2023-07-31T20:02:01.741+0000] {processor.py:836} INFO - DAG(s) dict_keys(['latest_only_with_trigger']) retrieved from /home/airflow/.local/lib/python3.7/site-packages/airflow/example_dags/example_latest_only_with_trigger.py
[2023-07-31T20:02:01.762+0000] {logging_mixin.py:150} INFO - [2023-07-31T20:02:01.762+0000] {dag.py:2742} INFO - Sync 1 DAGs
[2023-07-31T20:02:01.787+0000] {logging_mixin.py:150} INFO - [2023-07-31T20:02:01.787+0000] {dag.py:3508} INFO - Setting next_dagrun for latest_only_with_trigger to 2023-07-31T16:02:01.787515+00:00, run_after=2023-07-31T20:02:01.787515+00:00
[2023-07-31T20:02:01.807+0000] {processor.py:179} INFO - Processing /home/airflow/.local/lib/python3.7/site-packages/airflow/example_dags/example_latest_only_with_trigger.py took 0.077 seconds
