[2023-07-31T19:50:03.246+0000] {processor.py:157} INFO - Started process (PID=53) to work on /home/airflow/.local/lib/python3.7/site-packages/airflow/example_dags/example_branch_day_of_week_operator.py
[2023-07-31T19:50:03.247+0000] {processor.py:826} INFO - Processing file /home/airflow/.local/lib/python3.7/site-packages/airflow/example_dags/example_branch_day_of_week_operator.py for tasks to queue
[2023-07-31T19:50:03.248+0000] {logging_mixin.py:150} INFO - [2023-07-31T19:50:03.248+0000] {dagbag.py:541} INFO - Filling up the DagBag from /home/airflow/.local/lib/python3.7/site-packages/airflow/example_dags/example_branch_day_of_week_operator.py
[2023-07-31T19:50:03.264+0000] {processor.py:836} INFO - DAG(s) dict_keys(['example_weekday_branch_operator']) retrieved from /home/airflow/.local/lib/python3.7/site-packages/airflow/example_dags/example_branch_day_of_week_operator.py
[2023-07-31T19:50:03.534+0000] {logging_mixin.py:150} INFO - [2023-07-31T19:50:03.533+0000] {manager.py:504} INFO - Created Permission View: can delete on DAG:example_weekday_branch_operator
[2023-07-31T19:50:03.583+0000] {logging_mixin.py:150} INFO - [2023-07-31T19:50:03.583+0000] {manager.py:504} INFO - Created Permission View: can edit on DAG:example_weekday_branch_operator
[2023-07-31T19:50:03.608+0000] {logging_mixin.py:150} INFO - [2023-07-31T19:50:03.607+0000] {manager.py:504} INFO - Created Permission View: can read on DAG:example_weekday_branch_operator
[2023-07-31T19:50:03.657+0000] {logging_mixin.py:150} INFO - [2023-07-31T19:50:03.656+0000] {dag.py:2742} INFO - Sync 1 DAGs
[2023-07-31T19:50:03.696+0000] {logging_mixin.py:150} INFO - [2023-07-31T19:50:03.696+0000] {dag.py:2763} INFO - Creating ORM DAG for example_weekday_branch_operator
[2023-07-31T19:50:03.748+0000] {logging_mixin.py:150} INFO - [2023-07-31T19:50:03.748+0000] {dag.py:3508} INFO - Setting next_dagrun for example_weekday_branch_operator to 2023-07-30T00:00:00+00:00, run_after=2023-07-31T00:00:00+00:00
[2023-07-31T19:50:03.823+0000] {processor.py:179} INFO - Processing /home/airflow/.local/lib/python3.7/site-packages/airflow/example_dags/example_branch_day_of_week_operator.py took 0.581 seconds
[2023-07-31T19:50:34.239+0000] {processor.py:157} INFO - Started process (PID=114) to work on /home/airflow/.local/lib/python3.7/site-packages/airflow/example_dags/example_branch_day_of_week_operator.py
[2023-07-31T19:50:34.241+0000] {processor.py:826} INFO - Processing file /home/airflow/.local/lib/python3.7/site-packages/airflow/example_dags/example_branch_day_of_week_operator.py for tasks to queue
[2023-07-31T19:50:34.242+0000] {logging_mixin.py:150} INFO - [2023-07-31T19:50:34.241+0000] {dagbag.py:541} INFO - Filling up the DagBag from /home/airflow/.local/lib/python3.7/site-packages/airflow/example_dags/example_branch_day_of_week_operator.py
[2023-07-31T19:50:34.262+0000] {processor.py:836} INFO - DAG(s) dict_keys(['example_weekday_branch_operator']) retrieved from /home/airflow/.local/lib/python3.7/site-packages/airflow/example_dags/example_branch_day_of_week_operator.py
[2023-07-31T19:50:34.325+0000] {logging_mixin.py:150} INFO - [2023-07-31T19:50:34.325+0000] {dag.py:2742} INFO - Sync 1 DAGs
[2023-07-31T19:50:34.456+0000] {logging_mixin.py:150} INFO - [2023-07-31T19:50:34.455+0000] {dag.py:3508} INFO - Setting next_dagrun for example_weekday_branch_operator to 2023-07-30T00:00:00+00:00, run_after=2023-07-31T00:00:00+00:00
[2023-07-31T19:50:34.508+0000] {processor.py:179} INFO - Processing /home/airflow/.local/lib/python3.7/site-packages/airflow/example_dags/example_branch_day_of_week_operator.py took 0.278 seconds
[2023-07-31T19:51:04.722+0000] {processor.py:157} INFO - Started process (PID=175) to work on /home/airflow/.local/lib/python3.7/site-packages/airflow/example_dags/example_branch_day_of_week_operator.py
[2023-07-31T19:51:04.724+0000] {processor.py:826} INFO - Processing file /home/airflow/.local/lib/python3.7/site-packages/airflow/example_dags/example_branch_day_of_week_operator.py for tasks to queue
[2023-07-31T19:51:04.726+0000] {logging_mixin.py:150} INFO - [2023-07-31T19:51:04.726+0000] {dagbag.py:541} INFO - Filling up the DagBag from /home/airflow/.local/lib/python3.7/site-packages/airflow/example_dags/example_branch_day_of_week_operator.py
[2023-07-31T19:51:04.746+0000] {processor.py:836} INFO - DAG(s) dict_keys(['example_weekday_branch_operator']) retrieved from /home/airflow/.local/lib/python3.7/site-packages/airflow/example_dags/example_branch_day_of_week_operator.py
[2023-07-31T19:51:04.813+0000] {logging_mixin.py:150} INFO - [2023-07-31T19:51:04.812+0000] {dag.py:2742} INFO - Sync 1 DAGs
[2023-07-31T19:51:04.879+0000] {logging_mixin.py:150} INFO - [2023-07-31T19:51:04.879+0000] {dag.py:3508} INFO - Setting next_dagrun for example_weekday_branch_operator to 2023-07-30T00:00:00+00:00, run_after=2023-07-31T00:00:00+00:00
[2023-07-31T19:51:04.929+0000] {processor.py:179} INFO - Processing /home/airflow/.local/lib/python3.7/site-packages/airflow/example_dags/example_branch_day_of_week_operator.py took 0.215 seconds
[2023-07-31T19:51:35.650+0000] {processor.py:157} INFO - Started process (PID=235) to work on /home/airflow/.local/lib/python3.7/site-packages/airflow/example_dags/example_branch_day_of_week_operator.py
[2023-07-31T19:51:35.651+0000] {processor.py:826} INFO - Processing file /home/airflow/.local/lib/python3.7/site-packages/airflow/example_dags/example_branch_day_of_week_operator.py for tasks to queue
[2023-07-31T19:51:35.652+0000] {logging_mixin.py:150} INFO - [2023-07-31T19:51:35.652+0000] {dagbag.py:541} INFO - Filling up the DagBag from /home/airflow/.local/lib/python3.7/site-packages/airflow/example_dags/example_branch_day_of_week_operator.py
[2023-07-31T19:51:35.667+0000] {processor.py:836} INFO - DAG(s) dict_keys(['example_weekday_branch_operator']) retrieved from /home/airflow/.local/lib/python3.7/site-packages/airflow/example_dags/example_branch_day_of_week_operator.py
[2023-07-31T19:51:35.716+0000] {logging_mixin.py:150} INFO - [2023-07-31T19:51:35.715+0000] {dag.py:2742} INFO - Sync 1 DAGs
[2023-07-31T19:51:35.774+0000] {logging_mixin.py:150} INFO - [2023-07-31T19:51:35.773+0000] {dag.py:3508} INFO - Setting next_dagrun for example_weekday_branch_operator to 2023-07-30T00:00:00+00:00, run_after=2023-07-31T00:00:00+00:00
[2023-07-31T19:51:35.815+0000] {processor.py:179} INFO - Processing /home/airflow/.local/lib/python3.7/site-packages/airflow/example_dags/example_branch_day_of_week_operator.py took 0.172 seconds
[2023-07-31T19:52:06.583+0000] {processor.py:157} INFO - Started process (PID=296) to work on /home/airflow/.local/lib/python3.7/site-packages/airflow/example_dags/example_branch_day_of_week_operator.py
[2023-07-31T19:52:06.584+0000] {processor.py:826} INFO - Processing file /home/airflow/.local/lib/python3.7/site-packages/airflow/example_dags/example_branch_day_of_week_operator.py for tasks to queue
[2023-07-31T19:52:06.585+0000] {logging_mixin.py:150} INFO - [2023-07-31T19:52:06.585+0000] {dagbag.py:541} INFO - Filling up the DagBag from /home/airflow/.local/lib/python3.7/site-packages/airflow/example_dags/example_branch_day_of_week_operator.py
[2023-07-31T19:52:06.595+0000] {processor.py:836} INFO - DAG(s) dict_keys(['example_weekday_branch_operator']) retrieved from /home/airflow/.local/lib/python3.7/site-packages/airflow/example_dags/example_branch_day_of_week_operator.py
[2023-07-31T19:52:06.621+0000] {logging_mixin.py:150} INFO - [2023-07-31T19:52:06.620+0000] {dag.py:2742} INFO - Sync 1 DAGs
[2023-07-31T19:52:06.649+0000] {logging_mixin.py:150} INFO - [2023-07-31T19:52:06.649+0000] {dag.py:3508} INFO - Setting next_dagrun for example_weekday_branch_operator to 2023-07-30T00:00:00+00:00, run_after=2023-07-31T00:00:00+00:00
[2023-07-31T19:52:06.671+0000] {processor.py:179} INFO - Processing /home/airflow/.local/lib/python3.7/site-packages/airflow/example_dags/example_branch_day_of_week_operator.py took 0.092 seconds
[2023-07-31T19:52:37.064+0000] {processor.py:157} INFO - Started process (PID=357) to work on /home/airflow/.local/lib/python3.7/site-packages/airflow/example_dags/example_branch_day_of_week_operator.py
[2023-07-31T19:52:37.065+0000] {processor.py:826} INFO - Processing file /home/airflow/.local/lib/python3.7/site-packages/airflow/example_dags/example_branch_day_of_week_operator.py for tasks to queue
[2023-07-31T19:52:37.066+0000] {logging_mixin.py:150} INFO - [2023-07-31T19:52:37.066+0000] {dagbag.py:541} INFO - Filling up the DagBag from /home/airflow/.local/lib/python3.7/site-packages/airflow/example_dags/example_branch_day_of_week_operator.py
[2023-07-31T19:52:37.081+0000] {processor.py:836} INFO - DAG(s) dict_keys(['example_weekday_branch_operator']) retrieved from /home/airflow/.local/lib/python3.7/site-packages/airflow/example_dags/example_branch_day_of_week_operator.py
[2023-07-31T19:52:37.113+0000] {logging_mixin.py:150} INFO - [2023-07-31T19:52:37.113+0000] {dag.py:2742} INFO - Sync 1 DAGs
[2023-07-31T19:52:37.150+0000] {logging_mixin.py:150} INFO - [2023-07-31T19:52:37.150+0000] {dag.py:3508} INFO - Setting next_dagrun for example_weekday_branch_operator to 2023-07-30T00:00:00+00:00, run_after=2023-07-31T00:00:00+00:00
[2023-07-31T19:52:37.182+0000] {processor.py:179} INFO - Processing /home/airflow/.local/lib/python3.7/site-packages/airflow/example_dags/example_branch_day_of_week_operator.py took 0.124 seconds
[2023-07-31T19:53:07.475+0000] {processor.py:157} INFO - Started process (PID=418) to work on /home/airflow/.local/lib/python3.7/site-packages/airflow/example_dags/example_branch_day_of_week_operator.py
[2023-07-31T19:53:07.476+0000] {processor.py:826} INFO - Processing file /home/airflow/.local/lib/python3.7/site-packages/airflow/example_dags/example_branch_day_of_week_operator.py for tasks to queue
[2023-07-31T19:53:07.478+0000] {logging_mixin.py:150} INFO - [2023-07-31T19:53:07.477+0000] {dagbag.py:541} INFO - Filling up the DagBag from /home/airflow/.local/lib/python3.7/site-packages/airflow/example_dags/example_branch_day_of_week_operator.py
[2023-07-31T19:53:07.493+0000] {processor.py:836} INFO - DAG(s) dict_keys(['example_weekday_branch_operator']) retrieved from /home/airflow/.local/lib/python3.7/site-packages/airflow/example_dags/example_branch_day_of_week_operator.py
[2023-07-31T19:53:07.551+0000] {logging_mixin.py:150} INFO - [2023-07-31T19:53:07.551+0000] {dag.py:2742} INFO - Sync 1 DAGs
[2023-07-31T19:53:07.625+0000] {logging_mixin.py:150} INFO - [2023-07-31T19:53:07.624+0000] {dag.py:3508} INFO - Setting next_dagrun for example_weekday_branch_operator to 2023-07-30T00:00:00+00:00, run_after=2023-07-31T00:00:00+00:00
[2023-07-31T19:53:07.682+0000] {processor.py:179} INFO - Processing /home/airflow/.local/lib/python3.7/site-packages/airflow/example_dags/example_branch_day_of_week_operator.py took 0.216 seconds
[2023-07-31T19:53:37.877+0000] {processor.py:157} INFO - Started process (PID=479) to work on /home/airflow/.local/lib/python3.7/site-packages/airflow/example_dags/example_branch_day_of_week_operator.py
[2023-07-31T19:53:37.878+0000] {processor.py:826} INFO - Processing file /home/airflow/.local/lib/python3.7/site-packages/airflow/example_dags/example_branch_day_of_week_operator.py for tasks to queue
[2023-07-31T19:53:37.879+0000] {logging_mixin.py:150} INFO - [2023-07-31T19:53:37.878+0000] {dagbag.py:541} INFO - Filling up the DagBag from /home/airflow/.local/lib/python3.7/site-packages/airflow/example_dags/example_branch_day_of_week_operator.py
[2023-07-31T19:53:37.887+0000] {processor.py:836} INFO - DAG(s) dict_keys(['example_weekday_branch_operator']) retrieved from /home/airflow/.local/lib/python3.7/site-packages/airflow/example_dags/example_branch_day_of_week_operator.py
[2023-07-31T19:53:37.924+0000] {logging_mixin.py:150} INFO - [2023-07-31T19:53:37.922+0000] {dag.py:2742} INFO - Sync 1 DAGs
[2023-07-31T19:53:37.966+0000] {logging_mixin.py:150} INFO - [2023-07-31T19:53:37.966+0000] {dag.py:3508} INFO - Setting next_dagrun for example_weekday_branch_operator to 2023-07-30T00:00:00+00:00, run_after=2023-07-31T00:00:00+00:00
[2023-07-31T19:53:37.996+0000] {processor.py:179} INFO - Processing /home/airflow/.local/lib/python3.7/site-packages/airflow/example_dags/example_branch_day_of_week_operator.py took 0.124 seconds
[2023-07-31T19:54:08.272+0000] {processor.py:157} INFO - Started process (PID=540) to work on /home/airflow/.local/lib/python3.7/site-packages/airflow/example_dags/example_branch_day_of_week_operator.py
[2023-07-31T19:54:08.272+0000] {processor.py:826} INFO - Processing file /home/airflow/.local/lib/python3.7/site-packages/airflow/example_dags/example_branch_day_of_week_operator.py for tasks to queue
[2023-07-31T19:54:08.273+0000] {logging_mixin.py:150} INFO - [2023-07-31T19:54:08.273+0000] {dagbag.py:541} INFO - Filling up the DagBag from /home/airflow/.local/lib/python3.7/site-packages/airflow/example_dags/example_branch_day_of_week_operator.py
[2023-07-31T19:54:08.283+0000] {processor.py:836} INFO - DAG(s) dict_keys(['example_weekday_branch_operator']) retrieved from /home/airflow/.local/lib/python3.7/site-packages/airflow/example_dags/example_branch_day_of_week_operator.py
[2023-07-31T19:54:08.317+0000] {logging_mixin.py:150} INFO - [2023-07-31T19:54:08.317+0000] {dag.py:2742} INFO - Sync 1 DAGs
[2023-07-31T19:54:08.358+0000] {logging_mixin.py:150} INFO - [2023-07-31T19:54:08.357+0000] {dag.py:3508} INFO - Setting next_dagrun for example_weekday_branch_operator to 2023-07-30T00:00:00+00:00, run_after=2023-07-31T00:00:00+00:00
[2023-07-31T19:54:08.384+0000] {processor.py:179} INFO - Processing /home/airflow/.local/lib/python3.7/site-packages/airflow/example_dags/example_branch_day_of_week_operator.py took 0.121 seconds
[2023-07-31T19:54:38.536+0000] {processor.py:157} INFO - Started process (PID=601) to work on /home/airflow/.local/lib/python3.7/site-packages/airflow/example_dags/example_branch_day_of_week_operator.py
[2023-07-31T19:54:38.537+0000] {processor.py:826} INFO - Processing file /home/airflow/.local/lib/python3.7/site-packages/airflow/example_dags/example_branch_day_of_week_operator.py for tasks to queue
[2023-07-31T19:54:38.538+0000] {logging_mixin.py:150} INFO - [2023-07-31T19:54:38.538+0000] {dagbag.py:541} INFO - Filling up the DagBag from /home/airflow/.local/lib/python3.7/site-packages/airflow/example_dags/example_branch_day_of_week_operator.py
[2023-07-31T19:54:38.548+0000] {processor.py:836} INFO - DAG(s) dict_keys(['example_weekday_branch_operator']) retrieved from /home/airflow/.local/lib/python3.7/site-packages/airflow/example_dags/example_branch_day_of_week_operator.py
[2023-07-31T19:54:38.574+0000] {logging_mixin.py:150} INFO - [2023-07-31T19:54:38.574+0000] {dag.py:2742} INFO - Sync 1 DAGs
[2023-07-31T19:54:38.615+0000] {logging_mixin.py:150} INFO - [2023-07-31T19:54:38.615+0000] {dag.py:3508} INFO - Setting next_dagrun for example_weekday_branch_operator to 2023-07-30T00:00:00+00:00, run_after=2023-07-31T00:00:00+00:00
[2023-07-31T19:54:38.640+0000] {processor.py:179} INFO - Processing /home/airflow/.local/lib/python3.7/site-packages/airflow/example_dags/example_branch_day_of_week_operator.py took 0.108 seconds
[2023-07-31T19:55:08.745+0000] {processor.py:157} INFO - Started process (PID=662) to work on /home/airflow/.local/lib/python3.7/site-packages/airflow/example_dags/example_branch_day_of_week_operator.py
[2023-07-31T19:55:08.746+0000] {processor.py:826} INFO - Processing file /home/airflow/.local/lib/python3.7/site-packages/airflow/example_dags/example_branch_day_of_week_operator.py for tasks to queue
[2023-07-31T19:55:08.746+0000] {logging_mixin.py:150} INFO - [2023-07-31T19:55:08.746+0000] {dagbag.py:541} INFO - Filling up the DagBag from /home/airflow/.local/lib/python3.7/site-packages/airflow/example_dags/example_branch_day_of_week_operator.py
[2023-07-31T19:55:08.759+0000] {processor.py:836} INFO - DAG(s) dict_keys(['example_weekday_branch_operator']) retrieved from /home/airflow/.local/lib/python3.7/site-packages/airflow/example_dags/example_branch_day_of_week_operator.py
[2023-07-31T19:55:08.791+0000] {logging_mixin.py:150} INFO - [2023-07-31T19:55:08.790+0000] {dag.py:2742} INFO - Sync 1 DAGs
[2023-07-31T19:55:08.830+0000] {logging_mixin.py:150} INFO - [2023-07-31T19:55:08.829+0000] {dag.py:3508} INFO - Setting next_dagrun for example_weekday_branch_operator to 2023-07-30T00:00:00+00:00, run_after=2023-07-31T00:00:00+00:00
[2023-07-31T19:55:08.864+0000] {processor.py:179} INFO - Processing /home/airflow/.local/lib/python3.7/site-packages/airflow/example_dags/example_branch_day_of_week_operator.py took 0.123 seconds
[2023-07-31T19:55:39.299+0000] {processor.py:157} INFO - Started process (PID=723) to work on /home/airflow/.local/lib/python3.7/site-packages/airflow/example_dags/example_branch_day_of_week_operator.py
[2023-07-31T19:55:39.300+0000] {processor.py:826} INFO - Processing file /home/airflow/.local/lib/python3.7/site-packages/airflow/example_dags/example_branch_day_of_week_operator.py for tasks to queue
[2023-07-31T19:55:39.301+0000] {logging_mixin.py:150} INFO - [2023-07-31T19:55:39.301+0000] {dagbag.py:541} INFO - Filling up the DagBag from /home/airflow/.local/lib/python3.7/site-packages/airflow/example_dags/example_branch_day_of_week_operator.py
[2023-07-31T19:55:39.311+0000] {processor.py:836} INFO - DAG(s) dict_keys(['example_weekday_branch_operator']) retrieved from /home/airflow/.local/lib/python3.7/site-packages/airflow/example_dags/example_branch_day_of_week_operator.py
[2023-07-31T19:55:39.340+0000] {logging_mixin.py:150} INFO - [2023-07-31T19:55:39.340+0000] {dag.py:2742} INFO - Sync 1 DAGs
[2023-07-31T19:55:39.374+0000] {logging_mixin.py:150} INFO - [2023-07-31T19:55:39.374+0000] {dag.py:3508} INFO - Setting next_dagrun for example_weekday_branch_operator to 2023-07-30T00:00:00+00:00, run_after=2023-07-31T00:00:00+00:00
[2023-07-31T19:55:39.399+0000] {processor.py:179} INFO - Processing /home/airflow/.local/lib/python3.7/site-packages/airflow/example_dags/example_branch_day_of_week_operator.py took 0.106 seconds
[2023-07-31T19:56:09.644+0000] {processor.py:157} INFO - Started process (PID=784) to work on /home/airflow/.local/lib/python3.7/site-packages/airflow/example_dags/example_branch_day_of_week_operator.py
[2023-07-31T19:56:09.645+0000] {processor.py:826} INFO - Processing file /home/airflow/.local/lib/python3.7/site-packages/airflow/example_dags/example_branch_day_of_week_operator.py for tasks to queue
[2023-07-31T19:56:09.646+0000] {logging_mixin.py:150} INFO - [2023-07-31T19:56:09.645+0000] {dagbag.py:541} INFO - Filling up the DagBag from /home/airflow/.local/lib/python3.7/site-packages/airflow/example_dags/example_branch_day_of_week_operator.py
[2023-07-31T19:56:09.654+0000] {processor.py:836} INFO - DAG(s) dict_keys(['example_weekday_branch_operator']) retrieved from /home/airflow/.local/lib/python3.7/site-packages/airflow/example_dags/example_branch_day_of_week_operator.py
[2023-07-31T19:56:09.679+0000] {logging_mixin.py:150} INFO - [2023-07-31T19:56:09.679+0000] {dag.py:2742} INFO - Sync 1 DAGs
[2023-07-31T19:56:09.712+0000] {logging_mixin.py:150} INFO - [2023-07-31T19:56:09.712+0000] {dag.py:3508} INFO - Setting next_dagrun for example_weekday_branch_operator to 2023-07-30T00:00:00+00:00, run_after=2023-07-31T00:00:00+00:00
[2023-07-31T19:56:09.732+0000] {processor.py:179} INFO - Processing /home/airflow/.local/lib/python3.7/site-packages/airflow/example_dags/example_branch_day_of_week_operator.py took 0.091 seconds
[2023-07-31T19:56:40.050+0000] {processor.py:157} INFO - Started process (PID=845) to work on /home/airflow/.local/lib/python3.7/site-packages/airflow/example_dags/example_branch_day_of_week_operator.py
[2023-07-31T19:56:40.051+0000] {processor.py:826} INFO - Processing file /home/airflow/.local/lib/python3.7/site-packages/airflow/example_dags/example_branch_day_of_week_operator.py for tasks to queue
[2023-07-31T19:56:40.052+0000] {logging_mixin.py:150} INFO - [2023-07-31T19:56:40.052+0000] {dagbag.py:541} INFO - Filling up the DagBag from /home/airflow/.local/lib/python3.7/site-packages/airflow/example_dags/example_branch_day_of_week_operator.py
[2023-07-31T19:56:40.061+0000] {processor.py:836} INFO - DAG(s) dict_keys(['example_weekday_branch_operator']) retrieved from /home/airflow/.local/lib/python3.7/site-packages/airflow/example_dags/example_branch_day_of_week_operator.py
[2023-07-31T19:56:40.090+0000] {logging_mixin.py:150} INFO - [2023-07-31T19:56:40.089+0000] {dag.py:2742} INFO - Sync 1 DAGs
[2023-07-31T19:56:40.136+0000] {logging_mixin.py:150} INFO - [2023-07-31T19:56:40.135+0000] {dag.py:3508} INFO - Setting next_dagrun for example_weekday_branch_operator to 2023-07-30T00:00:00+00:00, run_after=2023-07-31T00:00:00+00:00
[2023-07-31T19:56:40.156+0000] {processor.py:179} INFO - Processing /home/airflow/.local/lib/python3.7/site-packages/airflow/example_dags/example_branch_day_of_week_operator.py took 0.111 seconds
[2023-07-31T19:57:10.496+0000] {processor.py:157} INFO - Started process (PID=906) to work on /home/airflow/.local/lib/python3.7/site-packages/airflow/example_dags/example_branch_day_of_week_operator.py
[2023-07-31T19:57:10.496+0000] {processor.py:826} INFO - Processing file /home/airflow/.local/lib/python3.7/site-packages/airflow/example_dags/example_branch_day_of_week_operator.py for tasks to queue
[2023-07-31T19:57:10.497+0000] {logging_mixin.py:150} INFO - [2023-07-31T19:57:10.497+0000] {dagbag.py:541} INFO - Filling up the DagBag from /home/airflow/.local/lib/python3.7/site-packages/airflow/example_dags/example_branch_day_of_week_operator.py
[2023-07-31T19:57:10.505+0000] {processor.py:836} INFO - DAG(s) dict_keys(['example_weekday_branch_operator']) retrieved from /home/airflow/.local/lib/python3.7/site-packages/airflow/example_dags/example_branch_day_of_week_operator.py
[2023-07-31T19:57:10.531+0000] {logging_mixin.py:150} INFO - [2023-07-31T19:57:10.531+0000] {dag.py:2742} INFO - Sync 1 DAGs
[2023-07-31T19:57:10.561+0000] {logging_mixin.py:150} INFO - [2023-07-31T19:57:10.561+0000] {dag.py:3508} INFO - Setting next_dagrun for example_weekday_branch_operator to 2023-07-30T00:00:00+00:00, run_after=2023-07-31T00:00:00+00:00
[2023-07-31T19:57:10.581+0000] {processor.py:179} INFO - Processing /home/airflow/.local/lib/python3.7/site-packages/airflow/example_dags/example_branch_day_of_week_operator.py took 0.088 seconds
[2023-07-31T19:57:41.380+0000] {processor.py:157} INFO - Started process (PID=967) to work on /home/airflow/.local/lib/python3.7/site-packages/airflow/example_dags/example_branch_day_of_week_operator.py
[2023-07-31T19:57:41.382+0000] {processor.py:826} INFO - Processing file /home/airflow/.local/lib/python3.7/site-packages/airflow/example_dags/example_branch_day_of_week_operator.py for tasks to queue
[2023-07-31T19:57:41.383+0000] {logging_mixin.py:150} INFO - [2023-07-31T19:57:41.382+0000] {dagbag.py:541} INFO - Filling up the DagBag from /home/airflow/.local/lib/python3.7/site-packages/airflow/example_dags/example_branch_day_of_week_operator.py
[2023-07-31T19:57:41.394+0000] {processor.py:836} INFO - DAG(s) dict_keys(['example_weekday_branch_operator']) retrieved from /home/airflow/.local/lib/python3.7/site-packages/airflow/example_dags/example_branch_day_of_week_operator.py
[2023-07-31T19:57:41.434+0000] {logging_mixin.py:150} INFO - [2023-07-31T19:57:41.434+0000] {dag.py:2742} INFO - Sync 1 DAGs
[2023-07-31T19:57:41.482+0000] {logging_mixin.py:150} INFO - [2023-07-31T19:57:41.482+0000] {dag.py:3508} INFO - Setting next_dagrun for example_weekday_branch_operator to 2023-07-30T00:00:00+00:00, run_after=2023-07-31T00:00:00+00:00
[2023-07-31T19:57:41.512+0000] {processor.py:179} INFO - Processing /home/airflow/.local/lib/python3.7/site-packages/airflow/example_dags/example_branch_day_of_week_operator.py took 0.139 seconds
[2023-07-31T19:58:12.444+0000] {processor.py:157} INFO - Started process (PID=1028) to work on /home/airflow/.local/lib/python3.7/site-packages/airflow/example_dags/example_branch_day_of_week_operator.py
[2023-07-31T19:58:12.444+0000] {processor.py:826} INFO - Processing file /home/airflow/.local/lib/python3.7/site-packages/airflow/example_dags/example_branch_day_of_week_operator.py for tasks to queue
[2023-07-31T19:58:12.445+0000] {logging_mixin.py:150} INFO - [2023-07-31T19:58:12.445+0000] {dagbag.py:541} INFO - Filling up the DagBag from /home/airflow/.local/lib/python3.7/site-packages/airflow/example_dags/example_branch_day_of_week_operator.py
[2023-07-31T19:58:12.454+0000] {processor.py:836} INFO - DAG(s) dict_keys(['example_weekday_branch_operator']) retrieved from /home/airflow/.local/lib/python3.7/site-packages/airflow/example_dags/example_branch_day_of_week_operator.py
[2023-07-31T19:58:12.480+0000] {logging_mixin.py:150} INFO - [2023-07-31T19:58:12.480+0000] {dag.py:2742} INFO - Sync 1 DAGs
[2023-07-31T19:58:12.510+0000] {logging_mixin.py:150} INFO - [2023-07-31T19:58:12.510+0000] {dag.py:3508} INFO - Setting next_dagrun for example_weekday_branch_operator to 2023-07-30T00:00:00+00:00, run_after=2023-07-31T00:00:00+00:00
[2023-07-31T19:58:12.532+0000] {processor.py:179} INFO - Processing /home/airflow/.local/lib/python3.7/site-packages/airflow/example_dags/example_branch_day_of_week_operator.py took 0.092 seconds
[2023-07-31T19:58:43.166+0000] {processor.py:157} INFO - Started process (PID=1089) to work on /home/airflow/.local/lib/python3.7/site-packages/airflow/example_dags/example_branch_day_of_week_operator.py
[2023-07-31T19:58:43.168+0000] {processor.py:826} INFO - Processing file /home/airflow/.local/lib/python3.7/site-packages/airflow/example_dags/example_branch_day_of_week_operator.py for tasks to queue
[2023-07-31T19:58:43.169+0000] {logging_mixin.py:150} INFO - [2023-07-31T19:58:43.169+0000] {dagbag.py:541} INFO - Filling up the DagBag from /home/airflow/.local/lib/python3.7/site-packages/airflow/example_dags/example_branch_day_of_week_operator.py
[2023-07-31T19:58:43.187+0000] {processor.py:836} INFO - DAG(s) dict_keys(['example_weekday_branch_operator']) retrieved from /home/airflow/.local/lib/python3.7/site-packages/airflow/example_dags/example_branch_day_of_week_operator.py
[2023-07-31T19:58:43.232+0000] {logging_mixin.py:150} INFO - [2023-07-31T19:58:43.232+0000] {dag.py:2742} INFO - Sync 1 DAGs
[2023-07-31T19:58:43.288+0000] {logging_mixin.py:150} INFO - [2023-07-31T19:58:43.288+0000] {dag.py:3508} INFO - Setting next_dagrun for example_weekday_branch_operator to 2023-07-30T00:00:00+00:00, run_after=2023-07-31T00:00:00+00:00
[2023-07-31T19:58:43.323+0000] {processor.py:179} INFO - Processing /home/airflow/.local/lib/python3.7/site-packages/airflow/example_dags/example_branch_day_of_week_operator.py took 0.166 seconds
[2023-07-31T20:00:58.074+0000] {processor.py:157} INFO - Started process (PID=54) to work on /home/airflow/.local/lib/python3.7/site-packages/airflow/example_dags/example_branch_day_of_week_operator.py
[2023-07-31T20:00:58.075+0000] {processor.py:826} INFO - Processing file /home/airflow/.local/lib/python3.7/site-packages/airflow/example_dags/example_branch_day_of_week_operator.py for tasks to queue
[2023-07-31T20:00:58.076+0000] {logging_mixin.py:150} INFO - [2023-07-31T20:00:58.076+0000] {dagbag.py:541} INFO - Filling up the DagBag from /home/airflow/.local/lib/python3.7/site-packages/airflow/example_dags/example_branch_day_of_week_operator.py
[2023-07-31T20:00:58.093+0000] {processor.py:836} INFO - DAG(s) dict_keys(['example_weekday_branch_operator']) retrieved from /home/airflow/.local/lib/python3.7/site-packages/airflow/example_dags/example_branch_day_of_week_operator.py
[2023-07-31T20:00:58.257+0000] {logging_mixin.py:150} INFO - [2023-07-31T20:00:58.257+0000] {dag.py:2742} INFO - Sync 1 DAGs
[2023-07-31T20:00:58.293+0000] {logging_mixin.py:150} INFO - [2023-07-31T20:00:58.293+0000] {dag.py:3508} INFO - Setting next_dagrun for example_weekday_branch_operator to 2023-07-30T00:00:00+00:00, run_after=2023-07-31T00:00:00+00:00
[2023-07-31T20:00:58.317+0000] {processor.py:179} INFO - Processing /home/airflow/.local/lib/python3.7/site-packages/airflow/example_dags/example_branch_day_of_week_operator.py took 0.247 seconds
[2023-07-31T20:01:28.408+0000] {processor.py:157} INFO - Started process (PID=116) to work on /home/airflow/.local/lib/python3.7/site-packages/airflow/example_dags/example_branch_day_of_week_operator.py
[2023-07-31T20:01:28.409+0000] {processor.py:826} INFO - Processing file /home/airflow/.local/lib/python3.7/site-packages/airflow/example_dags/example_branch_day_of_week_operator.py for tasks to queue
[2023-07-31T20:01:28.410+0000] {logging_mixin.py:150} INFO - [2023-07-31T20:01:28.410+0000] {dagbag.py:541} INFO - Filling up the DagBag from /home/airflow/.local/lib/python3.7/site-packages/airflow/example_dags/example_branch_day_of_week_operator.py
[2023-07-31T20:01:28.416+0000] {processor.py:836} INFO - DAG(s) dict_keys(['example_weekday_branch_operator']) retrieved from /home/airflow/.local/lib/python3.7/site-packages/airflow/example_dags/example_branch_day_of_week_operator.py
[2023-07-31T20:01:28.441+0000] {logging_mixin.py:150} INFO - [2023-07-31T20:01:28.441+0000] {dag.py:2742} INFO - Sync 1 DAGs
[2023-07-31T20:01:28.468+0000] {logging_mixin.py:150} INFO - [2023-07-31T20:01:28.468+0000] {dag.py:3508} INFO - Setting next_dagrun for example_weekday_branch_operator to 2023-07-30T00:00:00+00:00, run_after=2023-07-31T00:00:00+00:00
[2023-07-31T20:01:28.489+0000] {processor.py:179} INFO - Processing /home/airflow/.local/lib/python3.7/site-packages/airflow/example_dags/example_branch_day_of_week_operator.py took 0.083 seconds
[2023-07-31T20:01:58.743+0000] {processor.py:157} INFO - Started process (PID=178) to work on /home/airflow/.local/lib/python3.7/site-packages/airflow/example_dags/example_branch_day_of_week_operator.py
[2023-07-31T20:01:58.744+0000] {processor.py:826} INFO - Processing file /home/airflow/.local/lib/python3.7/site-packages/airflow/example_dags/example_branch_day_of_week_operator.py for tasks to queue
[2023-07-31T20:01:58.745+0000] {logging_mixin.py:150} INFO - [2023-07-31T20:01:58.745+0000] {dagbag.py:541} INFO - Filling up the DagBag from /home/airflow/.local/lib/python3.7/site-packages/airflow/example_dags/example_branch_day_of_week_operator.py
[2023-07-31T20:01:58.752+0000] {processor.py:836} INFO - DAG(s) dict_keys(['example_weekday_branch_operator']) retrieved from /home/airflow/.local/lib/python3.7/site-packages/airflow/example_dags/example_branch_day_of_week_operator.py
[2023-07-31T20:01:58.773+0000] {logging_mixin.py:150} INFO - [2023-07-31T20:01:58.773+0000] {dag.py:2742} INFO - Sync 1 DAGs
[2023-07-31T20:01:58.800+0000] {logging_mixin.py:150} INFO - [2023-07-31T20:01:58.799+0000] {dag.py:3508} INFO - Setting next_dagrun for example_weekday_branch_operator to 2023-07-30T00:00:00+00:00, run_after=2023-07-31T00:00:00+00:00
[2023-07-31T20:01:58.819+0000] {processor.py:179} INFO - Processing /home/airflow/.local/lib/python3.7/site-packages/airflow/example_dags/example_branch_day_of_week_operator.py took 0.079 seconds
