[2023-07-31T19:49:55.786+0000] {processor.py:157} INFO - Started process (PID=37) to work on /home/airflow/.local/lib/python3.7/site-packages/airflow/example_dags/example_branch_labels.py
[2023-07-31T19:49:55.787+0000] {processor.py:826} INFO - Processing file /home/airflow/.local/lib/python3.7/site-packages/airflow/example_dags/example_branch_labels.py for tasks to queue
[2023-07-31T19:49:55.789+0000] {logging_mixin.py:150} INFO - [2023-07-31T19:49:55.788+0000] {dagbag.py:541} INFO - Filling up the DagBag from /home/airflow/.local/lib/python3.7/site-packages/airflow/example_dags/example_branch_labels.py
[2023-07-31T19:49:55.832+0000] {processor.py:836} INFO - DAG(s) dict_keys(['example_branch_labels']) retrieved from /home/airflow/.local/lib/python3.7/site-packages/airflow/example_dags/example_branch_labels.py
[2023-07-31T19:49:56.191+0000] {logging_mixin.py:150} INFO - [2023-07-31T19:49:56.190+0000] {manager.py:504} INFO - Created Permission View: can delete on DAG:example_branch_labels
[2023-07-31T19:49:56.613+0000] {logging_mixin.py:150} INFO - [2023-07-31T19:49:56.613+0000] {manager.py:504} INFO - Created Permission View: can edit on DAG:example_branch_labels
[2023-07-31T19:49:57.297+0000] {logging_mixin.py:150} INFO - [2023-07-31T19:49:57.296+0000] {manager.py:504} INFO - Created Permission View: can read on DAG:example_branch_labels
[2023-07-31T19:49:57.385+0000] {logging_mixin.py:150} INFO - [2023-07-31T19:49:57.384+0000] {dag.py:2742} INFO - Sync 1 DAGs
[2023-07-31T19:49:57.426+0000] {logging_mixin.py:150} INFO - [2023-07-31T19:49:57.425+0000] {dag.py:2763} INFO - Creating ORM DAG for example_branch_labels
[2023-07-31T19:49:57.472+0000] {logging_mixin.py:150} INFO - [2023-07-31T19:49:57.471+0000] {dag.py:3508} INFO - Setting next_dagrun for example_branch_labels to 2023-07-30T00:00:00+00:00, run_after=2023-07-31T00:00:00+00:00
[2023-07-31T19:49:57.561+0000] {processor.py:179} INFO - Processing /home/airflow/.local/lib/python3.7/site-packages/airflow/example_dags/example_branch_labels.py took 1.786 seconds
[2023-07-31T19:50:28.364+0000] {processor.py:157} INFO - Started process (PID=97) to work on /home/airflow/.local/lib/python3.7/site-packages/airflow/example_dags/example_branch_labels.py
[2023-07-31T19:50:28.365+0000] {processor.py:826} INFO - Processing file /home/airflow/.local/lib/python3.7/site-packages/airflow/example_dags/example_branch_labels.py for tasks to queue
[2023-07-31T19:50:28.366+0000] {logging_mixin.py:150} INFO - [2023-07-31T19:50:28.366+0000] {dagbag.py:541} INFO - Filling up the DagBag from /home/airflow/.local/lib/python3.7/site-packages/airflow/example_dags/example_branch_labels.py
[2023-07-31T19:50:28.382+0000] {processor.py:836} INFO - DAG(s) dict_keys(['example_branch_labels']) retrieved from /home/airflow/.local/lib/python3.7/site-packages/airflow/example_dags/example_branch_labels.py
[2023-07-31T19:50:28.429+0000] {logging_mixin.py:150} INFO - [2023-07-31T19:50:28.429+0000] {dag.py:2742} INFO - Sync 1 DAGs
[2023-07-31T19:50:28.483+0000] {logging_mixin.py:150} INFO - [2023-07-31T19:50:28.483+0000] {dag.py:3508} INFO - Setting next_dagrun for example_branch_labels to 2023-07-30T00:00:00+00:00, run_after=2023-07-31T00:00:00+00:00
[2023-07-31T19:50:28.527+0000] {processor.py:179} INFO - Processing /home/airflow/.local/lib/python3.7/site-packages/airflow/example_dags/example_branch_labels.py took 0.167 seconds
[2023-07-31T19:50:58.768+0000] {processor.py:157} INFO - Started process (PID=158) to work on /home/airflow/.local/lib/python3.7/site-packages/airflow/example_dags/example_branch_labels.py
[2023-07-31T19:50:58.772+0000] {processor.py:826} INFO - Processing file /home/airflow/.local/lib/python3.7/site-packages/airflow/example_dags/example_branch_labels.py for tasks to queue
[2023-07-31T19:50:58.773+0000] {logging_mixin.py:150} INFO - [2023-07-31T19:50:58.773+0000] {dagbag.py:541} INFO - Filling up the DagBag from /home/airflow/.local/lib/python3.7/site-packages/airflow/example_dags/example_branch_labels.py
[2023-07-31T19:50:58.780+0000] {processor.py:836} INFO - DAG(s) dict_keys(['example_branch_labels']) retrieved from /home/airflow/.local/lib/python3.7/site-packages/airflow/example_dags/example_branch_labels.py
[2023-07-31T19:50:58.804+0000] {logging_mixin.py:150} INFO - [2023-07-31T19:50:58.803+0000] {dag.py:2742} INFO - Sync 1 DAGs
[2023-07-31T19:50:58.833+0000] {logging_mixin.py:150} INFO - [2023-07-31T19:50:58.833+0000] {dag.py:3508} INFO - Setting next_dagrun for example_branch_labels to 2023-07-30T00:00:00+00:00, run_after=2023-07-31T00:00:00+00:00
[2023-07-31T19:50:58.854+0000] {processor.py:179} INFO - Processing /home/airflow/.local/lib/python3.7/site-packages/airflow/example_dags/example_branch_labels.py took 0.088 seconds
[2023-07-31T19:51:29.298+0000] {processor.py:157} INFO - Started process (PID=218) to work on /home/airflow/.local/lib/python3.7/site-packages/airflow/example_dags/example_branch_labels.py
[2023-07-31T19:51:29.299+0000] {processor.py:826} INFO - Processing file /home/airflow/.local/lib/python3.7/site-packages/airflow/example_dags/example_branch_labels.py for tasks to queue
[2023-07-31T19:51:29.300+0000] {logging_mixin.py:150} INFO - [2023-07-31T19:51:29.299+0000] {dagbag.py:541} INFO - Filling up the DagBag from /home/airflow/.local/lib/python3.7/site-packages/airflow/example_dags/example_branch_labels.py
[2023-07-31T19:51:29.310+0000] {processor.py:836} INFO - DAG(s) dict_keys(['example_branch_labels']) retrieved from /home/airflow/.local/lib/python3.7/site-packages/airflow/example_dags/example_branch_labels.py
[2023-07-31T19:51:29.343+0000] {logging_mixin.py:150} INFO - [2023-07-31T19:51:29.342+0000] {dag.py:2742} INFO - Sync 1 DAGs
[2023-07-31T19:51:29.382+0000] {logging_mixin.py:150} INFO - [2023-07-31T19:51:29.382+0000] {dag.py:3508} INFO - Setting next_dagrun for example_branch_labels to 2023-07-30T00:00:00+00:00, run_after=2023-07-31T00:00:00+00:00
[2023-07-31T19:51:29.416+0000] {processor.py:179} INFO - Processing /home/airflow/.local/lib/python3.7/site-packages/airflow/example_dags/example_branch_labels.py took 0.121 seconds
[2023-07-31T19:51:59.570+0000] {processor.py:157} INFO - Started process (PID=279) to work on /home/airflow/.local/lib/python3.7/site-packages/airflow/example_dags/example_branch_labels.py
[2023-07-31T19:51:59.571+0000] {processor.py:826} INFO - Processing file /home/airflow/.local/lib/python3.7/site-packages/airflow/example_dags/example_branch_labels.py for tasks to queue
[2023-07-31T19:51:59.572+0000] {logging_mixin.py:150} INFO - [2023-07-31T19:51:59.572+0000] {dagbag.py:541} INFO - Filling up the DagBag from /home/airflow/.local/lib/python3.7/site-packages/airflow/example_dags/example_branch_labels.py
[2023-07-31T19:51:59.581+0000] {processor.py:836} INFO - DAG(s) dict_keys(['example_branch_labels']) retrieved from /home/airflow/.local/lib/python3.7/site-packages/airflow/example_dags/example_branch_labels.py
[2023-07-31T19:51:59.609+0000] {logging_mixin.py:150} INFO - [2023-07-31T19:51:59.609+0000] {dag.py:2742} INFO - Sync 1 DAGs
[2023-07-31T19:51:59.636+0000] {logging_mixin.py:150} INFO - [2023-07-31T19:51:59.636+0000] {dag.py:3508} INFO - Setting next_dagrun for example_branch_labels to 2023-07-30T00:00:00+00:00, run_after=2023-07-31T00:00:00+00:00
[2023-07-31T19:51:59.660+0000] {processor.py:179} INFO - Processing /home/airflow/.local/lib/python3.7/site-packages/airflow/example_dags/example_branch_labels.py took 0.093 seconds
[2023-07-31T19:52:29.881+0000] {processor.py:157} INFO - Started process (PID=340) to work on /home/airflow/.local/lib/python3.7/site-packages/airflow/example_dags/example_branch_labels.py
[2023-07-31T19:52:29.882+0000] {processor.py:826} INFO - Processing file /home/airflow/.local/lib/python3.7/site-packages/airflow/example_dags/example_branch_labels.py for tasks to queue
[2023-07-31T19:52:29.884+0000] {logging_mixin.py:150} INFO - [2023-07-31T19:52:29.883+0000] {dagbag.py:541} INFO - Filling up the DagBag from /home/airflow/.local/lib/python3.7/site-packages/airflow/example_dags/example_branch_labels.py
[2023-07-31T19:52:29.893+0000] {processor.py:836} INFO - DAG(s) dict_keys(['example_branch_labels']) retrieved from /home/airflow/.local/lib/python3.7/site-packages/airflow/example_dags/example_branch_labels.py
[2023-07-31T19:52:29.921+0000] {logging_mixin.py:150} INFO - [2023-07-31T19:52:29.921+0000] {dag.py:2742} INFO - Sync 1 DAGs
[2023-07-31T19:52:29.955+0000] {logging_mixin.py:150} INFO - [2023-07-31T19:52:29.954+0000] {dag.py:3508} INFO - Setting next_dagrun for example_branch_labels to 2023-07-30T00:00:00+00:00, run_after=2023-07-31T00:00:00+00:00
[2023-07-31T19:52:29.986+0000] {processor.py:179} INFO - Processing /home/airflow/.local/lib/python3.7/site-packages/airflow/example_dags/example_branch_labels.py took 0.109 seconds
[2023-07-31T19:53:00.502+0000] {processor.py:157} INFO - Started process (PID=401) to work on /home/airflow/.local/lib/python3.7/site-packages/airflow/example_dags/example_branch_labels.py
[2023-07-31T19:53:00.506+0000] {processor.py:826} INFO - Processing file /home/airflow/.local/lib/python3.7/site-packages/airflow/example_dags/example_branch_labels.py for tasks to queue
[2023-07-31T19:53:00.507+0000] {logging_mixin.py:150} INFO - [2023-07-31T19:53:00.507+0000] {dagbag.py:541} INFO - Filling up the DagBag from /home/airflow/.local/lib/python3.7/site-packages/airflow/example_dags/example_branch_labels.py
[2023-07-31T19:53:00.530+0000] {processor.py:836} INFO - DAG(s) dict_keys(['example_branch_labels']) retrieved from /home/airflow/.local/lib/python3.7/site-packages/airflow/example_dags/example_branch_labels.py
[2023-07-31T19:53:00.591+0000] {logging_mixin.py:150} INFO - [2023-07-31T19:53:00.590+0000] {dag.py:2742} INFO - Sync 1 DAGs
[2023-07-31T19:53:00.667+0000] {logging_mixin.py:150} INFO - [2023-07-31T19:53:00.667+0000] {dag.py:3508} INFO - Setting next_dagrun for example_branch_labels to 2023-07-30T00:00:00+00:00, run_after=2023-07-31T00:00:00+00:00
[2023-07-31T19:53:00.718+0000] {processor.py:179} INFO - Processing /home/airflow/.local/lib/python3.7/site-packages/airflow/example_dags/example_branch_labels.py took 0.221 seconds
[2023-07-31T19:53:31.443+0000] {processor.py:157} INFO - Started process (PID=462) to work on /home/airflow/.local/lib/python3.7/site-packages/airflow/example_dags/example_branch_labels.py
[2023-07-31T19:53:31.445+0000] {processor.py:826} INFO - Processing file /home/airflow/.local/lib/python3.7/site-packages/airflow/example_dags/example_branch_labels.py for tasks to queue
[2023-07-31T19:53:31.447+0000] {logging_mixin.py:150} INFO - [2023-07-31T19:53:31.447+0000] {dagbag.py:541} INFO - Filling up the DagBag from /home/airflow/.local/lib/python3.7/site-packages/airflow/example_dags/example_branch_labels.py
[2023-07-31T19:53:31.458+0000] {processor.py:836} INFO - DAG(s) dict_keys(['example_branch_labels']) retrieved from /home/airflow/.local/lib/python3.7/site-packages/airflow/example_dags/example_branch_labels.py
[2023-07-31T19:53:31.492+0000] {logging_mixin.py:150} INFO - [2023-07-31T19:53:31.492+0000] {dag.py:2742} INFO - Sync 1 DAGs
[2023-07-31T19:53:31.530+0000] {logging_mixin.py:150} INFO - [2023-07-31T19:53:31.529+0000] {dag.py:3508} INFO - Setting next_dagrun for example_branch_labels to 2023-07-30T00:00:00+00:00, run_after=2023-07-31T00:00:00+00:00
[2023-07-31T19:53:31.554+0000] {processor.py:179} INFO - Processing /home/airflow/.local/lib/python3.7/site-packages/airflow/example_dags/example_branch_labels.py took 0.114 seconds
[2023-07-31T19:54:02.049+0000] {processor.py:157} INFO - Started process (PID=523) to work on /home/airflow/.local/lib/python3.7/site-packages/airflow/example_dags/example_branch_labels.py
[2023-07-31T19:54:02.053+0000] {processor.py:826} INFO - Processing file /home/airflow/.local/lib/python3.7/site-packages/airflow/example_dags/example_branch_labels.py for tasks to queue
[2023-07-31T19:54:02.054+0000] {logging_mixin.py:150} INFO - [2023-07-31T19:54:02.054+0000] {dagbag.py:541} INFO - Filling up the DagBag from /home/airflow/.local/lib/python3.7/site-packages/airflow/example_dags/example_branch_labels.py
[2023-07-31T19:54:02.063+0000] {processor.py:836} INFO - DAG(s) dict_keys(['example_branch_labels']) retrieved from /home/airflow/.local/lib/python3.7/site-packages/airflow/example_dags/example_branch_labels.py
[2023-07-31T19:54:02.091+0000] {logging_mixin.py:150} INFO - [2023-07-31T19:54:02.090+0000] {dag.py:2742} INFO - Sync 1 DAGs
[2023-07-31T19:54:02.118+0000] {logging_mixin.py:150} INFO - [2023-07-31T19:54:02.117+0000] {dag.py:3508} INFO - Setting next_dagrun for example_branch_labels to 2023-07-30T00:00:00+00:00, run_after=2023-07-31T00:00:00+00:00
[2023-07-31T19:54:02.144+0000] {processor.py:179} INFO - Processing /home/airflow/.local/lib/python3.7/site-packages/airflow/example_dags/example_branch_labels.py took 0.097 seconds
[2023-07-31T19:54:32.334+0000] {processor.py:157} INFO - Started process (PID=584) to work on /home/airflow/.local/lib/python3.7/site-packages/airflow/example_dags/example_branch_labels.py
[2023-07-31T19:54:32.335+0000] {processor.py:826} INFO - Processing file /home/airflow/.local/lib/python3.7/site-packages/airflow/example_dags/example_branch_labels.py for tasks to queue
[2023-07-31T19:54:32.336+0000] {logging_mixin.py:150} INFO - [2023-07-31T19:54:32.336+0000] {dagbag.py:541} INFO - Filling up the DagBag from /home/airflow/.local/lib/python3.7/site-packages/airflow/example_dags/example_branch_labels.py
[2023-07-31T19:54:32.343+0000] {processor.py:836} INFO - DAG(s) dict_keys(['example_branch_labels']) retrieved from /home/airflow/.local/lib/python3.7/site-packages/airflow/example_dags/example_branch_labels.py
[2023-07-31T19:54:32.370+0000] {logging_mixin.py:150} INFO - [2023-07-31T19:54:32.370+0000] {dag.py:2742} INFO - Sync 1 DAGs
[2023-07-31T19:54:32.398+0000] {logging_mixin.py:150} INFO - [2023-07-31T19:54:32.397+0000] {dag.py:3508} INFO - Setting next_dagrun for example_branch_labels to 2023-07-30T00:00:00+00:00, run_after=2023-07-31T00:00:00+00:00
[2023-07-31T19:54:32.423+0000] {processor.py:179} INFO - Processing /home/airflow/.local/lib/python3.7/site-packages/airflow/example_dags/example_branch_labels.py took 0.092 seconds
[2023-07-31T19:55:02.571+0000] {processor.py:157} INFO - Started process (PID=645) to work on /home/airflow/.local/lib/python3.7/site-packages/airflow/example_dags/example_branch_labels.py
[2023-07-31T19:55:02.575+0000] {processor.py:826} INFO - Processing file /home/airflow/.local/lib/python3.7/site-packages/airflow/example_dags/example_branch_labels.py for tasks to queue
[2023-07-31T19:55:02.576+0000] {logging_mixin.py:150} INFO - [2023-07-31T19:55:02.576+0000] {dagbag.py:541} INFO - Filling up the DagBag from /home/airflow/.local/lib/python3.7/site-packages/airflow/example_dags/example_branch_labels.py
[2023-07-31T19:55:02.583+0000] {processor.py:836} INFO - DAG(s) dict_keys(['example_branch_labels']) retrieved from /home/airflow/.local/lib/python3.7/site-packages/airflow/example_dags/example_branch_labels.py
[2023-07-31T19:55:02.608+0000] {logging_mixin.py:150} INFO - [2023-07-31T19:55:02.607+0000] {dag.py:2742} INFO - Sync 1 DAGs
[2023-07-31T19:55:02.636+0000] {logging_mixin.py:150} INFO - [2023-07-31T19:55:02.636+0000] {dag.py:3508} INFO - Setting next_dagrun for example_branch_labels to 2023-07-30T00:00:00+00:00, run_after=2023-07-31T00:00:00+00:00
[2023-07-31T19:55:02.660+0000] {processor.py:179} INFO - Processing /home/airflow/.local/lib/python3.7/site-packages/airflow/example_dags/example_branch_labels.py took 0.091 seconds
[2023-07-31T19:55:33.022+0000] {processor.py:157} INFO - Started process (PID=706) to work on /home/airflow/.local/lib/python3.7/site-packages/airflow/example_dags/example_branch_labels.py
[2023-07-31T19:55:33.023+0000] {processor.py:826} INFO - Processing file /home/airflow/.local/lib/python3.7/site-packages/airflow/example_dags/example_branch_labels.py for tasks to queue
[2023-07-31T19:55:33.024+0000] {logging_mixin.py:150} INFO - [2023-07-31T19:55:33.024+0000] {dagbag.py:541} INFO - Filling up the DagBag from /home/airflow/.local/lib/python3.7/site-packages/airflow/example_dags/example_branch_labels.py
[2023-07-31T19:55:33.030+0000] {processor.py:836} INFO - DAG(s) dict_keys(['example_branch_labels']) retrieved from /home/airflow/.local/lib/python3.7/site-packages/airflow/example_dags/example_branch_labels.py
[2023-07-31T19:55:33.059+0000] {logging_mixin.py:150} INFO - [2023-07-31T19:55:33.059+0000] {dag.py:2742} INFO - Sync 1 DAGs
[2023-07-31T19:55:33.086+0000] {logging_mixin.py:150} INFO - [2023-07-31T19:55:33.086+0000] {dag.py:3508} INFO - Setting next_dagrun for example_branch_labels to 2023-07-30T00:00:00+00:00, run_after=2023-07-31T00:00:00+00:00
[2023-07-31T19:55:33.110+0000] {processor.py:179} INFO - Processing /home/airflow/.local/lib/python3.7/site-packages/airflow/example_dags/example_branch_labels.py took 0.090 seconds
[2023-07-31T19:56:03.452+0000] {processor.py:157} INFO - Started process (PID=767) to work on /home/airflow/.local/lib/python3.7/site-packages/airflow/example_dags/example_branch_labels.py
[2023-07-31T19:56:03.455+0000] {processor.py:826} INFO - Processing file /home/airflow/.local/lib/python3.7/site-packages/airflow/example_dags/example_branch_labels.py for tasks to queue
[2023-07-31T19:56:03.456+0000] {logging_mixin.py:150} INFO - [2023-07-31T19:56:03.456+0000] {dagbag.py:541} INFO - Filling up the DagBag from /home/airflow/.local/lib/python3.7/site-packages/airflow/example_dags/example_branch_labels.py
[2023-07-31T19:56:03.465+0000] {processor.py:836} INFO - DAG(s) dict_keys(['example_branch_labels']) retrieved from /home/airflow/.local/lib/python3.7/site-packages/airflow/example_dags/example_branch_labels.py
[2023-07-31T19:56:03.492+0000] {logging_mixin.py:150} INFO - [2023-07-31T19:56:03.491+0000] {dag.py:2742} INFO - Sync 1 DAGs
[2023-07-31T19:56:03.521+0000] {logging_mixin.py:150} INFO - [2023-07-31T19:56:03.521+0000] {dag.py:3508} INFO - Setting next_dagrun for example_branch_labels to 2023-07-30T00:00:00+00:00, run_after=2023-07-31T00:00:00+00:00
[2023-07-31T19:56:03.546+0000] {processor.py:179} INFO - Processing /home/airflow/.local/lib/python3.7/site-packages/airflow/example_dags/example_branch_labels.py took 0.097 seconds
[2023-07-31T19:56:33.844+0000] {processor.py:157} INFO - Started process (PID=828) to work on /home/airflow/.local/lib/python3.7/site-packages/airflow/example_dags/example_branch_labels.py
[2023-07-31T19:56:33.845+0000] {processor.py:826} INFO - Processing file /home/airflow/.local/lib/python3.7/site-packages/airflow/example_dags/example_branch_labels.py for tasks to queue
[2023-07-31T19:56:33.845+0000] {logging_mixin.py:150} INFO - [2023-07-31T19:56:33.845+0000] {dagbag.py:541} INFO - Filling up the DagBag from /home/airflow/.local/lib/python3.7/site-packages/airflow/example_dags/example_branch_labels.py
[2023-07-31T19:56:33.857+0000] {processor.py:836} INFO - DAG(s) dict_keys(['example_branch_labels']) retrieved from /home/airflow/.local/lib/python3.7/site-packages/airflow/example_dags/example_branch_labels.py
[2023-07-31T19:56:33.885+0000] {logging_mixin.py:150} INFO - [2023-07-31T19:56:33.885+0000] {dag.py:2742} INFO - Sync 1 DAGs
[2023-07-31T19:56:33.914+0000] {logging_mixin.py:150} INFO - [2023-07-31T19:56:33.913+0000] {dag.py:3508} INFO - Setting next_dagrun for example_branch_labels to 2023-07-30T00:00:00+00:00, run_after=2023-07-31T00:00:00+00:00
[2023-07-31T19:56:33.938+0000] {processor.py:179} INFO - Processing /home/airflow/.local/lib/python3.7/site-packages/airflow/example_dags/example_branch_labels.py took 0.097 seconds
[2023-07-31T19:57:04.270+0000] {processor.py:157} INFO - Started process (PID=889) to work on /home/airflow/.local/lib/python3.7/site-packages/airflow/example_dags/example_branch_labels.py
[2023-07-31T19:57:04.271+0000] {processor.py:826} INFO - Processing file /home/airflow/.local/lib/python3.7/site-packages/airflow/example_dags/example_branch_labels.py for tasks to queue
[2023-07-31T19:57:04.272+0000] {logging_mixin.py:150} INFO - [2023-07-31T19:57:04.271+0000] {dagbag.py:541} INFO - Filling up the DagBag from /home/airflow/.local/lib/python3.7/site-packages/airflow/example_dags/example_branch_labels.py
[2023-07-31T19:57:04.283+0000] {processor.py:836} INFO - DAG(s) dict_keys(['example_branch_labels']) retrieved from /home/airflow/.local/lib/python3.7/site-packages/airflow/example_dags/example_branch_labels.py
[2023-07-31T19:57:04.314+0000] {logging_mixin.py:150} INFO - [2023-07-31T19:57:04.314+0000] {dag.py:2742} INFO - Sync 1 DAGs
[2023-07-31T19:57:04.345+0000] {logging_mixin.py:150} INFO - [2023-07-31T19:57:04.345+0000] {dag.py:3508} INFO - Setting next_dagrun for example_branch_labels to 2023-07-30T00:00:00+00:00, run_after=2023-07-31T00:00:00+00:00
[2023-07-31T19:57:04.367+0000] {processor.py:179} INFO - Processing /home/airflow/.local/lib/python3.7/site-packages/airflow/example_dags/example_branch_labels.py took 0.099 seconds
[2023-07-31T19:57:34.485+0000] {processor.py:157} INFO - Started process (PID=950) to work on /home/airflow/.local/lib/python3.7/site-packages/airflow/example_dags/example_branch_labels.py
[2023-07-31T19:57:34.487+0000] {processor.py:826} INFO - Processing file /home/airflow/.local/lib/python3.7/site-packages/airflow/example_dags/example_branch_labels.py for tasks to queue
[2023-07-31T19:57:34.489+0000] {logging_mixin.py:150} INFO - [2023-07-31T19:57:34.488+0000] {dagbag.py:541} INFO - Filling up the DagBag from /home/airflow/.local/lib/python3.7/site-packages/airflow/example_dags/example_branch_labels.py
[2023-07-31T19:57:34.502+0000] {processor.py:836} INFO - DAG(s) dict_keys(['example_branch_labels']) retrieved from /home/airflow/.local/lib/python3.7/site-packages/airflow/example_dags/example_branch_labels.py
[2023-07-31T19:57:34.552+0000] {logging_mixin.py:150} INFO - [2023-07-31T19:57:34.552+0000] {dag.py:2742} INFO - Sync 1 DAGs
[2023-07-31T19:57:34.607+0000] {logging_mixin.py:150} INFO - [2023-07-31T19:57:34.607+0000] {dag.py:3508} INFO - Setting next_dagrun for example_branch_labels to 2023-07-30T00:00:00+00:00, run_after=2023-07-31T00:00:00+00:00
[2023-07-31T19:57:34.637+0000] {processor.py:179} INFO - Processing /home/airflow/.local/lib/python3.7/site-packages/airflow/example_dags/example_branch_labels.py took 0.158 seconds
[2023-07-31T19:58:05.181+0000] {processor.py:157} INFO - Started process (PID=1011) to work on /home/airflow/.local/lib/python3.7/site-packages/airflow/example_dags/example_branch_labels.py
[2023-07-31T19:58:05.182+0000] {processor.py:826} INFO - Processing file /home/airflow/.local/lib/python3.7/site-packages/airflow/example_dags/example_branch_labels.py for tasks to queue
[2023-07-31T19:58:05.183+0000] {logging_mixin.py:150} INFO - [2023-07-31T19:58:05.183+0000] {dagbag.py:541} INFO - Filling up the DagBag from /home/airflow/.local/lib/python3.7/site-packages/airflow/example_dags/example_branch_labels.py
[2023-07-31T19:58:05.193+0000] {processor.py:836} INFO - DAG(s) dict_keys(['example_branch_labels']) retrieved from /home/airflow/.local/lib/python3.7/site-packages/airflow/example_dags/example_branch_labels.py
[2023-07-31T19:58:05.220+0000] {logging_mixin.py:150} INFO - [2023-07-31T19:58:05.220+0000] {dag.py:2742} INFO - Sync 1 DAGs
[2023-07-31T19:58:05.252+0000] {logging_mixin.py:150} INFO - [2023-07-31T19:58:05.252+0000] {dag.py:3508} INFO - Setting next_dagrun for example_branch_labels to 2023-07-30T00:00:00+00:00, run_after=2023-07-31T00:00:00+00:00
[2023-07-31T19:58:05.280+0000] {processor.py:179} INFO - Processing /home/airflow/.local/lib/python3.7/site-packages/airflow/example_dags/example_branch_labels.py took 0.102 seconds
[2023-07-31T19:58:35.636+0000] {processor.py:157} INFO - Started process (PID=1072) to work on /home/airflow/.local/lib/python3.7/site-packages/airflow/example_dags/example_branch_labels.py
[2023-07-31T19:58:35.637+0000] {processor.py:826} INFO - Processing file /home/airflow/.local/lib/python3.7/site-packages/airflow/example_dags/example_branch_labels.py for tasks to queue
[2023-07-31T19:58:35.638+0000] {logging_mixin.py:150} INFO - [2023-07-31T19:58:35.637+0000] {dagbag.py:541} INFO - Filling up the DagBag from /home/airflow/.local/lib/python3.7/site-packages/airflow/example_dags/example_branch_labels.py
[2023-07-31T19:58:35.647+0000] {processor.py:836} INFO - DAG(s) dict_keys(['example_branch_labels']) retrieved from /home/airflow/.local/lib/python3.7/site-packages/airflow/example_dags/example_branch_labels.py
[2023-07-31T19:58:35.675+0000] {logging_mixin.py:150} INFO - [2023-07-31T19:58:35.675+0000] {dag.py:2742} INFO - Sync 1 DAGs
[2023-07-31T19:58:35.707+0000] {logging_mixin.py:150} INFO - [2023-07-31T19:58:35.707+0000] {dag.py:3508} INFO - Setting next_dagrun for example_branch_labels to 2023-07-30T00:00:00+00:00, run_after=2023-07-31T00:00:00+00:00
[2023-07-31T19:58:35.727+0000] {processor.py:179} INFO - Processing /home/airflow/.local/lib/python3.7/site-packages/airflow/example_dags/example_branch_labels.py took 0.094 seconds
[2023-07-31T20:00:46.027+0000] {processor.py:157} INFO - Started process (PID=38) to work on /home/airflow/.local/lib/python3.7/site-packages/airflow/example_dags/example_branch_labels.py
[2023-07-31T20:00:46.048+0000] {processor.py:826} INFO - Processing file /home/airflow/.local/lib/python3.7/site-packages/airflow/example_dags/example_branch_labels.py for tasks to queue
[2023-07-31T20:00:46.049+0000] {logging_mixin.py:150} INFO - [2023-07-31T20:00:46.048+0000] {dagbag.py:541} INFO - Filling up the DagBag from /home/airflow/.local/lib/python3.7/site-packages/airflow/example_dags/example_branch_labels.py
[2023-07-31T20:00:46.139+0000] {processor.py:836} INFO - DAG(s) dict_keys(['example_branch_labels']) retrieved from /home/airflow/.local/lib/python3.7/site-packages/airflow/example_dags/example_branch_labels.py
[2023-07-31T20:00:55.816+0000] {logging_mixin.py:150} INFO - [2023-07-31T20:00:55.815+0000] {dag.py:2742} INFO - Sync 1 DAGs
[2023-07-31T20:00:56.026+0000] {logging_mixin.py:150} INFO - [2023-07-31T20:00:56.025+0000] {dag.py:3508} INFO - Setting next_dagrun for example_branch_labels to 2023-07-30T00:00:00+00:00, run_after=2023-07-31T00:00:00+00:00
[2023-07-31T20:00:56.234+0000] {processor.py:179} INFO - Processing /home/airflow/.local/lib/python3.7/site-packages/airflow/example_dags/example_branch_labels.py took 10.212 seconds
[2023-07-31T20:01:26.953+0000] {processor.py:157} INFO - Started process (PID=100) to work on /home/airflow/.local/lib/python3.7/site-packages/airflow/example_dags/example_branch_labels.py
[2023-07-31T20:01:26.954+0000] {processor.py:826} INFO - Processing file /home/airflow/.local/lib/python3.7/site-packages/airflow/example_dags/example_branch_labels.py for tasks to queue
[2023-07-31T20:01:26.955+0000] {logging_mixin.py:150} INFO - [2023-07-31T20:01:26.954+0000] {dagbag.py:541} INFO - Filling up the DagBag from /home/airflow/.local/lib/python3.7/site-packages/airflow/example_dags/example_branch_labels.py
[2023-07-31T20:01:26.963+0000] {processor.py:836} INFO - DAG(s) dict_keys(['example_branch_labels']) retrieved from /home/airflow/.local/lib/python3.7/site-packages/airflow/example_dags/example_branch_labels.py
[2023-07-31T20:01:26.989+0000] {logging_mixin.py:150} INFO - [2023-07-31T20:01:26.989+0000] {dag.py:2742} INFO - Sync 1 DAGs
[2023-07-31T20:01:27.019+0000] {logging_mixin.py:150} INFO - [2023-07-31T20:01:27.019+0000] {dag.py:3508} INFO - Setting next_dagrun for example_branch_labels to 2023-07-30T00:00:00+00:00, run_after=2023-07-31T00:00:00+00:00
[2023-07-31T20:01:27.042+0000] {processor.py:179} INFO - Processing /home/airflow/.local/lib/python3.7/site-packages/airflow/example_dags/example_branch_labels.py took 0.092 seconds
[2023-07-31T20:01:57.650+0000] {processor.py:157} INFO - Started process (PID=162) to work on /home/airflow/.local/lib/python3.7/site-packages/airflow/example_dags/example_branch_labels.py
[2023-07-31T20:01:57.651+0000] {processor.py:826} INFO - Processing file /home/airflow/.local/lib/python3.7/site-packages/airflow/example_dags/example_branch_labels.py for tasks to queue
[2023-07-31T20:01:57.652+0000] {logging_mixin.py:150} INFO - [2023-07-31T20:01:57.652+0000] {dagbag.py:541} INFO - Filling up the DagBag from /home/airflow/.local/lib/python3.7/site-packages/airflow/example_dags/example_branch_labels.py
[2023-07-31T20:01:57.660+0000] {processor.py:836} INFO - DAG(s) dict_keys(['example_branch_labels']) retrieved from /home/airflow/.local/lib/python3.7/site-packages/airflow/example_dags/example_branch_labels.py
[2023-07-31T20:01:57.683+0000] {logging_mixin.py:150} INFO - [2023-07-31T20:01:57.683+0000] {dag.py:2742} INFO - Sync 1 DAGs
[2023-07-31T20:01:57.710+0000] {logging_mixin.py:150} INFO - [2023-07-31T20:01:57.709+0000] {dag.py:3508} INFO - Setting next_dagrun for example_branch_labels to 2023-07-30T00:00:00+00:00, run_after=2023-07-31T00:00:00+00:00
[2023-07-31T20:01:57.730+0000] {processor.py:179} INFO - Processing /home/airflow/.local/lib/python3.7/site-packages/airflow/example_dags/example_branch_labels.py took 0.082 seconds
