[2023-07-31T19:50:02.484+0000] {processor.py:157} INFO - Started process (PID=48) to work on /home/airflow/.local/lib/python3.7/site-packages/airflow/example_dags/example_sensor_decorator.py
[2023-07-31T19:50:02.485+0000] {processor.py:826} INFO - Processing file /home/airflow/.local/lib/python3.7/site-packages/airflow/example_dags/example_sensor_decorator.py for tasks to queue
[2023-07-31T19:50:02.486+0000] {logging_mixin.py:150} INFO - [2023-07-31T19:50:02.485+0000] {dagbag.py:541} INFO - Filling up the DagBag from /home/airflow/.local/lib/python3.7/site-packages/airflow/example_dags/example_sensor_decorator.py
[2023-07-31T19:50:02.497+0000] {processor.py:836} INFO - DAG(s) dict_keys(['example_sensor_decorator']) retrieved from /home/airflow/.local/lib/python3.7/site-packages/airflow/example_dags/example_sensor_decorator.py
[2023-07-31T19:50:02.681+0000] {logging_mixin.py:150} INFO - [2023-07-31T19:50:02.680+0000] {manager.py:504} INFO - Created Permission View: can delete on DAG:example_sensor_decorator
[2023-07-31T19:50:02.701+0000] {logging_mixin.py:150} INFO - [2023-07-31T19:50:02.700+0000] {manager.py:504} INFO - Created Permission View: can edit on DAG:example_sensor_decorator
[2023-07-31T19:50:02.714+0000] {logging_mixin.py:150} INFO - [2023-07-31T19:50:02.714+0000] {manager.py:504} INFO - Created Permission View: can read on DAG:example_sensor_decorator
[2023-07-31T19:50:02.737+0000] {logging_mixin.py:150} INFO - [2023-07-31T19:50:02.737+0000] {dag.py:2742} INFO - Sync 1 DAGs
[2023-07-31T19:50:02.757+0000] {logging_mixin.py:150} INFO - [2023-07-31T19:50:02.757+0000] {dag.py:2763} INFO - Creating ORM DAG for example_sensor_decorator
[2023-07-31T19:50:02.774+0000] {logging_mixin.py:150} INFO - [2023-07-31T19:50:02.774+0000] {dag.py:3508} INFO - Setting next_dagrun for example_sensor_decorator to None, run_after=None
[2023-07-31T19:50:02.799+0000] {processor.py:179} INFO - Processing /home/airflow/.local/lib/python3.7/site-packages/airflow/example_dags/example_sensor_decorator.py took 0.319 seconds
[2023-07-31T19:50:33.256+0000] {processor.py:157} INFO - Started process (PID=109) to work on /home/airflow/.local/lib/python3.7/site-packages/airflow/example_dags/example_sensor_decorator.py
[2023-07-31T19:50:33.260+0000] {processor.py:826} INFO - Processing file /home/airflow/.local/lib/python3.7/site-packages/airflow/example_dags/example_sensor_decorator.py for tasks to queue
[2023-07-31T19:50:33.262+0000] {logging_mixin.py:150} INFO - [2023-07-31T19:50:33.261+0000] {dagbag.py:541} INFO - Filling up the DagBag from /home/airflow/.local/lib/python3.7/site-packages/airflow/example_dags/example_sensor_decorator.py
[2023-07-31T19:50:33.278+0000] {processor.py:836} INFO - DAG(s) dict_keys(['example_sensor_decorator']) retrieved from /home/airflow/.local/lib/python3.7/site-packages/airflow/example_dags/example_sensor_decorator.py
[2023-07-31T19:50:33.373+0000] {logging_mixin.py:150} INFO - [2023-07-31T19:50:33.372+0000] {dag.py:2742} INFO - Sync 1 DAGs
[2023-07-31T19:50:33.483+0000] {logging_mixin.py:150} INFO - [2023-07-31T19:50:33.481+0000] {dag.py:3508} INFO - Setting next_dagrun for example_sensor_decorator to None, run_after=None
[2023-07-31T19:50:33.555+0000] {processor.py:179} INFO - Processing /home/airflow/.local/lib/python3.7/site-packages/airflow/example_dags/example_sensor_decorator.py took 0.309 seconds
[2023-07-31T19:51:04.175+0000] {processor.py:157} INFO - Started process (PID=170) to work on /home/airflow/.local/lib/python3.7/site-packages/airflow/example_dags/example_sensor_decorator.py
[2023-07-31T19:51:04.176+0000] {processor.py:826} INFO - Processing file /home/airflow/.local/lib/python3.7/site-packages/airflow/example_dags/example_sensor_decorator.py for tasks to queue
[2023-07-31T19:51:04.178+0000] {logging_mixin.py:150} INFO - [2023-07-31T19:51:04.177+0000] {dagbag.py:541} INFO - Filling up the DagBag from /home/airflow/.local/lib/python3.7/site-packages/airflow/example_dags/example_sensor_decorator.py
[2023-07-31T19:51:04.188+0000] {processor.py:836} INFO - DAG(s) dict_keys(['example_sensor_decorator']) retrieved from /home/airflow/.local/lib/python3.7/site-packages/airflow/example_dags/example_sensor_decorator.py
[2023-07-31T19:51:04.233+0000] {logging_mixin.py:150} INFO - [2023-07-31T19:51:04.232+0000] {dag.py:2742} INFO - Sync 1 DAGs
[2023-07-31T19:51:04.292+0000] {logging_mixin.py:150} INFO - [2023-07-31T19:51:04.290+0000] {dag.py:3508} INFO - Setting next_dagrun for example_sensor_decorator to None, run_after=None
[2023-07-31T19:51:04.343+0000] {processor.py:179} INFO - Processing /home/airflow/.local/lib/python3.7/site-packages/airflow/example_dags/example_sensor_decorator.py took 0.177 seconds
[2023-07-31T19:51:35.107+0000] {processor.py:157} INFO - Started process (PID=230) to work on /home/airflow/.local/lib/python3.7/site-packages/airflow/example_dags/example_sensor_decorator.py
[2023-07-31T19:51:35.108+0000] {processor.py:826} INFO - Processing file /home/airflow/.local/lib/python3.7/site-packages/airflow/example_dags/example_sensor_decorator.py for tasks to queue
[2023-07-31T19:51:35.109+0000] {logging_mixin.py:150} INFO - [2023-07-31T19:51:35.109+0000] {dagbag.py:541} INFO - Filling up the DagBag from /home/airflow/.local/lib/python3.7/site-packages/airflow/example_dags/example_sensor_decorator.py
[2023-07-31T19:51:35.120+0000] {processor.py:836} INFO - DAG(s) dict_keys(['example_sensor_decorator']) retrieved from /home/airflow/.local/lib/python3.7/site-packages/airflow/example_dags/example_sensor_decorator.py
[2023-07-31T19:51:35.162+0000] {logging_mixin.py:150} INFO - [2023-07-31T19:51:35.162+0000] {dag.py:2742} INFO - Sync 1 DAGs
[2023-07-31T19:51:35.209+0000] {logging_mixin.py:150} INFO - [2023-07-31T19:51:35.209+0000] {dag.py:3508} INFO - Setting next_dagrun for example_sensor_decorator to None, run_after=None
[2023-07-31T19:51:35.241+0000] {processor.py:179} INFO - Processing /home/airflow/.local/lib/python3.7/site-packages/airflow/example_dags/example_sensor_decorator.py took 0.138 seconds
[2023-07-31T19:52:05.307+0000] {processor.py:157} INFO - Started process (PID=290) to work on /home/airflow/.local/lib/python3.7/site-packages/airflow/example_dags/example_sensor_decorator.py
[2023-07-31T19:52:05.307+0000] {processor.py:826} INFO - Processing file /home/airflow/.local/lib/python3.7/site-packages/airflow/example_dags/example_sensor_decorator.py for tasks to queue
[2023-07-31T19:52:05.308+0000] {logging_mixin.py:150} INFO - [2023-07-31T19:52:05.308+0000] {dagbag.py:541} INFO - Filling up the DagBag from /home/airflow/.local/lib/python3.7/site-packages/airflow/example_dags/example_sensor_decorator.py
[2023-07-31T19:52:05.313+0000] {processor.py:836} INFO - DAG(s) dict_keys(['example_sensor_decorator']) retrieved from /home/airflow/.local/lib/python3.7/site-packages/airflow/example_dags/example_sensor_decorator.py
[2023-07-31T19:52:05.336+0000] {logging_mixin.py:150} INFO - [2023-07-31T19:52:05.335+0000] {dag.py:2742} INFO - Sync 1 DAGs
[2023-07-31T19:52:05.362+0000] {logging_mixin.py:150} INFO - [2023-07-31T19:52:05.362+0000] {dag.py:3508} INFO - Setting next_dagrun for example_sensor_decorator to None, run_after=None
[2023-07-31T19:52:05.389+0000] {processor.py:179} INFO - Processing /home/airflow/.local/lib/python3.7/site-packages/airflow/example_dags/example_sensor_decorator.py took 0.087 seconds
[2023-07-31T19:52:35.736+0000] {processor.py:157} INFO - Started process (PID=351) to work on /home/airflow/.local/lib/python3.7/site-packages/airflow/example_dags/example_sensor_decorator.py
[2023-07-31T19:52:35.739+0000] {processor.py:826} INFO - Processing file /home/airflow/.local/lib/python3.7/site-packages/airflow/example_dags/example_sensor_decorator.py for tasks to queue
[2023-07-31T19:52:35.740+0000] {logging_mixin.py:150} INFO - [2023-07-31T19:52:35.740+0000] {dagbag.py:541} INFO - Filling up the DagBag from /home/airflow/.local/lib/python3.7/site-packages/airflow/example_dags/example_sensor_decorator.py
[2023-07-31T19:52:35.746+0000] {processor.py:836} INFO - DAG(s) dict_keys(['example_sensor_decorator']) retrieved from /home/airflow/.local/lib/python3.7/site-packages/airflow/example_dags/example_sensor_decorator.py
[2023-07-31T19:52:35.769+0000] {logging_mixin.py:150} INFO - [2023-07-31T19:52:35.768+0000] {dag.py:2742} INFO - Sync 1 DAGs
[2023-07-31T19:52:35.793+0000] {logging_mixin.py:150} INFO - [2023-07-31T19:52:35.793+0000] {dag.py:3508} INFO - Setting next_dagrun for example_sensor_decorator to None, run_after=None
[2023-07-31T19:52:35.819+0000] {processor.py:179} INFO - Processing /home/airflow/.local/lib/python3.7/site-packages/airflow/example_dags/example_sensor_decorator.py took 0.088 seconds
[2023-07-31T19:53:05.885+0000] {processor.py:157} INFO - Started process (PID=412) to work on /home/airflow/.local/lib/python3.7/site-packages/airflow/example_dags/example_sensor_decorator.py
[2023-07-31T19:53:05.885+0000] {processor.py:826} INFO - Processing file /home/airflow/.local/lib/python3.7/site-packages/airflow/example_dags/example_sensor_decorator.py for tasks to queue
[2023-07-31T19:53:05.888+0000] {logging_mixin.py:150} INFO - [2023-07-31T19:53:05.887+0000] {dagbag.py:541} INFO - Filling up the DagBag from /home/airflow/.local/lib/python3.7/site-packages/airflow/example_dags/example_sensor_decorator.py
[2023-07-31T19:53:05.900+0000] {processor.py:836} INFO - DAG(s) dict_keys(['example_sensor_decorator']) retrieved from /home/airflow/.local/lib/python3.7/site-packages/airflow/example_dags/example_sensor_decorator.py
[2023-07-31T19:53:05.947+0000] {logging_mixin.py:150} INFO - [2023-07-31T19:53:05.947+0000] {dag.py:2742} INFO - Sync 1 DAGs
[2023-07-31T19:53:06.008+0000] {logging_mixin.py:150} INFO - [2023-07-31T19:53:06.007+0000] {dag.py:3508} INFO - Setting next_dagrun for example_sensor_decorator to None, run_after=None
[2023-07-31T19:53:06.047+0000] {processor.py:179} INFO - Processing /home/airflow/.local/lib/python3.7/site-packages/airflow/example_dags/example_sensor_decorator.py took 0.167 seconds
[2023-07-31T19:53:36.398+0000] {processor.py:157} INFO - Started process (PID=473) to work on /home/airflow/.local/lib/python3.7/site-packages/airflow/example_dags/example_sensor_decorator.py
[2023-07-31T19:53:36.400+0000] {processor.py:826} INFO - Processing file /home/airflow/.local/lib/python3.7/site-packages/airflow/example_dags/example_sensor_decorator.py for tasks to queue
[2023-07-31T19:53:36.400+0000] {logging_mixin.py:150} INFO - [2023-07-31T19:53:36.400+0000] {dagbag.py:541} INFO - Filling up the DagBag from /home/airflow/.local/lib/python3.7/site-packages/airflow/example_dags/example_sensor_decorator.py
[2023-07-31T19:53:36.412+0000] {processor.py:836} INFO - DAG(s) dict_keys(['example_sensor_decorator']) retrieved from /home/airflow/.local/lib/python3.7/site-packages/airflow/example_dags/example_sensor_decorator.py
[2023-07-31T19:53:36.443+0000] {logging_mixin.py:150} INFO - [2023-07-31T19:53:36.443+0000] {dag.py:2742} INFO - Sync 1 DAGs
[2023-07-31T19:53:36.483+0000] {logging_mixin.py:150} INFO - [2023-07-31T19:53:36.482+0000] {dag.py:3508} INFO - Setting next_dagrun for example_sensor_decorator to None, run_after=None
[2023-07-31T19:53:36.511+0000] {processor.py:179} INFO - Processing /home/airflow/.local/lib/python3.7/site-packages/airflow/example_dags/example_sensor_decorator.py took 0.117 seconds
[2023-07-31T19:54:06.857+0000] {processor.py:157} INFO - Started process (PID=534) to work on /home/airflow/.local/lib/python3.7/site-packages/airflow/example_dags/example_sensor_decorator.py
[2023-07-31T19:54:06.858+0000] {processor.py:826} INFO - Processing file /home/airflow/.local/lib/python3.7/site-packages/airflow/example_dags/example_sensor_decorator.py for tasks to queue
[2023-07-31T19:54:06.859+0000] {logging_mixin.py:150} INFO - [2023-07-31T19:54:06.859+0000] {dagbag.py:541} INFO - Filling up the DagBag from /home/airflow/.local/lib/python3.7/site-packages/airflow/example_dags/example_sensor_decorator.py
[2023-07-31T19:54:06.864+0000] {processor.py:836} INFO - DAG(s) dict_keys(['example_sensor_decorator']) retrieved from /home/airflow/.local/lib/python3.7/site-packages/airflow/example_dags/example_sensor_decorator.py
[2023-07-31T19:54:06.892+0000] {logging_mixin.py:150} INFO - [2023-07-31T19:54:06.892+0000] {dag.py:2742} INFO - Sync 1 DAGs
[2023-07-31T19:54:06.918+0000] {logging_mixin.py:150} INFO - [2023-07-31T19:54:06.918+0000] {dag.py:3508} INFO - Setting next_dagrun for example_sensor_decorator to None, run_after=None
[2023-07-31T19:54:06.943+0000] {processor.py:179} INFO - Processing /home/airflow/.local/lib/python3.7/site-packages/airflow/example_dags/example_sensor_decorator.py took 0.090 seconds
[2023-07-31T19:54:37.154+0000] {processor.py:157} INFO - Started process (PID=595) to work on /home/airflow/.local/lib/python3.7/site-packages/airflow/example_dags/example_sensor_decorator.py
[2023-07-31T19:54:37.155+0000] {processor.py:826} INFO - Processing file /home/airflow/.local/lib/python3.7/site-packages/airflow/example_dags/example_sensor_decorator.py for tasks to queue
[2023-07-31T19:54:37.156+0000] {logging_mixin.py:150} INFO - [2023-07-31T19:54:37.156+0000] {dagbag.py:541} INFO - Filling up the DagBag from /home/airflow/.local/lib/python3.7/site-packages/airflow/example_dags/example_sensor_decorator.py
[2023-07-31T19:54:37.161+0000] {processor.py:836} INFO - DAG(s) dict_keys(['example_sensor_decorator']) retrieved from /home/airflow/.local/lib/python3.7/site-packages/airflow/example_dags/example_sensor_decorator.py
[2023-07-31T19:54:37.191+0000] {logging_mixin.py:150} INFO - [2023-07-31T19:54:37.191+0000] {dag.py:2742} INFO - Sync 1 DAGs
[2023-07-31T19:54:37.219+0000] {logging_mixin.py:150} INFO - [2023-07-31T19:54:37.219+0000] {dag.py:3508} INFO - Setting next_dagrun for example_sensor_decorator to None, run_after=None
[2023-07-31T19:54:37.243+0000] {processor.py:179} INFO - Processing /home/airflow/.local/lib/python3.7/site-packages/airflow/example_dags/example_sensor_decorator.py took 0.092 seconds
[2023-07-31T19:55:07.368+0000] {processor.py:157} INFO - Started process (PID=656) to work on /home/airflow/.local/lib/python3.7/site-packages/airflow/example_dags/example_sensor_decorator.py
[2023-07-31T19:55:07.369+0000] {processor.py:826} INFO - Processing file /home/airflow/.local/lib/python3.7/site-packages/airflow/example_dags/example_sensor_decorator.py for tasks to queue
[2023-07-31T19:55:07.371+0000] {logging_mixin.py:150} INFO - [2023-07-31T19:55:07.370+0000] {dagbag.py:541} INFO - Filling up the DagBag from /home/airflow/.local/lib/python3.7/site-packages/airflow/example_dags/example_sensor_decorator.py
[2023-07-31T19:55:07.377+0000] {processor.py:836} INFO - DAG(s) dict_keys(['example_sensor_decorator']) retrieved from /home/airflow/.local/lib/python3.7/site-packages/airflow/example_dags/example_sensor_decorator.py
[2023-07-31T19:55:07.403+0000] {logging_mixin.py:150} INFO - [2023-07-31T19:55:07.402+0000] {dag.py:2742} INFO - Sync 1 DAGs
[2023-07-31T19:55:07.437+0000] {logging_mixin.py:150} INFO - [2023-07-31T19:55:07.437+0000] {dag.py:3508} INFO - Setting next_dagrun for example_sensor_decorator to None, run_after=None
[2023-07-31T19:55:07.463+0000] {processor.py:179} INFO - Processing /home/airflow/.local/lib/python3.7/site-packages/airflow/example_dags/example_sensor_decorator.py took 0.098 seconds
[2023-07-31T19:55:38.003+0000] {processor.py:157} INFO - Started process (PID=717) to work on /home/airflow/.local/lib/python3.7/site-packages/airflow/example_dags/example_sensor_decorator.py
[2023-07-31T19:55:38.004+0000] {processor.py:826} INFO - Processing file /home/airflow/.local/lib/python3.7/site-packages/airflow/example_dags/example_sensor_decorator.py for tasks to queue
[2023-07-31T19:55:38.005+0000] {logging_mixin.py:150} INFO - [2023-07-31T19:55:38.005+0000] {dagbag.py:541} INFO - Filling up the DagBag from /home/airflow/.local/lib/python3.7/site-packages/airflow/example_dags/example_sensor_decorator.py
[2023-07-31T19:55:38.010+0000] {processor.py:836} INFO - DAG(s) dict_keys(['example_sensor_decorator']) retrieved from /home/airflow/.local/lib/python3.7/site-packages/airflow/example_dags/example_sensor_decorator.py
[2023-07-31T19:55:38.036+0000] {logging_mixin.py:150} INFO - [2023-07-31T19:55:38.036+0000] {dag.py:2742} INFO - Sync 1 DAGs
[2023-07-31T19:55:38.063+0000] {logging_mixin.py:150} INFO - [2023-07-31T19:55:38.063+0000] {dag.py:3508} INFO - Setting next_dagrun for example_sensor_decorator to None, run_after=None
[2023-07-31T19:55:38.088+0000] {processor.py:179} INFO - Processing /home/airflow/.local/lib/python3.7/site-packages/airflow/example_dags/example_sensor_decorator.py took 0.088 seconds
[2023-07-31T19:56:08.395+0000] {processor.py:157} INFO - Started process (PID=778) to work on /home/airflow/.local/lib/python3.7/site-packages/airflow/example_dags/example_sensor_decorator.py
[2023-07-31T19:56:08.396+0000] {processor.py:826} INFO - Processing file /home/airflow/.local/lib/python3.7/site-packages/airflow/example_dags/example_sensor_decorator.py for tasks to queue
[2023-07-31T19:56:08.397+0000] {logging_mixin.py:150} INFO - [2023-07-31T19:56:08.396+0000] {dagbag.py:541} INFO - Filling up the DagBag from /home/airflow/.local/lib/python3.7/site-packages/airflow/example_dags/example_sensor_decorator.py
[2023-07-31T19:56:08.401+0000] {processor.py:836} INFO - DAG(s) dict_keys(['example_sensor_decorator']) retrieved from /home/airflow/.local/lib/python3.7/site-packages/airflow/example_dags/example_sensor_decorator.py
[2023-07-31T19:56:08.425+0000] {logging_mixin.py:150} INFO - [2023-07-31T19:56:08.425+0000] {dag.py:2742} INFO - Sync 1 DAGs
[2023-07-31T19:56:08.452+0000] {logging_mixin.py:150} INFO - [2023-07-31T19:56:08.452+0000] {dag.py:3508} INFO - Setting next_dagrun for example_sensor_decorator to None, run_after=None
[2023-07-31T19:56:08.479+0000] {processor.py:179} INFO - Processing /home/airflow/.local/lib/python3.7/site-packages/airflow/example_dags/example_sensor_decorator.py took 0.087 seconds
[2023-07-31T19:56:38.770+0000] {processor.py:157} INFO - Started process (PID=839) to work on /home/airflow/.local/lib/python3.7/site-packages/airflow/example_dags/example_sensor_decorator.py
[2023-07-31T19:56:38.772+0000] {processor.py:826} INFO - Processing file /home/airflow/.local/lib/python3.7/site-packages/airflow/example_dags/example_sensor_decorator.py for tasks to queue
[2023-07-31T19:56:38.772+0000] {logging_mixin.py:150} INFO - [2023-07-31T19:56:38.772+0000] {dagbag.py:541} INFO - Filling up the DagBag from /home/airflow/.local/lib/python3.7/site-packages/airflow/example_dags/example_sensor_decorator.py
[2023-07-31T19:56:38.777+0000] {processor.py:836} INFO - DAG(s) dict_keys(['example_sensor_decorator']) retrieved from /home/airflow/.local/lib/python3.7/site-packages/airflow/example_dags/example_sensor_decorator.py
[2023-07-31T19:56:38.801+0000] {logging_mixin.py:150} INFO - [2023-07-31T19:56:38.800+0000] {dag.py:2742} INFO - Sync 1 DAGs
[2023-07-31T19:56:38.825+0000] {logging_mixin.py:150} INFO - [2023-07-31T19:56:38.825+0000] {dag.py:3508} INFO - Setting next_dagrun for example_sensor_decorator to None, run_after=None
[2023-07-31T19:56:38.860+0000] {processor.py:179} INFO - Processing /home/airflow/.local/lib/python3.7/site-packages/airflow/example_dags/example_sensor_decorator.py took 0.093 seconds
[2023-07-31T19:57:09.235+0000] {processor.py:157} INFO - Started process (PID=900) to work on /home/airflow/.local/lib/python3.7/site-packages/airflow/example_dags/example_sensor_decorator.py
[2023-07-31T19:57:09.236+0000] {processor.py:826} INFO - Processing file /home/airflow/.local/lib/python3.7/site-packages/airflow/example_dags/example_sensor_decorator.py for tasks to queue
[2023-07-31T19:57:09.237+0000] {logging_mixin.py:150} INFO - [2023-07-31T19:57:09.236+0000] {dagbag.py:541} INFO - Filling up the DagBag from /home/airflow/.local/lib/python3.7/site-packages/airflow/example_dags/example_sensor_decorator.py
[2023-07-31T19:57:09.243+0000] {processor.py:836} INFO - DAG(s) dict_keys(['example_sensor_decorator']) retrieved from /home/airflow/.local/lib/python3.7/site-packages/airflow/example_dags/example_sensor_decorator.py
[2023-07-31T19:57:09.266+0000] {logging_mixin.py:150} INFO - [2023-07-31T19:57:09.266+0000] {dag.py:2742} INFO - Sync 1 DAGs
[2023-07-31T19:57:09.294+0000] {logging_mixin.py:150} INFO - [2023-07-31T19:57:09.294+0000] {dag.py:3508} INFO - Setting next_dagrun for example_sensor_decorator to None, run_after=None
[2023-07-31T19:57:09.315+0000] {processor.py:179} INFO - Processing /home/airflow/.local/lib/python3.7/site-packages/airflow/example_dags/example_sensor_decorator.py took 0.083 seconds
[2023-07-31T19:57:39.958+0000] {processor.py:157} INFO - Started process (PID=961) to work on /home/airflow/.local/lib/python3.7/site-packages/airflow/example_dags/example_sensor_decorator.py
[2023-07-31T19:57:39.959+0000] {processor.py:826} INFO - Processing file /home/airflow/.local/lib/python3.7/site-packages/airflow/example_dags/example_sensor_decorator.py for tasks to queue
[2023-07-31T19:57:39.960+0000] {logging_mixin.py:150} INFO - [2023-07-31T19:57:39.960+0000] {dagbag.py:541} INFO - Filling up the DagBag from /home/airflow/.local/lib/python3.7/site-packages/airflow/example_dags/example_sensor_decorator.py
[2023-07-31T19:57:39.970+0000] {processor.py:836} INFO - DAG(s) dict_keys(['example_sensor_decorator']) retrieved from /home/airflow/.local/lib/python3.7/site-packages/airflow/example_dags/example_sensor_decorator.py
[2023-07-31T19:57:40.003+0000] {logging_mixin.py:150} INFO - [2023-07-31T19:57:40.003+0000] {dag.py:2742} INFO - Sync 1 DAGs
[2023-07-31T19:57:40.039+0000] {logging_mixin.py:150} INFO - [2023-07-31T19:57:40.039+0000] {dag.py:3508} INFO - Setting next_dagrun for example_sensor_decorator to None, run_after=None
[2023-07-31T19:57:40.070+0000] {processor.py:179} INFO - Processing /home/airflow/.local/lib/python3.7/site-packages/airflow/example_dags/example_sensor_decorator.py took 0.116 seconds
[2023-07-31T19:58:10.855+0000] {processor.py:157} INFO - Started process (PID=1022) to work on /home/airflow/.local/lib/python3.7/site-packages/airflow/example_dags/example_sensor_decorator.py
[2023-07-31T19:58:10.856+0000] {processor.py:826} INFO - Processing file /home/airflow/.local/lib/python3.7/site-packages/airflow/example_dags/example_sensor_decorator.py for tasks to queue
[2023-07-31T19:58:10.856+0000] {logging_mixin.py:150} INFO - [2023-07-31T19:58:10.856+0000] {dagbag.py:541} INFO - Filling up the DagBag from /home/airflow/.local/lib/python3.7/site-packages/airflow/example_dags/example_sensor_decorator.py
[2023-07-31T19:58:10.861+0000] {processor.py:836} INFO - DAG(s) dict_keys(['example_sensor_decorator']) retrieved from /home/airflow/.local/lib/python3.7/site-packages/airflow/example_dags/example_sensor_decorator.py
[2023-07-31T19:58:10.887+0000] {logging_mixin.py:150} INFO - [2023-07-31T19:58:10.886+0000] {dag.py:2742} INFO - Sync 1 DAGs
[2023-07-31T19:58:10.914+0000] {logging_mixin.py:150} INFO - [2023-07-31T19:58:10.914+0000] {dag.py:3508} INFO - Setting next_dagrun for example_sensor_decorator to None, run_after=None
[2023-07-31T19:58:10.944+0000] {processor.py:179} INFO - Processing /home/airflow/.local/lib/python3.7/site-packages/airflow/example_dags/example_sensor_decorator.py took 0.094 seconds
[2023-07-31T19:58:41.384+0000] {processor.py:157} INFO - Started process (PID=1083) to work on /home/airflow/.local/lib/python3.7/site-packages/airflow/example_dags/example_sensor_decorator.py
[2023-07-31T19:58:41.386+0000] {processor.py:826} INFO - Processing file /home/airflow/.local/lib/python3.7/site-packages/airflow/example_dags/example_sensor_decorator.py for tasks to queue
[2023-07-31T19:58:41.388+0000] {logging_mixin.py:150} INFO - [2023-07-31T19:58:41.387+0000] {dagbag.py:541} INFO - Filling up the DagBag from /home/airflow/.local/lib/python3.7/site-packages/airflow/example_dags/example_sensor_decorator.py
[2023-07-31T19:58:41.398+0000] {processor.py:836} INFO - DAG(s) dict_keys(['example_sensor_decorator']) retrieved from /home/airflow/.local/lib/python3.7/site-packages/airflow/example_dags/example_sensor_decorator.py
[2023-07-31T19:58:41.449+0000] {logging_mixin.py:150} INFO - [2023-07-31T19:58:41.449+0000] {dag.py:2742} INFO - Sync 1 DAGs
[2023-07-31T19:58:41.506+0000] {logging_mixin.py:150} INFO - [2023-07-31T19:58:41.506+0000] {dag.py:3508} INFO - Setting next_dagrun for example_sensor_decorator to None, run_after=None
[2023-07-31T19:58:41.550+0000] {processor.py:179} INFO - Processing /home/airflow/.local/lib/python3.7/site-packages/airflow/example_dags/example_sensor_decorator.py took 0.172 seconds
[2023-07-31T20:00:57.555+0000] {processor.py:157} INFO - Started process (PID=49) to work on /home/airflow/.local/lib/python3.7/site-packages/airflow/example_dags/example_sensor_decorator.py
[2023-07-31T20:00:57.557+0000] {processor.py:826} INFO - Processing file /home/airflow/.local/lib/python3.7/site-packages/airflow/example_dags/example_sensor_decorator.py for tasks to queue
[2023-07-31T20:00:57.558+0000] {logging_mixin.py:150} INFO - [2023-07-31T20:00:57.557+0000] {dagbag.py:541} INFO - Filling up the DagBag from /home/airflow/.local/lib/python3.7/site-packages/airflow/example_dags/example_sensor_decorator.py
[2023-07-31T20:00:57.568+0000] {processor.py:836} INFO - DAG(s) dict_keys(['example_sensor_decorator']) retrieved from /home/airflow/.local/lib/python3.7/site-packages/airflow/example_dags/example_sensor_decorator.py
[2023-07-31T20:00:57.702+0000] {logging_mixin.py:150} INFO - [2023-07-31T20:00:57.702+0000] {dag.py:2742} INFO - Sync 1 DAGs
[2023-07-31T20:00:57.727+0000] {logging_mixin.py:150} INFO - [2023-07-31T20:00:57.726+0000] {dag.py:3508} INFO - Setting next_dagrun for example_sensor_decorator to None, run_after=None
[2023-07-31T20:00:57.747+0000] {processor.py:179} INFO - Processing /home/airflow/.local/lib/python3.7/site-packages/airflow/example_dags/example_sensor_decorator.py took 0.196 seconds
[2023-07-31T20:01:28.094+0000] {processor.py:157} INFO - Started process (PID=111) to work on /home/airflow/.local/lib/python3.7/site-packages/airflow/example_dags/example_sensor_decorator.py
[2023-07-31T20:01:28.096+0000] {processor.py:826} INFO - Processing file /home/airflow/.local/lib/python3.7/site-packages/airflow/example_dags/example_sensor_decorator.py for tasks to queue
[2023-07-31T20:01:28.096+0000] {logging_mixin.py:150} INFO - [2023-07-31T20:01:28.096+0000] {dagbag.py:541} INFO - Filling up the DagBag from /home/airflow/.local/lib/python3.7/site-packages/airflow/example_dags/example_sensor_decorator.py
[2023-07-31T20:01:28.102+0000] {processor.py:836} INFO - DAG(s) dict_keys(['example_sensor_decorator']) retrieved from /home/airflow/.local/lib/python3.7/site-packages/airflow/example_dags/example_sensor_decorator.py
[2023-07-31T20:01:28.123+0000] {logging_mixin.py:150} INFO - [2023-07-31T20:01:28.123+0000] {dag.py:2742} INFO - Sync 1 DAGs
[2023-07-31T20:01:28.147+0000] {logging_mixin.py:150} INFO - [2023-07-31T20:01:28.147+0000] {dag.py:3508} INFO - Setting next_dagrun for example_sensor_decorator to None, run_after=None
[2023-07-31T20:01:28.167+0000] {processor.py:179} INFO - Processing /home/airflow/.local/lib/python3.7/site-packages/airflow/example_dags/example_sensor_decorator.py took 0.076 seconds
[2023-07-31T20:01:58.476+0000] {processor.py:157} INFO - Started process (PID=173) to work on /home/airflow/.local/lib/python3.7/site-packages/airflow/example_dags/example_sensor_decorator.py
[2023-07-31T20:01:58.477+0000] {processor.py:826} INFO - Processing file /home/airflow/.local/lib/python3.7/site-packages/airflow/example_dags/example_sensor_decorator.py for tasks to queue
[2023-07-31T20:01:58.478+0000] {logging_mixin.py:150} INFO - [2023-07-31T20:01:58.477+0000] {dagbag.py:541} INFO - Filling up the DagBag from /home/airflow/.local/lib/python3.7/site-packages/airflow/example_dags/example_sensor_decorator.py
[2023-07-31T20:01:58.484+0000] {processor.py:836} INFO - DAG(s) dict_keys(['example_sensor_decorator']) retrieved from /home/airflow/.local/lib/python3.7/site-packages/airflow/example_dags/example_sensor_decorator.py
[2023-07-31T20:01:58.505+0000] {logging_mixin.py:150} INFO - [2023-07-31T20:01:58.505+0000] {dag.py:2742} INFO - Sync 1 DAGs
[2023-07-31T20:01:58.544+0000] {logging_mixin.py:150} INFO - [2023-07-31T20:01:58.544+0000] {dag.py:3508} INFO - Setting next_dagrun for example_sensor_decorator to None, run_after=None
[2023-07-31T20:01:58.576+0000] {processor.py:179} INFO - Processing /home/airflow/.local/lib/python3.7/site-packages/airflow/example_dags/example_sensor_decorator.py took 0.103 seconds
