[2023-07-31T19:49:54.890+0000] {processor.py:157} INFO - Started process (PID=35) to work on /home/airflow/.local/lib/python3.7/site-packages/airflow/example_dags/example_kubernetes_executor.py
[2023-07-31T19:49:54.891+0000] {processor.py:826} INFO - Processing file /home/airflow/.local/lib/python3.7/site-packages/airflow/example_dags/example_kubernetes_executor.py for tasks to queue
[2023-07-31T19:49:54.892+0000] {logging_mixin.py:150} INFO - [2023-07-31T19:49:54.891+0000] {dagbag.py:541} INFO - Filling up the DagBag from /home/airflow/.local/lib/python3.7/site-packages/airflow/example_dags/example_kubernetes_executor.py
[2023-07-31T19:49:57.868+0000] {processor.py:836} INFO - DAG(s) dict_keys(['example_kubernetes_executor']) retrieved from /home/airflow/.local/lib/python3.7/site-packages/airflow/example_dags/example_kubernetes_executor.py
[2023-07-31T19:49:59.988+0000] {logging_mixin.py:150} INFO - [2023-07-31T19:49:59.988+0000] {manager.py:504} INFO - Created Permission View: can delete on DAG:example_kubernetes_executor
[2023-07-31T19:50:00.038+0000] {logging_mixin.py:150} INFO - [2023-07-31T19:50:00.037+0000] {manager.py:504} INFO - Created Permission View: can edit on DAG:example_kubernetes_executor
[2023-07-31T19:50:00.079+0000] {logging_mixin.py:150} INFO - [2023-07-31T19:50:00.072+0000] {manager.py:504} INFO - Created Permission View: can read on DAG:example_kubernetes_executor
[2023-07-31T19:50:00.157+0000] {logging_mixin.py:150} INFO - [2023-07-31T19:50:00.156+0000] {dag.py:2742} INFO - Sync 1 DAGs
[2023-07-31T19:50:00.212+0000] {logging_mixin.py:150} INFO - [2023-07-31T19:50:00.212+0000] {dag.py:2763} INFO - Creating ORM DAG for example_kubernetes_executor
[2023-07-31T19:50:00.255+0000] {logging_mixin.py:150} INFO - [2023-07-31T19:50:00.254+0000] {dag.py:3508} INFO - Setting next_dagrun for example_kubernetes_executor to None, run_after=None
[2023-07-31T19:50:00.346+0000] {processor.py:179} INFO - Processing /home/airflow/.local/lib/python3.7/site-packages/airflow/example_dags/example_kubernetes_executor.py took 5.459 seconds
[2023-07-31T19:50:30.554+0000] {processor.py:157} INFO - Started process (PID=98) to work on /home/airflow/.local/lib/python3.7/site-packages/airflow/example_dags/example_kubernetes_executor.py
[2023-07-31T19:50:30.559+0000] {processor.py:826} INFO - Processing file /home/airflow/.local/lib/python3.7/site-packages/airflow/example_dags/example_kubernetes_executor.py for tasks to queue
[2023-07-31T19:50:30.560+0000] {logging_mixin.py:150} INFO - [2023-07-31T19:50:30.560+0000] {dagbag.py:541} INFO - Filling up the DagBag from /home/airflow/.local/lib/python3.7/site-packages/airflow/example_dags/example_kubernetes_executor.py
[2023-07-31T19:50:31.004+0000] {processor.py:836} INFO - DAG(s) dict_keys(['example_kubernetes_executor']) retrieved from /home/airflow/.local/lib/python3.7/site-packages/airflow/example_dags/example_kubernetes_executor.py
[2023-07-31T19:50:31.087+0000] {logging_mixin.py:150} INFO - [2023-07-31T19:50:31.087+0000] {dag.py:2742} INFO - Sync 1 DAGs
[2023-07-31T19:50:31.147+0000] {logging_mixin.py:150} INFO - [2023-07-31T19:50:31.147+0000] {dag.py:3508} INFO - Setting next_dagrun for example_kubernetes_executor to None, run_after=None
[2023-07-31T19:50:31.192+0000] {processor.py:179} INFO - Processing /home/airflow/.local/lib/python3.7/site-packages/airflow/example_dags/example_kubernetes_executor.py took 0.645 seconds
[2023-07-31T19:51:01.892+0000] {processor.py:157} INFO - Started process (PID=160) to work on /home/airflow/.local/lib/python3.7/site-packages/airflow/example_dags/example_kubernetes_executor.py
[2023-07-31T19:51:01.896+0000] {processor.py:826} INFO - Processing file /home/airflow/.local/lib/python3.7/site-packages/airflow/example_dags/example_kubernetes_executor.py for tasks to queue
[2023-07-31T19:51:01.896+0000] {logging_mixin.py:150} INFO - [2023-07-31T19:51:01.896+0000] {dagbag.py:541} INFO - Filling up the DagBag from /home/airflow/.local/lib/python3.7/site-packages/airflow/example_dags/example_kubernetes_executor.py
[2023-07-31T19:51:02.219+0000] {processor.py:836} INFO - DAG(s) dict_keys(['example_kubernetes_executor']) retrieved from /home/airflow/.local/lib/python3.7/site-packages/airflow/example_dags/example_kubernetes_executor.py
[2023-07-31T19:51:02.354+0000] {logging_mixin.py:150} INFO - [2023-07-31T19:51:02.353+0000] {dag.py:2742} INFO - Sync 1 DAGs
[2023-07-31T19:51:02.468+0000] {logging_mixin.py:150} INFO - [2023-07-31T19:51:02.467+0000] {dag.py:3508} INFO - Setting next_dagrun for example_kubernetes_executor to None, run_after=None
[2023-07-31T19:51:02.537+0000] {processor.py:179} INFO - Processing /home/airflow/.local/lib/python3.7/site-packages/airflow/example_dags/example_kubernetes_executor.py took 0.648 seconds
[2023-07-31T19:51:32.584+0000] {processor.py:157} INFO - Started process (PID=222) to work on /home/airflow/.local/lib/python3.7/site-packages/airflow/example_dags/example_kubernetes_executor.py
[2023-07-31T19:51:32.585+0000] {processor.py:826} INFO - Processing file /home/airflow/.local/lib/python3.7/site-packages/airflow/example_dags/example_kubernetes_executor.py for tasks to queue
[2023-07-31T19:51:32.586+0000] {logging_mixin.py:150} INFO - [2023-07-31T19:51:32.585+0000] {dagbag.py:541} INFO - Filling up the DagBag from /home/airflow/.local/lib/python3.7/site-packages/airflow/example_dags/example_kubernetes_executor.py
[2023-07-31T19:51:32.872+0000] {processor.py:836} INFO - DAG(s) dict_keys(['example_kubernetes_executor']) retrieved from /home/airflow/.local/lib/python3.7/site-packages/airflow/example_dags/example_kubernetes_executor.py
[2023-07-31T19:51:32.923+0000] {logging_mixin.py:150} INFO - [2023-07-31T19:51:32.923+0000] {dag.py:2742} INFO - Sync 1 DAGs
[2023-07-31T19:51:32.958+0000] {logging_mixin.py:150} INFO - [2023-07-31T19:51:32.958+0000] {dag.py:3508} INFO - Setting next_dagrun for example_kubernetes_executor to None, run_after=None
[2023-07-31T19:51:32.989+0000] {processor.py:179} INFO - Processing /home/airflow/.local/lib/python3.7/site-packages/airflow/example_dags/example_kubernetes_executor.py took 0.411 seconds
[2023-07-31T19:52:03.821+0000] {processor.py:157} INFO - Started process (PID=284) to work on /home/airflow/.local/lib/python3.7/site-packages/airflow/example_dags/example_kubernetes_executor.py
[2023-07-31T19:52:03.823+0000] {processor.py:826} INFO - Processing file /home/airflow/.local/lib/python3.7/site-packages/airflow/example_dags/example_kubernetes_executor.py for tasks to queue
[2023-07-31T19:52:03.824+0000] {logging_mixin.py:150} INFO - [2023-07-31T19:52:03.824+0000] {dagbag.py:541} INFO - Filling up the DagBag from /home/airflow/.local/lib/python3.7/site-packages/airflow/example_dags/example_kubernetes_executor.py
[2023-07-31T19:52:04.041+0000] {processor.py:836} INFO - DAG(s) dict_keys(['example_kubernetes_executor']) retrieved from /home/airflow/.local/lib/python3.7/site-packages/airflow/example_dags/example_kubernetes_executor.py
[2023-07-31T19:52:04.081+0000] {logging_mixin.py:150} INFO - [2023-07-31T19:52:04.081+0000] {dag.py:2742} INFO - Sync 1 DAGs
[2023-07-31T19:52:04.109+0000] {logging_mixin.py:150} INFO - [2023-07-31T19:52:04.109+0000] {dag.py:3508} INFO - Setting next_dagrun for example_kubernetes_executor to None, run_after=None
[2023-07-31T19:52:04.133+0000] {processor.py:179} INFO - Processing /home/airflow/.local/lib/python3.7/site-packages/airflow/example_dags/example_kubernetes_executor.py took 0.315 seconds
[2023-07-31T19:52:34.174+0000] {processor.py:157} INFO - Started process (PID=346) to work on /home/airflow/.local/lib/python3.7/site-packages/airflow/example_dags/example_kubernetes_executor.py
[2023-07-31T19:52:34.175+0000] {processor.py:826} INFO - Processing file /home/airflow/.local/lib/python3.7/site-packages/airflow/example_dags/example_kubernetes_executor.py for tasks to queue
[2023-07-31T19:52:34.176+0000] {logging_mixin.py:150} INFO - [2023-07-31T19:52:34.176+0000] {dagbag.py:541} INFO - Filling up the DagBag from /home/airflow/.local/lib/python3.7/site-packages/airflow/example_dags/example_kubernetes_executor.py
[2023-07-31T19:52:34.394+0000] {processor.py:836} INFO - DAG(s) dict_keys(['example_kubernetes_executor']) retrieved from /home/airflow/.local/lib/python3.7/site-packages/airflow/example_dags/example_kubernetes_executor.py
[2023-07-31T19:52:34.439+0000] {logging_mixin.py:150} INFO - [2023-07-31T19:52:34.439+0000] {dag.py:2742} INFO - Sync 1 DAGs
[2023-07-31T19:52:34.470+0000] {logging_mixin.py:150} INFO - [2023-07-31T19:52:34.470+0000] {dag.py:3508} INFO - Setting next_dagrun for example_kubernetes_executor to None, run_after=None
[2023-07-31T19:52:34.490+0000] {processor.py:179} INFO - Processing /home/airflow/.local/lib/python3.7/site-packages/airflow/example_dags/example_kubernetes_executor.py took 0.319 seconds
[2023-07-31T19:53:05.051+0000] {processor.py:157} INFO - Started process (PID=406) to work on /home/airflow/.local/lib/python3.7/site-packages/airflow/example_dags/example_kubernetes_executor.py
[2023-07-31T19:53:05.056+0000] {processor.py:826} INFO - Processing file /home/airflow/.local/lib/python3.7/site-packages/airflow/example_dags/example_kubernetes_executor.py for tasks to queue
[2023-07-31T19:53:05.059+0000] {logging_mixin.py:150} INFO - [2023-07-31T19:53:05.057+0000] {dagbag.py:541} INFO - Filling up the DagBag from /home/airflow/.local/lib/python3.7/site-packages/airflow/example_dags/example_kubernetes_executor.py
[2023-07-31T19:53:05.467+0000] {processor.py:836} INFO - DAG(s) dict_keys(['example_kubernetes_executor']) retrieved from /home/airflow/.local/lib/python3.7/site-packages/airflow/example_dags/example_kubernetes_executor.py
[2023-07-31T19:53:05.545+0000] {logging_mixin.py:150} INFO - [2023-07-31T19:53:05.544+0000] {dag.py:2742} INFO - Sync 1 DAGs
[2023-07-31T19:53:05.601+0000] {logging_mixin.py:150} INFO - [2023-07-31T19:53:05.601+0000] {dag.py:3508} INFO - Setting next_dagrun for example_kubernetes_executor to None, run_after=None
[2023-07-31T19:53:05.644+0000] {processor.py:179} INFO - Processing /home/airflow/.local/lib/python3.7/site-packages/airflow/example_dags/example_kubernetes_executor.py took 0.596 seconds
[2023-07-31T19:53:35.868+0000] {processor.py:157} INFO - Started process (PID=467) to work on /home/airflow/.local/lib/python3.7/site-packages/airflow/example_dags/example_kubernetes_executor.py
[2023-07-31T19:53:35.868+0000] {processor.py:826} INFO - Processing file /home/airflow/.local/lib/python3.7/site-packages/airflow/example_dags/example_kubernetes_executor.py for tasks to queue
[2023-07-31T19:53:35.869+0000] {logging_mixin.py:150} INFO - [2023-07-31T19:53:35.869+0000] {dagbag.py:541} INFO - Filling up the DagBag from /home/airflow/.local/lib/python3.7/site-packages/airflow/example_dags/example_kubernetes_executor.py
[2023-07-31T19:53:36.147+0000] {processor.py:836} INFO - DAG(s) dict_keys(['example_kubernetes_executor']) retrieved from /home/airflow/.local/lib/python3.7/site-packages/airflow/example_dags/example_kubernetes_executor.py
[2023-07-31T19:53:36.203+0000] {logging_mixin.py:150} INFO - [2023-07-31T19:53:36.202+0000] {dag.py:2742} INFO - Sync 1 DAGs
[2023-07-31T19:53:36.246+0000] {logging_mixin.py:150} INFO - [2023-07-31T19:53:36.246+0000] {dag.py:3508} INFO - Setting next_dagrun for example_kubernetes_executor to None, run_after=None
[2023-07-31T19:53:36.282+0000] {processor.py:179} INFO - Processing /home/airflow/.local/lib/python3.7/site-packages/airflow/example_dags/example_kubernetes_executor.py took 0.418 seconds
[2023-07-31T19:54:06.398+0000] {processor.py:157} INFO - Started process (PID=528) to work on /home/airflow/.local/lib/python3.7/site-packages/airflow/example_dags/example_kubernetes_executor.py
[2023-07-31T19:54:06.401+0000] {processor.py:826} INFO - Processing file /home/airflow/.local/lib/python3.7/site-packages/airflow/example_dags/example_kubernetes_executor.py for tasks to queue
[2023-07-31T19:54:06.402+0000] {logging_mixin.py:150} INFO - [2023-07-31T19:54:06.402+0000] {dagbag.py:541} INFO - Filling up the DagBag from /home/airflow/.local/lib/python3.7/site-packages/airflow/example_dags/example_kubernetes_executor.py
[2023-07-31T19:54:06.656+0000] {processor.py:836} INFO - DAG(s) dict_keys(['example_kubernetes_executor']) retrieved from /home/airflow/.local/lib/python3.7/site-packages/airflow/example_dags/example_kubernetes_executor.py
[2023-07-31T19:54:06.703+0000] {logging_mixin.py:150} INFO - [2023-07-31T19:54:06.702+0000] {dag.py:2742} INFO - Sync 1 DAGs
[2023-07-31T19:54:06.734+0000] {logging_mixin.py:150} INFO - [2023-07-31T19:54:06.734+0000] {dag.py:3508} INFO - Setting next_dagrun for example_kubernetes_executor to None, run_after=None
[2023-07-31T19:54:06.760+0000] {processor.py:179} INFO - Processing /home/airflow/.local/lib/python3.7/site-packages/airflow/example_dags/example_kubernetes_executor.py took 0.365 seconds
[2023-07-31T19:54:36.822+0000] {processor.py:157} INFO - Started process (PID=590) to work on /home/airflow/.local/lib/python3.7/site-packages/airflow/example_dags/example_kubernetes_executor.py
[2023-07-31T19:54:36.823+0000] {processor.py:826} INFO - Processing file /home/airflow/.local/lib/python3.7/site-packages/airflow/example_dags/example_kubernetes_executor.py for tasks to queue
[2023-07-31T19:54:36.824+0000] {logging_mixin.py:150} INFO - [2023-07-31T19:54:36.823+0000] {dagbag.py:541} INFO - Filling up the DagBag from /home/airflow/.local/lib/python3.7/site-packages/airflow/example_dags/example_kubernetes_executor.py
[2023-07-31T19:54:37.037+0000] {processor.py:836} INFO - DAG(s) dict_keys(['example_kubernetes_executor']) retrieved from /home/airflow/.local/lib/python3.7/site-packages/airflow/example_dags/example_kubernetes_executor.py
[2023-07-31T19:54:37.083+0000] {logging_mixin.py:150} INFO - [2023-07-31T19:54:37.083+0000] {dag.py:2742} INFO - Sync 1 DAGs
[2023-07-31T19:54:37.111+0000] {logging_mixin.py:150} INFO - [2023-07-31T19:54:37.111+0000] {dag.py:3508} INFO - Setting next_dagrun for example_kubernetes_executor to None, run_after=None
[2023-07-31T19:54:37.135+0000] {processor.py:179} INFO - Processing /home/airflow/.local/lib/python3.7/site-packages/airflow/example_dags/example_kubernetes_executor.py took 0.315 seconds
[2023-07-31T19:55:07.208+0000] {processor.py:157} INFO - Started process (PID=654) to work on /home/airflow/.local/lib/python3.7/site-packages/airflow/example_dags/example_kubernetes_executor.py
[2023-07-31T19:55:07.209+0000] {processor.py:826} INFO - Processing file /home/airflow/.local/lib/python3.7/site-packages/airflow/example_dags/example_kubernetes_executor.py for tasks to queue
[2023-07-31T19:55:07.210+0000] {logging_mixin.py:150} INFO - [2023-07-31T19:55:07.210+0000] {dagbag.py:541} INFO - Filling up the DagBag from /home/airflow/.local/lib/python3.7/site-packages/airflow/example_dags/example_kubernetes_executor.py
[2023-07-31T19:55:07.443+0000] {processor.py:836} INFO - DAG(s) dict_keys(['example_kubernetes_executor']) retrieved from /home/airflow/.local/lib/python3.7/site-packages/airflow/example_dags/example_kubernetes_executor.py
[2023-07-31T19:55:07.485+0000] {logging_mixin.py:150} INFO - [2023-07-31T19:55:07.485+0000] {dag.py:2742} INFO - Sync 1 DAGs
[2023-07-31T19:55:07.511+0000] {logging_mixin.py:150} INFO - [2023-07-31T19:55:07.511+0000] {dag.py:3508} INFO - Setting next_dagrun for example_kubernetes_executor to None, run_after=None
[2023-07-31T19:55:07.539+0000] {processor.py:179} INFO - Processing /home/airflow/.local/lib/python3.7/site-packages/airflow/example_dags/example_kubernetes_executor.py took 0.337 seconds
[2023-07-31T19:55:37.668+0000] {processor.py:157} INFO - Started process (PID=716) to work on /home/airflow/.local/lib/python3.7/site-packages/airflow/example_dags/example_kubernetes_executor.py
[2023-07-31T19:55:37.668+0000] {processor.py:826} INFO - Processing file /home/airflow/.local/lib/python3.7/site-packages/airflow/example_dags/example_kubernetes_executor.py for tasks to queue
[2023-07-31T19:55:37.669+0000] {logging_mixin.py:150} INFO - [2023-07-31T19:55:37.669+0000] {dagbag.py:541} INFO - Filling up the DagBag from /home/airflow/.local/lib/python3.7/site-packages/airflow/example_dags/example_kubernetes_executor.py
[2023-07-31T19:55:37.891+0000] {processor.py:836} INFO - DAG(s) dict_keys(['example_kubernetes_executor']) retrieved from /home/airflow/.local/lib/python3.7/site-packages/airflow/example_dags/example_kubernetes_executor.py
[2023-07-31T19:55:37.931+0000] {logging_mixin.py:150} INFO - [2023-07-31T19:55:37.930+0000] {dag.py:2742} INFO - Sync 1 DAGs
[2023-07-31T19:55:37.958+0000] {logging_mixin.py:150} INFO - [2023-07-31T19:55:37.958+0000] {dag.py:3508} INFO - Setting next_dagrun for example_kubernetes_executor to None, run_after=None
[2023-07-31T19:55:37.986+0000] {processor.py:179} INFO - Processing /home/airflow/.local/lib/python3.7/site-packages/airflow/example_dags/example_kubernetes_executor.py took 0.322 seconds
[2023-07-31T19:56:08.076+0000] {processor.py:157} INFO - Started process (PID=777) to work on /home/airflow/.local/lib/python3.7/site-packages/airflow/example_dags/example_kubernetes_executor.py
[2023-07-31T19:56:08.077+0000] {processor.py:826} INFO - Processing file /home/airflow/.local/lib/python3.7/site-packages/airflow/example_dags/example_kubernetes_executor.py for tasks to queue
[2023-07-31T19:56:08.078+0000] {logging_mixin.py:150} INFO - [2023-07-31T19:56:08.078+0000] {dagbag.py:541} INFO - Filling up the DagBag from /home/airflow/.local/lib/python3.7/site-packages/airflow/example_dags/example_kubernetes_executor.py
[2023-07-31T19:56:08.283+0000] {processor.py:836} INFO - DAG(s) dict_keys(['example_kubernetes_executor']) retrieved from /home/airflow/.local/lib/python3.7/site-packages/airflow/example_dags/example_kubernetes_executor.py
[2023-07-31T19:56:08.325+0000] {logging_mixin.py:150} INFO - [2023-07-31T19:56:08.325+0000] {dag.py:2742} INFO - Sync 1 DAGs
[2023-07-31T19:56:08.350+0000] {logging_mixin.py:150} INFO - [2023-07-31T19:56:08.350+0000] {dag.py:3508} INFO - Setting next_dagrun for example_kubernetes_executor to None, run_after=None
[2023-07-31T19:56:08.377+0000] {processor.py:179} INFO - Processing /home/airflow/.local/lib/python3.7/site-packages/airflow/example_dags/example_kubernetes_executor.py took 0.303 seconds
[2023-07-31T19:56:38.456+0000] {processor.py:157} INFO - Started process (PID=838) to work on /home/airflow/.local/lib/python3.7/site-packages/airflow/example_dags/example_kubernetes_executor.py
[2023-07-31T19:56:38.457+0000] {processor.py:826} INFO - Processing file /home/airflow/.local/lib/python3.7/site-packages/airflow/example_dags/example_kubernetes_executor.py for tasks to queue
[2023-07-31T19:56:38.458+0000] {logging_mixin.py:150} INFO - [2023-07-31T19:56:38.457+0000] {dagbag.py:541} INFO - Filling up the DagBag from /home/airflow/.local/lib/python3.7/site-packages/airflow/example_dags/example_kubernetes_executor.py
[2023-07-31T19:56:38.657+0000] {processor.py:836} INFO - DAG(s) dict_keys(['example_kubernetes_executor']) retrieved from /home/airflow/.local/lib/python3.7/site-packages/airflow/example_dags/example_kubernetes_executor.py
[2023-07-31T19:56:38.698+0000] {logging_mixin.py:150} INFO - [2023-07-31T19:56:38.698+0000] {dag.py:2742} INFO - Sync 1 DAGs
[2023-07-31T19:56:38.726+0000] {logging_mixin.py:150} INFO - [2023-07-31T19:56:38.726+0000] {dag.py:3508} INFO - Setting next_dagrun for example_kubernetes_executor to None, run_after=None
[2023-07-31T19:56:38.752+0000] {processor.py:179} INFO - Processing /home/airflow/.local/lib/python3.7/site-packages/airflow/example_dags/example_kubernetes_executor.py took 0.299 seconds
[2023-07-31T19:57:08.896+0000] {processor.py:157} INFO - Started process (PID=899) to work on /home/airflow/.local/lib/python3.7/site-packages/airflow/example_dags/example_kubernetes_executor.py
[2023-07-31T19:57:08.897+0000] {processor.py:826} INFO - Processing file /home/airflow/.local/lib/python3.7/site-packages/airflow/example_dags/example_kubernetes_executor.py for tasks to queue
[2023-07-31T19:57:08.898+0000] {logging_mixin.py:150} INFO - [2023-07-31T19:57:08.897+0000] {dagbag.py:541} INFO - Filling up the DagBag from /home/airflow/.local/lib/python3.7/site-packages/airflow/example_dags/example_kubernetes_executor.py
[2023-07-31T19:57:09.119+0000] {processor.py:836} INFO - DAG(s) dict_keys(['example_kubernetes_executor']) retrieved from /home/airflow/.local/lib/python3.7/site-packages/airflow/example_dags/example_kubernetes_executor.py
[2023-07-31T19:57:09.163+0000] {logging_mixin.py:150} INFO - [2023-07-31T19:57:09.163+0000] {dag.py:2742} INFO - Sync 1 DAGs
[2023-07-31T19:57:09.191+0000] {logging_mixin.py:150} INFO - [2023-07-31T19:57:09.191+0000] {dag.py:3508} INFO - Setting next_dagrun for example_kubernetes_executor to None, run_after=None
[2023-07-31T19:57:09.215+0000] {processor.py:179} INFO - Processing /home/airflow/.local/lib/python3.7/site-packages/airflow/example_dags/example_kubernetes_executor.py took 0.319 seconds
[2023-07-31T19:57:39.503+0000] {processor.py:157} INFO - Started process (PID=960) to work on /home/airflow/.local/lib/python3.7/site-packages/airflow/example_dags/example_kubernetes_executor.py
[2023-07-31T19:57:39.504+0000] {processor.py:826} INFO - Processing file /home/airflow/.local/lib/python3.7/site-packages/airflow/example_dags/example_kubernetes_executor.py for tasks to queue
[2023-07-31T19:57:39.505+0000] {logging_mixin.py:150} INFO - [2023-07-31T19:57:39.505+0000] {dagbag.py:541} INFO - Filling up the DagBag from /home/airflow/.local/lib/python3.7/site-packages/airflow/example_dags/example_kubernetes_executor.py
[2023-07-31T19:57:39.820+0000] {processor.py:836} INFO - DAG(s) dict_keys(['example_kubernetes_executor']) retrieved from /home/airflow/.local/lib/python3.7/site-packages/airflow/example_dags/example_kubernetes_executor.py
[2023-07-31T19:57:39.868+0000] {logging_mixin.py:150} INFO - [2023-07-31T19:57:39.868+0000] {dag.py:2742} INFO - Sync 1 DAGs
[2023-07-31T19:57:39.905+0000] {logging_mixin.py:150} INFO - [2023-07-31T19:57:39.905+0000] {dag.py:3508} INFO - Setting next_dagrun for example_kubernetes_executor to None, run_after=None
[2023-07-31T19:57:39.936+0000] {processor.py:179} INFO - Processing /home/airflow/.local/lib/python3.7/site-packages/airflow/example_dags/example_kubernetes_executor.py took 0.437 seconds
[2023-07-31T19:58:10.848+0000] {processor.py:157} INFO - Started process (PID=1021) to work on /home/airflow/.local/lib/python3.7/site-packages/airflow/example_dags/example_kubernetes_executor.py
[2023-07-31T19:58:10.849+0000] {processor.py:826} INFO - Processing file /home/airflow/.local/lib/python3.7/site-packages/airflow/example_dags/example_kubernetes_executor.py for tasks to queue
[2023-07-31T19:58:10.850+0000] {logging_mixin.py:150} INFO - [2023-07-31T19:58:10.850+0000] {dagbag.py:541} INFO - Filling up the DagBag from /home/airflow/.local/lib/python3.7/site-packages/airflow/example_dags/example_kubernetes_executor.py
[2023-07-31T19:58:11.080+0000] {processor.py:836} INFO - DAG(s) dict_keys(['example_kubernetes_executor']) retrieved from /home/airflow/.local/lib/python3.7/site-packages/airflow/example_dags/example_kubernetes_executor.py
[2023-07-31T19:58:11.122+0000] {logging_mixin.py:150} INFO - [2023-07-31T19:58:11.122+0000] {dag.py:2742} INFO - Sync 1 DAGs
[2023-07-31T19:58:11.150+0000] {logging_mixin.py:150} INFO - [2023-07-31T19:58:11.150+0000] {dag.py:3508} INFO - Setting next_dagrun for example_kubernetes_executor to None, run_after=None
[2023-07-31T19:58:11.174+0000] {processor.py:179} INFO - Processing /home/airflow/.local/lib/python3.7/site-packages/airflow/example_dags/example_kubernetes_executor.py took 0.329 seconds
[2023-07-31T19:58:41.374+0000] {processor.py:157} INFO - Started process (PID=1082) to work on /home/airflow/.local/lib/python3.7/site-packages/airflow/example_dags/example_kubernetes_executor.py
[2023-07-31T19:58:41.376+0000] {processor.py:826} INFO - Processing file /home/airflow/.local/lib/python3.7/site-packages/airflow/example_dags/example_kubernetes_executor.py for tasks to queue
[2023-07-31T19:58:41.378+0000] {logging_mixin.py:150} INFO - [2023-07-31T19:58:41.377+0000] {dagbag.py:541} INFO - Filling up the DagBag from /home/airflow/.local/lib/python3.7/site-packages/airflow/example_dags/example_kubernetes_executor.py
[2023-07-31T19:58:41.857+0000] {processor.py:836} INFO - DAG(s) dict_keys(['example_kubernetes_executor']) retrieved from /home/airflow/.local/lib/python3.7/site-packages/airflow/example_dags/example_kubernetes_executor.py
[2023-07-31T19:58:41.971+0000] {logging_mixin.py:150} INFO - [2023-07-31T19:58:41.970+0000] {dag.py:2742} INFO - Sync 1 DAGs
[2023-07-31T19:58:42.075+0000] {logging_mixin.py:150} INFO - [2023-07-31T19:58:42.074+0000] {dag.py:3508} INFO - Setting next_dagrun for example_kubernetes_executor to None, run_after=None
[2023-07-31T19:58:42.155+0000] {processor.py:179} INFO - Processing /home/airflow/.local/lib/python3.7/site-packages/airflow/example_dags/example_kubernetes_executor.py took 0.789 seconds
[2023-07-31T20:00:42.139+0000] {processor.py:157} INFO - Started process (PID=36) to work on /home/airflow/.local/lib/python3.7/site-packages/airflow/example_dags/example_kubernetes_executor.py
[2023-07-31T20:00:42.141+0000] {processor.py:826} INFO - Processing file /home/airflow/.local/lib/python3.7/site-packages/airflow/example_dags/example_kubernetes_executor.py for tasks to queue
[2023-07-31T20:00:42.143+0000] {logging_mixin.py:150} INFO - [2023-07-31T20:00:42.142+0000] {dagbag.py:541} INFO - Filling up the DagBag from /home/airflow/.local/lib/python3.7/site-packages/airflow/example_dags/example_kubernetes_executor.py
[2023-07-31T20:00:56.148+0000] {processor.py:836} INFO - DAG(s) dict_keys(['example_kubernetes_executor']) retrieved from /home/airflow/.local/lib/python3.7/site-packages/airflow/example_dags/example_kubernetes_executor.py
[2023-07-31T20:00:56.169+0000] {logging_mixin.py:150} INFO - [2023-07-31T20:00:56.169+0000] {dag.py:2742} INFO - Sync 1 DAGs
[2023-07-31T20:00:56.208+0000] {logging_mixin.py:150} INFO - [2023-07-31T20:00:56.208+0000] {dag.py:3508} INFO - Setting next_dagrun for example_kubernetes_executor to None, run_after=None
[2023-07-31T20:00:56.244+0000] {processor.py:179} INFO - Processing /home/airflow/.local/lib/python3.7/site-packages/airflow/example_dags/example_kubernetes_executor.py took 14.115 seconds
[2023-07-31T20:01:26.948+0000] {processor.py:157} INFO - Started process (PID=99) to work on /home/airflow/.local/lib/python3.7/site-packages/airflow/example_dags/example_kubernetes_executor.py
[2023-07-31T20:01:26.950+0000] {processor.py:826} INFO - Processing file /home/airflow/.local/lib/python3.7/site-packages/airflow/example_dags/example_kubernetes_executor.py for tasks to queue
[2023-07-31T20:01:26.951+0000] {logging_mixin.py:150} INFO - [2023-07-31T20:01:26.950+0000] {dagbag.py:541} INFO - Filling up the DagBag from /home/airflow/.local/lib/python3.7/site-packages/airflow/example_dags/example_kubernetes_executor.py
[2023-07-31T20:01:27.399+0000] {processor.py:836} INFO - DAG(s) dict_keys(['example_kubernetes_executor']) retrieved from /home/airflow/.local/lib/python3.7/site-packages/airflow/example_dags/example_kubernetes_executor.py
[2023-07-31T20:01:27.471+0000] {logging_mixin.py:150} INFO - [2023-07-31T20:01:27.471+0000] {dag.py:2742} INFO - Sync 1 DAGs
[2023-07-31T20:01:27.511+0000] {logging_mixin.py:150} INFO - [2023-07-31T20:01:27.511+0000] {dag.py:3508} INFO - Setting next_dagrun for example_kubernetes_executor to None, run_after=None
[2023-07-31T20:01:27.563+0000] {processor.py:179} INFO - Processing /home/airflow/.local/lib/python3.7/site-packages/airflow/example_dags/example_kubernetes_executor.py took 0.619 seconds
[2023-07-31T20:01:57.645+0000] {processor.py:157} INFO - Started process (PID=161) to work on /home/airflow/.local/lib/python3.7/site-packages/airflow/example_dags/example_kubernetes_executor.py
[2023-07-31T20:01:57.646+0000] {processor.py:826} INFO - Processing file /home/airflow/.local/lib/python3.7/site-packages/airflow/example_dags/example_kubernetes_executor.py for tasks to queue
[2023-07-31T20:01:57.647+0000] {logging_mixin.py:150} INFO - [2023-07-31T20:01:57.647+0000] {dagbag.py:541} INFO - Filling up the DagBag from /home/airflow/.local/lib/python3.7/site-packages/airflow/example_dags/example_kubernetes_executor.py
[2023-07-31T20:01:57.834+0000] {processor.py:836} INFO - DAG(s) dict_keys(['example_kubernetes_executor']) retrieved from /home/airflow/.local/lib/python3.7/site-packages/airflow/example_dags/example_kubernetes_executor.py
[2023-07-31T20:01:57.868+0000] {logging_mixin.py:150} INFO - [2023-07-31T20:01:57.867+0000] {dag.py:2742} INFO - Sync 1 DAGs
[2023-07-31T20:01:57.892+0000] {logging_mixin.py:150} INFO - [2023-07-31T20:01:57.892+0000] {dag.py:3508} INFO - Setting next_dagrun for example_kubernetes_executor to None, run_after=None
[2023-07-31T20:01:57.911+0000] {processor.py:179} INFO - Processing /home/airflow/.local/lib/python3.7/site-packages/airflow/example_dags/example_kubernetes_executor.py took 0.270 seconds
