[2023-07-31T19:50:03.203+0000] {processor.py:157} INFO - Started process (PID=52) to work on /home/airflow/.local/lib/python3.7/site-packages/airflow/example_dags/example_short_circuit_decorator.py
[2023-07-31T19:50:03.207+0000] {processor.py:826} INFO - Processing file /home/airflow/.local/lib/python3.7/site-packages/airflow/example_dags/example_short_circuit_decorator.py for tasks to queue
[2023-07-31T19:50:03.208+0000] {logging_mixin.py:150} INFO - [2023-07-31T19:50:03.208+0000] {dagbag.py:541} INFO - Filling up the DagBag from /home/airflow/.local/lib/python3.7/site-packages/airflow/example_dags/example_short_circuit_decorator.py
[2023-07-31T19:50:03.229+0000] {processor.py:836} INFO - DAG(s) dict_keys(['example_short_circuit_decorator']) retrieved from /home/airflow/.local/lib/python3.7/site-packages/airflow/example_dags/example_short_circuit_decorator.py
[2023-07-31T19:50:03.401+0000] {logging_mixin.py:150} INFO - [2023-07-31T19:50:03.401+0000] {manager.py:504} INFO - Created Permission View: can delete on DAG:example_short_circuit_decorator
[2023-07-31T19:50:03.502+0000] {logging_mixin.py:150} INFO - [2023-07-31T19:50:03.501+0000] {manager.py:504} INFO - Created Permission View: can edit on DAG:example_short_circuit_decorator
[2023-07-31T19:50:03.548+0000] {logging_mixin.py:150} INFO - [2023-07-31T19:50:03.548+0000] {manager.py:504} INFO - Created Permission View: can read on DAG:example_short_circuit_decorator
[2023-07-31T19:50:03.600+0000] {logging_mixin.py:150} INFO - [2023-07-31T19:50:03.599+0000] {dag.py:2742} INFO - Sync 1 DAGs
[2023-07-31T19:50:03.646+0000] {logging_mixin.py:150} INFO - [2023-07-31T19:50:03.645+0000] {dag.py:2763} INFO - Creating ORM DAG for example_short_circuit_decorator
[2023-07-31T19:50:03.678+0000] {logging_mixin.py:150} INFO - [2023-07-31T19:50:03.677+0000] {dag.py:3508} INFO - Setting next_dagrun for example_short_circuit_decorator to 2023-07-30T19:50:03.677471+00:00, run_after=2023-07-31T19:50:03.677471+00:00
[2023-07-31T19:50:03.736+0000] {processor.py:179} INFO - Processing /home/airflow/.local/lib/python3.7/site-packages/airflow/example_dags/example_short_circuit_decorator.py took 0.537 seconds
[2023-07-31T19:50:33.982+0000] {processor.py:157} INFO - Started process (PID=113) to work on /home/airflow/.local/lib/python3.7/site-packages/airflow/example_dags/example_short_circuit_decorator.py
[2023-07-31T19:50:33.990+0000] {processor.py:826} INFO - Processing file /home/airflow/.local/lib/python3.7/site-packages/airflow/example_dags/example_short_circuit_decorator.py for tasks to queue
[2023-07-31T19:50:33.991+0000] {logging_mixin.py:150} INFO - [2023-07-31T19:50:33.991+0000] {dagbag.py:541} INFO - Filling up the DagBag from /home/airflow/.local/lib/python3.7/site-packages/airflow/example_dags/example_short_circuit_decorator.py
[2023-07-31T19:50:34.019+0000] {processor.py:836} INFO - DAG(s) dict_keys(['example_short_circuit_decorator']) retrieved from /home/airflow/.local/lib/python3.7/site-packages/airflow/example_dags/example_short_circuit_decorator.py
[2023-07-31T19:50:34.076+0000] {logging_mixin.py:150} INFO - [2023-07-31T19:50:34.075+0000] {dag.py:2742} INFO - Sync 1 DAGs
[2023-07-31T19:50:34.147+0000] {logging_mixin.py:150} INFO - [2023-07-31T19:50:34.146+0000] {dag.py:3508} INFO - Setting next_dagrun for example_short_circuit_decorator to 2023-07-30T19:50:34.146024+00:00, run_after=2023-07-31T19:50:34.146024+00:00
[2023-07-31T19:50:34.205+0000] {processor.py:179} INFO - Processing /home/airflow/.local/lib/python3.7/site-packages/airflow/example_dags/example_short_circuit_decorator.py took 0.231 seconds
[2023-07-31T19:51:04.661+0000] {processor.py:157} INFO - Started process (PID=174) to work on /home/airflow/.local/lib/python3.7/site-packages/airflow/example_dags/example_short_circuit_decorator.py
[2023-07-31T19:51:04.663+0000] {processor.py:826} INFO - Processing file /home/airflow/.local/lib/python3.7/site-packages/airflow/example_dags/example_short_circuit_decorator.py for tasks to queue
[2023-07-31T19:51:04.664+0000] {logging_mixin.py:150} INFO - [2023-07-31T19:51:04.664+0000] {dagbag.py:541} INFO - Filling up the DagBag from /home/airflow/.local/lib/python3.7/site-packages/airflow/example_dags/example_short_circuit_decorator.py
[2023-07-31T19:51:04.696+0000] {processor.py:836} INFO - DAG(s) dict_keys(['example_short_circuit_decorator']) retrieved from /home/airflow/.local/lib/python3.7/site-packages/airflow/example_dags/example_short_circuit_decorator.py
[2023-07-31T19:51:04.769+0000] {logging_mixin.py:150} INFO - [2023-07-31T19:51:04.769+0000] {dag.py:2742} INFO - Sync 1 DAGs
[2023-07-31T19:51:04.840+0000] {logging_mixin.py:150} INFO - [2023-07-31T19:51:04.840+0000] {dag.py:3508} INFO - Setting next_dagrun for example_short_circuit_decorator to 2023-07-30T19:51:04.839540+00:00, run_after=2023-07-31T19:51:04.839540+00:00
[2023-07-31T19:51:04.882+0000] {processor.py:179} INFO - Processing /home/airflow/.local/lib/python3.7/site-packages/airflow/example_dags/example_short_circuit_decorator.py took 0.231 seconds
[2023-07-31T19:51:35.603+0000] {processor.py:157} INFO - Started process (PID=234) to work on /home/airflow/.local/lib/python3.7/site-packages/airflow/example_dags/example_short_circuit_decorator.py
[2023-07-31T19:51:35.605+0000] {processor.py:826} INFO - Processing file /home/airflow/.local/lib/python3.7/site-packages/airflow/example_dags/example_short_circuit_decorator.py for tasks to queue
[2023-07-31T19:51:35.606+0000] {logging_mixin.py:150} INFO - [2023-07-31T19:51:35.606+0000] {dagbag.py:541} INFO - Filling up the DagBag from /home/airflow/.local/lib/python3.7/site-packages/airflow/example_dags/example_short_circuit_decorator.py
[2023-07-31T19:51:35.625+0000] {processor.py:836} INFO - DAG(s) dict_keys(['example_short_circuit_decorator']) retrieved from /home/airflow/.local/lib/python3.7/site-packages/airflow/example_dags/example_short_circuit_decorator.py
[2023-07-31T19:51:35.675+0000] {logging_mixin.py:150} INFO - [2023-07-31T19:51:35.675+0000] {dag.py:2742} INFO - Sync 1 DAGs
[2023-07-31T19:51:35.731+0000] {logging_mixin.py:150} INFO - [2023-07-31T19:51:35.731+0000] {dag.py:3508} INFO - Setting next_dagrun for example_short_circuit_decorator to 2023-07-30T19:51:35.730814+00:00, run_after=2023-07-31T19:51:35.730814+00:00
[2023-07-31T19:51:35.774+0000] {processor.py:179} INFO - Processing /home/airflow/.local/lib/python3.7/site-packages/airflow/example_dags/example_short_circuit_decorator.py took 0.176 seconds
[2023-07-31T19:52:06.561+0000] {processor.py:157} INFO - Started process (PID=295) to work on /home/airflow/.local/lib/python3.7/site-packages/airflow/example_dags/example_short_circuit_decorator.py
[2023-07-31T19:52:06.562+0000] {processor.py:826} INFO - Processing file /home/airflow/.local/lib/python3.7/site-packages/airflow/example_dags/example_short_circuit_decorator.py for tasks to queue
[2023-07-31T19:52:06.562+0000] {logging_mixin.py:150} INFO - [2023-07-31T19:52:06.562+0000] {dagbag.py:541} INFO - Filling up the DagBag from /home/airflow/.local/lib/python3.7/site-packages/airflow/example_dags/example_short_circuit_decorator.py
[2023-07-31T19:52:06.575+0000] {processor.py:836} INFO - DAG(s) dict_keys(['example_short_circuit_decorator']) retrieved from /home/airflow/.local/lib/python3.7/site-packages/airflow/example_dags/example_short_circuit_decorator.py
[2023-07-31T19:52:06.606+0000] {logging_mixin.py:150} INFO - [2023-07-31T19:52:06.606+0000] {dag.py:2742} INFO - Sync 1 DAGs
[2023-07-31T19:52:06.633+0000] {logging_mixin.py:150} INFO - [2023-07-31T19:52:06.633+0000] {dag.py:3508} INFO - Setting next_dagrun for example_short_circuit_decorator to 2023-07-30T19:52:06.633371+00:00, run_after=2023-07-31T19:52:06.633371+00:00
[2023-07-31T19:52:06.655+0000] {processor.py:179} INFO - Processing /home/airflow/.local/lib/python3.7/site-packages/airflow/example_dags/example_short_circuit_decorator.py took 0.097 seconds
[2023-07-31T19:52:37.056+0000] {processor.py:157} INFO - Started process (PID=356) to work on /home/airflow/.local/lib/python3.7/site-packages/airflow/example_dags/example_short_circuit_decorator.py
[2023-07-31T19:52:37.057+0000] {processor.py:826} INFO - Processing file /home/airflow/.local/lib/python3.7/site-packages/airflow/example_dags/example_short_circuit_decorator.py for tasks to queue
[2023-07-31T19:52:37.059+0000] {logging_mixin.py:150} INFO - [2023-07-31T19:52:37.058+0000] {dagbag.py:541} INFO - Filling up the DagBag from /home/airflow/.local/lib/python3.7/site-packages/airflow/example_dags/example_short_circuit_decorator.py
[2023-07-31T19:52:37.076+0000] {processor.py:836} INFO - DAG(s) dict_keys(['example_short_circuit_decorator']) retrieved from /home/airflow/.local/lib/python3.7/site-packages/airflow/example_dags/example_short_circuit_decorator.py
[2023-07-31T19:52:37.113+0000] {logging_mixin.py:150} INFO - [2023-07-31T19:52:37.113+0000] {dag.py:2742} INFO - Sync 1 DAGs
[2023-07-31T19:52:37.149+0000] {logging_mixin.py:150} INFO - [2023-07-31T19:52:37.149+0000] {dag.py:3508} INFO - Setting next_dagrun for example_short_circuit_decorator to 2023-07-30T19:52:37.149078+00:00, run_after=2023-07-31T19:52:37.149078+00:00
[2023-07-31T19:52:37.182+0000] {processor.py:179} INFO - Processing /home/airflow/.local/lib/python3.7/site-packages/airflow/example_dags/example_short_circuit_decorator.py took 0.130 seconds
[2023-07-31T19:53:07.343+0000] {processor.py:157} INFO - Started process (PID=417) to work on /home/airflow/.local/lib/python3.7/site-packages/airflow/example_dags/example_short_circuit_decorator.py
[2023-07-31T19:53:07.345+0000] {processor.py:826} INFO - Processing file /home/airflow/.local/lib/python3.7/site-packages/airflow/example_dags/example_short_circuit_decorator.py for tasks to queue
[2023-07-31T19:53:07.346+0000] {logging_mixin.py:150} INFO - [2023-07-31T19:53:07.346+0000] {dagbag.py:541} INFO - Filling up the DagBag from /home/airflow/.local/lib/python3.7/site-packages/airflow/example_dags/example_short_circuit_decorator.py
[2023-07-31T19:53:07.369+0000] {processor.py:836} INFO - DAG(s) dict_keys(['example_short_circuit_decorator']) retrieved from /home/airflow/.local/lib/python3.7/site-packages/airflow/example_dags/example_short_circuit_decorator.py
[2023-07-31T19:53:07.431+0000] {logging_mixin.py:150} INFO - [2023-07-31T19:53:07.431+0000] {dag.py:2742} INFO - Sync 1 DAGs
[2023-07-31T19:53:07.491+0000] {logging_mixin.py:150} INFO - [2023-07-31T19:53:07.491+0000] {dag.py:3508} INFO - Setting next_dagrun for example_short_circuit_decorator to 2023-07-30T19:53:07.490609+00:00, run_after=2023-07-31T19:53:07.490609+00:00
[2023-07-31T19:53:07.532+0000] {processor.py:179} INFO - Processing /home/airflow/.local/lib/python3.7/site-packages/airflow/example_dags/example_short_circuit_decorator.py took 0.200 seconds
[2023-07-31T19:53:37.869+0000] {processor.py:157} INFO - Started process (PID=478) to work on /home/airflow/.local/lib/python3.7/site-packages/airflow/example_dags/example_short_circuit_decorator.py
[2023-07-31T19:53:37.870+0000] {processor.py:826} INFO - Processing file /home/airflow/.local/lib/python3.7/site-packages/airflow/example_dags/example_short_circuit_decorator.py for tasks to queue
[2023-07-31T19:53:37.872+0000] {logging_mixin.py:150} INFO - [2023-07-31T19:53:37.871+0000] {dagbag.py:541} INFO - Filling up the DagBag from /home/airflow/.local/lib/python3.7/site-packages/airflow/example_dags/example_short_circuit_decorator.py
[2023-07-31T19:53:37.885+0000] {processor.py:836} INFO - DAG(s) dict_keys(['example_short_circuit_decorator']) retrieved from /home/airflow/.local/lib/python3.7/site-packages/airflow/example_dags/example_short_circuit_decorator.py
[2023-07-31T19:53:37.922+0000] {logging_mixin.py:150} INFO - [2023-07-31T19:53:37.921+0000] {dag.py:2742} INFO - Sync 1 DAGs
[2023-07-31T19:53:37.961+0000] {logging_mixin.py:150} INFO - [2023-07-31T19:53:37.961+0000] {dag.py:3508} INFO - Setting next_dagrun for example_short_circuit_decorator to 2023-07-30T19:53:37.961178+00:00, run_after=2023-07-31T19:53:37.961178+00:00
[2023-07-31T19:53:37.988+0000] {processor.py:179} INFO - Processing /home/airflow/.local/lib/python3.7/site-packages/airflow/example_dags/example_short_circuit_decorator.py took 0.122 seconds
[2023-07-31T19:54:08.238+0000] {processor.py:157} INFO - Started process (PID=539) to work on /home/airflow/.local/lib/python3.7/site-packages/airflow/example_dags/example_short_circuit_decorator.py
[2023-07-31T19:54:08.239+0000] {processor.py:826} INFO - Processing file /home/airflow/.local/lib/python3.7/site-packages/airflow/example_dags/example_short_circuit_decorator.py for tasks to queue
[2023-07-31T19:54:08.240+0000] {logging_mixin.py:150} INFO - [2023-07-31T19:54:08.240+0000] {dagbag.py:541} INFO - Filling up the DagBag from /home/airflow/.local/lib/python3.7/site-packages/airflow/example_dags/example_short_circuit_decorator.py
[2023-07-31T19:54:08.255+0000] {processor.py:836} INFO - DAG(s) dict_keys(['example_short_circuit_decorator']) retrieved from /home/airflow/.local/lib/python3.7/site-packages/airflow/example_dags/example_short_circuit_decorator.py
[2023-07-31T19:54:08.300+0000] {logging_mixin.py:150} INFO - [2023-07-31T19:54:08.300+0000] {dag.py:2742} INFO - Sync 1 DAGs
[2023-07-31T19:54:08.341+0000] {logging_mixin.py:150} INFO - [2023-07-31T19:54:08.341+0000] {dag.py:3508} INFO - Setting next_dagrun for example_short_circuit_decorator to 2023-07-30T19:54:08.340698+00:00, run_after=2023-07-31T19:54:08.340698+00:00
[2023-07-31T19:54:08.374+0000] {processor.py:179} INFO - Processing /home/airflow/.local/lib/python3.7/site-packages/airflow/example_dags/example_short_circuit_decorator.py took 0.140 seconds
[2023-07-31T19:54:38.497+0000] {processor.py:157} INFO - Started process (PID=600) to work on /home/airflow/.local/lib/python3.7/site-packages/airflow/example_dags/example_short_circuit_decorator.py
[2023-07-31T19:54:38.499+0000] {processor.py:826} INFO - Processing file /home/airflow/.local/lib/python3.7/site-packages/airflow/example_dags/example_short_circuit_decorator.py for tasks to queue
[2023-07-31T19:54:38.500+0000] {logging_mixin.py:150} INFO - [2023-07-31T19:54:38.500+0000] {dagbag.py:541} INFO - Filling up the DagBag from /home/airflow/.local/lib/python3.7/site-packages/airflow/example_dags/example_short_circuit_decorator.py
[2023-07-31T19:54:38.517+0000] {processor.py:836} INFO - DAG(s) dict_keys(['example_short_circuit_decorator']) retrieved from /home/airflow/.local/lib/python3.7/site-packages/airflow/example_dags/example_short_circuit_decorator.py
[2023-07-31T19:54:38.550+0000] {logging_mixin.py:150} INFO - [2023-07-31T19:54:38.550+0000] {dag.py:2742} INFO - Sync 1 DAGs
[2023-07-31T19:54:38.583+0000] {logging_mixin.py:150} INFO - [2023-07-31T19:54:38.582+0000] {dag.py:3508} INFO - Setting next_dagrun for example_short_circuit_decorator to 2023-07-30T19:54:38.582461+00:00, run_after=2023-07-31T19:54:38.582461+00:00
[2023-07-31T19:54:38.607+0000] {processor.py:179} INFO - Processing /home/airflow/.local/lib/python3.7/site-packages/airflow/example_dags/example_short_circuit_decorator.py took 0.117 seconds
[2023-07-31T19:55:08.739+0000] {processor.py:157} INFO - Started process (PID=661) to work on /home/airflow/.local/lib/python3.7/site-packages/airflow/example_dags/example_short_circuit_decorator.py
[2023-07-31T19:55:08.739+0000] {processor.py:826} INFO - Processing file /home/airflow/.local/lib/python3.7/site-packages/airflow/example_dags/example_short_circuit_decorator.py for tasks to queue
[2023-07-31T19:55:08.740+0000] {logging_mixin.py:150} INFO - [2023-07-31T19:55:08.740+0000] {dagbag.py:541} INFO - Filling up the DagBag from /home/airflow/.local/lib/python3.7/site-packages/airflow/example_dags/example_short_circuit_decorator.py
[2023-07-31T19:55:08.750+0000] {processor.py:836} INFO - DAG(s) dict_keys(['example_short_circuit_decorator']) retrieved from /home/airflow/.local/lib/python3.7/site-packages/airflow/example_dags/example_short_circuit_decorator.py
[2023-07-31T19:55:08.783+0000] {logging_mixin.py:150} INFO - [2023-07-31T19:55:08.783+0000] {dag.py:2742} INFO - Sync 1 DAGs
[2023-07-31T19:55:08.826+0000] {logging_mixin.py:150} INFO - [2023-07-31T19:55:08.826+0000] {dag.py:3508} INFO - Setting next_dagrun for example_short_circuit_decorator to 2023-07-30T19:55:08.826279+00:00, run_after=2023-07-31T19:55:08.826279+00:00
[2023-07-31T19:55:08.860+0000] {processor.py:179} INFO - Processing /home/airflow/.local/lib/python3.7/site-packages/airflow/example_dags/example_short_circuit_decorator.py took 0.126 seconds
[2023-07-31T19:55:39.293+0000] {processor.py:157} INFO - Started process (PID=722) to work on /home/airflow/.local/lib/python3.7/site-packages/airflow/example_dags/example_short_circuit_decorator.py
[2023-07-31T19:55:39.297+0000] {processor.py:826} INFO - Processing file /home/airflow/.local/lib/python3.7/site-packages/airflow/example_dags/example_short_circuit_decorator.py for tasks to queue
[2023-07-31T19:55:39.298+0000] {logging_mixin.py:150} INFO - [2023-07-31T19:55:39.298+0000] {dagbag.py:541} INFO - Filling up the DagBag from /home/airflow/.local/lib/python3.7/site-packages/airflow/example_dags/example_short_circuit_decorator.py
[2023-07-31T19:55:39.308+0000] {processor.py:836} INFO - DAG(s) dict_keys(['example_short_circuit_decorator']) retrieved from /home/airflow/.local/lib/python3.7/site-packages/airflow/example_dags/example_short_circuit_decorator.py
[2023-07-31T19:55:39.339+0000] {logging_mixin.py:150} INFO - [2023-07-31T19:55:39.338+0000] {dag.py:2742} INFO - Sync 1 DAGs
[2023-07-31T19:55:39.371+0000] {logging_mixin.py:150} INFO - [2023-07-31T19:55:39.370+0000] {dag.py:3508} INFO - Setting next_dagrun for example_short_circuit_decorator to 2023-07-30T19:55:39.370742+00:00, run_after=2023-07-31T19:55:39.370742+00:00
[2023-07-31T19:55:39.399+0000] {processor.py:179} INFO - Processing /home/airflow/.local/lib/python3.7/site-packages/airflow/example_dags/example_short_circuit_decorator.py took 0.111 seconds
[2023-07-31T19:56:09.627+0000] {processor.py:157} INFO - Started process (PID=783) to work on /home/airflow/.local/lib/python3.7/site-packages/airflow/example_dags/example_short_circuit_decorator.py
[2023-07-31T19:56:09.628+0000] {processor.py:826} INFO - Processing file /home/airflow/.local/lib/python3.7/site-packages/airflow/example_dags/example_short_circuit_decorator.py for tasks to queue
[2023-07-31T19:56:09.628+0000] {logging_mixin.py:150} INFO - [2023-07-31T19:56:09.628+0000] {dagbag.py:541} INFO - Filling up the DagBag from /home/airflow/.local/lib/python3.7/site-packages/airflow/example_dags/example_short_circuit_decorator.py
[2023-07-31T19:56:09.640+0000] {processor.py:836} INFO - DAG(s) dict_keys(['example_short_circuit_decorator']) retrieved from /home/airflow/.local/lib/python3.7/site-packages/airflow/example_dags/example_short_circuit_decorator.py
[2023-07-31T19:56:09.666+0000] {logging_mixin.py:150} INFO - [2023-07-31T19:56:09.666+0000] {dag.py:2742} INFO - Sync 1 DAGs
[2023-07-31T19:56:09.700+0000] {logging_mixin.py:150} INFO - [2023-07-31T19:56:09.700+0000] {dag.py:3508} INFO - Setting next_dagrun for example_short_circuit_decorator to 2023-07-30T19:56:09.699930+00:00, run_after=2023-07-31T19:56:09.699930+00:00
[2023-07-31T19:56:09.725+0000] {processor.py:179} INFO - Processing /home/airflow/.local/lib/python3.7/site-packages/airflow/example_dags/example_short_circuit_decorator.py took 0.101 seconds
[2023-07-31T19:56:40.029+0000] {processor.py:157} INFO - Started process (PID=844) to work on /home/airflow/.local/lib/python3.7/site-packages/airflow/example_dags/example_short_circuit_decorator.py
[2023-07-31T19:56:40.030+0000] {processor.py:826} INFO - Processing file /home/airflow/.local/lib/python3.7/site-packages/airflow/example_dags/example_short_circuit_decorator.py for tasks to queue
[2023-07-31T19:56:40.031+0000] {logging_mixin.py:150} INFO - [2023-07-31T19:56:40.031+0000] {dagbag.py:541} INFO - Filling up the DagBag from /home/airflow/.local/lib/python3.7/site-packages/airflow/example_dags/example_short_circuit_decorator.py
[2023-07-31T19:56:40.044+0000] {processor.py:836} INFO - DAG(s) dict_keys(['example_short_circuit_decorator']) retrieved from /home/airflow/.local/lib/python3.7/site-packages/airflow/example_dags/example_short_circuit_decorator.py
[2023-07-31T19:56:40.072+0000] {logging_mixin.py:150} INFO - [2023-07-31T19:56:40.072+0000] {dag.py:2742} INFO - Sync 1 DAGs
[2023-07-31T19:56:40.113+0000] {logging_mixin.py:150} INFO - [2023-07-31T19:56:40.113+0000] {dag.py:3508} INFO - Setting next_dagrun for example_short_circuit_decorator to 2023-07-30T19:56:40.111594+00:00, run_after=2023-07-31T19:56:40.111594+00:00
[2023-07-31T19:56:40.135+0000] {processor.py:179} INFO - Processing /home/airflow/.local/lib/python3.7/site-packages/airflow/example_dags/example_short_circuit_decorator.py took 0.111 seconds
[2023-07-31T19:57:10.478+0000] {processor.py:157} INFO - Started process (PID=905) to work on /home/airflow/.local/lib/python3.7/site-packages/airflow/example_dags/example_short_circuit_decorator.py
[2023-07-31T19:57:10.479+0000] {processor.py:826} INFO - Processing file /home/airflow/.local/lib/python3.7/site-packages/airflow/example_dags/example_short_circuit_decorator.py for tasks to queue
[2023-07-31T19:57:10.480+0000] {logging_mixin.py:150} INFO - [2023-07-31T19:57:10.480+0000] {dagbag.py:541} INFO - Filling up the DagBag from /home/airflow/.local/lib/python3.7/site-packages/airflow/example_dags/example_short_circuit_decorator.py
[2023-07-31T19:57:10.494+0000] {processor.py:836} INFO - DAG(s) dict_keys(['example_short_circuit_decorator']) retrieved from /home/airflow/.local/lib/python3.7/site-packages/airflow/example_dags/example_short_circuit_decorator.py
[2023-07-31T19:57:10.523+0000] {logging_mixin.py:150} INFO - [2023-07-31T19:57:10.523+0000] {dag.py:2742} INFO - Sync 1 DAGs
[2023-07-31T19:57:10.550+0000] {logging_mixin.py:150} INFO - [2023-07-31T19:57:10.550+0000] {dag.py:3508} INFO - Setting next_dagrun for example_short_circuit_decorator to 2023-07-30T19:57:10.550367+00:00, run_after=2023-07-31T19:57:10.550367+00:00
[2023-07-31T19:57:10.575+0000] {processor.py:179} INFO - Processing /home/airflow/.local/lib/python3.7/site-packages/airflow/example_dags/example_short_circuit_decorator.py took 0.100 seconds
[2023-07-31T19:57:41.368+0000] {processor.py:157} INFO - Started process (PID=966) to work on /home/airflow/.local/lib/python3.7/site-packages/airflow/example_dags/example_short_circuit_decorator.py
[2023-07-31T19:57:41.370+0000] {processor.py:826} INFO - Processing file /home/airflow/.local/lib/python3.7/site-packages/airflow/example_dags/example_short_circuit_decorator.py for tasks to queue
[2023-07-31T19:57:41.371+0000] {logging_mixin.py:150} INFO - [2023-07-31T19:57:41.371+0000] {dagbag.py:541} INFO - Filling up the DagBag from /home/airflow/.local/lib/python3.7/site-packages/airflow/example_dags/example_short_circuit_decorator.py
[2023-07-31T19:57:41.387+0000] {processor.py:836} INFO - DAG(s) dict_keys(['example_short_circuit_decorator']) retrieved from /home/airflow/.local/lib/python3.7/site-packages/airflow/example_dags/example_short_circuit_decorator.py
[2023-07-31T19:57:41.432+0000] {logging_mixin.py:150} INFO - [2023-07-31T19:57:41.432+0000] {dag.py:2742} INFO - Sync 1 DAGs
[2023-07-31T19:57:41.478+0000] {logging_mixin.py:150} INFO - [2023-07-31T19:57:41.477+0000] {dag.py:3508} INFO - Setting next_dagrun for example_short_circuit_decorator to 2023-07-30T19:57:41.477111+00:00, run_after=2023-07-31T19:57:41.477111+00:00
[2023-07-31T19:57:41.511+0000] {processor.py:179} INFO - Processing /home/airflow/.local/lib/python3.7/site-packages/airflow/example_dags/example_short_circuit_decorator.py took 0.147 seconds
[2023-07-31T19:58:12.408+0000] {processor.py:157} INFO - Started process (PID=1027) to work on /home/airflow/.local/lib/python3.7/site-packages/airflow/example_dags/example_short_circuit_decorator.py
[2023-07-31T19:58:12.409+0000] {processor.py:826} INFO - Processing file /home/airflow/.local/lib/python3.7/site-packages/airflow/example_dags/example_short_circuit_decorator.py for tasks to queue
[2023-07-31T19:58:12.411+0000] {logging_mixin.py:150} INFO - [2023-07-31T19:58:12.410+0000] {dagbag.py:541} INFO - Filling up the DagBag from /home/airflow/.local/lib/python3.7/site-packages/airflow/example_dags/example_short_circuit_decorator.py
[2023-07-31T19:58:12.426+0000] {processor.py:836} INFO - DAG(s) dict_keys(['example_short_circuit_decorator']) retrieved from /home/airflow/.local/lib/python3.7/site-packages/airflow/example_dags/example_short_circuit_decorator.py
[2023-07-31T19:58:12.455+0000] {logging_mixin.py:150} INFO - [2023-07-31T19:58:12.455+0000] {dag.py:2742} INFO - Sync 1 DAGs
[2023-07-31T19:58:12.487+0000] {logging_mixin.py:150} INFO - [2023-07-31T19:58:12.486+0000] {dag.py:3508} INFO - Setting next_dagrun for example_short_circuit_decorator to 2023-07-30T19:58:12.486575+00:00, run_after=2023-07-31T19:58:12.486575+00:00
[2023-07-31T19:58:12.507+0000] {processor.py:179} INFO - Processing /home/airflow/.local/lib/python3.7/site-packages/airflow/example_dags/example_short_circuit_decorator.py took 0.102 seconds
[2023-07-31T19:58:43.041+0000] {processor.py:157} INFO - Started process (PID=1088) to work on /home/airflow/.local/lib/python3.7/site-packages/airflow/example_dags/example_short_circuit_decorator.py
[2023-07-31T19:58:43.044+0000] {processor.py:826} INFO - Processing file /home/airflow/.local/lib/python3.7/site-packages/airflow/example_dags/example_short_circuit_decorator.py for tasks to queue
[2023-07-31T19:58:43.046+0000] {logging_mixin.py:150} INFO - [2023-07-31T19:58:43.045+0000] {dagbag.py:541} INFO - Filling up the DagBag from /home/airflow/.local/lib/python3.7/site-packages/airflow/example_dags/example_short_circuit_decorator.py
[2023-07-31T19:58:43.061+0000] {processor.py:836} INFO - DAG(s) dict_keys(['example_short_circuit_decorator']) retrieved from /home/airflow/.local/lib/python3.7/site-packages/airflow/example_dags/example_short_circuit_decorator.py
[2023-07-31T19:58:43.117+0000] {logging_mixin.py:150} INFO - [2023-07-31T19:58:43.117+0000] {dag.py:2742} INFO - Sync 1 DAGs
[2023-07-31T19:58:43.170+0000] {logging_mixin.py:150} INFO - [2023-07-31T19:58:43.169+0000] {dag.py:3508} INFO - Setting next_dagrun for example_short_circuit_decorator to 2023-07-30T19:58:43.169555+00:00, run_after=2023-07-31T19:58:43.169555+00:00
[2023-07-31T19:58:43.213+0000] {processor.py:179} INFO - Processing /home/airflow/.local/lib/python3.7/site-packages/airflow/example_dags/example_short_circuit_decorator.py took 0.177 seconds
[2023-07-31T20:00:58.027+0000] {processor.py:157} INFO - Started process (PID=53) to work on /home/airflow/.local/lib/python3.7/site-packages/airflow/example_dags/example_short_circuit_decorator.py
[2023-07-31T20:00:58.029+0000] {processor.py:826} INFO - Processing file /home/airflow/.local/lib/python3.7/site-packages/airflow/example_dags/example_short_circuit_decorator.py for tasks to queue
[2023-07-31T20:00:58.032+0000] {logging_mixin.py:150} INFO - [2023-07-31T20:00:58.031+0000] {dagbag.py:541} INFO - Filling up the DagBag from /home/airflow/.local/lib/python3.7/site-packages/airflow/example_dags/example_short_circuit_decorator.py
[2023-07-31T20:00:58.054+0000] {processor.py:836} INFO - DAG(s) dict_keys(['example_short_circuit_decorator']) retrieved from /home/airflow/.local/lib/python3.7/site-packages/airflow/example_dags/example_short_circuit_decorator.py
[2023-07-31T20:00:58.236+0000] {logging_mixin.py:150} INFO - [2023-07-31T20:00:58.236+0000] {dag.py:2742} INFO - Sync 1 DAGs
[2023-07-31T20:00:58.267+0000] {logging_mixin.py:150} INFO - [2023-07-31T20:00:58.267+0000] {dag.py:3508} INFO - Setting next_dagrun for example_short_circuit_decorator to 2023-07-30T20:00:58.267053+00:00, run_after=2023-07-31T20:00:58.267053+00:00
[2023-07-31T20:00:58.290+0000] {processor.py:179} INFO - Processing /home/airflow/.local/lib/python3.7/site-packages/airflow/example_dags/example_short_circuit_decorator.py took 0.270 seconds
[2023-07-31T20:01:28.314+0000] {processor.py:157} INFO - Started process (PID=115) to work on /home/airflow/.local/lib/python3.7/site-packages/airflow/example_dags/example_short_circuit_decorator.py
[2023-07-31T20:01:28.315+0000] {processor.py:826} INFO - Processing file /home/airflow/.local/lib/python3.7/site-packages/airflow/example_dags/example_short_circuit_decorator.py for tasks to queue
[2023-07-31T20:01:28.316+0000] {logging_mixin.py:150} INFO - [2023-07-31T20:01:28.315+0000] {dagbag.py:541} INFO - Filling up the DagBag from /home/airflow/.local/lib/python3.7/site-packages/airflow/example_dags/example_short_circuit_decorator.py
[2023-07-31T20:01:28.324+0000] {processor.py:836} INFO - DAG(s) dict_keys(['example_short_circuit_decorator']) retrieved from /home/airflow/.local/lib/python3.7/site-packages/airflow/example_dags/example_short_circuit_decorator.py
[2023-07-31T20:01:28.348+0000] {logging_mixin.py:150} INFO - [2023-07-31T20:01:28.348+0000] {dag.py:2742} INFO - Sync 1 DAGs
[2023-07-31T20:01:28.373+0000] {logging_mixin.py:150} INFO - [2023-07-31T20:01:28.373+0000] {dag.py:3508} INFO - Setting next_dagrun for example_short_circuit_decorator to 2023-07-30T20:01:28.372745+00:00, run_after=2023-07-31T20:01:28.372745+00:00
[2023-07-31T20:01:28.393+0000] {processor.py:179} INFO - Processing /home/airflow/.local/lib/python3.7/site-packages/airflow/example_dags/example_short_circuit_decorator.py took 0.082 seconds
[2023-07-31T20:01:58.731+0000] {processor.py:157} INFO - Started process (PID=177) to work on /home/airflow/.local/lib/python3.7/site-packages/airflow/example_dags/example_short_circuit_decorator.py
[2023-07-31T20:01:58.732+0000] {processor.py:826} INFO - Processing file /home/airflow/.local/lib/python3.7/site-packages/airflow/example_dags/example_short_circuit_decorator.py for tasks to queue
[2023-07-31T20:01:58.732+0000] {logging_mixin.py:150} INFO - [2023-07-31T20:01:58.732+0000] {dagbag.py:541} INFO - Filling up the DagBag from /home/airflow/.local/lib/python3.7/site-packages/airflow/example_dags/example_short_circuit_decorator.py
[2023-07-31T20:01:58.741+0000] {processor.py:836} INFO - DAG(s) dict_keys(['example_short_circuit_decorator']) retrieved from /home/airflow/.local/lib/python3.7/site-packages/airflow/example_dags/example_short_circuit_decorator.py
[2023-07-31T20:01:58.763+0000] {logging_mixin.py:150} INFO - [2023-07-31T20:01:58.763+0000] {dag.py:2742} INFO - Sync 1 DAGs
[2023-07-31T20:01:58.787+0000] {logging_mixin.py:150} INFO - [2023-07-31T20:01:58.787+0000] {dag.py:3508} INFO - Setting next_dagrun for example_short_circuit_decorator to 2023-07-30T20:01:58.786801+00:00, run_after=2023-07-31T20:01:58.786801+00:00
[2023-07-31T20:01:58.807+0000] {processor.py:179} INFO - Processing /home/airflow/.local/lib/python3.7/site-packages/airflow/example_dags/example_short_circuit_decorator.py took 0.079 seconds
