[2023-07-31T19:50:06.016+0000] {processor.py:157} INFO - Started process (PID=64) to work on /home/airflow/.local/lib/python3.7/site-packages/airflow/example_dags/example_branch_python_dop_operator_3.py
[2023-07-31T19:50:06.016+0000] {processor.py:826} INFO - Processing file /home/airflow/.local/lib/python3.7/site-packages/airflow/example_dags/example_branch_python_dop_operator_3.py for tasks to queue
[2023-07-31T19:50:06.017+0000] {logging_mixin.py:150} INFO - [2023-07-31T19:50:06.017+0000] {dagbag.py:541} INFO - Filling up the DagBag from /home/airflow/.local/lib/python3.7/site-packages/airflow/example_dags/example_branch_python_dop_operator_3.py
[2023-07-31T19:50:06.036+0000] {processor.py:836} INFO - DAG(s) dict_keys(['example_branch_dop_operator_v3']) retrieved from /home/airflow/.local/lib/python3.7/site-packages/airflow/example_dags/example_branch_python_dop_operator_3.py
[2023-07-31T19:50:06.206+0000] {logging_mixin.py:150} INFO - [2023-07-31T19:50:06.205+0000] {manager.py:504} INFO - Created Permission View: can delete on DAG:example_branch_dop_operator_v3
[2023-07-31T19:50:06.224+0000] {logging_mixin.py:150} INFO - [2023-07-31T19:50:06.224+0000] {manager.py:504} INFO - Created Permission View: can edit on DAG:example_branch_dop_operator_v3
[2023-07-31T19:50:06.233+0000] {logging_mixin.py:150} INFO - [2023-07-31T19:50:06.233+0000] {manager.py:504} INFO - Created Permission View: can read on DAG:example_branch_dop_operator_v3
[2023-07-31T19:50:06.288+0000] {logging_mixin.py:150} INFO - [2023-07-31T19:50:06.287+0000] {dag.py:2742} INFO - Sync 1 DAGs
[2023-07-31T19:50:06.340+0000] {logging_mixin.py:150} INFO - [2023-07-31T19:50:06.339+0000] {dag.py:2763} INFO - Creating ORM DAG for example_branch_dop_operator_v3
[2023-07-31T19:50:06.366+0000] {logging_mixin.py:150} INFO - [2023-07-31T19:50:06.366+0000] {dag.py:3508} INFO - Setting next_dagrun for example_branch_dop_operator_v3 to 2023-07-31T19:49:00+00:00, run_after=2023-07-31T19:50:00+00:00
[2023-07-31T19:50:06.398+0000] {processor.py:179} INFO - Processing /home/airflow/.local/lib/python3.7/site-packages/airflow/example_dags/example_branch_python_dop_operator_3.py took 0.386 seconds
[2023-07-31T19:50:36.495+0000] {processor.py:157} INFO - Started process (PID=125) to work on /home/airflow/.local/lib/python3.7/site-packages/airflow/example_dags/example_branch_python_dop_operator_3.py
[2023-07-31T19:50:36.499+0000] {processor.py:826} INFO - Processing file /home/airflow/.local/lib/python3.7/site-packages/airflow/example_dags/example_branch_python_dop_operator_3.py for tasks to queue
[2023-07-31T19:50:36.500+0000] {logging_mixin.py:150} INFO - [2023-07-31T19:50:36.500+0000] {dagbag.py:541} INFO - Filling up the DagBag from /home/airflow/.local/lib/python3.7/site-packages/airflow/example_dags/example_branch_python_dop_operator_3.py
[2023-07-31T19:50:36.511+0000] {processor.py:836} INFO - DAG(s) dict_keys(['example_branch_dop_operator_v3']) retrieved from /home/airflow/.local/lib/python3.7/site-packages/airflow/example_dags/example_branch_python_dop_operator_3.py
[2023-07-31T19:50:36.552+0000] {logging_mixin.py:150} INFO - [2023-07-31T19:50:36.551+0000] {dag.py:2742} INFO - Sync 1 DAGs
[2023-07-31T19:50:36.602+0000] {logging_mixin.py:150} INFO - [2023-07-31T19:50:36.601+0000] {dag.py:3508} INFO - Setting next_dagrun for example_branch_dop_operator_v3 to 2023-07-31T19:49:00+00:00, run_after=2023-07-31T19:50:00+00:00
[2023-07-31T19:50:36.649+0000] {processor.py:179} INFO - Processing /home/airflow/.local/lib/python3.7/site-packages/airflow/example_dags/example_branch_python_dop_operator_3.py took 0.158 seconds
[2023-07-31T19:51:06.848+0000] {processor.py:157} INFO - Started process (PID=186) to work on /home/airflow/.local/lib/python3.7/site-packages/airflow/example_dags/example_branch_python_dop_operator_3.py
[2023-07-31T19:51:06.849+0000] {processor.py:826} INFO - Processing file /home/airflow/.local/lib/python3.7/site-packages/airflow/example_dags/example_branch_python_dop_operator_3.py for tasks to queue
[2023-07-31T19:51:06.850+0000] {logging_mixin.py:150} INFO - [2023-07-31T19:51:06.849+0000] {dagbag.py:541} INFO - Filling up the DagBag from /home/airflow/.local/lib/python3.7/site-packages/airflow/example_dags/example_branch_python_dop_operator_3.py
[2023-07-31T19:51:06.865+0000] {processor.py:836} INFO - DAG(s) dict_keys(['example_branch_dop_operator_v3']) retrieved from /home/airflow/.local/lib/python3.7/site-packages/airflow/example_dags/example_branch_python_dop_operator_3.py
[2023-07-31T19:51:06.904+0000] {logging_mixin.py:150} INFO - [2023-07-31T19:51:06.904+0000] {dag.py:2742} INFO - Sync 1 DAGs
[2023-07-31T19:51:06.961+0000] {logging_mixin.py:150} INFO - [2023-07-31T19:51:06.960+0000] {dag.py:3508} INFO - Setting next_dagrun for example_branch_dop_operator_v3 to 2023-07-31T19:50:00+00:00, run_after=2023-07-31T19:51:00+00:00
[2023-07-31T19:51:06.997+0000] {processor.py:179} INFO - Processing /home/airflow/.local/lib/python3.7/site-packages/airflow/example_dags/example_branch_python_dop_operator_3.py took 0.152 seconds
[2023-07-31T19:51:37.865+0000] {processor.py:157} INFO - Started process (PID=246) to work on /home/airflow/.local/lib/python3.7/site-packages/airflow/example_dags/example_branch_python_dop_operator_3.py
[2023-07-31T19:51:37.867+0000] {processor.py:826} INFO - Processing file /home/airflow/.local/lib/python3.7/site-packages/airflow/example_dags/example_branch_python_dop_operator_3.py for tasks to queue
[2023-07-31T19:51:37.868+0000] {logging_mixin.py:150} INFO - [2023-07-31T19:51:37.868+0000] {dagbag.py:541} INFO - Filling up the DagBag from /home/airflow/.local/lib/python3.7/site-packages/airflow/example_dags/example_branch_python_dop_operator_3.py
[2023-07-31T19:51:37.882+0000] {processor.py:836} INFO - DAG(s) dict_keys(['example_branch_dop_operator_v3']) retrieved from /home/airflow/.local/lib/python3.7/site-packages/airflow/example_dags/example_branch_python_dop_operator_3.py
[2023-07-31T19:51:37.922+0000] {logging_mixin.py:150} INFO - [2023-07-31T19:51:37.921+0000] {dag.py:2742} INFO - Sync 1 DAGs
[2023-07-31T19:51:37.968+0000] {logging_mixin.py:150} INFO - [2023-07-31T19:51:37.968+0000] {dag.py:3508} INFO - Setting next_dagrun for example_branch_dop_operator_v3 to 2023-07-31T19:50:00+00:00, run_after=2023-07-31T19:51:00+00:00
[2023-07-31T19:51:38.001+0000] {processor.py:179} INFO - Processing /home/airflow/.local/lib/python3.7/site-packages/airflow/example_dags/example_branch_python_dop_operator_3.py took 0.140 seconds
[2023-07-31T19:52:08.717+0000] {processor.py:157} INFO - Started process (PID=307) to work on /home/airflow/.local/lib/python3.7/site-packages/airflow/example_dags/example_branch_python_dop_operator_3.py
[2023-07-31T19:52:08.719+0000] {processor.py:826} INFO - Processing file /home/airflow/.local/lib/python3.7/site-packages/airflow/example_dags/example_branch_python_dop_operator_3.py for tasks to queue
[2023-07-31T19:52:08.720+0000] {logging_mixin.py:150} INFO - [2023-07-31T19:52:08.719+0000] {dagbag.py:541} INFO - Filling up the DagBag from /home/airflow/.local/lib/python3.7/site-packages/airflow/example_dags/example_branch_python_dop_operator_3.py
[2023-07-31T19:52:08.727+0000] {processor.py:836} INFO - DAG(s) dict_keys(['example_branch_dop_operator_v3']) retrieved from /home/airflow/.local/lib/python3.7/site-packages/airflow/example_dags/example_branch_python_dop_operator_3.py
[2023-07-31T19:52:08.758+0000] {logging_mixin.py:150} INFO - [2023-07-31T19:52:08.758+0000] {dag.py:2742} INFO - Sync 1 DAGs
[2023-07-31T19:52:08.790+0000] {logging_mixin.py:150} INFO - [2023-07-31T19:52:08.790+0000] {dag.py:3508} INFO - Setting next_dagrun for example_branch_dop_operator_v3 to 2023-07-31T19:51:00+00:00, run_after=2023-07-31T19:52:00+00:00
[2023-07-31T19:52:08.818+0000] {processor.py:179} INFO - Processing /home/airflow/.local/lib/python3.7/site-packages/airflow/example_dags/example_branch_python_dop_operator_3.py took 0.106 seconds
[2023-07-31T19:52:39.035+0000] {processor.py:157} INFO - Started process (PID=368) to work on /home/airflow/.local/lib/python3.7/site-packages/airflow/example_dags/example_branch_python_dop_operator_3.py
[2023-07-31T19:52:39.036+0000] {processor.py:826} INFO - Processing file /home/airflow/.local/lib/python3.7/site-packages/airflow/example_dags/example_branch_python_dop_operator_3.py for tasks to queue
[2023-07-31T19:52:39.037+0000] {logging_mixin.py:150} INFO - [2023-07-31T19:52:39.037+0000] {dagbag.py:541} INFO - Filling up the DagBag from /home/airflow/.local/lib/python3.7/site-packages/airflow/example_dags/example_branch_python_dop_operator_3.py
[2023-07-31T19:52:39.048+0000] {processor.py:836} INFO - DAG(s) dict_keys(['example_branch_dop_operator_v3']) retrieved from /home/airflow/.local/lib/python3.7/site-packages/airflow/example_dags/example_branch_python_dop_operator_3.py
[2023-07-31T19:52:39.074+0000] {logging_mixin.py:150} INFO - [2023-07-31T19:52:39.074+0000] {dag.py:2742} INFO - Sync 1 DAGs
[2023-07-31T19:52:39.112+0000] {logging_mixin.py:150} INFO - [2023-07-31T19:52:39.112+0000] {dag.py:3508} INFO - Setting next_dagrun for example_branch_dop_operator_v3 to 2023-07-31T19:51:00+00:00, run_after=2023-07-31T19:52:00+00:00
[2023-07-31T19:52:39.138+0000] {processor.py:179} INFO - Processing /home/airflow/.local/lib/python3.7/site-packages/airflow/example_dags/example_branch_python_dop_operator_3.py took 0.106 seconds
[2023-07-31T19:53:09.746+0000] {processor.py:157} INFO - Started process (PID=429) to work on /home/airflow/.local/lib/python3.7/site-packages/airflow/example_dags/example_branch_python_dop_operator_3.py
[2023-07-31T19:53:09.749+0000] {processor.py:826} INFO - Processing file /home/airflow/.local/lib/python3.7/site-packages/airflow/example_dags/example_branch_python_dop_operator_3.py for tasks to queue
[2023-07-31T19:53:09.751+0000] {logging_mixin.py:150} INFO - [2023-07-31T19:53:09.751+0000] {dagbag.py:541} INFO - Filling up the DagBag from /home/airflow/.local/lib/python3.7/site-packages/airflow/example_dags/example_branch_python_dop_operator_3.py
[2023-07-31T19:53:09.762+0000] {processor.py:836} INFO - DAG(s) dict_keys(['example_branch_dop_operator_v3']) retrieved from /home/airflow/.local/lib/python3.7/site-packages/airflow/example_dags/example_branch_python_dop_operator_3.py
[2023-07-31T19:53:09.861+0000] {logging_mixin.py:150} INFO - [2023-07-31T19:53:09.861+0000] {dag.py:2742} INFO - Sync 1 DAGs
[2023-07-31T19:53:09.937+0000] {logging_mixin.py:150} INFO - [2023-07-31T19:53:09.937+0000] {dag.py:3508} INFO - Setting next_dagrun for example_branch_dop_operator_v3 to 2023-07-31T19:52:00+00:00, run_after=2023-07-31T19:53:00+00:00
[2023-07-31T19:53:09.972+0000] {processor.py:179} INFO - Processing /home/airflow/.local/lib/python3.7/site-packages/airflow/example_dags/example_branch_python_dop_operator_3.py took 0.231 seconds
[2023-07-31T19:53:40.833+0000] {processor.py:157} INFO - Started process (PID=490) to work on /home/airflow/.local/lib/python3.7/site-packages/airflow/example_dags/example_branch_python_dop_operator_3.py
[2023-07-31T19:53:40.836+0000] {processor.py:826} INFO - Processing file /home/airflow/.local/lib/python3.7/site-packages/airflow/example_dags/example_branch_python_dop_operator_3.py for tasks to queue
[2023-07-31T19:53:40.837+0000] {logging_mixin.py:150} INFO - [2023-07-31T19:53:40.837+0000] {dagbag.py:541} INFO - Filling up the DagBag from /home/airflow/.local/lib/python3.7/site-packages/airflow/example_dags/example_branch_python_dop_operator_3.py
[2023-07-31T19:53:40.844+0000] {processor.py:836} INFO - DAG(s) dict_keys(['example_branch_dop_operator_v3']) retrieved from /home/airflow/.local/lib/python3.7/site-packages/airflow/example_dags/example_branch_python_dop_operator_3.py
[2023-07-31T19:53:40.884+0000] {logging_mixin.py:150} INFO - [2023-07-31T19:53:40.883+0000] {dag.py:2742} INFO - Sync 1 DAGs
[2023-07-31T19:53:40.911+0000] {logging_mixin.py:150} INFO - [2023-07-31T19:53:40.911+0000] {dag.py:3508} INFO - Setting next_dagrun for example_branch_dop_operator_v3 to 2023-07-31T19:52:00+00:00, run_after=2023-07-31T19:53:00+00:00
[2023-07-31T19:53:40.930+0000] {processor.py:179} INFO - Processing /home/airflow/.local/lib/python3.7/site-packages/airflow/example_dags/example_branch_python_dop_operator_3.py took 0.102 seconds
[2023-07-31T19:54:11.113+0000] {processor.py:157} INFO - Started process (PID=551) to work on /home/airflow/.local/lib/python3.7/site-packages/airflow/example_dags/example_branch_python_dop_operator_3.py
[2023-07-31T19:54:11.114+0000] {processor.py:826} INFO - Processing file /home/airflow/.local/lib/python3.7/site-packages/airflow/example_dags/example_branch_python_dop_operator_3.py for tasks to queue
[2023-07-31T19:54:11.114+0000] {logging_mixin.py:150} INFO - [2023-07-31T19:54:11.114+0000] {dagbag.py:541} INFO - Filling up the DagBag from /home/airflow/.local/lib/python3.7/site-packages/airflow/example_dags/example_branch_python_dop_operator_3.py
[2023-07-31T19:54:11.126+0000] {processor.py:836} INFO - DAG(s) dict_keys(['example_branch_dop_operator_v3']) retrieved from /home/airflow/.local/lib/python3.7/site-packages/airflow/example_dags/example_branch_python_dop_operator_3.py
[2023-07-31T19:54:11.156+0000] {logging_mixin.py:150} INFO - [2023-07-31T19:54:11.155+0000] {dag.py:2742} INFO - Sync 1 DAGs
[2023-07-31T19:54:11.198+0000] {logging_mixin.py:150} INFO - [2023-07-31T19:54:11.198+0000] {dag.py:3508} INFO - Setting next_dagrun for example_branch_dop_operator_v3 to 2023-07-31T19:53:00+00:00, run_after=2023-07-31T19:54:00+00:00
[2023-07-31T19:54:11.226+0000] {processor.py:179} INFO - Processing /home/airflow/.local/lib/python3.7/site-packages/airflow/example_dags/example_branch_python_dop_operator_3.py took 0.117 seconds
[2023-07-31T19:54:41.332+0000] {processor.py:157} INFO - Started process (PID=612) to work on /home/airflow/.local/lib/python3.7/site-packages/airflow/example_dags/example_branch_python_dop_operator_3.py
[2023-07-31T19:54:41.335+0000] {processor.py:826} INFO - Processing file /home/airflow/.local/lib/python3.7/site-packages/airflow/example_dags/example_branch_python_dop_operator_3.py for tasks to queue
[2023-07-31T19:54:41.336+0000] {logging_mixin.py:150} INFO - [2023-07-31T19:54:41.336+0000] {dagbag.py:541} INFO - Filling up the DagBag from /home/airflow/.local/lib/python3.7/site-packages/airflow/example_dags/example_branch_python_dop_operator_3.py
[2023-07-31T19:54:41.347+0000] {processor.py:836} INFO - DAG(s) dict_keys(['example_branch_dop_operator_v3']) retrieved from /home/airflow/.local/lib/python3.7/site-packages/airflow/example_dags/example_branch_python_dop_operator_3.py
[2023-07-31T19:54:41.373+0000] {logging_mixin.py:150} INFO - [2023-07-31T19:54:41.373+0000] {dag.py:2742} INFO - Sync 1 DAGs
[2023-07-31T19:54:41.416+0000] {logging_mixin.py:150} INFO - [2023-07-31T19:54:41.416+0000] {dag.py:3508} INFO - Setting next_dagrun for example_branch_dop_operator_v3 to 2023-07-31T19:53:00+00:00, run_after=2023-07-31T19:54:00+00:00
[2023-07-31T19:54:41.446+0000] {processor.py:179} INFO - Processing /home/airflow/.local/lib/python3.7/site-packages/airflow/example_dags/example_branch_python_dop_operator_3.py took 0.118 seconds
[2023-07-31T19:55:11.590+0000] {processor.py:157} INFO - Started process (PID=673) to work on /home/airflow/.local/lib/python3.7/site-packages/airflow/example_dags/example_branch_python_dop_operator_3.py
[2023-07-31T19:55:11.591+0000] {processor.py:826} INFO - Processing file /home/airflow/.local/lib/python3.7/site-packages/airflow/example_dags/example_branch_python_dop_operator_3.py for tasks to queue
[2023-07-31T19:55:11.592+0000] {logging_mixin.py:150} INFO - [2023-07-31T19:55:11.592+0000] {dagbag.py:541} INFO - Filling up the DagBag from /home/airflow/.local/lib/python3.7/site-packages/airflow/example_dags/example_branch_python_dop_operator_3.py
[2023-07-31T19:55:11.600+0000] {processor.py:836} INFO - DAG(s) dict_keys(['example_branch_dop_operator_v3']) retrieved from /home/airflow/.local/lib/python3.7/site-packages/airflow/example_dags/example_branch_python_dop_operator_3.py
[2023-07-31T19:55:11.641+0000] {logging_mixin.py:150} INFO - [2023-07-31T19:55:11.641+0000] {dag.py:2742} INFO - Sync 1 DAGs
[2023-07-31T19:55:11.681+0000] {logging_mixin.py:150} INFO - [2023-07-31T19:55:11.681+0000] {dag.py:3508} INFO - Setting next_dagrun for example_branch_dop_operator_v3 to 2023-07-31T19:54:00+00:00, run_after=2023-07-31T19:55:00+00:00
[2023-07-31T19:55:11.712+0000] {processor.py:179} INFO - Processing /home/airflow/.local/lib/python3.7/site-packages/airflow/example_dags/example_branch_python_dop_operator_3.py took 0.130 seconds
[2023-07-31T19:55:42.162+0000] {processor.py:157} INFO - Started process (PID=734) to work on /home/airflow/.local/lib/python3.7/site-packages/airflow/example_dags/example_branch_python_dop_operator_3.py
[2023-07-31T19:55:42.165+0000] {processor.py:826} INFO - Processing file /home/airflow/.local/lib/python3.7/site-packages/airflow/example_dags/example_branch_python_dop_operator_3.py for tasks to queue
[2023-07-31T19:55:42.166+0000] {logging_mixin.py:150} INFO - [2023-07-31T19:55:42.166+0000] {dagbag.py:541} INFO - Filling up the DagBag from /home/airflow/.local/lib/python3.7/site-packages/airflow/example_dags/example_branch_python_dop_operator_3.py
[2023-07-31T19:55:42.173+0000] {processor.py:836} INFO - DAG(s) dict_keys(['example_branch_dop_operator_v3']) retrieved from /home/airflow/.local/lib/python3.7/site-packages/airflow/example_dags/example_branch_python_dop_operator_3.py
[2023-07-31T19:55:42.201+0000] {logging_mixin.py:150} INFO - [2023-07-31T19:55:42.201+0000] {dag.py:2742} INFO - Sync 1 DAGs
[2023-07-31T19:55:42.244+0000] {logging_mixin.py:150} INFO - [2023-07-31T19:55:42.243+0000] {dag.py:3508} INFO - Setting next_dagrun for example_branch_dop_operator_v3 to 2023-07-31T19:54:00+00:00, run_after=2023-07-31T19:55:00+00:00
[2023-07-31T19:55:42.269+0000] {processor.py:179} INFO - Processing /home/airflow/.local/lib/python3.7/site-packages/airflow/example_dags/example_branch_python_dop_operator_3.py took 0.111 seconds
[2023-07-31T19:56:12.429+0000] {processor.py:157} INFO - Started process (PID=795) to work on /home/airflow/.local/lib/python3.7/site-packages/airflow/example_dags/example_branch_python_dop_operator_3.py
[2023-07-31T19:56:12.429+0000] {processor.py:826} INFO - Processing file /home/airflow/.local/lib/python3.7/site-packages/airflow/example_dags/example_branch_python_dop_operator_3.py for tasks to queue
[2023-07-31T19:56:12.430+0000] {logging_mixin.py:150} INFO - [2023-07-31T19:56:12.430+0000] {dagbag.py:541} INFO - Filling up the DagBag from /home/airflow/.local/lib/python3.7/site-packages/airflow/example_dags/example_branch_python_dop_operator_3.py
[2023-07-31T19:56:12.444+0000] {processor.py:836} INFO - DAG(s) dict_keys(['example_branch_dop_operator_v3']) retrieved from /home/airflow/.local/lib/python3.7/site-packages/airflow/example_dags/example_branch_python_dop_operator_3.py
[2023-07-31T19:56:12.472+0000] {logging_mixin.py:150} INFO - [2023-07-31T19:56:12.472+0000] {dag.py:2742} INFO - Sync 1 DAGs
[2023-07-31T19:56:12.513+0000] {logging_mixin.py:150} INFO - [2023-07-31T19:56:12.512+0000] {dag.py:3508} INFO - Setting next_dagrun for example_branch_dop_operator_v3 to 2023-07-31T19:55:00+00:00, run_after=2023-07-31T19:56:00+00:00
[2023-07-31T19:56:12.537+0000] {processor.py:179} INFO - Processing /home/airflow/.local/lib/python3.7/site-packages/airflow/example_dags/example_branch_python_dop_operator_3.py took 0.113 seconds
[2023-07-31T19:56:42.744+0000] {processor.py:157} INFO - Started process (PID=856) to work on /home/airflow/.local/lib/python3.7/site-packages/airflow/example_dags/example_branch_python_dop_operator_3.py
[2023-07-31T19:56:42.747+0000] {processor.py:826} INFO - Processing file /home/airflow/.local/lib/python3.7/site-packages/airflow/example_dags/example_branch_python_dop_operator_3.py for tasks to queue
[2023-07-31T19:56:42.748+0000] {logging_mixin.py:150} INFO - [2023-07-31T19:56:42.748+0000] {dagbag.py:541} INFO - Filling up the DagBag from /home/airflow/.local/lib/python3.7/site-packages/airflow/example_dags/example_branch_python_dop_operator_3.py
[2023-07-31T19:56:42.755+0000] {processor.py:836} INFO - DAG(s) dict_keys(['example_branch_dop_operator_v3']) retrieved from /home/airflow/.local/lib/python3.7/site-packages/airflow/example_dags/example_branch_python_dop_operator_3.py
[2023-07-31T19:56:42.781+0000] {logging_mixin.py:150} INFO - [2023-07-31T19:56:42.781+0000] {dag.py:2742} INFO - Sync 1 DAGs
[2023-07-31T19:56:42.816+0000] {logging_mixin.py:150} INFO - [2023-07-31T19:56:42.816+0000] {dag.py:3508} INFO - Setting next_dagrun for example_branch_dop_operator_v3 to 2023-07-31T19:55:00+00:00, run_after=2023-07-31T19:56:00+00:00
[2023-07-31T19:56:42.838+0000] {processor.py:179} INFO - Processing /home/airflow/.local/lib/python3.7/site-packages/airflow/example_dags/example_branch_python_dop_operator_3.py took 0.098 seconds
[2023-07-31T19:57:13.201+0000] {processor.py:157} INFO - Started process (PID=917) to work on /home/airflow/.local/lib/python3.7/site-packages/airflow/example_dags/example_branch_python_dop_operator_3.py
[2023-07-31T19:57:13.204+0000] {processor.py:826} INFO - Processing file /home/airflow/.local/lib/python3.7/site-packages/airflow/example_dags/example_branch_python_dop_operator_3.py for tasks to queue
[2023-07-31T19:57:13.205+0000] {logging_mixin.py:150} INFO - [2023-07-31T19:57:13.204+0000] {dagbag.py:541} INFO - Filling up the DagBag from /home/airflow/.local/lib/python3.7/site-packages/airflow/example_dags/example_branch_python_dop_operator_3.py
[2023-07-31T19:57:13.213+0000] {processor.py:836} INFO - DAG(s) dict_keys(['example_branch_dop_operator_v3']) retrieved from /home/airflow/.local/lib/python3.7/site-packages/airflow/example_dags/example_branch_python_dop_operator_3.py
[2023-07-31T19:57:13.242+0000] {logging_mixin.py:150} INFO - [2023-07-31T19:57:13.242+0000] {dag.py:2742} INFO - Sync 1 DAGs
[2023-07-31T19:57:13.278+0000] {logging_mixin.py:150} INFO - [2023-07-31T19:57:13.278+0000] {dag.py:3508} INFO - Setting next_dagrun for example_branch_dop_operator_v3 to 2023-07-31T19:56:00+00:00, run_after=2023-07-31T19:57:00+00:00
[2023-07-31T19:57:13.308+0000] {processor.py:179} INFO - Processing /home/airflow/.local/lib/python3.7/site-packages/airflow/example_dags/example_branch_python_dop_operator_3.py took 0.111 seconds
[2023-07-31T19:57:43.381+0000] {processor.py:157} INFO - Started process (PID=978) to work on /home/airflow/.local/lib/python3.7/site-packages/airflow/example_dags/example_branch_python_dop_operator_3.py
[2023-07-31T19:57:43.382+0000] {processor.py:826} INFO - Processing file /home/airflow/.local/lib/python3.7/site-packages/airflow/example_dags/example_branch_python_dop_operator_3.py for tasks to queue
[2023-07-31T19:57:43.383+0000] {logging_mixin.py:150} INFO - [2023-07-31T19:57:43.383+0000] {dagbag.py:541} INFO - Filling up the DagBag from /home/airflow/.local/lib/python3.7/site-packages/airflow/example_dags/example_branch_python_dop_operator_3.py
[2023-07-31T19:57:43.399+0000] {processor.py:836} INFO - DAG(s) dict_keys(['example_branch_dop_operator_v3']) retrieved from /home/airflow/.local/lib/python3.7/site-packages/airflow/example_dags/example_branch_python_dop_operator_3.py
[2023-07-31T19:57:43.434+0000] {logging_mixin.py:150} INFO - [2023-07-31T19:57:43.433+0000] {dag.py:2742} INFO - Sync 1 DAGs
[2023-07-31T19:57:43.481+0000] {logging_mixin.py:150} INFO - [2023-07-31T19:57:43.481+0000] {dag.py:3508} INFO - Setting next_dagrun for example_branch_dop_operator_v3 to 2023-07-31T19:56:00+00:00, run_after=2023-07-31T19:57:00+00:00
[2023-07-31T19:57:43.514+0000] {processor.py:179} INFO - Processing /home/airflow/.local/lib/python3.7/site-packages/airflow/example_dags/example_branch_python_dop_operator_3.py took 0.137 seconds
[2023-07-31T19:58:14.287+0000] {processor.py:157} INFO - Started process (PID=1046) to work on /home/airflow/.local/lib/python3.7/site-packages/airflow/example_dags/example_branch_python_dop_operator_3.py
[2023-07-31T19:58:14.288+0000] {processor.py:826} INFO - Processing file /home/airflow/.local/lib/python3.7/site-packages/airflow/example_dags/example_branch_python_dop_operator_3.py for tasks to queue
[2023-07-31T19:58:14.289+0000] {logging_mixin.py:150} INFO - [2023-07-31T19:58:14.289+0000] {dagbag.py:541} INFO - Filling up the DagBag from /home/airflow/.local/lib/python3.7/site-packages/airflow/example_dags/example_branch_python_dop_operator_3.py
[2023-07-31T19:58:14.297+0000] {processor.py:836} INFO - DAG(s) dict_keys(['example_branch_dop_operator_v3']) retrieved from /home/airflow/.local/lib/python3.7/site-packages/airflow/example_dags/example_branch_python_dop_operator_3.py
[2023-07-31T19:58:14.326+0000] {logging_mixin.py:150} INFO - [2023-07-31T19:58:14.326+0000] {dag.py:2742} INFO - Sync 1 DAGs
[2023-07-31T19:58:14.375+0000] {logging_mixin.py:150} INFO - [2023-07-31T19:58:14.375+0000] {dag.py:3508} INFO - Setting next_dagrun for example_branch_dop_operator_v3 to 2023-07-31T19:57:00+00:00, run_after=2023-07-31T19:58:00+00:00
[2023-07-31T19:58:14.412+0000] {processor.py:179} INFO - Processing /home/airflow/.local/lib/python3.7/site-packages/airflow/example_dags/example_branch_python_dop_operator_3.py took 0.128 seconds
[2023-07-31T19:58:45.242+0000] {processor.py:157} INFO - Started process (PID=1107) to work on /home/airflow/.local/lib/python3.7/site-packages/airflow/example_dags/example_branch_python_dop_operator_3.py
[2023-07-31T19:58:45.244+0000] {processor.py:826} INFO - Processing file /home/airflow/.local/lib/python3.7/site-packages/airflow/example_dags/example_branch_python_dop_operator_3.py for tasks to queue
[2023-07-31T19:58:45.245+0000] {logging_mixin.py:150} INFO - [2023-07-31T19:58:45.244+0000] {dagbag.py:541} INFO - Filling up the DagBag from /home/airflow/.local/lib/python3.7/site-packages/airflow/example_dags/example_branch_python_dop_operator_3.py
[2023-07-31T19:58:45.255+0000] {processor.py:836} INFO - DAG(s) dict_keys(['example_branch_dop_operator_v3']) retrieved from /home/airflow/.local/lib/python3.7/site-packages/airflow/example_dags/example_branch_python_dop_operator_3.py
[2023-07-31T19:58:45.292+0000] {logging_mixin.py:150} INFO - [2023-07-31T19:58:45.291+0000] {dag.py:2742} INFO - Sync 1 DAGs
[2023-07-31T19:58:45.359+0000] {logging_mixin.py:150} INFO - [2023-07-31T19:58:45.358+0000] {dag.py:3508} INFO - Setting next_dagrun for example_branch_dop_operator_v3 to 2023-07-31T19:57:00+00:00, run_after=2023-07-31T19:58:00+00:00
[2023-07-31T19:58:45.388+0000] {processor.py:179} INFO - Processing /home/airflow/.local/lib/python3.7/site-packages/airflow/example_dags/example_branch_python_dop_operator_3.py took 0.152 seconds
[2023-07-31T20:00:59.554+0000] {processor.py:157} INFO - Started process (PID=65) to work on /home/airflow/.local/lib/python3.7/site-packages/airflow/example_dags/example_branch_python_dop_operator_3.py
[2023-07-31T20:00:59.555+0000] {processor.py:826} INFO - Processing file /home/airflow/.local/lib/python3.7/site-packages/airflow/example_dags/example_branch_python_dop_operator_3.py for tasks to queue
[2023-07-31T20:00:59.557+0000] {logging_mixin.py:150} INFO - [2023-07-31T20:00:59.556+0000] {dagbag.py:541} INFO - Filling up the DagBag from /home/airflow/.local/lib/python3.7/site-packages/airflow/example_dags/example_branch_python_dop_operator_3.py
[2023-07-31T20:00:59.569+0000] {processor.py:836} INFO - DAG(s) dict_keys(['example_branch_dop_operator_v3']) retrieved from /home/airflow/.local/lib/python3.7/site-packages/airflow/example_dags/example_branch_python_dop_operator_3.py
[2023-07-31T20:00:59.704+0000] {logging_mixin.py:150} INFO - [2023-07-31T20:00:59.704+0000] {dag.py:2742} INFO - Sync 1 DAGs
[2023-07-31T20:00:59.739+0000] {logging_mixin.py:150} INFO - [2023-07-31T20:00:59.738+0000] {dag.py:3508} INFO - Setting next_dagrun for example_branch_dop_operator_v3 to 2023-07-31T19:59:00+00:00, run_after=2023-07-31T20:00:00+00:00
[2023-07-31T20:00:59.762+0000] {processor.py:179} INFO - Processing /home/airflow/.local/lib/python3.7/site-packages/airflow/example_dags/example_branch_python_dop_operator_3.py took 0.213 seconds
[2023-07-31T20:01:30.037+0000] {processor.py:157} INFO - Started process (PID=127) to work on /home/airflow/.local/lib/python3.7/site-packages/airflow/example_dags/example_branch_python_dop_operator_3.py
[2023-07-31T20:01:30.039+0000] {processor.py:826} INFO - Processing file /home/airflow/.local/lib/python3.7/site-packages/airflow/example_dags/example_branch_python_dop_operator_3.py for tasks to queue
[2023-07-31T20:01:30.039+0000] {logging_mixin.py:150} INFO - [2023-07-31T20:01:30.039+0000] {dagbag.py:541} INFO - Filling up the DagBag from /home/airflow/.local/lib/python3.7/site-packages/airflow/example_dags/example_branch_python_dop_operator_3.py
[2023-07-31T20:01:30.048+0000] {processor.py:836} INFO - DAG(s) dict_keys(['example_branch_dop_operator_v3']) retrieved from /home/airflow/.local/lib/python3.7/site-packages/airflow/example_dags/example_branch_python_dop_operator_3.py
[2023-07-31T20:01:30.070+0000] {logging_mixin.py:150} INFO - [2023-07-31T20:01:30.070+0000] {dag.py:2742} INFO - Sync 1 DAGs
[2023-07-31T20:01:30.098+0000] {logging_mixin.py:150} INFO - [2023-07-31T20:01:30.097+0000] {dag.py:3508} INFO - Setting next_dagrun for example_branch_dop_operator_v3 to 2023-07-31T20:00:00+00:00, run_after=2023-07-31T20:01:00+00:00
[2023-07-31T20:01:30.115+0000] {processor.py:179} INFO - Processing /home/airflow/.local/lib/python3.7/site-packages/airflow/example_dags/example_branch_python_dop_operator_3.py took 0.080 seconds
[2023-07-31T20:02:00.439+0000] {processor.py:157} INFO - Started process (PID=189) to work on /home/airflow/.local/lib/python3.7/site-packages/airflow/example_dags/example_branch_python_dop_operator_3.py
[2023-07-31T20:02:00.440+0000] {processor.py:826} INFO - Processing file /home/airflow/.local/lib/python3.7/site-packages/airflow/example_dags/example_branch_python_dop_operator_3.py for tasks to queue
[2023-07-31T20:02:00.441+0000] {logging_mixin.py:150} INFO - [2023-07-31T20:02:00.440+0000] {dagbag.py:541} INFO - Filling up the DagBag from /home/airflow/.local/lib/python3.7/site-packages/airflow/example_dags/example_branch_python_dop_operator_3.py
[2023-07-31T20:02:00.449+0000] {processor.py:836} INFO - DAG(s) dict_keys(['example_branch_dop_operator_v3']) retrieved from /home/airflow/.local/lib/python3.7/site-packages/airflow/example_dags/example_branch_python_dop_operator_3.py
[2023-07-31T20:02:00.473+0000] {logging_mixin.py:150} INFO - [2023-07-31T20:02:00.473+0000] {dag.py:2742} INFO - Sync 1 DAGs
[2023-07-31T20:02:00.502+0000] {logging_mixin.py:150} INFO - [2023-07-31T20:02:00.502+0000] {dag.py:3508} INFO - Setting next_dagrun for example_branch_dop_operator_v3 to 2023-07-31T20:01:00+00:00, run_after=2023-07-31T20:02:00+00:00
[2023-07-31T20:02:00.521+0000] {processor.py:179} INFO - Processing /home/airflow/.local/lib/python3.7/site-packages/airflow/example_dags/example_branch_python_dop_operator_3.py took 0.086 seconds
