[2023-07-31T19:49:54.439+0000] {processor.py:157} INFO - Started process (PID=34) to work on /home/airflow/.local/lib/python3.7/site-packages/airflow/example_dags/example_xcom.py
[2023-07-31T19:49:54.440+0000] {processor.py:826} INFO - Processing file /home/airflow/.local/lib/python3.7/site-packages/airflow/example_dags/example_xcom.py for tasks to queue
[2023-07-31T19:49:54.441+0000] {logging_mixin.py:150} INFO - [2023-07-31T19:49:54.441+0000] {dagbag.py:541} INFO - Filling up the DagBag from /home/airflow/.local/lib/python3.7/site-packages/airflow/example_dags/example_xcom.py
[2023-07-31T19:49:54.460+0000] {processor.py:836} INFO - DAG(s) dict_keys(['example_xcom']) retrieved from /home/airflow/.local/lib/python3.7/site-packages/airflow/example_dags/example_xcom.py
[2023-07-31T19:49:54.699+0000] {logging_mixin.py:150} INFO - [2023-07-31T19:49:54.699+0000] {manager.py:504} INFO - Created Permission View: can delete on DAG:example_xcom
[2023-07-31T19:49:54.739+0000] {logging_mixin.py:150} INFO - [2023-07-31T19:49:54.738+0000] {manager.py:504} INFO - Created Permission View: can edit on DAG:example_xcom
[2023-07-31T19:49:54.768+0000] {logging_mixin.py:150} INFO - [2023-07-31T19:49:54.767+0000] {manager.py:504} INFO - Created Permission View: can read on DAG:example_xcom
[2023-07-31T19:49:54.807+0000] {logging_mixin.py:150} INFO - [2023-07-31T19:49:54.807+0000] {dag.py:2742} INFO - Sync 1 DAGs
[2023-07-31T19:49:54.838+0000] {logging_mixin.py:150} INFO - [2023-07-31T19:49:54.837+0000] {dag.py:2763} INFO - Creating ORM DAG for example_xcom
[2023-07-31T19:49:54.862+0000] {logging_mixin.py:150} INFO - [2023-07-31T19:49:54.861+0000] {dag.py:3508} INFO - Setting next_dagrun for example_xcom to 2021-01-01T00:00:00+00:00, run_after=2021-01-01T00:00:00+00:00
[2023-07-31T19:49:55.022+0000] {processor.py:179} INFO - Processing /home/airflow/.local/lib/python3.7/site-packages/airflow/example_dags/example_xcom.py took 0.586 seconds
[2023-07-31T19:50:27.341+0000] {processor.py:157} INFO - Started process (PID=95) to work on /home/airflow/.local/lib/python3.7/site-packages/airflow/example_dags/example_xcom.py
[2023-07-31T19:50:27.342+0000] {processor.py:826} INFO - Processing file /home/airflow/.local/lib/python3.7/site-packages/airflow/example_dags/example_xcom.py for tasks to queue
[2023-07-31T19:50:27.343+0000] {logging_mixin.py:150} INFO - [2023-07-31T19:50:27.343+0000] {dagbag.py:541} INFO - Filling up the DagBag from /home/airflow/.local/lib/python3.7/site-packages/airflow/example_dags/example_xcom.py
[2023-07-31T19:50:27.359+0000] {processor.py:836} INFO - DAG(s) dict_keys(['example_xcom']) retrieved from /home/airflow/.local/lib/python3.7/site-packages/airflow/example_dags/example_xcom.py
[2023-07-31T19:50:27.412+0000] {logging_mixin.py:150} INFO - [2023-07-31T19:50:27.412+0000] {dag.py:2742} INFO - Sync 1 DAGs
[2023-07-31T19:50:27.466+0000] {logging_mixin.py:150} INFO - [2023-07-31T19:50:27.466+0000] {dag.py:3508} INFO - Setting next_dagrun for example_xcom to 2021-01-01T00:00:00+00:00, run_after=2021-01-01T00:00:00+00:00
[2023-07-31T19:50:27.509+0000] {processor.py:179} INFO - Processing /home/airflow/.local/lib/python3.7/site-packages/airflow/example_dags/example_xcom.py took 0.175 seconds
[2023-07-31T19:50:57.672+0000] {processor.py:157} INFO - Started process (PID=156) to work on /home/airflow/.local/lib/python3.7/site-packages/airflow/example_dags/example_xcom.py
[2023-07-31T19:50:57.673+0000] {processor.py:826} INFO - Processing file /home/airflow/.local/lib/python3.7/site-packages/airflow/example_dags/example_xcom.py for tasks to queue
[2023-07-31T19:50:57.674+0000] {logging_mixin.py:150} INFO - [2023-07-31T19:50:57.674+0000] {dagbag.py:541} INFO - Filling up the DagBag from /home/airflow/.local/lib/python3.7/site-packages/airflow/example_dags/example_xcom.py
[2023-07-31T19:50:57.681+0000] {processor.py:836} INFO - DAG(s) dict_keys(['example_xcom']) retrieved from /home/airflow/.local/lib/python3.7/site-packages/airflow/example_dags/example_xcom.py
[2023-07-31T19:50:57.705+0000] {logging_mixin.py:150} INFO - [2023-07-31T19:50:57.705+0000] {dag.py:2742} INFO - Sync 1 DAGs
[2023-07-31T19:50:57.730+0000] {logging_mixin.py:150} INFO - [2023-07-31T19:50:57.729+0000] {dag.py:3508} INFO - Setting next_dagrun for example_xcom to 2021-01-01T00:00:00+00:00, run_after=2021-01-01T00:00:00+00:00
[2023-07-31T19:50:57.747+0000] {processor.py:179} INFO - Processing /home/airflow/.local/lib/python3.7/site-packages/airflow/example_dags/example_xcom.py took 0.079 seconds
[2023-07-31T19:51:28.147+0000] {processor.py:157} INFO - Started process (PID=216) to work on /home/airflow/.local/lib/python3.7/site-packages/airflow/example_dags/example_xcom.py
[2023-07-31T19:51:28.148+0000] {processor.py:826} INFO - Processing file /home/airflow/.local/lib/python3.7/site-packages/airflow/example_dags/example_xcom.py for tasks to queue
[2023-07-31T19:51:28.149+0000] {logging_mixin.py:150} INFO - [2023-07-31T19:51:28.148+0000] {dagbag.py:541} INFO - Filling up the DagBag from /home/airflow/.local/lib/python3.7/site-packages/airflow/example_dags/example_xcom.py
[2023-07-31T19:51:28.159+0000] {processor.py:836} INFO - DAG(s) dict_keys(['example_xcom']) retrieved from /home/airflow/.local/lib/python3.7/site-packages/airflow/example_dags/example_xcom.py
[2023-07-31T19:51:28.196+0000] {logging_mixin.py:150} INFO - [2023-07-31T19:51:28.196+0000] {dag.py:2742} INFO - Sync 1 DAGs
[2023-07-31T19:51:28.240+0000] {logging_mixin.py:150} INFO - [2023-07-31T19:51:28.240+0000] {dag.py:3508} INFO - Setting next_dagrun for example_xcom to 2021-01-01T00:00:00+00:00, run_after=2021-01-01T00:00:00+00:00
[2023-07-31T19:51:28.273+0000] {processor.py:179} INFO - Processing /home/airflow/.local/lib/python3.7/site-packages/airflow/example_dags/example_xcom.py took 0.130 seconds
[2023-07-31T19:51:58.456+0000] {processor.py:157} INFO - Started process (PID=277) to work on /home/airflow/.local/lib/python3.7/site-packages/airflow/example_dags/example_xcom.py
[2023-07-31T19:51:58.458+0000] {processor.py:826} INFO - Processing file /home/airflow/.local/lib/python3.7/site-packages/airflow/example_dags/example_xcom.py for tasks to queue
[2023-07-31T19:51:58.458+0000] {logging_mixin.py:150} INFO - [2023-07-31T19:51:58.458+0000] {dagbag.py:541} INFO - Filling up the DagBag from /home/airflow/.local/lib/python3.7/site-packages/airflow/example_dags/example_xcom.py
[2023-07-31T19:51:58.469+0000] {processor.py:836} INFO - DAG(s) dict_keys(['example_xcom']) retrieved from /home/airflow/.local/lib/python3.7/site-packages/airflow/example_dags/example_xcom.py
[2023-07-31T19:51:58.498+0000] {logging_mixin.py:150} INFO - [2023-07-31T19:51:58.498+0000] {dag.py:2742} INFO - Sync 1 DAGs
[2023-07-31T19:51:58.524+0000] {logging_mixin.py:150} INFO - [2023-07-31T19:51:58.524+0000] {dag.py:3508} INFO - Setting next_dagrun for example_xcom to 2021-01-01T00:00:00+00:00, run_after=2021-01-01T00:00:00+00:00
[2023-07-31T19:51:58.548+0000] {processor.py:179} INFO - Processing /home/airflow/.local/lib/python3.7/site-packages/airflow/example_dags/example_xcom.py took 0.095 seconds
[2023-07-31T19:52:28.731+0000] {processor.py:157} INFO - Started process (PID=338) to work on /home/airflow/.local/lib/python3.7/site-packages/airflow/example_dags/example_xcom.py
[2023-07-31T19:52:28.732+0000] {processor.py:826} INFO - Processing file /home/airflow/.local/lib/python3.7/site-packages/airflow/example_dags/example_xcom.py for tasks to queue
[2023-07-31T19:52:28.732+0000] {logging_mixin.py:150} INFO - [2023-07-31T19:52:28.732+0000] {dagbag.py:541} INFO - Filling up the DagBag from /home/airflow/.local/lib/python3.7/site-packages/airflow/example_dags/example_xcom.py
[2023-07-31T19:52:28.741+0000] {processor.py:836} INFO - DAG(s) dict_keys(['example_xcom']) retrieved from /home/airflow/.local/lib/python3.7/site-packages/airflow/example_dags/example_xcom.py
[2023-07-31T19:52:28.769+0000] {logging_mixin.py:150} INFO - [2023-07-31T19:52:28.768+0000] {dag.py:2742} INFO - Sync 1 DAGs
[2023-07-31T19:52:28.799+0000] {logging_mixin.py:150} INFO - [2023-07-31T19:52:28.799+0000] {dag.py:3508} INFO - Setting next_dagrun for example_xcom to 2021-01-01T00:00:00+00:00, run_after=2021-01-01T00:00:00+00:00
[2023-07-31T19:52:28.824+0000] {processor.py:179} INFO - Processing /home/airflow/.local/lib/python3.7/site-packages/airflow/example_dags/example_xcom.py took 0.096 seconds
[2023-07-31T19:52:59.304+0000] {processor.py:157} INFO - Started process (PID=399) to work on /home/airflow/.local/lib/python3.7/site-packages/airflow/example_dags/example_xcom.py
[2023-07-31T19:52:59.306+0000] {processor.py:826} INFO - Processing file /home/airflow/.local/lib/python3.7/site-packages/airflow/example_dags/example_xcom.py for tasks to queue
[2023-07-31T19:52:59.307+0000] {logging_mixin.py:150} INFO - [2023-07-31T19:52:59.306+0000] {dagbag.py:541} INFO - Filling up the DagBag from /home/airflow/.local/lib/python3.7/site-packages/airflow/example_dags/example_xcom.py
[2023-07-31T19:52:59.320+0000] {processor.py:836} INFO - DAG(s) dict_keys(['example_xcom']) retrieved from /home/airflow/.local/lib/python3.7/site-packages/airflow/example_dags/example_xcom.py
[2023-07-31T19:52:59.362+0000] {logging_mixin.py:150} INFO - [2023-07-31T19:52:59.362+0000] {dag.py:2742} INFO - Sync 1 DAGs
[2023-07-31T19:52:59.414+0000] {logging_mixin.py:150} INFO - [2023-07-31T19:52:59.414+0000] {dag.py:3508} INFO - Setting next_dagrun for example_xcom to 2021-01-01T00:00:00+00:00, run_after=2021-01-01T00:00:00+00:00
[2023-07-31T19:52:59.460+0000] {processor.py:179} INFO - Processing /home/airflow/.local/lib/python3.7/site-packages/airflow/example_dags/example_xcom.py took 0.160 seconds
[2023-07-31T19:53:30.303+0000] {processor.py:157} INFO - Started process (PID=460) to work on /home/airflow/.local/lib/python3.7/site-packages/airflow/example_dags/example_xcom.py
[2023-07-31T19:53:30.303+0000] {processor.py:826} INFO - Processing file /home/airflow/.local/lib/python3.7/site-packages/airflow/example_dags/example_xcom.py for tasks to queue
[2023-07-31T19:53:30.304+0000] {logging_mixin.py:150} INFO - [2023-07-31T19:53:30.304+0000] {dagbag.py:541} INFO - Filling up the DagBag from /home/airflow/.local/lib/python3.7/site-packages/airflow/example_dags/example_xcom.py
[2023-07-31T19:53:30.311+0000] {processor.py:836} INFO - DAG(s) dict_keys(['example_xcom']) retrieved from /home/airflow/.local/lib/python3.7/site-packages/airflow/example_dags/example_xcom.py
[2023-07-31T19:53:30.352+0000] {logging_mixin.py:150} INFO - [2023-07-31T19:53:30.352+0000] {dag.py:2742} INFO - Sync 1 DAGs
[2023-07-31T19:53:30.386+0000] {logging_mixin.py:150} INFO - [2023-07-31T19:53:30.386+0000] {dag.py:3508} INFO - Setting next_dagrun for example_xcom to 2021-01-01T00:00:00+00:00, run_after=2021-01-01T00:00:00+00:00
[2023-07-31T19:53:30.410+0000] {processor.py:179} INFO - Processing /home/airflow/.local/lib/python3.7/site-packages/airflow/example_dags/example_xcom.py took 0.110 seconds
[2023-07-31T19:54:01.035+0000] {processor.py:157} INFO - Started process (PID=521) to work on /home/airflow/.local/lib/python3.7/site-packages/airflow/example_dags/example_xcom.py
[2023-07-31T19:54:01.036+0000] {processor.py:826} INFO - Processing file /home/airflow/.local/lib/python3.7/site-packages/airflow/example_dags/example_xcom.py for tasks to queue
[2023-07-31T19:54:01.037+0000] {logging_mixin.py:150} INFO - [2023-07-31T19:54:01.037+0000] {dagbag.py:541} INFO - Filling up the DagBag from /home/airflow/.local/lib/python3.7/site-packages/airflow/example_dags/example_xcom.py
[2023-07-31T19:54:01.050+0000] {processor.py:836} INFO - DAG(s) dict_keys(['example_xcom']) retrieved from /home/airflow/.local/lib/python3.7/site-packages/airflow/example_dags/example_xcom.py
[2023-07-31T19:54:01.087+0000] {logging_mixin.py:150} INFO - [2023-07-31T19:54:01.087+0000] {dag.py:2742} INFO - Sync 1 DAGs
[2023-07-31T19:54:01.119+0000] {logging_mixin.py:150} INFO - [2023-07-31T19:54:01.119+0000] {dag.py:3508} INFO - Setting next_dagrun for example_xcom to 2021-01-01T00:00:00+00:00, run_after=2021-01-01T00:00:00+00:00
[2023-07-31T19:54:01.140+0000] {processor.py:179} INFO - Processing /home/airflow/.local/lib/python3.7/site-packages/airflow/example_dags/example_xcom.py took 0.108 seconds
[2023-07-31T19:54:31.226+0000] {processor.py:157} INFO - Started process (PID=582) to work on /home/airflow/.local/lib/python3.7/site-packages/airflow/example_dags/example_xcom.py
[2023-07-31T19:54:31.227+0000] {processor.py:826} INFO - Processing file /home/airflow/.local/lib/python3.7/site-packages/airflow/example_dags/example_xcom.py for tasks to queue
[2023-07-31T19:54:31.228+0000] {logging_mixin.py:150} INFO - [2023-07-31T19:54:31.227+0000] {dagbag.py:541} INFO - Filling up the DagBag from /home/airflow/.local/lib/python3.7/site-packages/airflow/example_dags/example_xcom.py
[2023-07-31T19:54:31.236+0000] {processor.py:836} INFO - DAG(s) dict_keys(['example_xcom']) retrieved from /home/airflow/.local/lib/python3.7/site-packages/airflow/example_dags/example_xcom.py
[2023-07-31T19:54:31.261+0000] {logging_mixin.py:150} INFO - [2023-07-31T19:54:31.261+0000] {dag.py:2742} INFO - Sync 1 DAGs
[2023-07-31T19:54:31.288+0000] {logging_mixin.py:150} INFO - [2023-07-31T19:54:31.288+0000] {dag.py:3508} INFO - Setting next_dagrun for example_xcom to 2021-01-01T00:00:00+00:00, run_after=2021-01-01T00:00:00+00:00
[2023-07-31T19:54:31.310+0000] {processor.py:179} INFO - Processing /home/airflow/.local/lib/python3.7/site-packages/airflow/example_dags/example_xcom.py took 0.087 seconds
[2023-07-31T19:55:01.376+0000] {processor.py:157} INFO - Started process (PID=643) to work on /home/airflow/.local/lib/python3.7/site-packages/airflow/example_dags/example_xcom.py
[2023-07-31T19:55:01.378+0000] {processor.py:826} INFO - Processing file /home/airflow/.local/lib/python3.7/site-packages/airflow/example_dags/example_xcom.py for tasks to queue
[2023-07-31T19:55:01.379+0000] {logging_mixin.py:150} INFO - [2023-07-31T19:55:01.378+0000] {dagbag.py:541} INFO - Filling up the DagBag from /home/airflow/.local/lib/python3.7/site-packages/airflow/example_dags/example_xcom.py
[2023-07-31T19:55:01.386+0000] {processor.py:836} INFO - DAG(s) dict_keys(['example_xcom']) retrieved from /home/airflow/.local/lib/python3.7/site-packages/airflow/example_dags/example_xcom.py
[2023-07-31T19:55:01.412+0000] {logging_mixin.py:150} INFO - [2023-07-31T19:55:01.412+0000] {dag.py:2742} INFO - Sync 1 DAGs
[2023-07-31T19:55:01.438+0000] {logging_mixin.py:150} INFO - [2023-07-31T19:55:01.437+0000] {dag.py:3508} INFO - Setting next_dagrun for example_xcom to 2021-01-01T00:00:00+00:00, run_after=2021-01-01T00:00:00+00:00
[2023-07-31T19:55:01.463+0000] {processor.py:179} INFO - Processing /home/airflow/.local/lib/python3.7/site-packages/airflow/example_dags/example_xcom.py took 0.092 seconds
[2023-07-31T19:55:31.887+0000] {processor.py:157} INFO - Started process (PID=704) to work on /home/airflow/.local/lib/python3.7/site-packages/airflow/example_dags/example_xcom.py
[2023-07-31T19:55:31.888+0000] {processor.py:826} INFO - Processing file /home/airflow/.local/lib/python3.7/site-packages/airflow/example_dags/example_xcom.py for tasks to queue
[2023-07-31T19:55:31.889+0000] {logging_mixin.py:150} INFO - [2023-07-31T19:55:31.889+0000] {dagbag.py:541} INFO - Filling up the DagBag from /home/airflow/.local/lib/python3.7/site-packages/airflow/example_dags/example_xcom.py
[2023-07-31T19:55:31.898+0000] {processor.py:836} INFO - DAG(s) dict_keys(['example_xcom']) retrieved from /home/airflow/.local/lib/python3.7/site-packages/airflow/example_dags/example_xcom.py
[2023-07-31T19:55:31.934+0000] {logging_mixin.py:150} INFO - [2023-07-31T19:55:31.933+0000] {dag.py:2742} INFO - Sync 1 DAGs
[2023-07-31T19:55:31.973+0000] {logging_mixin.py:150} INFO - [2023-07-31T19:55:31.973+0000] {dag.py:3508} INFO - Setting next_dagrun for example_xcom to 2021-01-01T00:00:00+00:00, run_after=2021-01-01T00:00:00+00:00
[2023-07-31T19:55:31.997+0000] {processor.py:179} INFO - Processing /home/airflow/.local/lib/python3.7/site-packages/airflow/example_dags/example_xcom.py took 0.115 seconds
[2023-07-31T19:56:02.325+0000] {processor.py:157} INFO - Started process (PID=765) to work on /home/airflow/.local/lib/python3.7/site-packages/airflow/example_dags/example_xcom.py
[2023-07-31T19:56:02.327+0000] {processor.py:826} INFO - Processing file /home/airflow/.local/lib/python3.7/site-packages/airflow/example_dags/example_xcom.py for tasks to queue
[2023-07-31T19:56:02.328+0000] {logging_mixin.py:150} INFO - [2023-07-31T19:56:02.328+0000] {dagbag.py:541} INFO - Filling up the DagBag from /home/airflow/.local/lib/python3.7/site-packages/airflow/example_dags/example_xcom.py
[2023-07-31T19:56:02.337+0000] {processor.py:836} INFO - DAG(s) dict_keys(['example_xcom']) retrieved from /home/airflow/.local/lib/python3.7/site-packages/airflow/example_dags/example_xcom.py
[2023-07-31T19:56:02.368+0000] {logging_mixin.py:150} INFO - [2023-07-31T19:56:02.368+0000] {dag.py:2742} INFO - Sync 1 DAGs
[2023-07-31T19:56:02.401+0000] {logging_mixin.py:150} INFO - [2023-07-31T19:56:02.401+0000] {dag.py:3508} INFO - Setting next_dagrun for example_xcom to 2021-01-01T00:00:00+00:00, run_after=2021-01-01T00:00:00+00:00
[2023-07-31T19:56:02.423+0000] {processor.py:179} INFO - Processing /home/airflow/.local/lib/python3.7/site-packages/airflow/example_dags/example_xcom.py took 0.102 seconds
[2023-07-31T19:56:32.732+0000] {processor.py:157} INFO - Started process (PID=826) to work on /home/airflow/.local/lib/python3.7/site-packages/airflow/example_dags/example_xcom.py
[2023-07-31T19:56:32.733+0000] {processor.py:826} INFO - Processing file /home/airflow/.local/lib/python3.7/site-packages/airflow/example_dags/example_xcom.py for tasks to queue
[2023-07-31T19:56:32.734+0000] {logging_mixin.py:150} INFO - [2023-07-31T19:56:32.734+0000] {dagbag.py:541} INFO - Filling up the DagBag from /home/airflow/.local/lib/python3.7/site-packages/airflow/example_dags/example_xcom.py
[2023-07-31T19:56:32.741+0000] {processor.py:836} INFO - DAG(s) dict_keys(['example_xcom']) retrieved from /home/airflow/.local/lib/python3.7/site-packages/airflow/example_dags/example_xcom.py
[2023-07-31T19:56:32.768+0000] {logging_mixin.py:150} INFO - [2023-07-31T19:56:32.766+0000] {dag.py:2742} INFO - Sync 1 DAGs
[2023-07-31T19:56:32.795+0000] {logging_mixin.py:150} INFO - [2023-07-31T19:56:32.795+0000] {dag.py:3508} INFO - Setting next_dagrun for example_xcom to 2021-01-01T00:00:00+00:00, run_after=2021-01-01T00:00:00+00:00
[2023-07-31T19:56:32.820+0000] {processor.py:179} INFO - Processing /home/airflow/.local/lib/python3.7/site-packages/airflow/example_dags/example_xcom.py took 0.091 seconds
[2023-07-31T19:57:03.119+0000] {processor.py:157} INFO - Started process (PID=887) to work on /home/airflow/.local/lib/python3.7/site-packages/airflow/example_dags/example_xcom.py
[2023-07-31T19:57:03.121+0000] {processor.py:826} INFO - Processing file /home/airflow/.local/lib/python3.7/site-packages/airflow/example_dags/example_xcom.py for tasks to queue
[2023-07-31T19:57:03.122+0000] {logging_mixin.py:150} INFO - [2023-07-31T19:57:03.121+0000] {dagbag.py:541} INFO - Filling up the DagBag from /home/airflow/.local/lib/python3.7/site-packages/airflow/example_dags/example_xcom.py
[2023-07-31T19:57:03.134+0000] {processor.py:836} INFO - DAG(s) dict_keys(['example_xcom']) retrieved from /home/airflow/.local/lib/python3.7/site-packages/airflow/example_dags/example_xcom.py
[2023-07-31T19:57:03.168+0000] {logging_mixin.py:150} INFO - [2023-07-31T19:57:03.168+0000] {dag.py:2742} INFO - Sync 1 DAGs
[2023-07-31T19:57:03.200+0000] {logging_mixin.py:150} INFO - [2023-07-31T19:57:03.200+0000] {dag.py:3508} INFO - Setting next_dagrun for example_xcom to 2021-01-01T00:00:00+00:00, run_after=2021-01-01T00:00:00+00:00
[2023-07-31T19:57:03.238+0000] {processor.py:179} INFO - Processing /home/airflow/.local/lib/python3.7/site-packages/airflow/example_dags/example_xcom.py took 0.123 seconds
[2023-07-31T19:57:33.938+0000] {processor.py:157} INFO - Started process (PID=948) to work on /home/airflow/.local/lib/python3.7/site-packages/airflow/example_dags/example_xcom.py
[2023-07-31T19:57:33.941+0000] {processor.py:826} INFO - Processing file /home/airflow/.local/lib/python3.7/site-packages/airflow/example_dags/example_xcom.py for tasks to queue
[2023-07-31T19:57:33.943+0000] {logging_mixin.py:150} INFO - [2023-07-31T19:57:33.942+0000] {dagbag.py:541} INFO - Filling up the DagBag from /home/airflow/.local/lib/python3.7/site-packages/airflow/example_dags/example_xcom.py
[2023-07-31T19:57:33.962+0000] {processor.py:836} INFO - DAG(s) dict_keys(['example_xcom']) retrieved from /home/airflow/.local/lib/python3.7/site-packages/airflow/example_dags/example_xcom.py
[2023-07-31T19:57:34.032+0000] {logging_mixin.py:150} INFO - [2023-07-31T19:57:34.031+0000] {dag.py:2742} INFO - Sync 1 DAGs
[2023-07-31T19:57:34.106+0000] {logging_mixin.py:150} INFO - [2023-07-31T19:57:34.105+0000] {dag.py:3508} INFO - Setting next_dagrun for example_xcom to 2021-01-01T00:00:00+00:00, run_after=2021-01-01T00:00:00+00:00
[2023-07-31T19:57:34.168+0000] {processor.py:179} INFO - Processing /home/airflow/.local/lib/python3.7/site-packages/airflow/example_dags/example_xcom.py took 0.239 seconds
[2023-07-31T19:58:04.973+0000] {processor.py:157} INFO - Started process (PID=1009) to work on /home/airflow/.local/lib/python3.7/site-packages/airflow/example_dags/example_xcom.py
[2023-07-31T19:58:04.976+0000] {processor.py:826} INFO - Processing file /home/airflow/.local/lib/python3.7/site-packages/airflow/example_dags/example_xcom.py for tasks to queue
[2023-07-31T19:58:04.977+0000] {logging_mixin.py:150} INFO - [2023-07-31T19:58:04.977+0000] {dagbag.py:541} INFO - Filling up the DagBag from /home/airflow/.local/lib/python3.7/site-packages/airflow/example_dags/example_xcom.py
[2023-07-31T19:58:04.983+0000] {processor.py:836} INFO - DAG(s) dict_keys(['example_xcom']) retrieved from /home/airflow/.local/lib/python3.7/site-packages/airflow/example_dags/example_xcom.py
[2023-07-31T19:58:05.015+0000] {logging_mixin.py:150} INFO - [2023-07-31T19:58:05.014+0000] {dag.py:2742} INFO - Sync 1 DAGs
[2023-07-31T19:58:05.044+0000] {logging_mixin.py:150} INFO - [2023-07-31T19:58:05.044+0000] {dag.py:3508} INFO - Setting next_dagrun for example_xcom to 2021-01-01T00:00:00+00:00, run_after=2021-01-01T00:00:00+00:00
[2023-07-31T19:58:05.069+0000] {processor.py:179} INFO - Processing /home/airflow/.local/lib/python3.7/site-packages/airflow/example_dags/example_xcom.py took 0.100 seconds
[2023-07-31T19:58:35.453+0000] {processor.py:157} INFO - Started process (PID=1070) to work on /home/airflow/.local/lib/python3.7/site-packages/airflow/example_dags/example_xcom.py
[2023-07-31T19:58:35.453+0000] {processor.py:826} INFO - Processing file /home/airflow/.local/lib/python3.7/site-packages/airflow/example_dags/example_xcom.py for tasks to queue
[2023-07-31T19:58:35.454+0000] {logging_mixin.py:150} INFO - [2023-07-31T19:58:35.454+0000] {dagbag.py:541} INFO - Filling up the DagBag from /home/airflow/.local/lib/python3.7/site-packages/airflow/example_dags/example_xcom.py
[2023-07-31T19:58:35.460+0000] {processor.py:836} INFO - DAG(s) dict_keys(['example_xcom']) retrieved from /home/airflow/.local/lib/python3.7/site-packages/airflow/example_dags/example_xcom.py
[2023-07-31T19:58:35.487+0000] {logging_mixin.py:150} INFO - [2023-07-31T19:58:35.487+0000] {dag.py:2742} INFO - Sync 1 DAGs
[2023-07-31T19:58:35.512+0000] {logging_mixin.py:150} INFO - [2023-07-31T19:58:35.512+0000] {dag.py:3508} INFO - Setting next_dagrun for example_xcom to 2021-01-01T00:00:00+00:00, run_after=2021-01-01T00:00:00+00:00
[2023-07-31T19:58:35.539+0000] {processor.py:179} INFO - Processing /home/airflow/.local/lib/python3.7/site-packages/airflow/example_dags/example_xcom.py took 0.092 seconds
[2023-07-31T20:00:42.007+0000] {processor.py:157} INFO - Started process (PID=35) to work on /home/airflow/.local/lib/python3.7/site-packages/airflow/example_dags/example_xcom.py
[2023-07-31T20:00:42.008+0000] {processor.py:826} INFO - Processing file /home/airflow/.local/lib/python3.7/site-packages/airflow/example_dags/example_xcom.py for tasks to queue
[2023-07-31T20:00:42.009+0000] {logging_mixin.py:150} INFO - [2023-07-31T20:00:42.009+0000] {dagbag.py:541} INFO - Filling up the DagBag from /home/airflow/.local/lib/python3.7/site-packages/airflow/example_dags/example_xcom.py
[2023-07-31T20:00:42.024+0000] {processor.py:836} INFO - DAG(s) dict_keys(['example_xcom']) retrieved from /home/airflow/.local/lib/python3.7/site-packages/airflow/example_dags/example_xcom.py
[2023-07-31T20:00:42.039+0000] {logging_mixin.py:150} INFO - [2023-07-31T20:00:42.038+0000] {dag.py:2742} INFO - Sync 1 DAGs
[2023-07-31T20:00:42.080+0000] {logging_mixin.py:150} INFO - [2023-07-31T20:00:42.080+0000] {dag.py:3508} INFO - Setting next_dagrun for example_xcom to 2021-01-01T00:00:00+00:00, run_after=2021-01-01T00:00:00+00:00
[2023-07-31T20:00:42.110+0000] {processor.py:179} INFO - Processing /home/airflow/.local/lib/python3.7/site-packages/airflow/example_dags/example_xcom.py took 0.107 seconds
[2023-07-31T20:01:15.741+0000] {processor.py:157} INFO - Started process (PID=97) to work on /home/airflow/.local/lib/python3.7/site-packages/airflow/example_dags/example_xcom.py
[2023-07-31T20:01:15.742+0000] {processor.py:826} INFO - Processing file /home/airflow/.local/lib/python3.7/site-packages/airflow/example_dags/example_xcom.py for tasks to queue
[2023-07-31T20:01:15.743+0000] {logging_mixin.py:150} INFO - [2023-07-31T20:01:15.743+0000] {dagbag.py:541} INFO - Filling up the DagBag from /home/airflow/.local/lib/python3.7/site-packages/airflow/example_dags/example_xcom.py
[2023-07-31T20:01:15.752+0000] {processor.py:836} INFO - DAG(s) dict_keys(['example_xcom']) retrieved from /home/airflow/.local/lib/python3.7/site-packages/airflow/example_dags/example_xcom.py
[2023-07-31T20:01:15.780+0000] {logging_mixin.py:150} INFO - [2023-07-31T20:01:15.780+0000] {dag.py:2742} INFO - Sync 1 DAGs
[2023-07-31T20:01:15.811+0000] {logging_mixin.py:150} INFO - [2023-07-31T20:01:15.810+0000] {dag.py:3508} INFO - Setting next_dagrun for example_xcom to 2021-01-01T00:00:00+00:00, run_after=2021-01-01T00:00:00+00:00
[2023-07-31T20:01:15.833+0000] {processor.py:179} INFO - Processing /home/airflow/.local/lib/python3.7/site-packages/airflow/example_dags/example_xcom.py took 0.096 seconds
[2023-07-31T20:01:46.485+0000] {processor.py:157} INFO - Started process (PID=159) to work on /home/airflow/.local/lib/python3.7/site-packages/airflow/example_dags/example_xcom.py
[2023-07-31T20:01:46.486+0000] {processor.py:826} INFO - Processing file /home/airflow/.local/lib/python3.7/site-packages/airflow/example_dags/example_xcom.py for tasks to queue
[2023-07-31T20:01:46.487+0000] {logging_mixin.py:150} INFO - [2023-07-31T20:01:46.486+0000] {dagbag.py:541} INFO - Filling up the DagBag from /home/airflow/.local/lib/python3.7/site-packages/airflow/example_dags/example_xcom.py
[2023-07-31T20:01:46.493+0000] {processor.py:836} INFO - DAG(s) dict_keys(['example_xcom']) retrieved from /home/airflow/.local/lib/python3.7/site-packages/airflow/example_dags/example_xcom.py
[2023-07-31T20:01:46.517+0000] {logging_mixin.py:150} INFO - [2023-07-31T20:01:46.517+0000] {dag.py:2742} INFO - Sync 1 DAGs
[2023-07-31T20:01:46.543+0000] {logging_mixin.py:150} INFO - [2023-07-31T20:01:46.543+0000] {dag.py:3508} INFO - Setting next_dagrun for example_xcom to 2021-01-01T00:00:00+00:00, run_after=2021-01-01T00:00:00+00:00
[2023-07-31T20:01:46.561+0000] {processor.py:179} INFO - Processing /home/airflow/.local/lib/python3.7/site-packages/airflow/example_dags/example_xcom.py took 0.079 seconds
[2023-07-31T20:02:16.728+0000] {processor.py:157} INFO - Started process (PID=221) to work on /home/airflow/.local/lib/python3.7/site-packages/airflow/example_dags/example_xcom.py
[2023-07-31T20:02:16.729+0000] {processor.py:826} INFO - Processing file /home/airflow/.local/lib/python3.7/site-packages/airflow/example_dags/example_xcom.py for tasks to queue
[2023-07-31T20:02:16.729+0000] {logging_mixin.py:150} INFO - [2023-07-31T20:02:16.729+0000] {dagbag.py:541} INFO - Filling up the DagBag from /home/airflow/.local/lib/python3.7/site-packages/airflow/example_dags/example_xcom.py
[2023-07-31T20:02:16.736+0000] {processor.py:836} INFO - DAG(s) dict_keys(['example_xcom']) retrieved from /home/airflow/.local/lib/python3.7/site-packages/airflow/example_dags/example_xcom.py
[2023-07-31T20:02:16.758+0000] {logging_mixin.py:150} INFO - [2023-07-31T20:02:16.758+0000] {dag.py:2742} INFO - Sync 1 DAGs
[2023-07-31T20:02:16.783+0000] {logging_mixin.py:150} INFO - [2023-07-31T20:02:16.782+0000] {dag.py:3508} INFO - Setting next_dagrun for example_xcom to 2021-01-01T00:00:00+00:00, run_after=2021-01-01T00:00:00+00:00
[2023-07-31T20:02:16.801+0000] {processor.py:179} INFO - Processing /home/airflow/.local/lib/python3.7/site-packages/airflow/example_dags/example_xcom.py took 0.076 seconds
