[2023-07-31T19:50:07.978+0000] {processor.py:157} INFO - Started process (PID=72) to work on /home/airflow/.local/lib/python3.7/site-packages/airflow/example_dags/example_xcomargs.py
[2023-07-31T19:50:07.979+0000] {processor.py:826} INFO - Processing file /home/airflow/.local/lib/python3.7/site-packages/airflow/example_dags/example_xcomargs.py for tasks to queue
[2023-07-31T19:50:07.981+0000] {logging_mixin.py:150} INFO - [2023-07-31T19:50:07.980+0000] {dagbag.py:541} INFO - Filling up the DagBag from /home/airflow/.local/lib/python3.7/site-packages/airflow/example_dags/example_xcomargs.py
[2023-07-31T19:50:08.008+0000] {processor.py:836} INFO - DAG(s) dict_keys(['example_xcom_args', 'example_xcom_args_with_operators']) retrieved from /home/airflow/.local/lib/python3.7/site-packages/airflow/example_dags/example_xcomargs.py
[2023-07-31T19:50:08.414+0000] {logging_mixin.py:150} INFO - [2023-07-31T19:50:08.414+0000] {manager.py:504} INFO - Created Permission View: can delete on DAG:example_xcom_args
[2023-07-31T19:50:08.458+0000] {logging_mixin.py:150} INFO - [2023-07-31T19:50:08.456+0000] {manager.py:504} INFO - Created Permission View: can edit on DAG:example_xcom_args
[2023-07-31T19:50:08.480+0000] {logging_mixin.py:150} INFO - [2023-07-31T19:50:08.480+0000] {manager.py:504} INFO - Created Permission View: can read on DAG:example_xcom_args
[2023-07-31T19:50:08.603+0000] {logging_mixin.py:150} INFO - [2023-07-31T19:50:08.602+0000] {manager.py:504} INFO - Created Permission View: can delete on DAG:example_xcom_args_with_operators
[2023-07-31T19:50:08.639+0000] {logging_mixin.py:150} INFO - [2023-07-31T19:50:08.637+0000] {manager.py:504} INFO - Created Permission View: can edit on DAG:example_xcom_args_with_operators
[2023-07-31T19:50:08.666+0000] {logging_mixin.py:150} INFO - [2023-07-31T19:50:08.665+0000] {manager.py:504} INFO - Created Permission View: can read on DAG:example_xcom_args_with_operators
[2023-07-31T19:50:08.692+0000] {logging_mixin.py:150} INFO - [2023-07-31T19:50:08.692+0000] {dag.py:2742} INFO - Sync 2 DAGs
[2023-07-31T19:50:08.729+0000] {logging_mixin.py:150} INFO - [2023-07-31T19:50:08.729+0000] {dag.py:2763} INFO - Creating ORM DAG for example_xcom_args_with_operators
[2023-07-31T19:50:08.730+0000] {logging_mixin.py:150} INFO - [2023-07-31T19:50:08.730+0000] {dag.py:2763} INFO - Creating ORM DAG for example_xcom_args
[2023-07-31T19:50:08.758+0000] {logging_mixin.py:150} INFO - [2023-07-31T19:50:08.758+0000] {dag.py:3508} INFO - Setting next_dagrun for example_xcom_args to None, run_after=None
[2023-07-31T19:50:08.759+0000] {logging_mixin.py:150} INFO - [2023-07-31T19:50:08.759+0000] {dag.py:3508} INFO - Setting next_dagrun for example_xcom_args_with_operators to None, run_after=None
[2023-07-31T19:50:08.824+0000] {processor.py:179} INFO - Processing /home/airflow/.local/lib/python3.7/site-packages/airflow/example_dags/example_xcomargs.py took 0.854 seconds
[2023-07-31T19:50:39.140+0000] {processor.py:157} INFO - Started process (PID=133) to work on /home/airflow/.local/lib/python3.7/site-packages/airflow/example_dags/example_xcomargs.py
[2023-07-31T19:50:39.141+0000] {processor.py:826} INFO - Processing file /home/airflow/.local/lib/python3.7/site-packages/airflow/example_dags/example_xcomargs.py for tasks to queue
[2023-07-31T19:50:39.144+0000] {logging_mixin.py:150} INFO - [2023-07-31T19:50:39.143+0000] {dagbag.py:541} INFO - Filling up the DagBag from /home/airflow/.local/lib/python3.7/site-packages/airflow/example_dags/example_xcomargs.py
[2023-07-31T19:50:39.155+0000] {processor.py:836} INFO - DAG(s) dict_keys(['example_xcom_args', 'example_xcom_args_with_operators']) retrieved from /home/airflow/.local/lib/python3.7/site-packages/airflow/example_dags/example_xcomargs.py
[2023-07-31T19:50:39.196+0000] {logging_mixin.py:150} INFO - [2023-07-31T19:50:39.196+0000] {dag.py:2742} INFO - Sync 2 DAGs
[2023-07-31T19:50:39.232+0000] {logging_mixin.py:150} INFO - [2023-07-31T19:50:39.232+0000] {dag.py:3508} INFO - Setting next_dagrun for example_xcom_args to None, run_after=None
[2023-07-31T19:50:39.236+0000] {logging_mixin.py:150} INFO - [2023-07-31T19:50:39.236+0000] {dag.py:3508} INFO - Setting next_dagrun for example_xcom_args_with_operators to None, run_after=None
[2023-07-31T19:50:39.267+0000] {processor.py:179} INFO - Processing /home/airflow/.local/lib/python3.7/site-packages/airflow/example_dags/example_xcomargs.py took 0.130 seconds
[2023-07-31T19:51:09.961+0000] {processor.py:157} INFO - Started process (PID=194) to work on /home/airflow/.local/lib/python3.7/site-packages/airflow/example_dags/example_xcomargs.py
[2023-07-31T19:51:09.962+0000] {processor.py:826} INFO - Processing file /home/airflow/.local/lib/python3.7/site-packages/airflow/example_dags/example_xcomargs.py for tasks to queue
[2023-07-31T19:51:09.963+0000] {logging_mixin.py:150} INFO - [2023-07-31T19:51:09.962+0000] {dagbag.py:541} INFO - Filling up the DagBag from /home/airflow/.local/lib/python3.7/site-packages/airflow/example_dags/example_xcomargs.py
[2023-07-31T19:51:09.976+0000] {processor.py:836} INFO - DAG(s) dict_keys(['example_xcom_args', 'example_xcom_args_with_operators']) retrieved from /home/airflow/.local/lib/python3.7/site-packages/airflow/example_dags/example_xcomargs.py
[2023-07-31T19:51:10.020+0000] {logging_mixin.py:150} INFO - [2023-07-31T19:51:10.020+0000] {dag.py:2742} INFO - Sync 2 DAGs
[2023-07-31T19:51:10.058+0000] {logging_mixin.py:150} INFO - [2023-07-31T19:51:10.057+0000] {dag.py:3508} INFO - Setting next_dagrun for example_xcom_args to None, run_after=None
[2023-07-31T19:51:10.063+0000] {logging_mixin.py:150} INFO - [2023-07-31T19:51:10.063+0000] {dag.py:3508} INFO - Setting next_dagrun for example_xcom_args_with_operators to None, run_after=None
[2023-07-31T19:51:10.096+0000] {processor.py:179} INFO - Processing /home/airflow/.local/lib/python3.7/site-packages/airflow/example_dags/example_xcomargs.py took 0.139 seconds
[2023-07-31T19:51:40.450+0000] {processor.py:157} INFO - Started process (PID=254) to work on /home/airflow/.local/lib/python3.7/site-packages/airflow/example_dags/example_xcomargs.py
[2023-07-31T19:51:40.451+0000] {processor.py:826} INFO - Processing file /home/airflow/.local/lib/python3.7/site-packages/airflow/example_dags/example_xcomargs.py for tasks to queue
[2023-07-31T19:51:40.452+0000] {logging_mixin.py:150} INFO - [2023-07-31T19:51:40.452+0000] {dagbag.py:541} INFO - Filling up the DagBag from /home/airflow/.local/lib/python3.7/site-packages/airflow/example_dags/example_xcomargs.py
[2023-07-31T19:51:40.464+0000] {processor.py:836} INFO - DAG(s) dict_keys(['example_xcom_args_with_operators', 'example_xcom_args']) retrieved from /home/airflow/.local/lib/python3.7/site-packages/airflow/example_dags/example_xcomargs.py
[2023-07-31T19:51:40.499+0000] {logging_mixin.py:150} INFO - [2023-07-31T19:51:40.499+0000] {dag.py:2742} INFO - Sync 2 DAGs
[2023-07-31T19:51:40.529+0000] {logging_mixin.py:150} INFO - [2023-07-31T19:51:40.528+0000] {dag.py:3508} INFO - Setting next_dagrun for example_xcom_args to None, run_after=None
[2023-07-31T19:51:40.533+0000] {logging_mixin.py:150} INFO - [2023-07-31T19:51:40.533+0000] {dag.py:3508} INFO - Setting next_dagrun for example_xcom_args_with_operators to None, run_after=None
[2023-07-31T19:51:40.552+0000] {processor.py:179} INFO - Processing /home/airflow/.local/lib/python3.7/site-packages/airflow/example_dags/example_xcomargs.py took 0.105 seconds
[2023-07-31T19:52:11.179+0000] {processor.py:157} INFO - Started process (PID=315) to work on /home/airflow/.local/lib/python3.7/site-packages/airflow/example_dags/example_xcomargs.py
[2023-07-31T19:52:11.180+0000] {processor.py:826} INFO - Processing file /home/airflow/.local/lib/python3.7/site-packages/airflow/example_dags/example_xcomargs.py for tasks to queue
[2023-07-31T19:52:11.181+0000] {logging_mixin.py:150} INFO - [2023-07-31T19:52:11.180+0000] {dagbag.py:541} INFO - Filling up the DagBag from /home/airflow/.local/lib/python3.7/site-packages/airflow/example_dags/example_xcomargs.py
[2023-07-31T19:52:11.191+0000] {processor.py:836} INFO - DAG(s) dict_keys(['example_xcom_args_with_operators', 'example_xcom_args']) retrieved from /home/airflow/.local/lib/python3.7/site-packages/airflow/example_dags/example_xcomargs.py
[2023-07-31T19:52:11.223+0000] {logging_mixin.py:150} INFO - [2023-07-31T19:52:11.223+0000] {dag.py:2742} INFO - Sync 2 DAGs
[2023-07-31T19:52:11.256+0000] {logging_mixin.py:150} INFO - [2023-07-31T19:52:11.256+0000] {dag.py:3508} INFO - Setting next_dagrun for example_xcom_args to None, run_after=None
[2023-07-31T19:52:11.260+0000] {logging_mixin.py:150} INFO - [2023-07-31T19:52:11.260+0000] {dag.py:3508} INFO - Setting next_dagrun for example_xcom_args_with_operators to None, run_after=None
[2023-07-31T19:52:11.283+0000] {processor.py:179} INFO - Processing /home/airflow/.local/lib/python3.7/site-packages/airflow/example_dags/example_xcomargs.py took 0.108 seconds
[2023-07-31T19:52:41.683+0000] {processor.py:157} INFO - Started process (PID=376) to work on /home/airflow/.local/lib/python3.7/site-packages/airflow/example_dags/example_xcomargs.py
[2023-07-31T19:52:41.684+0000] {processor.py:826} INFO - Processing file /home/airflow/.local/lib/python3.7/site-packages/airflow/example_dags/example_xcomargs.py for tasks to queue
[2023-07-31T19:52:41.685+0000] {logging_mixin.py:150} INFO - [2023-07-31T19:52:41.685+0000] {dagbag.py:541} INFO - Filling up the DagBag from /home/airflow/.local/lib/python3.7/site-packages/airflow/example_dags/example_xcomargs.py
[2023-07-31T19:52:41.696+0000] {processor.py:836} INFO - DAG(s) dict_keys(['example_xcom_args_with_operators', 'example_xcom_args']) retrieved from /home/airflow/.local/lib/python3.7/site-packages/airflow/example_dags/example_xcomargs.py
[2023-07-31T19:52:41.725+0000] {logging_mixin.py:150} INFO - [2023-07-31T19:52:41.724+0000] {dag.py:2742} INFO - Sync 2 DAGs
[2023-07-31T19:52:41.751+0000] {logging_mixin.py:150} INFO - [2023-07-31T19:52:41.751+0000] {dag.py:3508} INFO - Setting next_dagrun for example_xcom_args to None, run_after=None
[2023-07-31T19:52:41.755+0000] {logging_mixin.py:150} INFO - [2023-07-31T19:52:41.755+0000] {dag.py:3508} INFO - Setting next_dagrun for example_xcom_args_with_operators to None, run_after=None
[2023-07-31T19:52:41.778+0000] {processor.py:179} INFO - Processing /home/airflow/.local/lib/python3.7/site-packages/airflow/example_dags/example_xcomargs.py took 0.097 seconds
[2023-07-31T19:53:12.405+0000] {processor.py:157} INFO - Started process (PID=437) to work on /home/airflow/.local/lib/python3.7/site-packages/airflow/example_dags/example_xcomargs.py
[2023-07-31T19:53:12.407+0000] {processor.py:826} INFO - Processing file /home/airflow/.local/lib/python3.7/site-packages/airflow/example_dags/example_xcomargs.py for tasks to queue
[2023-07-31T19:53:12.407+0000] {logging_mixin.py:150} INFO - [2023-07-31T19:53:12.407+0000] {dagbag.py:541} INFO - Filling up the DagBag from /home/airflow/.local/lib/python3.7/site-packages/airflow/example_dags/example_xcomargs.py
[2023-07-31T19:53:12.418+0000] {processor.py:836} INFO - DAG(s) dict_keys(['example_xcom_args_with_operators', 'example_xcom_args']) retrieved from /home/airflow/.local/lib/python3.7/site-packages/airflow/example_dags/example_xcomargs.py
[2023-07-31T19:53:12.454+0000] {logging_mixin.py:150} INFO - [2023-07-31T19:53:12.454+0000] {dag.py:2742} INFO - Sync 2 DAGs
[2023-07-31T19:53:12.498+0000] {logging_mixin.py:150} INFO - [2023-07-31T19:53:12.498+0000] {dag.py:3508} INFO - Setting next_dagrun for example_xcom_args to None, run_after=None
[2023-07-31T19:53:12.503+0000] {logging_mixin.py:150} INFO - [2023-07-31T19:53:12.502+0000] {dag.py:3508} INFO - Setting next_dagrun for example_xcom_args_with_operators to None, run_after=None
[2023-07-31T19:53:12.535+0000] {processor.py:179} INFO - Processing /home/airflow/.local/lib/python3.7/site-packages/airflow/example_dags/example_xcomargs.py took 0.133 seconds
[2023-07-31T19:53:43.437+0000] {processor.py:157} INFO - Started process (PID=505) to work on /home/airflow/.local/lib/python3.7/site-packages/airflow/example_dags/example_xcomargs.py
[2023-07-31T19:53:43.438+0000] {processor.py:826} INFO - Processing file /home/airflow/.local/lib/python3.7/site-packages/airflow/example_dags/example_xcomargs.py for tasks to queue
[2023-07-31T19:53:43.440+0000] {logging_mixin.py:150} INFO - [2023-07-31T19:53:43.438+0000] {dagbag.py:541} INFO - Filling up the DagBag from /home/airflow/.local/lib/python3.7/site-packages/airflow/example_dags/example_xcomargs.py
[2023-07-31T19:53:43.456+0000] {processor.py:836} INFO - DAG(s) dict_keys(['example_xcom_args', 'example_xcom_args_with_operators']) retrieved from /home/airflow/.local/lib/python3.7/site-packages/airflow/example_dags/example_xcomargs.py
[2023-07-31T19:53:43.537+0000] {logging_mixin.py:150} INFO - [2023-07-31T19:53:43.537+0000] {dag.py:2742} INFO - Sync 2 DAGs
[2023-07-31T19:53:43.596+0000] {logging_mixin.py:150} INFO - [2023-07-31T19:53:43.596+0000] {dag.py:3508} INFO - Setting next_dagrun for example_xcom_args to None, run_after=None
[2023-07-31T19:53:43.603+0000] {logging_mixin.py:150} INFO - [2023-07-31T19:53:43.603+0000] {dag.py:3508} INFO - Setting next_dagrun for example_xcom_args_with_operators to None, run_after=None
[2023-07-31T19:53:43.634+0000] {processor.py:179} INFO - Processing /home/airflow/.local/lib/python3.7/site-packages/airflow/example_dags/example_xcomargs.py took 0.201 seconds
[2023-07-31T19:54:13.812+0000] {processor.py:157} INFO - Started process (PID=566) to work on /home/airflow/.local/lib/python3.7/site-packages/airflow/example_dags/example_xcomargs.py
[2023-07-31T19:54:13.813+0000] {processor.py:826} INFO - Processing file /home/airflow/.local/lib/python3.7/site-packages/airflow/example_dags/example_xcomargs.py for tasks to queue
[2023-07-31T19:54:13.814+0000] {logging_mixin.py:150} INFO - [2023-07-31T19:54:13.813+0000] {dagbag.py:541} INFO - Filling up the DagBag from /home/airflow/.local/lib/python3.7/site-packages/airflow/example_dags/example_xcomargs.py
[2023-07-31T19:54:13.822+0000] {processor.py:836} INFO - DAG(s) dict_keys(['example_xcom_args', 'example_xcom_args_with_operators']) retrieved from /home/airflow/.local/lib/python3.7/site-packages/airflow/example_dags/example_xcomargs.py
[2023-07-31T19:54:13.853+0000] {logging_mixin.py:150} INFO - [2023-07-31T19:54:13.853+0000] {dag.py:2742} INFO - Sync 2 DAGs
[2023-07-31T19:54:13.886+0000] {logging_mixin.py:150} INFO - [2023-07-31T19:54:13.886+0000] {dag.py:3508} INFO - Setting next_dagrun for example_xcom_args to None, run_after=None
[2023-07-31T19:54:13.891+0000] {logging_mixin.py:150} INFO - [2023-07-31T19:54:13.891+0000] {dag.py:3508} INFO - Setting next_dagrun for example_xcom_args_with_operators to None, run_after=None
[2023-07-31T19:54:13.917+0000] {processor.py:179} INFO - Processing /home/airflow/.local/lib/python3.7/site-packages/airflow/example_dags/example_xcomargs.py took 0.108 seconds
[2023-07-31T19:54:43.938+0000] {processor.py:157} INFO - Started process (PID=627) to work on /home/airflow/.local/lib/python3.7/site-packages/airflow/example_dags/example_xcomargs.py
[2023-07-31T19:54:43.939+0000] {processor.py:826} INFO - Processing file /home/airflow/.local/lib/python3.7/site-packages/airflow/example_dags/example_xcomargs.py for tasks to queue
[2023-07-31T19:54:43.942+0000] {logging_mixin.py:150} INFO - [2023-07-31T19:54:43.941+0000] {dagbag.py:541} INFO - Filling up the DagBag from /home/airflow/.local/lib/python3.7/site-packages/airflow/example_dags/example_xcomargs.py
[2023-07-31T19:54:43.950+0000] {processor.py:836} INFO - DAG(s) dict_keys(['example_xcom_args', 'example_xcom_args_with_operators']) retrieved from /home/airflow/.local/lib/python3.7/site-packages/airflow/example_dags/example_xcomargs.py
[2023-07-31T19:54:43.984+0000] {logging_mixin.py:150} INFO - [2023-07-31T19:54:43.984+0000] {dag.py:2742} INFO - Sync 2 DAGs
[2023-07-31T19:54:44.017+0000] {logging_mixin.py:150} INFO - [2023-07-31T19:54:44.016+0000] {dag.py:3508} INFO - Setting next_dagrun for example_xcom_args to None, run_after=None
[2023-07-31T19:54:44.021+0000] {logging_mixin.py:150} INFO - [2023-07-31T19:54:44.020+0000] {dag.py:3508} INFO - Setting next_dagrun for example_xcom_args_with_operators to None, run_after=None
[2023-07-31T19:54:44.044+0000] {processor.py:179} INFO - Processing /home/airflow/.local/lib/python3.7/site-packages/airflow/example_dags/example_xcomargs.py took 0.109 seconds
[2023-07-31T19:55:14.439+0000] {processor.py:157} INFO - Started process (PID=688) to work on /home/airflow/.local/lib/python3.7/site-packages/airflow/example_dags/example_xcomargs.py
[2023-07-31T19:55:14.440+0000] {processor.py:826} INFO - Processing file /home/airflow/.local/lib/python3.7/site-packages/airflow/example_dags/example_xcomargs.py for tasks to queue
[2023-07-31T19:55:14.441+0000] {logging_mixin.py:150} INFO - [2023-07-31T19:55:14.441+0000] {dagbag.py:541} INFO - Filling up the DagBag from /home/airflow/.local/lib/python3.7/site-packages/airflow/example_dags/example_xcomargs.py
[2023-07-31T19:55:14.454+0000] {processor.py:836} INFO - DAG(s) dict_keys(['example_xcom_args', 'example_xcom_args_with_operators']) retrieved from /home/airflow/.local/lib/python3.7/site-packages/airflow/example_dags/example_xcomargs.py
[2023-07-31T19:55:14.495+0000] {logging_mixin.py:150} INFO - [2023-07-31T19:55:14.495+0000] {dag.py:2742} INFO - Sync 2 DAGs
[2023-07-31T19:55:14.538+0000] {logging_mixin.py:150} INFO - [2023-07-31T19:55:14.537+0000] {dag.py:3508} INFO - Setting next_dagrun for example_xcom_args to None, run_after=None
[2023-07-31T19:55:14.542+0000] {logging_mixin.py:150} INFO - [2023-07-31T19:55:14.542+0000] {dag.py:3508} INFO - Setting next_dagrun for example_xcom_args_with_operators to None, run_after=None
[2023-07-31T19:55:14.570+0000] {processor.py:179} INFO - Processing /home/airflow/.local/lib/python3.7/site-packages/airflow/example_dags/example_xcomargs.py took 0.136 seconds
[2023-07-31T19:55:44.848+0000] {processor.py:157} INFO - Started process (PID=749) to work on /home/airflow/.local/lib/python3.7/site-packages/airflow/example_dags/example_xcomargs.py
[2023-07-31T19:55:44.849+0000] {processor.py:826} INFO - Processing file /home/airflow/.local/lib/python3.7/site-packages/airflow/example_dags/example_xcomargs.py for tasks to queue
[2023-07-31T19:55:44.849+0000] {logging_mixin.py:150} INFO - [2023-07-31T19:55:44.849+0000] {dagbag.py:541} INFO - Filling up the DagBag from /home/airflow/.local/lib/python3.7/site-packages/airflow/example_dags/example_xcomargs.py
[2023-07-31T19:55:44.860+0000] {processor.py:836} INFO - DAG(s) dict_keys(['example_xcom_args_with_operators', 'example_xcom_args']) retrieved from /home/airflow/.local/lib/python3.7/site-packages/airflow/example_dags/example_xcomargs.py
[2023-07-31T19:55:44.895+0000] {logging_mixin.py:150} INFO - [2023-07-31T19:55:44.894+0000] {dag.py:2742} INFO - Sync 2 DAGs
[2023-07-31T19:55:44.930+0000] {logging_mixin.py:150} INFO - [2023-07-31T19:55:44.930+0000] {dag.py:3508} INFO - Setting next_dagrun for example_xcom_args to None, run_after=None
[2023-07-31T19:55:44.935+0000] {logging_mixin.py:150} INFO - [2023-07-31T19:55:44.935+0000] {dag.py:3508} INFO - Setting next_dagrun for example_xcom_args_with_operators to None, run_after=None
[2023-07-31T19:55:44.959+0000] {processor.py:179} INFO - Processing /home/airflow/.local/lib/python3.7/site-packages/airflow/example_dags/example_xcomargs.py took 0.115 seconds
[2023-07-31T19:56:15.816+0000] {processor.py:157} INFO - Started process (PID=810) to work on /home/airflow/.local/lib/python3.7/site-packages/airflow/example_dags/example_xcomargs.py
[2023-07-31T19:56:15.817+0000] {processor.py:826} INFO - Processing file /home/airflow/.local/lib/python3.7/site-packages/airflow/example_dags/example_xcomargs.py for tasks to queue
[2023-07-31T19:56:15.818+0000] {logging_mixin.py:150} INFO - [2023-07-31T19:56:15.818+0000] {dagbag.py:541} INFO - Filling up the DagBag from /home/airflow/.local/lib/python3.7/site-packages/airflow/example_dags/example_xcomargs.py
[2023-07-31T19:56:15.827+0000] {processor.py:836} INFO - DAG(s) dict_keys(['example_xcom_args', 'example_xcom_args_with_operators']) retrieved from /home/airflow/.local/lib/python3.7/site-packages/airflow/example_dags/example_xcomargs.py
[2023-07-31T19:56:15.856+0000] {logging_mixin.py:150} INFO - [2023-07-31T19:56:15.855+0000] {dag.py:2742} INFO - Sync 2 DAGs
[2023-07-31T19:56:15.886+0000] {logging_mixin.py:150} INFO - [2023-07-31T19:56:15.886+0000] {dag.py:3508} INFO - Setting next_dagrun for example_xcom_args to None, run_after=None
[2023-07-31T19:56:15.890+0000] {logging_mixin.py:150} INFO - [2023-07-31T19:56:15.890+0000] {dag.py:3508} INFO - Setting next_dagrun for example_xcom_args_with_operators to None, run_after=None
[2023-07-31T19:56:15.916+0000] {processor.py:179} INFO - Processing /home/airflow/.local/lib/python3.7/site-packages/airflow/example_dags/example_xcomargs.py took 0.104 seconds
[2023-07-31T19:56:45.989+0000] {processor.py:157} INFO - Started process (PID=870) to work on /home/airflow/.local/lib/python3.7/site-packages/airflow/example_dags/example_xcomargs.py
[2023-07-31T19:56:45.990+0000] {processor.py:826} INFO - Processing file /home/airflow/.local/lib/python3.7/site-packages/airflow/example_dags/example_xcomargs.py for tasks to queue
[2023-07-31T19:56:45.991+0000] {logging_mixin.py:150} INFO - [2023-07-31T19:56:45.991+0000] {dagbag.py:541} INFO - Filling up the DagBag from /home/airflow/.local/lib/python3.7/site-packages/airflow/example_dags/example_xcomargs.py
[2023-07-31T19:56:45.999+0000] {processor.py:836} INFO - DAG(s) dict_keys(['example_xcom_args', 'example_xcom_args_with_operators']) retrieved from /home/airflow/.local/lib/python3.7/site-packages/airflow/example_dags/example_xcomargs.py
[2023-07-31T19:56:46.029+0000] {logging_mixin.py:150} INFO - [2023-07-31T19:56:46.029+0000] {dag.py:2742} INFO - Sync 2 DAGs
[2023-07-31T19:56:46.056+0000] {logging_mixin.py:150} INFO - [2023-07-31T19:56:46.055+0000] {dag.py:3508} INFO - Setting next_dagrun for example_xcom_args to None, run_after=None
[2023-07-31T19:56:46.060+0000] {logging_mixin.py:150} INFO - [2023-07-31T19:56:46.060+0000] {dag.py:3508} INFO - Setting next_dagrun for example_xcom_args_with_operators to None, run_after=None
[2023-07-31T19:56:46.080+0000] {processor.py:179} INFO - Processing /home/airflow/.local/lib/python3.7/site-packages/airflow/example_dags/example_xcomargs.py took 0.095 seconds
[2023-07-31T19:57:16.617+0000] {processor.py:157} INFO - Started process (PID=932) to work on /home/airflow/.local/lib/python3.7/site-packages/airflow/example_dags/example_xcomargs.py
[2023-07-31T19:57:16.618+0000] {processor.py:826} INFO - Processing file /home/airflow/.local/lib/python3.7/site-packages/airflow/example_dags/example_xcomargs.py for tasks to queue
[2023-07-31T19:57:16.618+0000] {logging_mixin.py:150} INFO - [2023-07-31T19:57:16.618+0000] {dagbag.py:541} INFO - Filling up the DagBag from /home/airflow/.local/lib/python3.7/site-packages/airflow/example_dags/example_xcomargs.py
[2023-07-31T19:57:16.627+0000] {processor.py:836} INFO - DAG(s) dict_keys(['example_xcom_args', 'example_xcom_args_with_operators']) retrieved from /home/airflow/.local/lib/python3.7/site-packages/airflow/example_dags/example_xcomargs.py
[2023-07-31T19:57:16.657+0000] {logging_mixin.py:150} INFO - [2023-07-31T19:57:16.657+0000] {dag.py:2742} INFO - Sync 2 DAGs
[2023-07-31T19:57:16.689+0000] {logging_mixin.py:150} INFO - [2023-07-31T19:57:16.688+0000] {dag.py:3508} INFO - Setting next_dagrun for example_xcom_args to None, run_after=None
[2023-07-31T19:57:16.694+0000] {logging_mixin.py:150} INFO - [2023-07-31T19:57:16.694+0000] {dag.py:3508} INFO - Setting next_dagrun for example_xcom_args_with_operators to None, run_after=None
[2023-07-31T19:57:16.730+0000] {processor.py:179} INFO - Processing /home/airflow/.local/lib/python3.7/site-packages/airflow/example_dags/example_xcomargs.py took 0.119 seconds
[2023-07-31T19:57:47.435+0000] {processor.py:157} INFO - Started process (PID=993) to work on /home/airflow/.local/lib/python3.7/site-packages/airflow/example_dags/example_xcomargs.py
[2023-07-31T19:57:47.437+0000] {processor.py:826} INFO - Processing file /home/airflow/.local/lib/python3.7/site-packages/airflow/example_dags/example_xcomargs.py for tasks to queue
[2023-07-31T19:57:47.441+0000] {logging_mixin.py:150} INFO - [2023-07-31T19:57:47.440+0000] {dagbag.py:541} INFO - Filling up the DagBag from /home/airflow/.local/lib/python3.7/site-packages/airflow/example_dags/example_xcomargs.py
[2023-07-31T19:57:47.454+0000] {processor.py:836} INFO - DAG(s) dict_keys(['example_xcom_args_with_operators', 'example_xcom_args']) retrieved from /home/airflow/.local/lib/python3.7/site-packages/airflow/example_dags/example_xcomargs.py
[2023-07-31T19:57:47.530+0000] {logging_mixin.py:150} INFO - [2023-07-31T19:57:47.529+0000] {dag.py:2742} INFO - Sync 2 DAGs
[2023-07-31T19:57:47.595+0000] {logging_mixin.py:150} INFO - [2023-07-31T19:57:47.594+0000] {dag.py:3508} INFO - Setting next_dagrun for example_xcom_args to None, run_after=None
[2023-07-31T19:57:47.610+0000] {logging_mixin.py:150} INFO - [2023-07-31T19:57:47.610+0000] {dag.py:3508} INFO - Setting next_dagrun for example_xcom_args_with_operators to None, run_after=None
[2023-07-31T19:57:47.662+0000] {processor.py:179} INFO - Processing /home/airflow/.local/lib/python3.7/site-packages/airflow/example_dags/example_xcomargs.py took 0.234 seconds
[2023-07-31T19:58:17.699+0000] {processor.py:157} INFO - Started process (PID=1053) to work on /home/airflow/.local/lib/python3.7/site-packages/airflow/example_dags/example_xcomargs.py
[2023-07-31T19:58:17.700+0000] {processor.py:826} INFO - Processing file /home/airflow/.local/lib/python3.7/site-packages/airflow/example_dags/example_xcomargs.py for tasks to queue
[2023-07-31T19:58:17.701+0000] {logging_mixin.py:150} INFO - [2023-07-31T19:58:17.701+0000] {dagbag.py:541} INFO - Filling up the DagBag from /home/airflow/.local/lib/python3.7/site-packages/airflow/example_dags/example_xcomargs.py
[2023-07-31T19:58:17.710+0000] {processor.py:836} INFO - DAG(s) dict_keys(['example_xcom_args', 'example_xcom_args_with_operators']) retrieved from /home/airflow/.local/lib/python3.7/site-packages/airflow/example_dags/example_xcomargs.py
[2023-07-31T19:58:17.741+0000] {logging_mixin.py:150} INFO - [2023-07-31T19:58:17.741+0000] {dag.py:2742} INFO - Sync 2 DAGs
[2023-07-31T19:58:17.770+0000] {logging_mixin.py:150} INFO - [2023-07-31T19:58:17.770+0000] {dag.py:3508} INFO - Setting next_dagrun for example_xcom_args to None, run_after=None
[2023-07-31T19:58:17.776+0000] {logging_mixin.py:150} INFO - [2023-07-31T19:58:17.776+0000] {dag.py:3508} INFO - Setting next_dagrun for example_xcom_args_with_operators to None, run_after=None
[2023-07-31T19:58:17.800+0000] {processor.py:179} INFO - Processing /home/airflow/.local/lib/python3.7/site-packages/airflow/example_dags/example_xcomargs.py took 0.107 seconds
[2023-07-31T19:58:47.925+0000] {processor.py:157} INFO - Started process (PID=1114) to work on /home/airflow/.local/lib/python3.7/site-packages/airflow/example_dags/example_xcomargs.py
[2023-07-31T19:58:47.926+0000] {processor.py:826} INFO - Processing file /home/airflow/.local/lib/python3.7/site-packages/airflow/example_dags/example_xcomargs.py for tasks to queue
[2023-07-31T19:58:47.927+0000] {logging_mixin.py:150} INFO - [2023-07-31T19:58:47.927+0000] {dagbag.py:541} INFO - Filling up the DagBag from /home/airflow/.local/lib/python3.7/site-packages/airflow/example_dags/example_xcomargs.py
[2023-07-31T19:58:47.940+0000] {processor.py:836} INFO - DAG(s) dict_keys(['example_xcom_args', 'example_xcom_args_with_operators']) retrieved from /home/airflow/.local/lib/python3.7/site-packages/airflow/example_dags/example_xcomargs.py
[2023-07-31T19:58:47.981+0000] {logging_mixin.py:150} INFO - [2023-07-31T19:58:47.980+0000] {dag.py:2742} INFO - Sync 2 DAGs
[2023-07-31T19:58:48.018+0000] {logging_mixin.py:150} INFO - [2023-07-31T19:58:48.017+0000] {dag.py:3508} INFO - Setting next_dagrun for example_xcom_args to None, run_after=None
[2023-07-31T19:58:48.023+0000] {logging_mixin.py:150} INFO - [2023-07-31T19:58:48.023+0000] {dag.py:3508} INFO - Setting next_dagrun for example_xcom_args_with_operators to None, run_after=None
[2023-07-31T19:58:48.046+0000] {processor.py:179} INFO - Processing /home/airflow/.local/lib/python3.7/site-packages/airflow/example_dags/example_xcomargs.py took 0.126 seconds
[2023-07-31T20:01:01.237+0000] {processor.py:157} INFO - Started process (PID=73) to work on /home/airflow/.local/lib/python3.7/site-packages/airflow/example_dags/example_xcomargs.py
[2023-07-31T20:01:01.238+0000] {processor.py:826} INFO - Processing file /home/airflow/.local/lib/python3.7/site-packages/airflow/example_dags/example_xcomargs.py for tasks to queue
[2023-07-31T20:01:01.239+0000] {logging_mixin.py:150} INFO - [2023-07-31T20:01:01.239+0000] {dagbag.py:541} INFO - Filling up the DagBag from /home/airflow/.local/lib/python3.7/site-packages/airflow/example_dags/example_xcomargs.py
[2023-07-31T20:01:01.247+0000] {processor.py:836} INFO - DAG(s) dict_keys(['example_xcom_args', 'example_xcom_args_with_operators']) retrieved from /home/airflow/.local/lib/python3.7/site-packages/airflow/example_dags/example_xcomargs.py
[2023-07-31T20:01:01.279+0000] {logging_mixin.py:150} INFO - [2023-07-31T20:01:01.279+0000] {dag.py:2742} INFO - Sync 2 DAGs
[2023-07-31T20:01:01.305+0000] {logging_mixin.py:150} INFO - [2023-07-31T20:01:01.305+0000] {dag.py:3508} INFO - Setting next_dagrun for example_xcom_args to None, run_after=None
[2023-07-31T20:01:01.309+0000] {logging_mixin.py:150} INFO - [2023-07-31T20:01:01.309+0000] {dag.py:3508} INFO - Setting next_dagrun for example_xcom_args_with_operators to None, run_after=None
[2023-07-31T20:01:01.328+0000] {processor.py:179} INFO - Processing /home/airflow/.local/lib/python3.7/site-packages/airflow/example_dags/example_xcomargs.py took 0.094 seconds
[2023-07-31T20:01:31.545+0000] {processor.py:157} INFO - Started process (PID=135) to work on /home/airflow/.local/lib/python3.7/site-packages/airflow/example_dags/example_xcomargs.py
[2023-07-31T20:01:31.547+0000] {processor.py:826} INFO - Processing file /home/airflow/.local/lib/python3.7/site-packages/airflow/example_dags/example_xcomargs.py for tasks to queue
[2023-07-31T20:01:31.547+0000] {logging_mixin.py:150} INFO - [2023-07-31T20:01:31.547+0000] {dagbag.py:541} INFO - Filling up the DagBag from /home/airflow/.local/lib/python3.7/site-packages/airflow/example_dags/example_xcomargs.py
[2023-07-31T20:01:31.554+0000] {processor.py:836} INFO - DAG(s) dict_keys(['example_xcom_args_with_operators', 'example_xcom_args']) retrieved from /home/airflow/.local/lib/python3.7/site-packages/airflow/example_dags/example_xcomargs.py
[2023-07-31T20:01:31.581+0000] {logging_mixin.py:150} INFO - [2023-07-31T20:01:31.581+0000] {dag.py:2742} INFO - Sync 2 DAGs
[2023-07-31T20:01:31.606+0000] {logging_mixin.py:150} INFO - [2023-07-31T20:01:31.605+0000] {dag.py:3508} INFO - Setting next_dagrun for example_xcom_args to None, run_after=None
[2023-07-31T20:01:31.609+0000] {logging_mixin.py:150} INFO - [2023-07-31T20:01:31.609+0000] {dag.py:3508} INFO - Setting next_dagrun for example_xcom_args_with_operators to None, run_after=None
[2023-07-31T20:01:31.626+0000] {processor.py:179} INFO - Processing /home/airflow/.local/lib/python3.7/site-packages/airflow/example_dags/example_xcomargs.py took 0.084 seconds
[2023-07-31T20:02:02.019+0000] {processor.py:157} INFO - Started process (PID=197) to work on /home/airflow/.local/lib/python3.7/site-packages/airflow/example_dags/example_xcomargs.py
[2023-07-31T20:02:02.019+0000] {processor.py:826} INFO - Processing file /home/airflow/.local/lib/python3.7/site-packages/airflow/example_dags/example_xcomargs.py for tasks to queue
[2023-07-31T20:02:02.020+0000] {logging_mixin.py:150} INFO - [2023-07-31T20:02:02.020+0000] {dagbag.py:541} INFO - Filling up the DagBag from /home/airflow/.local/lib/python3.7/site-packages/airflow/example_dags/example_xcomargs.py
[2023-07-31T20:02:02.027+0000] {processor.py:836} INFO - DAG(s) dict_keys(['example_xcom_args_with_operators', 'example_xcom_args']) retrieved from /home/airflow/.local/lib/python3.7/site-packages/airflow/example_dags/example_xcomargs.py
[2023-07-31T20:02:02.054+0000] {logging_mixin.py:150} INFO - [2023-07-31T20:02:02.054+0000] {dag.py:2742} INFO - Sync 2 DAGs
[2023-07-31T20:02:02.080+0000] {logging_mixin.py:150} INFO - [2023-07-31T20:02:02.080+0000] {dag.py:3508} INFO - Setting next_dagrun for example_xcom_args to None, run_after=None
[2023-07-31T20:02:02.085+0000] {logging_mixin.py:150} INFO - [2023-07-31T20:02:02.085+0000] {dag.py:3508} INFO - Setting next_dagrun for example_xcom_args_with_operators to None, run_after=None
[2023-07-31T20:02:02.104+0000] {processor.py:179} INFO - Processing /home/airflow/.local/lib/python3.7/site-packages/airflow/example_dags/example_xcomargs.py took 0.089 seconds
