[2023-07-31T19:50:04.951+0000] {processor.py:157} INFO - Started process (PID=59) to work on /home/airflow/.local/lib/python3.7/site-packages/airflow/example_dags/example_nested_branch_dag.py
[2023-07-31T19:50:04.954+0000] {processor.py:826} INFO - Processing file /home/airflow/.local/lib/python3.7/site-packages/airflow/example_dags/example_nested_branch_dag.py for tasks to queue
[2023-07-31T19:50:04.956+0000] {logging_mixin.py:150} INFO - [2023-07-31T19:50:04.955+0000] {dagbag.py:541} INFO - Filling up the DagBag from /home/airflow/.local/lib/python3.7/site-packages/airflow/example_dags/example_nested_branch_dag.py
[2023-07-31T19:50:04.975+0000] {processor.py:836} INFO - DAG(s) dict_keys(['example_nested_branch_dag']) retrieved from /home/airflow/.local/lib/python3.7/site-packages/airflow/example_dags/example_nested_branch_dag.py
[2023-07-31T19:50:05.140+0000] {logging_mixin.py:150} INFO - [2023-07-31T19:50:05.140+0000] {manager.py:504} INFO - Created Permission View: can delete on DAG:example_nested_branch_dag
[2023-07-31T19:50:05.156+0000] {logging_mixin.py:150} INFO - [2023-07-31T19:50:05.155+0000] {manager.py:504} INFO - Created Permission View: can edit on DAG:example_nested_branch_dag
[2023-07-31T19:50:05.164+0000] {logging_mixin.py:150} INFO - [2023-07-31T19:50:05.163+0000] {manager.py:504} INFO - Created Permission View: can read on DAG:example_nested_branch_dag
[2023-07-31T19:50:05.189+0000] {logging_mixin.py:150} INFO - [2023-07-31T19:50:05.189+0000] {dag.py:2742} INFO - Sync 1 DAGs
[2023-07-31T19:50:05.207+0000] {logging_mixin.py:150} INFO - [2023-07-31T19:50:05.206+0000] {dag.py:2763} INFO - Creating ORM DAG for example_nested_branch_dag
[2023-07-31T19:50:05.228+0000] {logging_mixin.py:150} INFO - [2023-07-31T19:50:05.227+0000] {dag.py:3508} INFO - Setting next_dagrun for example_nested_branch_dag to 2023-07-30T00:00:00+00:00, run_after=2023-07-31T00:00:00+00:00
[2023-07-31T19:50:05.258+0000] {processor.py:179} INFO - Processing /home/airflow/.local/lib/python3.7/site-packages/airflow/example_dags/example_nested_branch_dag.py took 0.311 seconds
[2023-07-31T19:50:35.758+0000] {processor.py:157} INFO - Started process (PID=120) to work on /home/airflow/.local/lib/python3.7/site-packages/airflow/example_dags/example_nested_branch_dag.py
[2023-07-31T19:50:35.759+0000] {processor.py:826} INFO - Processing file /home/airflow/.local/lib/python3.7/site-packages/airflow/example_dags/example_nested_branch_dag.py for tasks to queue
[2023-07-31T19:50:35.760+0000] {logging_mixin.py:150} INFO - [2023-07-31T19:50:35.760+0000] {dagbag.py:541} INFO - Filling up the DagBag from /home/airflow/.local/lib/python3.7/site-packages/airflow/example_dags/example_nested_branch_dag.py
[2023-07-31T19:50:35.775+0000] {processor.py:836} INFO - DAG(s) dict_keys(['example_nested_branch_dag']) retrieved from /home/airflow/.local/lib/python3.7/site-packages/airflow/example_dags/example_nested_branch_dag.py
[2023-07-31T19:50:35.823+0000] {logging_mixin.py:150} INFO - [2023-07-31T19:50:35.822+0000] {dag.py:2742} INFO - Sync 1 DAGs
[2023-07-31T19:50:35.876+0000] {logging_mixin.py:150} INFO - [2023-07-31T19:50:35.876+0000] {dag.py:3508} INFO - Setting next_dagrun for example_nested_branch_dag to 2023-07-30T00:00:00+00:00, run_after=2023-07-31T00:00:00+00:00
[2023-07-31T19:50:35.914+0000] {processor.py:179} INFO - Processing /home/airflow/.local/lib/python3.7/site-packages/airflow/example_dags/example_nested_branch_dag.py took 0.160 seconds
[2023-07-31T19:51:06.356+0000] {processor.py:157} INFO - Started process (PID=181) to work on /home/airflow/.local/lib/python3.7/site-packages/airflow/example_dags/example_nested_branch_dag.py
[2023-07-31T19:51:06.358+0000] {processor.py:826} INFO - Processing file /home/airflow/.local/lib/python3.7/site-packages/airflow/example_dags/example_nested_branch_dag.py for tasks to queue
[2023-07-31T19:51:06.359+0000] {logging_mixin.py:150} INFO - [2023-07-31T19:51:06.359+0000] {dagbag.py:541} INFO - Filling up the DagBag from /home/airflow/.local/lib/python3.7/site-packages/airflow/example_dags/example_nested_branch_dag.py
[2023-07-31T19:51:06.371+0000] {processor.py:836} INFO - DAG(s) dict_keys(['example_nested_branch_dag']) retrieved from /home/airflow/.local/lib/python3.7/site-packages/airflow/example_dags/example_nested_branch_dag.py
[2023-07-31T19:51:06.407+0000] {logging_mixin.py:150} INFO - [2023-07-31T19:51:06.407+0000] {dag.py:2742} INFO - Sync 1 DAGs
[2023-07-31T19:51:06.447+0000] {logging_mixin.py:150} INFO - [2023-07-31T19:51:06.447+0000] {dag.py:3508} INFO - Setting next_dagrun for example_nested_branch_dag to 2023-07-30T00:00:00+00:00, run_after=2023-07-31T00:00:00+00:00
[2023-07-31T19:51:06.481+0000] {processor.py:179} INFO - Processing /home/airflow/.local/lib/python3.7/site-packages/airflow/example_dags/example_nested_branch_dag.py took 0.132 seconds
[2023-07-31T19:51:37.291+0000] {processor.py:157} INFO - Started process (PID=241) to work on /home/airflow/.local/lib/python3.7/site-packages/airflow/example_dags/example_nested_branch_dag.py
[2023-07-31T19:51:37.294+0000] {processor.py:826} INFO - Processing file /home/airflow/.local/lib/python3.7/site-packages/airflow/example_dags/example_nested_branch_dag.py for tasks to queue
[2023-07-31T19:51:37.296+0000] {logging_mixin.py:150} INFO - [2023-07-31T19:51:37.295+0000] {dagbag.py:541} INFO - Filling up the DagBag from /home/airflow/.local/lib/python3.7/site-packages/airflow/example_dags/example_nested_branch_dag.py
[2023-07-31T19:51:37.313+0000] {processor.py:836} INFO - DAG(s) dict_keys(['example_nested_branch_dag']) retrieved from /home/airflow/.local/lib/python3.7/site-packages/airflow/example_dags/example_nested_branch_dag.py
[2023-07-31T19:51:37.350+0000] {logging_mixin.py:150} INFO - [2023-07-31T19:51:37.350+0000] {dag.py:2742} INFO - Sync 1 DAGs
[2023-07-31T19:51:37.390+0000] {logging_mixin.py:150} INFO - [2023-07-31T19:51:37.390+0000] {dag.py:3508} INFO - Setting next_dagrun for example_nested_branch_dag to 2023-07-30T00:00:00+00:00, run_after=2023-07-31T00:00:00+00:00
[2023-07-31T19:51:37.431+0000] {processor.py:179} INFO - Processing /home/airflow/.local/lib/python3.7/site-packages/airflow/example_dags/example_nested_branch_dag.py took 0.144 seconds
[2023-07-31T19:52:08.338+0000] {processor.py:157} INFO - Started process (PID=302) to work on /home/airflow/.local/lib/python3.7/site-packages/airflow/example_dags/example_nested_branch_dag.py
[2023-07-31T19:52:08.339+0000] {processor.py:826} INFO - Processing file /home/airflow/.local/lib/python3.7/site-packages/airflow/example_dags/example_nested_branch_dag.py for tasks to queue
[2023-07-31T19:52:08.340+0000] {logging_mixin.py:150} INFO - [2023-07-31T19:52:08.340+0000] {dagbag.py:541} INFO - Filling up the DagBag from /home/airflow/.local/lib/python3.7/site-packages/airflow/example_dags/example_nested_branch_dag.py
[2023-07-31T19:52:08.349+0000] {processor.py:836} INFO - DAG(s) dict_keys(['example_nested_branch_dag']) retrieved from /home/airflow/.local/lib/python3.7/site-packages/airflow/example_dags/example_nested_branch_dag.py
[2023-07-31T19:52:08.378+0000] {logging_mixin.py:150} INFO - [2023-07-31T19:52:08.378+0000] {dag.py:2742} INFO - Sync 1 DAGs
[2023-07-31T19:52:08.411+0000] {logging_mixin.py:150} INFO - [2023-07-31T19:52:08.410+0000] {dag.py:3508} INFO - Setting next_dagrun for example_nested_branch_dag to 2023-07-30T00:00:00+00:00, run_after=2023-07-31T00:00:00+00:00
[2023-07-31T19:52:08.437+0000] {processor.py:179} INFO - Processing /home/airflow/.local/lib/python3.7/site-packages/airflow/example_dags/example_nested_branch_dag.py took 0.104 seconds
[2023-07-31T19:52:38.586+0000] {processor.py:157} INFO - Started process (PID=363) to work on /home/airflow/.local/lib/python3.7/site-packages/airflow/example_dags/example_nested_branch_dag.py
[2023-07-31T19:52:38.587+0000] {processor.py:826} INFO - Processing file /home/airflow/.local/lib/python3.7/site-packages/airflow/example_dags/example_nested_branch_dag.py for tasks to queue
[2023-07-31T19:52:38.588+0000] {logging_mixin.py:150} INFO - [2023-07-31T19:52:38.587+0000] {dagbag.py:541} INFO - Filling up the DagBag from /home/airflow/.local/lib/python3.7/site-packages/airflow/example_dags/example_nested_branch_dag.py
[2023-07-31T19:52:38.602+0000] {processor.py:836} INFO - DAG(s) dict_keys(['example_nested_branch_dag']) retrieved from /home/airflow/.local/lib/python3.7/site-packages/airflow/example_dags/example_nested_branch_dag.py
[2023-07-31T19:52:38.641+0000] {logging_mixin.py:150} INFO - [2023-07-31T19:52:38.640+0000] {dag.py:2742} INFO - Sync 1 DAGs
[2023-07-31T19:52:38.682+0000] {logging_mixin.py:150} INFO - [2023-07-31T19:52:38.682+0000] {dag.py:3508} INFO - Setting next_dagrun for example_nested_branch_dag to 2023-07-30T00:00:00+00:00, run_after=2023-07-31T00:00:00+00:00
[2023-07-31T19:52:38.708+0000] {processor.py:179} INFO - Processing /home/airflow/.local/lib/python3.7/site-packages/airflow/example_dags/example_nested_branch_dag.py took 0.125 seconds
[2023-07-31T19:53:09.139+0000] {processor.py:157} INFO - Started process (PID=424) to work on /home/airflow/.local/lib/python3.7/site-packages/airflow/example_dags/example_nested_branch_dag.py
[2023-07-31T19:53:09.140+0000] {processor.py:826} INFO - Processing file /home/airflow/.local/lib/python3.7/site-packages/airflow/example_dags/example_nested_branch_dag.py for tasks to queue
[2023-07-31T19:53:09.141+0000] {logging_mixin.py:150} INFO - [2023-07-31T19:53:09.140+0000] {dagbag.py:541} INFO - Filling up the DagBag from /home/airflow/.local/lib/python3.7/site-packages/airflow/example_dags/example_nested_branch_dag.py
[2023-07-31T19:53:09.157+0000] {processor.py:836} INFO - DAG(s) dict_keys(['example_nested_branch_dag']) retrieved from /home/airflow/.local/lib/python3.7/site-packages/airflow/example_dags/example_nested_branch_dag.py
[2023-07-31T19:53:09.201+0000] {logging_mixin.py:150} INFO - [2023-07-31T19:53:09.201+0000] {dag.py:2742} INFO - Sync 1 DAGs
[2023-07-31T19:53:09.246+0000] {logging_mixin.py:150} INFO - [2023-07-31T19:53:09.246+0000] {dag.py:3508} INFO - Setting next_dagrun for example_nested_branch_dag to 2023-07-30T00:00:00+00:00, run_after=2023-07-31T00:00:00+00:00
[2023-07-31T19:53:09.279+0000] {processor.py:179} INFO - Processing /home/airflow/.local/lib/python3.7/site-packages/airflow/example_dags/example_nested_branch_dag.py took 0.144 seconds
[2023-07-31T19:53:39.483+0000] {processor.py:157} INFO - Started process (PID=485) to work on /home/airflow/.local/lib/python3.7/site-packages/airflow/example_dags/example_nested_branch_dag.py
[2023-07-31T19:53:39.486+0000] {processor.py:826} INFO - Processing file /home/airflow/.local/lib/python3.7/site-packages/airflow/example_dags/example_nested_branch_dag.py for tasks to queue
[2023-07-31T19:53:39.487+0000] {logging_mixin.py:150} INFO - [2023-07-31T19:53:39.487+0000] {dagbag.py:541} INFO - Filling up the DagBag from /home/airflow/.local/lib/python3.7/site-packages/airflow/example_dags/example_nested_branch_dag.py
[2023-07-31T19:53:39.512+0000] {processor.py:836} INFO - DAG(s) dict_keys(['example_nested_branch_dag']) retrieved from /home/airflow/.local/lib/python3.7/site-packages/airflow/example_dags/example_nested_branch_dag.py
[2023-07-31T19:53:39.555+0000] {logging_mixin.py:150} INFO - [2023-07-31T19:53:39.555+0000] {dag.py:2742} INFO - Sync 1 DAGs
[2023-07-31T19:53:39.600+0000] {logging_mixin.py:150} INFO - [2023-07-31T19:53:39.600+0000] {dag.py:3508} INFO - Setting next_dagrun for example_nested_branch_dag to 2023-07-30T00:00:00+00:00, run_after=2023-07-31T00:00:00+00:00
[2023-07-31T19:53:39.629+0000] {processor.py:179} INFO - Processing /home/airflow/.local/lib/python3.7/site-packages/airflow/example_dags/example_nested_branch_dag.py took 0.154 seconds
[2023-07-31T19:54:09.807+0000] {processor.py:157} INFO - Started process (PID=546) to work on /home/airflow/.local/lib/python3.7/site-packages/airflow/example_dags/example_nested_branch_dag.py
[2023-07-31T19:54:09.807+0000] {processor.py:826} INFO - Processing file /home/airflow/.local/lib/python3.7/site-packages/airflow/example_dags/example_nested_branch_dag.py for tasks to queue
[2023-07-31T19:54:09.808+0000] {logging_mixin.py:150} INFO - [2023-07-31T19:54:09.808+0000] {dagbag.py:541} INFO - Filling up the DagBag from /home/airflow/.local/lib/python3.7/site-packages/airflow/example_dags/example_nested_branch_dag.py
[2023-07-31T19:54:09.821+0000] {processor.py:836} INFO - DAG(s) dict_keys(['example_nested_branch_dag']) retrieved from /home/airflow/.local/lib/python3.7/site-packages/airflow/example_dags/example_nested_branch_dag.py
[2023-07-31T19:54:09.855+0000] {logging_mixin.py:150} INFO - [2023-07-31T19:54:09.855+0000] {dag.py:2742} INFO - Sync 1 DAGs
[2023-07-31T19:54:09.890+0000] {logging_mixin.py:150} INFO - [2023-07-31T19:54:09.890+0000] {dag.py:3508} INFO - Setting next_dagrun for example_nested_branch_dag to 2023-07-30T00:00:00+00:00, run_after=2023-07-31T00:00:00+00:00
[2023-07-31T19:54:09.915+0000] {processor.py:179} INFO - Processing /home/airflow/.local/lib/python3.7/site-packages/airflow/example_dags/example_nested_branch_dag.py took 0.112 seconds
[2023-07-31T19:54:39.998+0000] {processor.py:157} INFO - Started process (PID=607) to work on /home/airflow/.local/lib/python3.7/site-packages/airflow/example_dags/example_nested_branch_dag.py
[2023-07-31T19:54:39.999+0000] {processor.py:826} INFO - Processing file /home/airflow/.local/lib/python3.7/site-packages/airflow/example_dags/example_nested_branch_dag.py for tasks to queue
[2023-07-31T19:54:40.000+0000] {logging_mixin.py:150} INFO - [2023-07-31T19:54:40.000+0000] {dagbag.py:541} INFO - Filling up the DagBag from /home/airflow/.local/lib/python3.7/site-packages/airflow/example_dags/example_nested_branch_dag.py
[2023-07-31T19:54:40.013+0000] {processor.py:836} INFO - DAG(s) dict_keys(['example_nested_branch_dag']) retrieved from /home/airflow/.local/lib/python3.7/site-packages/airflow/example_dags/example_nested_branch_dag.py
[2023-07-31T19:54:40.046+0000] {logging_mixin.py:150} INFO - [2023-07-31T19:54:40.046+0000] {dag.py:2742} INFO - Sync 1 DAGs
[2023-07-31T19:54:40.087+0000] {logging_mixin.py:150} INFO - [2023-07-31T19:54:40.086+0000] {dag.py:3508} INFO - Setting next_dagrun for example_nested_branch_dag to 2023-07-30T00:00:00+00:00, run_after=2023-07-31T00:00:00+00:00
[2023-07-31T19:54:40.118+0000] {processor.py:179} INFO - Processing /home/airflow/.local/lib/python3.7/site-packages/airflow/example_dags/example_nested_branch_dag.py took 0.123 seconds
[2023-07-31T19:55:10.227+0000] {processor.py:157} INFO - Started process (PID=668) to work on /home/airflow/.local/lib/python3.7/site-packages/airflow/example_dags/example_nested_branch_dag.py
[2023-07-31T19:55:10.227+0000] {processor.py:826} INFO - Processing file /home/airflow/.local/lib/python3.7/site-packages/airflow/example_dags/example_nested_branch_dag.py for tasks to queue
[2023-07-31T19:55:10.228+0000] {logging_mixin.py:150} INFO - [2023-07-31T19:55:10.228+0000] {dagbag.py:541} INFO - Filling up the DagBag from /home/airflow/.local/lib/python3.7/site-packages/airflow/example_dags/example_nested_branch_dag.py
[2023-07-31T19:55:10.239+0000] {processor.py:836} INFO - DAG(s) dict_keys(['example_nested_branch_dag']) retrieved from /home/airflow/.local/lib/python3.7/site-packages/airflow/example_dags/example_nested_branch_dag.py
[2023-07-31T19:55:10.271+0000] {logging_mixin.py:150} INFO - [2023-07-31T19:55:10.271+0000] {dag.py:2742} INFO - Sync 1 DAGs
[2023-07-31T19:55:10.303+0000] {logging_mixin.py:150} INFO - [2023-07-31T19:55:10.303+0000] {dag.py:3508} INFO - Setting next_dagrun for example_nested_branch_dag to 2023-07-30T00:00:00+00:00, run_after=2023-07-31T00:00:00+00:00
[2023-07-31T19:55:10.324+0000] {processor.py:179} INFO - Processing /home/airflow/.local/lib/python3.7/site-packages/airflow/example_dags/example_nested_branch_dag.py took 0.101 seconds
[2023-07-31T19:55:40.663+0000] {processor.py:157} INFO - Started process (PID=729) to work on /home/airflow/.local/lib/python3.7/site-packages/airflow/example_dags/example_nested_branch_dag.py
[2023-07-31T19:55:40.664+0000] {processor.py:826} INFO - Processing file /home/airflow/.local/lib/python3.7/site-packages/airflow/example_dags/example_nested_branch_dag.py for tasks to queue
[2023-07-31T19:55:40.665+0000] {logging_mixin.py:150} INFO - [2023-07-31T19:55:40.665+0000] {dagbag.py:541} INFO - Filling up the DagBag from /home/airflow/.local/lib/python3.7/site-packages/airflow/example_dags/example_nested_branch_dag.py
[2023-07-31T19:55:40.674+0000] {processor.py:836} INFO - DAG(s) dict_keys(['example_nested_branch_dag']) retrieved from /home/airflow/.local/lib/python3.7/site-packages/airflow/example_dags/example_nested_branch_dag.py
[2023-07-31T19:55:40.702+0000] {logging_mixin.py:150} INFO - [2023-07-31T19:55:40.701+0000] {dag.py:2742} INFO - Sync 1 DAGs
[2023-07-31T19:55:40.732+0000] {logging_mixin.py:150} INFO - [2023-07-31T19:55:40.732+0000] {dag.py:3508} INFO - Setting next_dagrun for example_nested_branch_dag to 2023-07-30T00:00:00+00:00, run_after=2023-07-31T00:00:00+00:00
[2023-07-31T19:55:40.756+0000] {processor.py:179} INFO - Processing /home/airflow/.local/lib/python3.7/site-packages/airflow/example_dags/example_nested_branch_dag.py took 0.099 seconds
[2023-07-31T19:56:11.075+0000] {processor.py:157} INFO - Started process (PID=790) to work on /home/airflow/.local/lib/python3.7/site-packages/airflow/example_dags/example_nested_branch_dag.py
[2023-07-31T19:56:11.075+0000] {processor.py:826} INFO - Processing file /home/airflow/.local/lib/python3.7/site-packages/airflow/example_dags/example_nested_branch_dag.py for tasks to queue
[2023-07-31T19:56:11.076+0000] {logging_mixin.py:150} INFO - [2023-07-31T19:56:11.076+0000] {dagbag.py:541} INFO - Filling up the DagBag from /home/airflow/.local/lib/python3.7/site-packages/airflow/example_dags/example_nested_branch_dag.py
[2023-07-31T19:56:11.087+0000] {processor.py:836} INFO - DAG(s) dict_keys(['example_nested_branch_dag']) retrieved from /home/airflow/.local/lib/python3.7/site-packages/airflow/example_dags/example_nested_branch_dag.py
[2023-07-31T19:56:11.113+0000] {logging_mixin.py:150} INFO - [2023-07-31T19:56:11.113+0000] {dag.py:2742} INFO - Sync 1 DAGs
[2023-07-31T19:56:11.144+0000] {logging_mixin.py:150} INFO - [2023-07-31T19:56:11.144+0000] {dag.py:3508} INFO - Setting next_dagrun for example_nested_branch_dag to 2023-07-30T00:00:00+00:00, run_after=2023-07-31T00:00:00+00:00
[2023-07-31T19:56:11.164+0000] {processor.py:179} INFO - Processing /home/airflow/.local/lib/python3.7/site-packages/airflow/example_dags/example_nested_branch_dag.py took 0.092 seconds
[2023-07-31T19:56:41.373+0000] {processor.py:157} INFO - Started process (PID=851) to work on /home/airflow/.local/lib/python3.7/site-packages/airflow/example_dags/example_nested_branch_dag.py
[2023-07-31T19:56:41.374+0000] {processor.py:826} INFO - Processing file /home/airflow/.local/lib/python3.7/site-packages/airflow/example_dags/example_nested_branch_dag.py for tasks to queue
[2023-07-31T19:56:41.374+0000] {logging_mixin.py:150} INFO - [2023-07-31T19:56:41.374+0000] {dagbag.py:541} INFO - Filling up the DagBag from /home/airflow/.local/lib/python3.7/site-packages/airflow/example_dags/example_nested_branch_dag.py
[2023-07-31T19:56:41.386+0000] {processor.py:836} INFO - DAG(s) dict_keys(['example_nested_branch_dag']) retrieved from /home/airflow/.local/lib/python3.7/site-packages/airflow/example_dags/example_nested_branch_dag.py
[2023-07-31T19:56:41.411+0000] {logging_mixin.py:150} INFO - [2023-07-31T19:56:41.411+0000] {dag.py:2742} INFO - Sync 1 DAGs
[2023-07-31T19:56:41.444+0000] {logging_mixin.py:150} INFO - [2023-07-31T19:56:41.444+0000] {dag.py:3508} INFO - Setting next_dagrun for example_nested_branch_dag to 2023-07-30T00:00:00+00:00, run_after=2023-07-31T00:00:00+00:00
[2023-07-31T19:56:41.479+0000] {processor.py:179} INFO - Processing /home/airflow/.local/lib/python3.7/site-packages/airflow/example_dags/example_nested_branch_dag.py took 0.109 seconds
[2023-07-31T19:57:11.831+0000] {processor.py:157} INFO - Started process (PID=912) to work on /home/airflow/.local/lib/python3.7/site-packages/airflow/example_dags/example_nested_branch_dag.py
[2023-07-31T19:57:11.832+0000] {processor.py:826} INFO - Processing file /home/airflow/.local/lib/python3.7/site-packages/airflow/example_dags/example_nested_branch_dag.py for tasks to queue
[2023-07-31T19:57:11.832+0000] {logging_mixin.py:150} INFO - [2023-07-31T19:57:11.832+0000] {dagbag.py:541} INFO - Filling up the DagBag from /home/airflow/.local/lib/python3.7/site-packages/airflow/example_dags/example_nested_branch_dag.py
[2023-07-31T19:57:11.843+0000] {processor.py:836} INFO - DAG(s) dict_keys(['example_nested_branch_dag']) retrieved from /home/airflow/.local/lib/python3.7/site-packages/airflow/example_dags/example_nested_branch_dag.py
[2023-07-31T19:57:11.872+0000] {logging_mixin.py:150} INFO - [2023-07-31T19:57:11.872+0000] {dag.py:2742} INFO - Sync 1 DAGs
[2023-07-31T19:57:11.901+0000] {logging_mixin.py:150} INFO - [2023-07-31T19:57:11.901+0000] {dag.py:3508} INFO - Setting next_dagrun for example_nested_branch_dag to 2023-07-30T00:00:00+00:00, run_after=2023-07-31T00:00:00+00:00
[2023-07-31T19:57:11.925+0000] {processor.py:179} INFO - Processing /home/airflow/.local/lib/python3.7/site-packages/airflow/example_dags/example_nested_branch_dag.py took 0.098 seconds
[2023-07-31T19:57:42.964+0000] {processor.py:157} INFO - Started process (PID=973) to work on /home/airflow/.local/lib/python3.7/site-packages/airflow/example_dags/example_nested_branch_dag.py
[2023-07-31T19:57:42.965+0000] {processor.py:826} INFO - Processing file /home/airflow/.local/lib/python3.7/site-packages/airflow/example_dags/example_nested_branch_dag.py for tasks to queue
[2023-07-31T19:57:42.966+0000] {logging_mixin.py:150} INFO - [2023-07-31T19:57:42.966+0000] {dagbag.py:541} INFO - Filling up the DagBag from /home/airflow/.local/lib/python3.7/site-packages/airflow/example_dags/example_nested_branch_dag.py
[2023-07-31T19:57:42.981+0000] {processor.py:836} INFO - DAG(s) dict_keys(['example_nested_branch_dag']) retrieved from /home/airflow/.local/lib/python3.7/site-packages/airflow/example_dags/example_nested_branch_dag.py
[2023-07-31T19:57:43.073+0000] {logging_mixin.py:150} INFO - [2023-07-31T19:57:43.073+0000] {dag.py:2742} INFO - Sync 1 DAGs
[2023-07-31T19:57:43.125+0000] {logging_mixin.py:150} INFO - [2023-07-31T19:57:43.125+0000] {dag.py:3508} INFO - Setting next_dagrun for example_nested_branch_dag to 2023-07-30T00:00:00+00:00, run_after=2023-07-31T00:00:00+00:00
[2023-07-31T19:57:43.161+0000] {processor.py:179} INFO - Processing /home/airflow/.local/lib/python3.7/site-packages/airflow/example_dags/example_nested_branch_dag.py took 0.204 seconds
[2023-07-31T19:58:13.856+0000] {processor.py:157} INFO - Started process (PID=1034) to work on /home/airflow/.local/lib/python3.7/site-packages/airflow/example_dags/example_nested_branch_dag.py
[2023-07-31T19:58:13.856+0000] {processor.py:826} INFO - Processing file /home/airflow/.local/lib/python3.7/site-packages/airflow/example_dags/example_nested_branch_dag.py for tasks to queue
[2023-07-31T19:58:13.857+0000] {logging_mixin.py:150} INFO - [2023-07-31T19:58:13.857+0000] {dagbag.py:541} INFO - Filling up the DagBag from /home/airflow/.local/lib/python3.7/site-packages/airflow/example_dags/example_nested_branch_dag.py
[2023-07-31T19:58:13.870+0000] {processor.py:836} INFO - DAG(s) dict_keys(['example_nested_branch_dag']) retrieved from /home/airflow/.local/lib/python3.7/site-packages/airflow/example_dags/example_nested_branch_dag.py
[2023-07-31T19:58:13.894+0000] {logging_mixin.py:150} INFO - [2023-07-31T19:58:13.894+0000] {dag.py:2742} INFO - Sync 1 DAGs
[2023-07-31T19:58:13.924+0000] {logging_mixin.py:150} INFO - [2023-07-31T19:58:13.924+0000] {dag.py:3508} INFO - Setting next_dagrun for example_nested_branch_dag to 2023-07-30T00:00:00+00:00, run_after=2023-07-31T00:00:00+00:00
[2023-07-31T19:58:13.945+0000] {processor.py:179} INFO - Processing /home/airflow/.local/lib/python3.7/site-packages/airflow/example_dags/example_nested_branch_dag.py took 0.092 seconds
[2023-07-31T19:58:44.715+0000] {processor.py:157} INFO - Started process (PID=1102) to work on /home/airflow/.local/lib/python3.7/site-packages/airflow/example_dags/example_nested_branch_dag.py
[2023-07-31T19:58:44.716+0000] {processor.py:826} INFO - Processing file /home/airflow/.local/lib/python3.7/site-packages/airflow/example_dags/example_nested_branch_dag.py for tasks to queue
[2023-07-31T19:58:44.717+0000] {logging_mixin.py:150} INFO - [2023-07-31T19:58:44.717+0000] {dagbag.py:541} INFO - Filling up the DagBag from /home/airflow/.local/lib/python3.7/site-packages/airflow/example_dags/example_nested_branch_dag.py
[2023-07-31T19:58:44.731+0000] {processor.py:836} INFO - DAG(s) dict_keys(['example_nested_branch_dag']) retrieved from /home/airflow/.local/lib/python3.7/site-packages/airflow/example_dags/example_nested_branch_dag.py
[2023-07-31T19:58:44.768+0000] {logging_mixin.py:150} INFO - [2023-07-31T19:58:44.767+0000] {dag.py:2742} INFO - Sync 1 DAGs
[2023-07-31T19:58:44.806+0000] {logging_mixin.py:150} INFO - [2023-07-31T19:58:44.806+0000] {dag.py:3508} INFO - Setting next_dagrun for example_nested_branch_dag to 2023-07-30T00:00:00+00:00, run_after=2023-07-31T00:00:00+00:00
[2023-07-31T19:58:44.836+0000] {processor.py:179} INFO - Processing /home/airflow/.local/lib/python3.7/site-packages/airflow/example_dags/example_nested_branch_dag.py took 0.125 seconds
[2023-07-31T20:00:59.003+0000] {processor.py:157} INFO - Started process (PID=60) to work on /home/airflow/.local/lib/python3.7/site-packages/airflow/example_dags/example_nested_branch_dag.py
[2023-07-31T20:00:59.004+0000] {processor.py:826} INFO - Processing file /home/airflow/.local/lib/python3.7/site-packages/airflow/example_dags/example_nested_branch_dag.py for tasks to queue
[2023-07-31T20:00:59.005+0000] {logging_mixin.py:150} INFO - [2023-07-31T20:00:59.005+0000] {dagbag.py:541} INFO - Filling up the DagBag from /home/airflow/.local/lib/python3.7/site-packages/airflow/example_dags/example_nested_branch_dag.py
[2023-07-31T20:00:59.020+0000] {processor.py:836} INFO - DAG(s) dict_keys(['example_nested_branch_dag']) retrieved from /home/airflow/.local/lib/python3.7/site-packages/airflow/example_dags/example_nested_branch_dag.py
[2023-07-31T20:00:59.174+0000] {logging_mixin.py:150} INFO - [2023-07-31T20:00:59.174+0000] {dag.py:2742} INFO - Sync 1 DAGs
[2023-07-31T20:00:59.205+0000] {logging_mixin.py:150} INFO - [2023-07-31T20:00:59.205+0000] {dag.py:3508} INFO - Setting next_dagrun for example_nested_branch_dag to 2023-07-30T00:00:00+00:00, run_after=2023-07-31T00:00:00+00:00
[2023-07-31T20:00:59.229+0000] {processor.py:179} INFO - Processing /home/airflow/.local/lib/python3.7/site-packages/airflow/example_dags/example_nested_branch_dag.py took 0.230 seconds
[2023-07-31T20:01:29.700+0000] {processor.py:157} INFO - Started process (PID=122) to work on /home/airflow/.local/lib/python3.7/site-packages/airflow/example_dags/example_nested_branch_dag.py
[2023-07-31T20:01:29.700+0000] {processor.py:826} INFO - Processing file /home/airflow/.local/lib/python3.7/site-packages/airflow/example_dags/example_nested_branch_dag.py for tasks to queue
[2023-07-31T20:01:29.701+0000] {logging_mixin.py:150} INFO - [2023-07-31T20:01:29.701+0000] {dagbag.py:541} INFO - Filling up the DagBag from /home/airflow/.local/lib/python3.7/site-packages/airflow/example_dags/example_nested_branch_dag.py
[2023-07-31T20:01:29.710+0000] {processor.py:836} INFO - DAG(s) dict_keys(['example_nested_branch_dag']) retrieved from /home/airflow/.local/lib/python3.7/site-packages/airflow/example_dags/example_nested_branch_dag.py
[2023-07-31T20:01:29.741+0000] {logging_mixin.py:150} INFO - [2023-07-31T20:01:29.741+0000] {dag.py:2742} INFO - Sync 1 DAGs
[2023-07-31T20:01:29.767+0000] {logging_mixin.py:150} INFO - [2023-07-31T20:01:29.767+0000] {dag.py:3508} INFO - Setting next_dagrun for example_nested_branch_dag to 2023-07-30T00:00:00+00:00, run_after=2023-07-31T00:00:00+00:00
[2023-07-31T20:01:29.790+0000] {processor.py:179} INFO - Processing /home/airflow/.local/lib/python3.7/site-packages/airflow/example_dags/example_nested_branch_dag.py took 0.093 seconds
[2023-07-31T20:02:00.131+0000] {processor.py:157} INFO - Started process (PID=184) to work on /home/airflow/.local/lib/python3.7/site-packages/airflow/example_dags/example_nested_branch_dag.py
[2023-07-31T20:02:00.131+0000] {processor.py:826} INFO - Processing file /home/airflow/.local/lib/python3.7/site-packages/airflow/example_dags/example_nested_branch_dag.py for tasks to queue
[2023-07-31T20:02:00.132+0000] {logging_mixin.py:150} INFO - [2023-07-31T20:02:00.132+0000] {dagbag.py:541} INFO - Filling up the DagBag from /home/airflow/.local/lib/python3.7/site-packages/airflow/example_dags/example_nested_branch_dag.py
[2023-07-31T20:02:00.141+0000] {processor.py:836} INFO - DAG(s) dict_keys(['example_nested_branch_dag']) retrieved from /home/airflow/.local/lib/python3.7/site-packages/airflow/example_dags/example_nested_branch_dag.py
[2023-07-31T20:02:00.162+0000] {logging_mixin.py:150} INFO - [2023-07-31T20:02:00.162+0000] {dag.py:2742} INFO - Sync 1 DAGs
[2023-07-31T20:02:00.188+0000] {logging_mixin.py:150} INFO - [2023-07-31T20:02:00.188+0000] {dag.py:3508} INFO - Setting next_dagrun for example_nested_branch_dag to 2023-07-30T00:00:00+00:00, run_after=2023-07-31T00:00:00+00:00
[2023-07-31T20:02:00.209+0000] {processor.py:179} INFO - Processing /home/airflow/.local/lib/python3.7/site-packages/airflow/example_dags/example_nested_branch_dag.py took 0.082 seconds
