[2023-07-31T19:50:04.347+0000] {processor.py:157} INFO - Started process (PID=56) to work on /home/airflow/.local/lib/python3.7/site-packages/airflow/example_dags/example_python_operator.py
[2023-07-31T19:50:04.348+0000] {processor.py:826} INFO - Processing file /home/airflow/.local/lib/python3.7/site-packages/airflow/example_dags/example_python_operator.py for tasks to queue
[2023-07-31T19:50:04.349+0000] {logging_mixin.py:150} INFO - [2023-07-31T19:50:04.349+0000] {dagbag.py:541} INFO - Filling up the DagBag from /home/airflow/.local/lib/python3.7/site-packages/airflow/example_dags/example_python_operator.py
[2023-07-31T19:50:04.382+0000] {processor.py:836} INFO - DAG(s) dict_keys(['example_python_operator']) retrieved from /home/airflow/.local/lib/python3.7/site-packages/airflow/example_dags/example_python_operator.py
[2023-07-31T19:50:04.743+0000] {logging_mixin.py:150} INFO - [2023-07-31T19:50:04.742+0000] {manager.py:504} INFO - Created Permission View: can delete on DAG:example_python_operator
[2023-07-31T19:50:04.765+0000] {logging_mixin.py:150} INFO - [2023-07-31T19:50:04.765+0000] {manager.py:504} INFO - Created Permission View: can edit on DAG:example_python_operator
[2023-07-31T19:50:04.783+0000] {logging_mixin.py:150} INFO - [2023-07-31T19:50:04.782+0000] {manager.py:504} INFO - Created Permission View: can read on DAG:example_python_operator
[2023-07-31T19:50:04.813+0000] {logging_mixin.py:150} INFO - [2023-07-31T19:50:04.812+0000] {dag.py:2742} INFO - Sync 1 DAGs
[2023-07-31T19:50:04.834+0000] {logging_mixin.py:150} INFO - [2023-07-31T19:50:04.834+0000] {dag.py:2763} INFO - Creating ORM DAG for example_python_operator
[2023-07-31T19:50:04.858+0000] {logging_mixin.py:150} INFO - [2023-07-31T19:50:04.858+0000] {dag.py:3508} INFO - Setting next_dagrun for example_python_operator to None, run_after=None
[2023-07-31T19:50:04.885+0000] {processor.py:179} INFO - Processing /home/airflow/.local/lib/python3.7/site-packages/airflow/example_dags/example_python_operator.py took 0.543 seconds
[2023-07-31T19:50:35.572+0000] {processor.py:157} INFO - Started process (PID=117) to work on /home/airflow/.local/lib/python3.7/site-packages/airflow/example_dags/example_python_operator.py
[2023-07-31T19:50:35.573+0000] {processor.py:826} INFO - Processing file /home/airflow/.local/lib/python3.7/site-packages/airflow/example_dags/example_python_operator.py for tasks to queue
[2023-07-31T19:50:35.574+0000] {logging_mixin.py:150} INFO - [2023-07-31T19:50:35.574+0000] {dagbag.py:541} INFO - Filling up the DagBag from /home/airflow/.local/lib/python3.7/site-packages/airflow/example_dags/example_python_operator.py
[2023-07-31T19:50:35.594+0000] {processor.py:836} INFO - DAG(s) dict_keys(['example_python_operator']) retrieved from /home/airflow/.local/lib/python3.7/site-packages/airflow/example_dags/example_python_operator.py
[2023-07-31T19:50:35.640+0000] {logging_mixin.py:150} INFO - [2023-07-31T19:50:35.639+0000] {dag.py:2742} INFO - Sync 1 DAGs
[2023-07-31T19:50:35.688+0000] {logging_mixin.py:150} INFO - [2023-07-31T19:50:35.688+0000] {dag.py:3508} INFO - Setting next_dagrun for example_python_operator to None, run_after=None
[2023-07-31T19:50:35.724+0000] {processor.py:179} INFO - Processing /home/airflow/.local/lib/python3.7/site-packages/airflow/example_dags/example_python_operator.py took 0.156 seconds
[2023-07-31T19:51:06.100+0000] {processor.py:157} INFO - Started process (PID=178) to work on /home/airflow/.local/lib/python3.7/site-packages/airflow/example_dags/example_python_operator.py
[2023-07-31T19:51:06.100+0000] {processor.py:826} INFO - Processing file /home/airflow/.local/lib/python3.7/site-packages/airflow/example_dags/example_python_operator.py for tasks to queue
[2023-07-31T19:51:06.101+0000] {logging_mixin.py:150} INFO - [2023-07-31T19:51:06.101+0000] {dagbag.py:541} INFO - Filling up the DagBag from /home/airflow/.local/lib/python3.7/site-packages/airflow/example_dags/example_python_operator.py
[2023-07-31T19:51:06.113+0000] {processor.py:836} INFO - DAG(s) dict_keys(['example_python_operator']) retrieved from /home/airflow/.local/lib/python3.7/site-packages/airflow/example_dags/example_python_operator.py
[2023-07-31T19:51:06.145+0000] {logging_mixin.py:150} INFO - [2023-07-31T19:51:06.145+0000] {dag.py:2742} INFO - Sync 1 DAGs
[2023-07-31T19:51:06.175+0000] {logging_mixin.py:150} INFO - [2023-07-31T19:51:06.175+0000] {dag.py:3508} INFO - Setting next_dagrun for example_python_operator to None, run_after=None
[2023-07-31T19:51:06.206+0000] {processor.py:179} INFO - Processing /home/airflow/.local/lib/python3.7/site-packages/airflow/example_dags/example_python_operator.py took 0.109 seconds
[2023-07-31T19:51:36.984+0000] {processor.py:157} INFO - Started process (PID=238) to work on /home/airflow/.local/lib/python3.7/site-packages/airflow/example_dags/example_python_operator.py
[2023-07-31T19:51:36.988+0000] {processor.py:826} INFO - Processing file /home/airflow/.local/lib/python3.7/site-packages/airflow/example_dags/example_python_operator.py for tasks to queue
[2023-07-31T19:51:36.989+0000] {logging_mixin.py:150} INFO - [2023-07-31T19:51:36.989+0000] {dagbag.py:541} INFO - Filling up the DagBag from /home/airflow/.local/lib/python3.7/site-packages/airflow/example_dags/example_python_operator.py
[2023-07-31T19:51:37.006+0000] {processor.py:836} INFO - DAG(s) dict_keys(['example_python_operator']) retrieved from /home/airflow/.local/lib/python3.7/site-packages/airflow/example_dags/example_python_operator.py
[2023-07-31T19:51:37.042+0000] {logging_mixin.py:150} INFO - [2023-07-31T19:51:37.042+0000] {dag.py:2742} INFO - Sync 1 DAGs
[2023-07-31T19:51:37.086+0000] {logging_mixin.py:150} INFO - [2023-07-31T19:51:37.086+0000] {dag.py:3508} INFO - Setting next_dagrun for example_python_operator to None, run_after=None
[2023-07-31T19:51:37.117+0000] {processor.py:179} INFO - Processing /home/airflow/.local/lib/python3.7/site-packages/airflow/example_dags/example_python_operator.py took 0.144 seconds
[2023-07-31T19:52:07.782+0000] {processor.py:157} INFO - Started process (PID=299) to work on /home/airflow/.local/lib/python3.7/site-packages/airflow/example_dags/example_python_operator.py
[2023-07-31T19:52:07.783+0000] {processor.py:826} INFO - Processing file /home/airflow/.local/lib/python3.7/site-packages/airflow/example_dags/example_python_operator.py for tasks to queue
[2023-07-31T19:52:07.783+0000] {logging_mixin.py:150} INFO - [2023-07-31T19:52:07.783+0000] {dagbag.py:541} INFO - Filling up the DagBag from /home/airflow/.local/lib/python3.7/site-packages/airflow/example_dags/example_python_operator.py
[2023-07-31T19:52:07.805+0000] {processor.py:836} INFO - DAG(s) dict_keys(['example_python_operator']) retrieved from /home/airflow/.local/lib/python3.7/site-packages/airflow/example_dags/example_python_operator.py
[2023-07-31T19:52:07.857+0000] {logging_mixin.py:150} INFO - [2023-07-31T19:52:07.857+0000] {dag.py:2742} INFO - Sync 1 DAGs
[2023-07-31T19:52:08.020+0000] {logging_mixin.py:150} INFO - [2023-07-31T19:52:08.019+0000] {dag.py:3508} INFO - Setting next_dagrun for example_python_operator to None, run_after=None
[2023-07-31T19:52:08.147+0000] {processor.py:179} INFO - Processing /home/airflow/.local/lib/python3.7/site-packages/airflow/example_dags/example_python_operator.py took 0.369 seconds
[2023-07-31T19:52:38.354+0000] {processor.py:157} INFO - Started process (PID=360) to work on /home/airflow/.local/lib/python3.7/site-packages/airflow/example_dags/example_python_operator.py
[2023-07-31T19:52:38.356+0000] {processor.py:826} INFO - Processing file /home/airflow/.local/lib/python3.7/site-packages/airflow/example_dags/example_python_operator.py for tasks to queue
[2023-07-31T19:52:38.356+0000] {logging_mixin.py:150} INFO - [2023-07-31T19:52:38.356+0000] {dagbag.py:541} INFO - Filling up the DagBag from /home/airflow/.local/lib/python3.7/site-packages/airflow/example_dags/example_python_operator.py
[2023-07-31T19:52:38.369+0000] {processor.py:836} INFO - DAG(s) dict_keys(['example_python_operator']) retrieved from /home/airflow/.local/lib/python3.7/site-packages/airflow/example_dags/example_python_operator.py
[2023-07-31T19:52:38.399+0000] {logging_mixin.py:150} INFO - [2023-07-31T19:52:38.399+0000] {dag.py:2742} INFO - Sync 1 DAGs
[2023-07-31T19:52:38.427+0000] {logging_mixin.py:150} INFO - [2023-07-31T19:52:38.427+0000] {dag.py:3508} INFO - Setting next_dagrun for example_python_operator to None, run_after=None
[2023-07-31T19:52:38.453+0000] {processor.py:179} INFO - Processing /home/airflow/.local/lib/python3.7/site-packages/airflow/example_dags/example_python_operator.py took 0.101 seconds
[2023-07-31T19:53:08.806+0000] {processor.py:157} INFO - Started process (PID=421) to work on /home/airflow/.local/lib/python3.7/site-packages/airflow/example_dags/example_python_operator.py
[2023-07-31T19:53:08.807+0000] {processor.py:826} INFO - Processing file /home/airflow/.local/lib/python3.7/site-packages/airflow/example_dags/example_python_operator.py for tasks to queue
[2023-07-31T19:53:08.809+0000] {logging_mixin.py:150} INFO - [2023-07-31T19:53:08.808+0000] {dagbag.py:541} INFO - Filling up the DagBag from /home/airflow/.local/lib/python3.7/site-packages/airflow/example_dags/example_python_operator.py
[2023-07-31T19:53:08.827+0000] {processor.py:836} INFO - DAG(s) dict_keys(['example_python_operator']) retrieved from /home/airflow/.local/lib/python3.7/site-packages/airflow/example_dags/example_python_operator.py
[2023-07-31T19:53:08.867+0000] {logging_mixin.py:150} INFO - [2023-07-31T19:53:08.866+0000] {dag.py:2742} INFO - Sync 1 DAGs
[2023-07-31T19:53:08.912+0000] {logging_mixin.py:150} INFO - [2023-07-31T19:53:08.912+0000] {dag.py:3508} INFO - Setting next_dagrun for example_python_operator to None, run_after=None
[2023-07-31T19:53:08.944+0000] {processor.py:179} INFO - Processing /home/airflow/.local/lib/python3.7/site-packages/airflow/example_dags/example_python_operator.py took 0.149 seconds
[2023-07-31T19:53:39.180+0000] {processor.py:157} INFO - Started process (PID=482) to work on /home/airflow/.local/lib/python3.7/site-packages/airflow/example_dags/example_python_operator.py
[2023-07-31T19:53:39.182+0000] {processor.py:826} INFO - Processing file /home/airflow/.local/lib/python3.7/site-packages/airflow/example_dags/example_python_operator.py for tasks to queue
[2023-07-31T19:53:39.183+0000] {logging_mixin.py:150} INFO - [2023-07-31T19:53:39.183+0000] {dagbag.py:541} INFO - Filling up the DagBag from /home/airflow/.local/lib/python3.7/site-packages/airflow/example_dags/example_python_operator.py
[2023-07-31T19:53:39.197+0000] {processor.py:836} INFO - DAG(s) dict_keys(['example_python_operator']) retrieved from /home/airflow/.local/lib/python3.7/site-packages/airflow/example_dags/example_python_operator.py
[2023-07-31T19:53:39.231+0000] {logging_mixin.py:150} INFO - [2023-07-31T19:53:39.231+0000] {dag.py:2742} INFO - Sync 1 DAGs
[2023-07-31T19:53:39.268+0000] {logging_mixin.py:150} INFO - [2023-07-31T19:53:39.268+0000] {dag.py:3508} INFO - Setting next_dagrun for example_python_operator to None, run_after=None
[2023-07-31T19:53:39.297+0000] {processor.py:179} INFO - Processing /home/airflow/.local/lib/python3.7/site-packages/airflow/example_dags/example_python_operator.py took 0.123 seconds
[2023-07-31T19:54:09.554+0000] {processor.py:157} INFO - Started process (PID=543) to work on /home/airflow/.local/lib/python3.7/site-packages/airflow/example_dags/example_python_operator.py
[2023-07-31T19:54:09.555+0000] {processor.py:826} INFO - Processing file /home/airflow/.local/lib/python3.7/site-packages/airflow/example_dags/example_python_operator.py for tasks to queue
[2023-07-31T19:54:09.555+0000] {logging_mixin.py:150} INFO - [2023-07-31T19:54:09.555+0000] {dagbag.py:541} INFO - Filling up the DagBag from /home/airflow/.local/lib/python3.7/site-packages/airflow/example_dags/example_python_operator.py
[2023-07-31T19:54:09.566+0000] {processor.py:836} INFO - DAG(s) dict_keys(['example_python_operator']) retrieved from /home/airflow/.local/lib/python3.7/site-packages/airflow/example_dags/example_python_operator.py
[2023-07-31T19:54:09.597+0000] {logging_mixin.py:150} INFO - [2023-07-31T19:54:09.596+0000] {dag.py:2742} INFO - Sync 1 DAGs
[2023-07-31T19:54:09.631+0000] {logging_mixin.py:150} INFO - [2023-07-31T19:54:09.631+0000] {dag.py:3508} INFO - Setting next_dagrun for example_python_operator to None, run_after=None
[2023-07-31T19:54:09.661+0000] {processor.py:179} INFO - Processing /home/airflow/.local/lib/python3.7/site-packages/airflow/example_dags/example_python_operator.py took 0.112 seconds
[2023-07-31T19:54:39.739+0000] {processor.py:157} INFO - Started process (PID=604) to work on /home/airflow/.local/lib/python3.7/site-packages/airflow/example_dags/example_python_operator.py
[2023-07-31T19:54:39.744+0000] {processor.py:826} INFO - Processing file /home/airflow/.local/lib/python3.7/site-packages/airflow/example_dags/example_python_operator.py for tasks to queue
[2023-07-31T19:54:39.746+0000] {logging_mixin.py:150} INFO - [2023-07-31T19:54:39.745+0000] {dagbag.py:541} INFO - Filling up the DagBag from /home/airflow/.local/lib/python3.7/site-packages/airflow/example_dags/example_python_operator.py
[2023-07-31T19:54:39.757+0000] {processor.py:836} INFO - DAG(s) dict_keys(['example_python_operator']) retrieved from /home/airflow/.local/lib/python3.7/site-packages/airflow/example_dags/example_python_operator.py
[2023-07-31T19:54:39.790+0000] {logging_mixin.py:150} INFO - [2023-07-31T19:54:39.790+0000] {dag.py:2742} INFO - Sync 1 DAGs
[2023-07-31T19:54:39.822+0000] {logging_mixin.py:150} INFO - [2023-07-31T19:54:39.822+0000] {dag.py:3508} INFO - Setting next_dagrun for example_python_operator to None, run_after=None
[2023-07-31T19:54:39.848+0000] {processor.py:179} INFO - Processing /home/airflow/.local/lib/python3.7/site-packages/airflow/example_dags/example_python_operator.py took 0.111 seconds
[2023-07-31T19:55:10.002+0000] {processor.py:157} INFO - Started process (PID=665) to work on /home/airflow/.local/lib/python3.7/site-packages/airflow/example_dags/example_python_operator.py
[2023-07-31T19:55:10.003+0000] {processor.py:826} INFO - Processing file /home/airflow/.local/lib/python3.7/site-packages/airflow/example_dags/example_python_operator.py for tasks to queue
[2023-07-31T19:55:10.003+0000] {logging_mixin.py:150} INFO - [2023-07-31T19:55:10.003+0000] {dagbag.py:541} INFO - Filling up the DagBag from /home/airflow/.local/lib/python3.7/site-packages/airflow/example_dags/example_python_operator.py
[2023-07-31T19:55:10.013+0000] {processor.py:836} INFO - DAG(s) dict_keys(['example_python_operator']) retrieved from /home/airflow/.local/lib/python3.7/site-packages/airflow/example_dags/example_python_operator.py
[2023-07-31T19:55:10.042+0000] {logging_mixin.py:150} INFO - [2023-07-31T19:55:10.042+0000] {dag.py:2742} INFO - Sync 1 DAGs
[2023-07-31T19:55:10.069+0000] {logging_mixin.py:150} INFO - [2023-07-31T19:55:10.069+0000] {dag.py:3508} INFO - Setting next_dagrun for example_python_operator to None, run_after=None
[2023-07-31T19:55:10.094+0000] {processor.py:179} INFO - Processing /home/airflow/.local/lib/python3.7/site-packages/airflow/example_dags/example_python_operator.py took 0.096 seconds
[2023-07-31T19:55:40.540+0000] {processor.py:157} INFO - Started process (PID=726) to work on /home/airflow/.local/lib/python3.7/site-packages/airflow/example_dags/example_python_operator.py
[2023-07-31T19:55:40.541+0000] {processor.py:826} INFO - Processing file /home/airflow/.local/lib/python3.7/site-packages/airflow/example_dags/example_python_operator.py for tasks to queue
[2023-07-31T19:55:40.543+0000] {logging_mixin.py:150} INFO - [2023-07-31T19:55:40.542+0000] {dagbag.py:541} INFO - Filling up the DagBag from /home/airflow/.local/lib/python3.7/site-packages/airflow/example_dags/example_python_operator.py
[2023-07-31T19:55:40.556+0000] {processor.py:836} INFO - DAG(s) dict_keys(['example_python_operator']) retrieved from /home/airflow/.local/lib/python3.7/site-packages/airflow/example_dags/example_python_operator.py
[2023-07-31T19:55:40.586+0000] {logging_mixin.py:150} INFO - [2023-07-31T19:55:40.586+0000] {dag.py:2742} INFO - Sync 1 DAGs
[2023-07-31T19:55:40.616+0000] {logging_mixin.py:150} INFO - [2023-07-31T19:55:40.615+0000] {dag.py:3508} INFO - Setting next_dagrun for example_python_operator to None, run_after=None
[2023-07-31T19:55:40.638+0000] {processor.py:179} INFO - Processing /home/airflow/.local/lib/python3.7/site-packages/airflow/example_dags/example_python_operator.py took 0.100 seconds
[2023-07-31T19:56:10.859+0000] {processor.py:157} INFO - Started process (PID=787) to work on /home/airflow/.local/lib/python3.7/site-packages/airflow/example_dags/example_python_operator.py
[2023-07-31T19:56:10.860+0000] {processor.py:826} INFO - Processing file /home/airflow/.local/lib/python3.7/site-packages/airflow/example_dags/example_python_operator.py for tasks to queue
[2023-07-31T19:56:10.861+0000] {logging_mixin.py:150} INFO - [2023-07-31T19:56:10.861+0000] {dagbag.py:541} INFO - Filling up the DagBag from /home/airflow/.local/lib/python3.7/site-packages/airflow/example_dags/example_python_operator.py
[2023-07-31T19:56:10.873+0000] {processor.py:836} INFO - DAG(s) dict_keys(['example_python_operator']) retrieved from /home/airflow/.local/lib/python3.7/site-packages/airflow/example_dags/example_python_operator.py
[2023-07-31T19:56:10.905+0000] {logging_mixin.py:150} INFO - [2023-07-31T19:56:10.905+0000] {dag.py:2742} INFO - Sync 1 DAGs
[2023-07-31T19:56:10.930+0000] {logging_mixin.py:150} INFO - [2023-07-31T19:56:10.929+0000] {dag.py:3508} INFO - Setting next_dagrun for example_python_operator to None, run_after=None
[2023-07-31T19:56:10.951+0000] {processor.py:179} INFO - Processing /home/airflow/.local/lib/python3.7/site-packages/airflow/example_dags/example_python_operator.py took 0.096 seconds
[2023-07-31T19:56:41.255+0000] {processor.py:157} INFO - Started process (PID=848) to work on /home/airflow/.local/lib/python3.7/site-packages/airflow/example_dags/example_python_operator.py
[2023-07-31T19:56:41.259+0000] {processor.py:826} INFO - Processing file /home/airflow/.local/lib/python3.7/site-packages/airflow/example_dags/example_python_operator.py for tasks to queue
[2023-07-31T19:56:41.260+0000] {logging_mixin.py:150} INFO - [2023-07-31T19:56:41.260+0000] {dagbag.py:541} INFO - Filling up the DagBag from /home/airflow/.local/lib/python3.7/site-packages/airflow/example_dags/example_python_operator.py
[2023-07-31T19:56:41.270+0000] {processor.py:836} INFO - DAG(s) dict_keys(['example_python_operator']) retrieved from /home/airflow/.local/lib/python3.7/site-packages/airflow/example_dags/example_python_operator.py
[2023-07-31T19:56:41.299+0000] {logging_mixin.py:150} INFO - [2023-07-31T19:56:41.298+0000] {dag.py:2742} INFO - Sync 1 DAGs
[2023-07-31T19:56:41.326+0000] {logging_mixin.py:150} INFO - [2023-07-31T19:56:41.326+0000] {dag.py:3508} INFO - Setting next_dagrun for example_python_operator to None, run_after=None
[2023-07-31T19:56:41.350+0000] {processor.py:179} INFO - Processing /home/airflow/.local/lib/python3.7/site-packages/airflow/example_dags/example_python_operator.py took 0.098 seconds
[2023-07-31T19:57:11.708+0000] {processor.py:157} INFO - Started process (PID=909) to work on /home/airflow/.local/lib/python3.7/site-packages/airflow/example_dags/example_python_operator.py
[2023-07-31T19:57:11.709+0000] {processor.py:826} INFO - Processing file /home/airflow/.local/lib/python3.7/site-packages/airflow/example_dags/example_python_operator.py for tasks to queue
[2023-07-31T19:57:11.709+0000] {logging_mixin.py:150} INFO - [2023-07-31T19:57:11.709+0000] {dagbag.py:541} INFO - Filling up the DagBag from /home/airflow/.local/lib/python3.7/site-packages/airflow/example_dags/example_python_operator.py
[2023-07-31T19:57:11.722+0000] {processor.py:836} INFO - DAG(s) dict_keys(['example_python_operator']) retrieved from /home/airflow/.local/lib/python3.7/site-packages/airflow/example_dags/example_python_operator.py
[2023-07-31T19:57:11.753+0000] {logging_mixin.py:150} INFO - [2023-07-31T19:57:11.752+0000] {dag.py:2742} INFO - Sync 1 DAGs
[2023-07-31T19:57:11.780+0000] {logging_mixin.py:150} INFO - [2023-07-31T19:57:11.780+0000] {dag.py:3508} INFO - Setting next_dagrun for example_python_operator to None, run_after=None
[2023-07-31T19:57:11.807+0000] {processor.py:179} INFO - Processing /home/airflow/.local/lib/python3.7/site-packages/airflow/example_dags/example_python_operator.py took 0.102 seconds
[2023-07-31T19:57:42.686+0000] {processor.py:157} INFO - Started process (PID=970) to work on /home/airflow/.local/lib/python3.7/site-packages/airflow/example_dags/example_python_operator.py
[2023-07-31T19:57:42.690+0000] {processor.py:826} INFO - Processing file /home/airflow/.local/lib/python3.7/site-packages/airflow/example_dags/example_python_operator.py for tasks to queue
[2023-07-31T19:57:42.691+0000] {logging_mixin.py:150} INFO - [2023-07-31T19:57:42.691+0000] {dagbag.py:541} INFO - Filling up the DagBag from /home/airflow/.local/lib/python3.7/site-packages/airflow/example_dags/example_python_operator.py
[2023-07-31T19:57:42.706+0000] {processor.py:836} INFO - DAG(s) dict_keys(['example_python_operator']) retrieved from /home/airflow/.local/lib/python3.7/site-packages/airflow/example_dags/example_python_operator.py
[2023-07-31T19:57:42.738+0000] {logging_mixin.py:150} INFO - [2023-07-31T19:57:42.737+0000] {dag.py:2742} INFO - Sync 1 DAGs
[2023-07-31T19:57:42.770+0000] {logging_mixin.py:150} INFO - [2023-07-31T19:57:42.770+0000] {dag.py:3508} INFO - Setting next_dagrun for example_python_operator to None, run_after=None
[2023-07-31T19:57:42.799+0000] {processor.py:179} INFO - Processing /home/airflow/.local/lib/python3.7/site-packages/airflow/example_dags/example_python_operator.py took 0.116 seconds
[2023-07-31T19:58:13.637+0000] {processor.py:157} INFO - Started process (PID=1031) to work on /home/airflow/.local/lib/python3.7/site-packages/airflow/example_dags/example_python_operator.py
[2023-07-31T19:58:13.638+0000] {processor.py:826} INFO - Processing file /home/airflow/.local/lib/python3.7/site-packages/airflow/example_dags/example_python_operator.py for tasks to queue
[2023-07-31T19:58:13.639+0000] {logging_mixin.py:150} INFO - [2023-07-31T19:58:13.638+0000] {dagbag.py:541} INFO - Filling up the DagBag from /home/airflow/.local/lib/python3.7/site-packages/airflow/example_dags/example_python_operator.py
[2023-07-31T19:58:13.654+0000] {processor.py:836} INFO - DAG(s) dict_keys(['example_python_operator']) retrieved from /home/airflow/.local/lib/python3.7/site-packages/airflow/example_dags/example_python_operator.py
[2023-07-31T19:58:13.681+0000] {logging_mixin.py:150} INFO - [2023-07-31T19:58:13.681+0000] {dag.py:2742} INFO - Sync 1 DAGs
[2023-07-31T19:58:13.708+0000] {logging_mixin.py:150} INFO - [2023-07-31T19:58:13.708+0000] {dag.py:3508} INFO - Setting next_dagrun for example_python_operator to None, run_after=None
[2023-07-31T19:58:13.732+0000] {processor.py:179} INFO - Processing /home/airflow/.local/lib/python3.7/site-packages/airflow/example_dags/example_python_operator.py took 0.098 seconds
[2023-07-31T19:58:44.426+0000] {processor.py:157} INFO - Started process (PID=1099) to work on /home/airflow/.local/lib/python3.7/site-packages/airflow/example_dags/example_python_operator.py
[2023-07-31T19:58:44.430+0000] {processor.py:826} INFO - Processing file /home/airflow/.local/lib/python3.7/site-packages/airflow/example_dags/example_python_operator.py for tasks to queue
[2023-07-31T19:58:44.431+0000] {logging_mixin.py:150} INFO - [2023-07-31T19:58:44.431+0000] {dagbag.py:541} INFO - Filling up the DagBag from /home/airflow/.local/lib/python3.7/site-packages/airflow/example_dags/example_python_operator.py
[2023-07-31T19:58:44.447+0000] {processor.py:836} INFO - DAG(s) dict_keys(['example_python_operator']) retrieved from /home/airflow/.local/lib/python3.7/site-packages/airflow/example_dags/example_python_operator.py
[2023-07-31T19:58:44.484+0000] {logging_mixin.py:150} INFO - [2023-07-31T19:58:44.483+0000] {dag.py:2742} INFO - Sync 1 DAGs
[2023-07-31T19:58:44.528+0000] {logging_mixin.py:150} INFO - [2023-07-31T19:58:44.528+0000] {dag.py:3508} INFO - Setting next_dagrun for example_python_operator to None, run_after=None
[2023-07-31T19:58:44.557+0000] {processor.py:179} INFO - Processing /home/airflow/.local/lib/python3.7/site-packages/airflow/example_dags/example_python_operator.py took 0.136 seconds
[2023-07-31T20:00:58.551+0000] {processor.py:157} INFO - Started process (PID=57) to work on /home/airflow/.local/lib/python3.7/site-packages/airflow/example_dags/example_python_operator.py
[2023-07-31T20:00:58.553+0000] {processor.py:826} INFO - Processing file /home/airflow/.local/lib/python3.7/site-packages/airflow/example_dags/example_python_operator.py for tasks to queue
[2023-07-31T20:00:58.553+0000] {logging_mixin.py:150} INFO - [2023-07-31T20:00:58.553+0000] {dagbag.py:541} INFO - Filling up the DagBag from /home/airflow/.local/lib/python3.7/site-packages/airflow/example_dags/example_python_operator.py
[2023-07-31T20:00:58.571+0000] {processor.py:836} INFO - DAG(s) dict_keys(['example_python_operator']) retrieved from /home/airflow/.local/lib/python3.7/site-packages/airflow/example_dags/example_python_operator.py
[2023-07-31T20:00:58.929+0000] {logging_mixin.py:150} INFO - [2023-07-31T20:00:58.928+0000] {dag.py:2742} INFO - Sync 1 DAGs
[2023-07-31T20:00:58.956+0000] {logging_mixin.py:150} INFO - [2023-07-31T20:00:58.956+0000] {dag.py:3508} INFO - Setting next_dagrun for example_python_operator to None, run_after=None
[2023-07-31T20:00:58.981+0000] {processor.py:179} INFO - Processing /home/airflow/.local/lib/python3.7/site-packages/airflow/example_dags/example_python_operator.py took 0.434 seconds
[2023-07-31T20:01:29.513+0000] {processor.py:157} INFO - Started process (PID=119) to work on /home/airflow/.local/lib/python3.7/site-packages/airflow/example_dags/example_python_operator.py
[2023-07-31T20:01:29.514+0000] {processor.py:826} INFO - Processing file /home/airflow/.local/lib/python3.7/site-packages/airflow/example_dags/example_python_operator.py for tasks to queue
[2023-07-31T20:01:29.515+0000] {logging_mixin.py:150} INFO - [2023-07-31T20:01:29.515+0000] {dagbag.py:541} INFO - Filling up the DagBag from /home/airflow/.local/lib/python3.7/site-packages/airflow/example_dags/example_python_operator.py
[2023-07-31T20:01:29.524+0000] {processor.py:836} INFO - DAG(s) dict_keys(['example_python_operator']) retrieved from /home/airflow/.local/lib/python3.7/site-packages/airflow/example_dags/example_python_operator.py
[2023-07-31T20:01:29.552+0000] {logging_mixin.py:150} INFO - [2023-07-31T20:01:29.551+0000] {dag.py:2742} INFO - Sync 1 DAGs
[2023-07-31T20:01:29.575+0000] {logging_mixin.py:150} INFO - [2023-07-31T20:01:29.575+0000] {dag.py:3508} INFO - Setting next_dagrun for example_python_operator to None, run_after=None
[2023-07-31T20:01:29.593+0000] {processor.py:179} INFO - Processing /home/airflow/.local/lib/python3.7/site-packages/airflow/example_dags/example_python_operator.py took 0.082 seconds
[2023-07-31T20:01:59.925+0000] {processor.py:157} INFO - Started process (PID=181) to work on /home/airflow/.local/lib/python3.7/site-packages/airflow/example_dags/example_python_operator.py
[2023-07-31T20:01:59.926+0000] {processor.py:826} INFO - Processing file /home/airflow/.local/lib/python3.7/site-packages/airflow/example_dags/example_python_operator.py for tasks to queue
[2023-07-31T20:01:59.927+0000] {logging_mixin.py:150} INFO - [2023-07-31T20:01:59.926+0000] {dagbag.py:541} INFO - Filling up the DagBag from /home/airflow/.local/lib/python3.7/site-packages/airflow/example_dags/example_python_operator.py
[2023-07-31T20:01:59.936+0000] {processor.py:836} INFO - DAG(s) dict_keys(['example_python_operator']) retrieved from /home/airflow/.local/lib/python3.7/site-packages/airflow/example_dags/example_python_operator.py
[2023-07-31T20:01:59.962+0000] {logging_mixin.py:150} INFO - [2023-07-31T20:01:59.962+0000] {dag.py:2742} INFO - Sync 1 DAGs
[2023-07-31T20:01:59.989+0000] {logging_mixin.py:150} INFO - [2023-07-31T20:01:59.989+0000] {dag.py:3508} INFO - Setting next_dagrun for example_python_operator to None, run_after=None
[2023-07-31T20:02:00.013+0000] {processor.py:179} INFO - Processing /home/airflow/.local/lib/python3.7/site-packages/airflow/example_dags/example_python_operator.py took 0.091 seconds
