[2023-07-31T19:50:00.858+0000] {processor.py:157} INFO - Started process (PID=41) to work on /home/airflow/.local/lib/python3.7/site-packages/airflow/example_dags/example_task_group.py
[2023-07-31T19:50:00.859+0000] {processor.py:826} INFO - Processing file /home/airflow/.local/lib/python3.7/site-packages/airflow/example_dags/example_task_group.py for tasks to queue
[2023-07-31T19:50:00.860+0000] {logging_mixin.py:150} INFO - [2023-07-31T19:50:00.860+0000] {dagbag.py:541} INFO - Filling up the DagBag from /home/airflow/.local/lib/python3.7/site-packages/airflow/example_dags/example_task_group.py
[2023-07-31T19:50:00.885+0000] {processor.py:836} INFO - DAG(s) dict_keys(['example_task_group']) retrieved from /home/airflow/.local/lib/python3.7/site-packages/airflow/example_dags/example_task_group.py
[2023-07-31T19:50:01.136+0000] {logging_mixin.py:150} INFO - [2023-07-31T19:50:01.136+0000] {manager.py:504} INFO - Created Permission View: can delete on DAG:example_task_group
[2023-07-31T19:50:01.152+0000] {logging_mixin.py:150} INFO - [2023-07-31T19:50:01.152+0000] {manager.py:504} INFO - Created Permission View: can edit on DAG:example_task_group
[2023-07-31T19:50:01.169+0000] {logging_mixin.py:150} INFO - [2023-07-31T19:50:01.169+0000] {manager.py:504} INFO - Created Permission View: can read on DAG:example_task_group
[2023-07-31T19:50:01.196+0000] {logging_mixin.py:150} INFO - [2023-07-31T19:50:01.195+0000] {dag.py:2742} INFO - Sync 1 DAGs
[2023-07-31T19:50:01.220+0000] {logging_mixin.py:150} INFO - [2023-07-31T19:50:01.219+0000] {dag.py:2763} INFO - Creating ORM DAG for example_task_group
[2023-07-31T19:50:01.237+0000] {logging_mixin.py:150} INFO - [2023-07-31T19:50:01.236+0000] {dag.py:3508} INFO - Setting next_dagrun for example_task_group to 2023-07-30T19:50:01.236535+00:00, run_after=2023-07-31T19:50:01.236535+00:00
[2023-07-31T19:50:01.264+0000] {processor.py:179} INFO - Processing /home/airflow/.local/lib/python3.7/site-packages/airflow/example_dags/example_task_group.py took 0.412 seconds
[2023-07-31T19:50:31.428+0000] {processor.py:157} INFO - Started process (PID=102) to work on /home/airflow/.local/lib/python3.7/site-packages/airflow/example_dags/example_task_group.py
[2023-07-31T19:50:31.430+0000] {processor.py:826} INFO - Processing file /home/airflow/.local/lib/python3.7/site-packages/airflow/example_dags/example_task_group.py for tasks to queue
[2023-07-31T19:50:31.431+0000] {logging_mixin.py:150} INFO - [2023-07-31T19:50:31.430+0000] {dagbag.py:541} INFO - Filling up the DagBag from /home/airflow/.local/lib/python3.7/site-packages/airflow/example_dags/example_task_group.py
[2023-07-31T19:50:31.455+0000] {processor.py:836} INFO - DAG(s) dict_keys(['example_task_group']) retrieved from /home/airflow/.local/lib/python3.7/site-packages/airflow/example_dags/example_task_group.py
[2023-07-31T19:50:31.496+0000] {logging_mixin.py:150} INFO - [2023-07-31T19:50:31.496+0000] {dag.py:2742} INFO - Sync 1 DAGs
[2023-07-31T19:50:31.545+0000] {logging_mixin.py:150} INFO - [2023-07-31T19:50:31.545+0000] {dag.py:3508} INFO - Setting next_dagrun for example_task_group to 2023-07-30T19:50:31.545295+00:00, run_after=2023-07-31T19:50:31.545295+00:00
[2023-07-31T19:50:31.579+0000] {processor.py:179} INFO - Processing /home/airflow/.local/lib/python3.7/site-packages/airflow/example_dags/example_task_group.py took 0.156 seconds
[2023-07-31T19:51:02.233+0000] {processor.py:157} INFO - Started process (PID=163) to work on /home/airflow/.local/lib/python3.7/site-packages/airflow/example_dags/example_task_group.py
[2023-07-31T19:51:02.234+0000] {processor.py:826} INFO - Processing file /home/airflow/.local/lib/python3.7/site-packages/airflow/example_dags/example_task_group.py for tasks to queue
[2023-07-31T19:51:02.240+0000] {logging_mixin.py:150} INFO - [2023-07-31T19:51:02.237+0000] {dagbag.py:541} INFO - Filling up the DagBag from /home/airflow/.local/lib/python3.7/site-packages/airflow/example_dags/example_task_group.py
[2023-07-31T19:51:02.279+0000] {processor.py:836} INFO - DAG(s) dict_keys(['example_task_group']) retrieved from /home/airflow/.local/lib/python3.7/site-packages/airflow/example_dags/example_task_group.py
[2023-07-31T19:51:02.352+0000] {logging_mixin.py:150} INFO - [2023-07-31T19:51:02.351+0000] {dag.py:2742} INFO - Sync 1 DAGs
[2023-07-31T19:51:02.457+0000] {logging_mixin.py:150} INFO - [2023-07-31T19:51:02.456+0000] {dag.py:3508} INFO - Setting next_dagrun for example_task_group to 2023-07-30T19:51:02.455482+00:00, run_after=2023-07-31T19:51:02.455482+00:00
[2023-07-31T19:51:02.548+0000] {processor.py:179} INFO - Processing /home/airflow/.local/lib/python3.7/site-packages/airflow/example_dags/example_task_group.py took 0.324 seconds
[2023-07-31T19:51:32.588+0000] {processor.py:157} INFO - Started process (PID=223) to work on /home/airflow/.local/lib/python3.7/site-packages/airflow/example_dags/example_task_group.py
[2023-07-31T19:51:32.589+0000] {processor.py:826} INFO - Processing file /home/airflow/.local/lib/python3.7/site-packages/airflow/example_dags/example_task_group.py for tasks to queue
[2023-07-31T19:51:32.590+0000] {logging_mixin.py:150} INFO - [2023-07-31T19:51:32.590+0000] {dagbag.py:541} INFO - Filling up the DagBag from /home/airflow/.local/lib/python3.7/site-packages/airflow/example_dags/example_task_group.py
[2023-07-31T19:51:32.600+0000] {processor.py:836} INFO - DAG(s) dict_keys(['example_task_group']) retrieved from /home/airflow/.local/lib/python3.7/site-packages/airflow/example_dags/example_task_group.py
[2023-07-31T19:51:32.636+0000] {logging_mixin.py:150} INFO - [2023-07-31T19:51:32.636+0000] {dag.py:2742} INFO - Sync 1 DAGs
[2023-07-31T19:51:32.680+0000] {logging_mixin.py:150} INFO - [2023-07-31T19:51:32.679+0000] {dag.py:3508} INFO - Setting next_dagrun for example_task_group to 2023-07-30T19:51:32.679517+00:00, run_after=2023-07-31T19:51:32.679517+00:00
[2023-07-31T19:51:32.712+0000] {processor.py:179} INFO - Processing /home/airflow/.local/lib/python3.7/site-packages/airflow/example_dags/example_task_group.py took 0.127 seconds
[2023-07-31T19:52:02.799+0000] {processor.py:157} INFO - Started process (PID=283) to work on /home/airflow/.local/lib/python3.7/site-packages/airflow/example_dags/example_task_group.py
[2023-07-31T19:52:02.799+0000] {processor.py:826} INFO - Processing file /home/airflow/.local/lib/python3.7/site-packages/airflow/example_dags/example_task_group.py for tasks to queue
[2023-07-31T19:52:02.800+0000] {logging_mixin.py:150} INFO - [2023-07-31T19:52:02.800+0000] {dagbag.py:541} INFO - Filling up the DagBag from /home/airflow/.local/lib/python3.7/site-packages/airflow/example_dags/example_task_group.py
[2023-07-31T19:52:02.810+0000] {processor.py:836} INFO - DAG(s) dict_keys(['example_task_group']) retrieved from /home/airflow/.local/lib/python3.7/site-packages/airflow/example_dags/example_task_group.py
[2023-07-31T19:52:02.834+0000] {logging_mixin.py:150} INFO - [2023-07-31T19:52:02.834+0000] {dag.py:2742} INFO - Sync 1 DAGs
[2023-07-31T19:52:02.862+0000] {logging_mixin.py:150} INFO - [2023-07-31T19:52:02.862+0000] {dag.py:3508} INFO - Setting next_dagrun for example_task_group to 2023-07-30T19:52:02.862178+00:00, run_after=2023-07-31T19:52:02.862178+00:00
[2023-07-31T19:52:02.885+0000] {processor.py:179} INFO - Processing /home/airflow/.local/lib/python3.7/site-packages/airflow/example_dags/example_task_group.py took 0.089 seconds
[2023-07-31T19:52:33.016+0000] {processor.py:157} INFO - Started process (PID=344) to work on /home/airflow/.local/lib/python3.7/site-packages/airflow/example_dags/example_task_group.py
[2023-07-31T19:52:33.018+0000] {processor.py:826} INFO - Processing file /home/airflow/.local/lib/python3.7/site-packages/airflow/example_dags/example_task_group.py for tasks to queue
[2023-07-31T19:52:33.018+0000] {logging_mixin.py:150} INFO - [2023-07-31T19:52:33.018+0000] {dagbag.py:541} INFO - Filling up the DagBag from /home/airflow/.local/lib/python3.7/site-packages/airflow/example_dags/example_task_group.py
[2023-07-31T19:52:33.026+0000] {processor.py:836} INFO - DAG(s) dict_keys(['example_task_group']) retrieved from /home/airflow/.local/lib/python3.7/site-packages/airflow/example_dags/example_task_group.py
[2023-07-31T19:52:33.052+0000] {logging_mixin.py:150} INFO - [2023-07-31T19:52:33.052+0000] {dag.py:2742} INFO - Sync 1 DAGs
[2023-07-31T19:52:33.077+0000] {logging_mixin.py:150} INFO - [2023-07-31T19:52:33.077+0000] {dag.py:3508} INFO - Setting next_dagrun for example_task_group to 2023-07-30T19:52:33.077584+00:00, run_after=2023-07-31T19:52:33.077584+00:00
[2023-07-31T19:52:33.102+0000] {processor.py:179} INFO - Processing /home/airflow/.local/lib/python3.7/site-packages/airflow/example_dags/example_task_group.py took 0.091 seconds
[2023-07-31T19:53:03.815+0000] {processor.py:157} INFO - Started process (PID=405) to work on /home/airflow/.local/lib/python3.7/site-packages/airflow/example_dags/example_task_group.py
[2023-07-31T19:53:03.816+0000] {processor.py:826} INFO - Processing file /home/airflow/.local/lib/python3.7/site-packages/airflow/example_dags/example_task_group.py for tasks to queue
[2023-07-31T19:53:03.818+0000] {logging_mixin.py:150} INFO - [2023-07-31T19:53:03.817+0000] {dagbag.py:541} INFO - Filling up the DagBag from /home/airflow/.local/lib/python3.7/site-packages/airflow/example_dags/example_task_group.py
[2023-07-31T19:53:03.845+0000] {processor.py:836} INFO - DAG(s) dict_keys(['example_task_group']) retrieved from /home/airflow/.local/lib/python3.7/site-packages/airflow/example_dags/example_task_group.py
[2023-07-31T19:53:03.901+0000] {logging_mixin.py:150} INFO - [2023-07-31T19:53:03.901+0000] {dag.py:2742} INFO - Sync 1 DAGs
[2023-07-31T19:53:03.967+0000] {logging_mixin.py:150} INFO - [2023-07-31T19:53:03.967+0000] {dag.py:3508} INFO - Setting next_dagrun for example_task_group to 2023-07-30T19:53:03.967216+00:00, run_after=2023-07-31T19:53:03.967216+00:00
[2023-07-31T19:53:04.016+0000] {processor.py:179} INFO - Processing /home/airflow/.local/lib/python3.7/site-packages/airflow/example_dags/example_task_group.py took 0.211 seconds
[2023-07-31T19:53:34.716+0000] {processor.py:157} INFO - Started process (PID=466) to work on /home/airflow/.local/lib/python3.7/site-packages/airflow/example_dags/example_task_group.py
[2023-07-31T19:53:34.718+0000] {processor.py:826} INFO - Processing file /home/airflow/.local/lib/python3.7/site-packages/airflow/example_dags/example_task_group.py for tasks to queue
[2023-07-31T19:53:34.719+0000] {logging_mixin.py:150} INFO - [2023-07-31T19:53:34.718+0000] {dagbag.py:541} INFO - Filling up the DagBag from /home/airflow/.local/lib/python3.7/site-packages/airflow/example_dags/example_task_group.py
[2023-07-31T19:53:34.732+0000] {processor.py:836} INFO - DAG(s) dict_keys(['example_task_group']) retrieved from /home/airflow/.local/lib/python3.7/site-packages/airflow/example_dags/example_task_group.py
[2023-07-31T19:53:34.773+0000] {logging_mixin.py:150} INFO - [2023-07-31T19:53:34.772+0000] {dag.py:2742} INFO - Sync 1 DAGs
[2023-07-31T19:53:34.814+0000] {logging_mixin.py:150} INFO - [2023-07-31T19:53:34.814+0000] {dag.py:3508} INFO - Setting next_dagrun for example_task_group to 2023-07-30T19:53:34.813803+00:00, run_after=2023-07-31T19:53:34.813803+00:00
[2023-07-31T19:53:34.839+0000] {processor.py:179} INFO - Processing /home/airflow/.local/lib/python3.7/site-packages/airflow/example_dags/example_task_group.py took 0.128 seconds
[2023-07-31T19:54:05.282+0000] {processor.py:157} INFO - Started process (PID=527) to work on /home/airflow/.local/lib/python3.7/site-packages/airflow/example_dags/example_task_group.py
[2023-07-31T19:54:05.283+0000] {processor.py:826} INFO - Processing file /home/airflow/.local/lib/python3.7/site-packages/airflow/example_dags/example_task_group.py for tasks to queue
[2023-07-31T19:54:05.283+0000] {logging_mixin.py:150} INFO - [2023-07-31T19:54:05.283+0000] {dagbag.py:541} INFO - Filling up the DagBag from /home/airflow/.local/lib/python3.7/site-packages/airflow/example_dags/example_task_group.py
[2023-07-31T19:54:05.293+0000] {processor.py:836} INFO - DAG(s) dict_keys(['example_task_group']) retrieved from /home/airflow/.local/lib/python3.7/site-packages/airflow/example_dags/example_task_group.py
[2023-07-31T19:54:05.317+0000] {logging_mixin.py:150} INFO - [2023-07-31T19:54:05.317+0000] {dag.py:2742} INFO - Sync 1 DAGs
[2023-07-31T19:54:05.348+0000] {logging_mixin.py:150} INFO - [2023-07-31T19:54:05.348+0000] {dag.py:3508} INFO - Setting next_dagrun for example_task_group to 2023-07-30T19:54:05.348088+00:00, run_after=2023-07-31T19:54:05.348088+00:00
[2023-07-31T19:54:05.376+0000] {processor.py:179} INFO - Processing /home/airflow/.local/lib/python3.7/site-packages/airflow/example_dags/example_task_group.py took 0.097 seconds
[2023-07-31T19:54:35.560+0000] {processor.py:157} INFO - Started process (PID=588) to work on /home/airflow/.local/lib/python3.7/site-packages/airflow/example_dags/example_task_group.py
[2023-07-31T19:54:35.561+0000] {processor.py:826} INFO - Processing file /home/airflow/.local/lib/python3.7/site-packages/airflow/example_dags/example_task_group.py for tasks to queue
[2023-07-31T19:54:35.561+0000] {logging_mixin.py:150} INFO - [2023-07-31T19:54:35.561+0000] {dagbag.py:541} INFO - Filling up the DagBag from /home/airflow/.local/lib/python3.7/site-packages/airflow/example_dags/example_task_group.py
[2023-07-31T19:54:35.571+0000] {processor.py:836} INFO - DAG(s) dict_keys(['example_task_group']) retrieved from /home/airflow/.local/lib/python3.7/site-packages/airflow/example_dags/example_task_group.py
[2023-07-31T19:54:35.595+0000] {logging_mixin.py:150} INFO - [2023-07-31T19:54:35.595+0000] {dag.py:2742} INFO - Sync 1 DAGs
[2023-07-31T19:54:35.623+0000] {logging_mixin.py:150} INFO - [2023-07-31T19:54:35.622+0000] {dag.py:3508} INFO - Setting next_dagrun for example_task_group to 2023-07-30T19:54:35.622731+00:00, run_after=2023-07-31T19:54:35.622731+00:00
[2023-07-31T19:54:35.652+0000] {processor.py:179} INFO - Processing /home/airflow/.local/lib/python3.7/site-packages/airflow/example_dags/example_task_group.py took 0.095 seconds
[2023-07-31T19:55:05.803+0000] {processor.py:157} INFO - Started process (PID=649) to work on /home/airflow/.local/lib/python3.7/site-packages/airflow/example_dags/example_task_group.py
[2023-07-31T19:55:05.804+0000] {processor.py:826} INFO - Processing file /home/airflow/.local/lib/python3.7/site-packages/airflow/example_dags/example_task_group.py for tasks to queue
[2023-07-31T19:55:05.806+0000] {logging_mixin.py:150} INFO - [2023-07-31T19:55:05.805+0000] {dagbag.py:541} INFO - Filling up the DagBag from /home/airflow/.local/lib/python3.7/site-packages/airflow/example_dags/example_task_group.py
[2023-07-31T19:55:05.814+0000] {processor.py:836} INFO - DAG(s) dict_keys(['example_task_group']) retrieved from /home/airflow/.local/lib/python3.7/site-packages/airflow/example_dags/example_task_group.py
[2023-07-31T19:55:05.843+0000] {logging_mixin.py:150} INFO - [2023-07-31T19:55:05.843+0000] {dag.py:2742} INFO - Sync 1 DAGs
[2023-07-31T19:55:05.869+0000] {logging_mixin.py:150} INFO - [2023-07-31T19:55:05.869+0000] {dag.py:3508} INFO - Setting next_dagrun for example_task_group to 2023-07-30T19:55:05.868977+00:00, run_after=2023-07-31T19:55:05.868977+00:00
[2023-07-31T19:55:05.895+0000] {processor.py:179} INFO - Processing /home/airflow/.local/lib/python3.7/site-packages/airflow/example_dags/example_task_group.py took 0.095 seconds
[2023-07-31T19:55:36.253+0000] {processor.py:157} INFO - Started process (PID=710) to work on /home/airflow/.local/lib/python3.7/site-packages/airflow/example_dags/example_task_group.py
[2023-07-31T19:55:36.254+0000] {processor.py:826} INFO - Processing file /home/airflow/.local/lib/python3.7/site-packages/airflow/example_dags/example_task_group.py for tasks to queue
[2023-07-31T19:55:36.254+0000] {logging_mixin.py:150} INFO - [2023-07-31T19:55:36.254+0000] {dagbag.py:541} INFO - Filling up the DagBag from /home/airflow/.local/lib/python3.7/site-packages/airflow/example_dags/example_task_group.py
[2023-07-31T19:55:36.262+0000] {processor.py:836} INFO - DAG(s) dict_keys(['example_task_group']) retrieved from /home/airflow/.local/lib/python3.7/site-packages/airflow/example_dags/example_task_group.py
[2023-07-31T19:55:36.288+0000] {logging_mixin.py:150} INFO - [2023-07-31T19:55:36.288+0000] {dag.py:2742} INFO - Sync 1 DAGs
[2023-07-31T19:55:36.319+0000] {logging_mixin.py:150} INFO - [2023-07-31T19:55:36.319+0000] {dag.py:3508} INFO - Setting next_dagrun for example_task_group to 2023-07-30T19:55:36.318864+00:00, run_after=2023-07-31T19:55:36.318864+00:00
[2023-07-31T19:55:36.344+0000] {processor.py:179} INFO - Processing /home/airflow/.local/lib/python3.7/site-packages/airflow/example_dags/example_task_group.py took 0.094 seconds
[2023-07-31T19:56:06.683+0000] {processor.py:157} INFO - Started process (PID=771) to work on /home/airflow/.local/lib/python3.7/site-packages/airflow/example_dags/example_task_group.py
[2023-07-31T19:56:06.684+0000] {processor.py:826} INFO - Processing file /home/airflow/.local/lib/python3.7/site-packages/airflow/example_dags/example_task_group.py for tasks to queue
[2023-07-31T19:56:06.684+0000] {logging_mixin.py:150} INFO - [2023-07-31T19:56:06.684+0000] {dagbag.py:541} INFO - Filling up the DagBag from /home/airflow/.local/lib/python3.7/site-packages/airflow/example_dags/example_task_group.py
[2023-07-31T19:56:06.694+0000] {processor.py:836} INFO - DAG(s) dict_keys(['example_task_group']) retrieved from /home/airflow/.local/lib/python3.7/site-packages/airflow/example_dags/example_task_group.py
[2023-07-31T19:56:06.719+0000] {logging_mixin.py:150} INFO - [2023-07-31T19:56:06.719+0000] {dag.py:2742} INFO - Sync 1 DAGs
[2023-07-31T19:56:06.747+0000] {logging_mixin.py:150} INFO - [2023-07-31T19:56:06.747+0000] {dag.py:3508} INFO - Setting next_dagrun for example_task_group to 2023-07-30T19:56:06.747138+00:00, run_after=2023-07-31T19:56:06.747138+00:00
[2023-07-31T19:56:06.771+0000] {processor.py:179} INFO - Processing /home/airflow/.local/lib/python3.7/site-packages/airflow/example_dags/example_task_group.py took 0.091 seconds
[2023-07-31T19:56:37.075+0000] {processor.py:157} INFO - Started process (PID=832) to work on /home/airflow/.local/lib/python3.7/site-packages/airflow/example_dags/example_task_group.py
[2023-07-31T19:56:37.076+0000] {processor.py:826} INFO - Processing file /home/airflow/.local/lib/python3.7/site-packages/airflow/example_dags/example_task_group.py for tasks to queue
[2023-07-31T19:56:37.078+0000] {logging_mixin.py:150} INFO - [2023-07-31T19:56:37.078+0000] {dagbag.py:541} INFO - Filling up the DagBag from /home/airflow/.local/lib/python3.7/site-packages/airflow/example_dags/example_task_group.py
[2023-07-31T19:56:37.088+0000] {processor.py:836} INFO - DAG(s) dict_keys(['example_task_group']) retrieved from /home/airflow/.local/lib/python3.7/site-packages/airflow/example_dags/example_task_group.py
[2023-07-31T19:56:37.117+0000] {logging_mixin.py:150} INFO - [2023-07-31T19:56:37.117+0000] {dag.py:2742} INFO - Sync 1 DAGs
[2023-07-31T19:56:37.144+0000] {logging_mixin.py:150} INFO - [2023-07-31T19:56:37.144+0000] {dag.py:3508} INFO - Setting next_dagrun for example_task_group to 2023-07-30T19:56:37.144186+00:00, run_after=2023-07-31T19:56:37.144186+00:00
[2023-07-31T19:56:37.166+0000] {processor.py:179} INFO - Processing /home/airflow/.local/lib/python3.7/site-packages/airflow/example_dags/example_task_group.py took 0.094 seconds
[2023-07-31T19:57:07.505+0000] {processor.py:157} INFO - Started process (PID=893) to work on /home/airflow/.local/lib/python3.7/site-packages/airflow/example_dags/example_task_group.py
[2023-07-31T19:57:07.506+0000] {processor.py:826} INFO - Processing file /home/airflow/.local/lib/python3.7/site-packages/airflow/example_dags/example_task_group.py for tasks to queue
[2023-07-31T19:57:07.507+0000] {logging_mixin.py:150} INFO - [2023-07-31T19:57:07.507+0000] {dagbag.py:541} INFO - Filling up the DagBag from /home/airflow/.local/lib/python3.7/site-packages/airflow/example_dags/example_task_group.py
[2023-07-31T19:57:07.516+0000] {processor.py:836} INFO - DAG(s) dict_keys(['example_task_group']) retrieved from /home/airflow/.local/lib/python3.7/site-packages/airflow/example_dags/example_task_group.py
[2023-07-31T19:57:07.544+0000] {logging_mixin.py:150} INFO - [2023-07-31T19:57:07.544+0000] {dag.py:2742} INFO - Sync 1 DAGs
[2023-07-31T19:57:07.570+0000] {logging_mixin.py:150} INFO - [2023-07-31T19:57:07.569+0000] {dag.py:3508} INFO - Setting next_dagrun for example_task_group to 2023-07-30T19:57:07.569722+00:00, run_after=2023-07-31T19:57:07.569722+00:00
[2023-07-31T19:57:07.596+0000] {processor.py:179} INFO - Processing /home/airflow/.local/lib/python3.7/site-packages/airflow/example_dags/example_task_group.py took 0.094 seconds
[2023-07-31T19:57:37.894+0000] {processor.py:157} INFO - Started process (PID=954) to work on /home/airflow/.local/lib/python3.7/site-packages/airflow/example_dags/example_task_group.py
[2023-07-31T19:57:37.896+0000] {processor.py:826} INFO - Processing file /home/airflow/.local/lib/python3.7/site-packages/airflow/example_dags/example_task_group.py for tasks to queue
[2023-07-31T19:57:37.899+0000] {logging_mixin.py:150} INFO - [2023-07-31T19:57:37.898+0000] {dagbag.py:541} INFO - Filling up the DagBag from /home/airflow/.local/lib/python3.7/site-packages/airflow/example_dags/example_task_group.py
[2023-07-31T19:57:37.911+0000] {processor.py:836} INFO - DAG(s) dict_keys(['example_task_group']) retrieved from /home/airflow/.local/lib/python3.7/site-packages/airflow/example_dags/example_task_group.py
[2023-07-31T19:57:37.966+0000] {logging_mixin.py:150} INFO - [2023-07-31T19:57:37.966+0000] {dag.py:2742} INFO - Sync 1 DAGs
[2023-07-31T19:57:38.025+0000] {logging_mixin.py:150} INFO - [2023-07-31T19:57:38.025+0000] {dag.py:3508} INFO - Setting next_dagrun for example_task_group to 2023-07-30T19:57:38.024454+00:00, run_after=2023-07-31T19:57:38.024454+00:00
[2023-07-31T19:57:38.067+0000] {processor.py:179} INFO - Processing /home/airflow/.local/lib/python3.7/site-packages/airflow/example_dags/example_task_group.py took 0.179 seconds
[2023-07-31T19:58:08.430+0000] {processor.py:157} INFO - Started process (PID=1015) to work on /home/airflow/.local/lib/python3.7/site-packages/airflow/example_dags/example_task_group.py
[2023-07-31T19:58:08.431+0000] {processor.py:826} INFO - Processing file /home/airflow/.local/lib/python3.7/site-packages/airflow/example_dags/example_task_group.py for tasks to queue
[2023-07-31T19:58:08.432+0000] {logging_mixin.py:150} INFO - [2023-07-31T19:58:08.431+0000] {dagbag.py:541} INFO - Filling up the DagBag from /home/airflow/.local/lib/python3.7/site-packages/airflow/example_dags/example_task_group.py
[2023-07-31T19:58:08.441+0000] {processor.py:836} INFO - DAG(s) dict_keys(['example_task_group']) retrieved from /home/airflow/.local/lib/python3.7/site-packages/airflow/example_dags/example_task_group.py
[2023-07-31T19:58:08.467+0000] {logging_mixin.py:150} INFO - [2023-07-31T19:58:08.467+0000] {dag.py:2742} INFO - Sync 1 DAGs
[2023-07-31T19:58:08.499+0000] {logging_mixin.py:150} INFO - [2023-07-31T19:58:08.499+0000] {dag.py:3508} INFO - Setting next_dagrun for example_task_group to 2023-07-30T19:58:08.498741+00:00, run_after=2023-07-31T19:58:08.498741+00:00
[2023-07-31T19:58:08.531+0000] {processor.py:179} INFO - Processing /home/airflow/.local/lib/python3.7/site-packages/airflow/example_dags/example_task_group.py took 0.104 seconds
[2023-07-31T19:58:38.892+0000] {processor.py:157} INFO - Started process (PID=1076) to work on /home/airflow/.local/lib/python3.7/site-packages/airflow/example_dags/example_task_group.py
[2023-07-31T19:58:38.894+0000] {processor.py:826} INFO - Processing file /home/airflow/.local/lib/python3.7/site-packages/airflow/example_dags/example_task_group.py for tasks to queue
[2023-07-31T19:58:38.896+0000] {logging_mixin.py:150} INFO - [2023-07-31T19:58:38.895+0000] {dagbag.py:541} INFO - Filling up the DagBag from /home/airflow/.local/lib/python3.7/site-packages/airflow/example_dags/example_task_group.py
[2023-07-31T19:58:38.907+0000] {processor.py:836} INFO - DAG(s) dict_keys(['example_task_group']) retrieved from /home/airflow/.local/lib/python3.7/site-packages/airflow/example_dags/example_task_group.py
[2023-07-31T19:58:38.941+0000] {logging_mixin.py:150} INFO - [2023-07-31T19:58:38.941+0000] {dag.py:2742} INFO - Sync 1 DAGs
[2023-07-31T19:58:38.978+0000] {logging_mixin.py:150} INFO - [2023-07-31T19:58:38.978+0000] {dag.py:3508} INFO - Setting next_dagrun for example_task_group to 2023-07-30T19:58:38.977902+00:00, run_after=2023-07-31T19:58:38.977902+00:00
[2023-07-31T19:58:39.008+0000] {processor.py:179} INFO - Processing /home/airflow/.local/lib/python3.7/site-packages/airflow/example_dags/example_task_group.py took 0.120 seconds
[2023-07-31T20:00:56.828+0000] {processor.py:157} INFO - Started process (PID=42) to work on /home/airflow/.local/lib/python3.7/site-packages/airflow/example_dags/example_task_group.py
[2023-07-31T20:00:56.829+0000] {processor.py:826} INFO - Processing file /home/airflow/.local/lib/python3.7/site-packages/airflow/example_dags/example_task_group.py for tasks to queue
[2023-07-31T20:00:56.830+0000] {logging_mixin.py:150} INFO - [2023-07-31T20:00:56.830+0000] {dagbag.py:541} INFO - Filling up the DagBag from /home/airflow/.local/lib/python3.7/site-packages/airflow/example_dags/example_task_group.py
[2023-07-31T20:00:56.840+0000] {processor.py:836} INFO - DAG(s) dict_keys(['example_task_group']) retrieved from /home/airflow/.local/lib/python3.7/site-packages/airflow/example_dags/example_task_group.py
[2023-07-31T20:00:56.885+0000] {logging_mixin.py:150} INFO - [2023-07-31T20:00:56.885+0000] {dag.py:2742} INFO - Sync 1 DAGs
[2023-07-31T20:00:57.010+0000] {logging_mixin.py:150} INFO - [2023-07-31T20:00:57.009+0000] {dag.py:3508} INFO - Setting next_dagrun for example_task_group to 2023-07-30T20:00:57.009766+00:00, run_after=2023-07-31T20:00:57.009766+00:00
[2023-07-31T20:00:57.028+0000] {processor.py:179} INFO - Processing /home/airflow/.local/lib/python3.7/site-packages/airflow/example_dags/example_task_group.py took 0.203 seconds
[2023-07-31T20:01:27.587+0000] {processor.py:157} INFO - Started process (PID=104) to work on /home/airflow/.local/lib/python3.7/site-packages/airflow/example_dags/example_task_group.py
[2023-07-31T20:01:27.593+0000] {processor.py:826} INFO - Processing file /home/airflow/.local/lib/python3.7/site-packages/airflow/example_dags/example_task_group.py for tasks to queue
[2023-07-31T20:01:27.594+0000] {logging_mixin.py:150} INFO - [2023-07-31T20:01:27.593+0000] {dagbag.py:541} INFO - Filling up the DagBag from /home/airflow/.local/lib/python3.7/site-packages/airflow/example_dags/example_task_group.py
[2023-07-31T20:01:27.614+0000] {processor.py:836} INFO - DAG(s) dict_keys(['example_task_group']) retrieved from /home/airflow/.local/lib/python3.7/site-packages/airflow/example_dags/example_task_group.py
[2023-07-31T20:01:27.638+0000] {logging_mixin.py:150} INFO - [2023-07-31T20:01:27.637+0000] {dag.py:2742} INFO - Sync 1 DAGs
[2023-07-31T20:01:27.663+0000] {logging_mixin.py:150} INFO - [2023-07-31T20:01:27.663+0000] {dag.py:3508} INFO - Setting next_dagrun for example_task_group to 2023-07-30T20:01:27.663160+00:00, run_after=2023-07-31T20:01:27.663160+00:00
[2023-07-31T20:01:27.680+0000] {processor.py:179} INFO - Processing /home/airflow/.local/lib/python3.7/site-packages/airflow/example_dags/example_task_group.py took 0.096 seconds
[2023-07-31T20:01:58.125+0000] {processor.py:157} INFO - Started process (PID=166) to work on /home/airflow/.local/lib/python3.7/site-packages/airflow/example_dags/example_task_group.py
[2023-07-31T20:01:58.126+0000] {processor.py:826} INFO - Processing file /home/airflow/.local/lib/python3.7/site-packages/airflow/example_dags/example_task_group.py for tasks to queue
[2023-07-31T20:01:58.127+0000] {logging_mixin.py:150} INFO - [2023-07-31T20:01:58.127+0000] {dagbag.py:541} INFO - Filling up the DagBag from /home/airflow/.local/lib/python3.7/site-packages/airflow/example_dags/example_task_group.py
[2023-07-31T20:01:58.134+0000] {processor.py:836} INFO - DAG(s) dict_keys(['example_task_group']) retrieved from /home/airflow/.local/lib/python3.7/site-packages/airflow/example_dags/example_task_group.py
[2023-07-31T20:01:58.157+0000] {logging_mixin.py:150} INFO - [2023-07-31T20:01:58.157+0000] {dag.py:2742} INFO - Sync 1 DAGs
[2023-07-31T20:01:58.181+0000] {logging_mixin.py:150} INFO - [2023-07-31T20:01:58.181+0000] {dag.py:3508} INFO - Setting next_dagrun for example_task_group to 2023-07-30T20:01:58.181347+00:00, run_after=2023-07-31T20:01:58.181347+00:00
[2023-07-31T20:01:58.204+0000] {processor.py:179} INFO - Processing /home/airflow/.local/lib/python3.7/site-packages/airflow/example_dags/example_task_group.py took 0.081 seconds
