[2023-07-31T19:50:05.668+0000] {processor.py:157} INFO - Started process (PID=63) to work on /home/airflow/.local/lib/python3.7/site-packages/airflow/example_dags/example_task_group_decorator.py
[2023-07-31T19:50:05.671+0000] {processor.py:826} INFO - Processing file /home/airflow/.local/lib/python3.7/site-packages/airflow/example_dags/example_task_group_decorator.py for tasks to queue
[2023-07-31T19:50:05.672+0000] {logging_mixin.py:150} INFO - [2023-07-31T19:50:05.672+0000] {dagbag.py:541} INFO - Filling up the DagBag from /home/airflow/.local/lib/python3.7/site-packages/airflow/example_dags/example_task_group_decorator.py
[2023-07-31T19:50:05.697+0000] {processor.py:836} INFO - DAG(s) dict_keys(['example_task_group_decorator']) retrieved from /home/airflow/.local/lib/python3.7/site-packages/airflow/example_dags/example_task_group_decorator.py
[2023-07-31T19:50:05.873+0000] {logging_mixin.py:150} INFO - [2023-07-31T19:50:05.873+0000] {manager.py:504} INFO - Created Permission View: can delete on DAG:example_task_group_decorator
[2023-07-31T19:50:05.890+0000] {logging_mixin.py:150} INFO - [2023-07-31T19:50:05.890+0000] {manager.py:504} INFO - Created Permission View: can edit on DAG:example_task_group_decorator
[2023-07-31T19:50:05.899+0000] {logging_mixin.py:150} INFO - [2023-07-31T19:50:05.898+0000] {manager.py:504} INFO - Created Permission View: can read on DAG:example_task_group_decorator
[2023-07-31T19:50:05.924+0000] {logging_mixin.py:150} INFO - [2023-07-31T19:50:05.924+0000] {dag.py:2742} INFO - Sync 1 DAGs
[2023-07-31T19:50:05.946+0000] {logging_mixin.py:150} INFO - [2023-07-31T19:50:05.946+0000] {dag.py:2763} INFO - Creating ORM DAG for example_task_group_decorator
[2023-07-31T19:50:05.963+0000] {logging_mixin.py:150} INFO - [2023-07-31T19:50:05.962+0000] {dag.py:3508} INFO - Setting next_dagrun for example_task_group_decorator to 2023-07-30T19:50:05.962571+00:00, run_after=2023-07-31T19:50:05.962571+00:00
[2023-07-31T19:50:05.991+0000] {processor.py:179} INFO - Processing /home/airflow/.local/lib/python3.7/site-packages/airflow/example_dags/example_task_group_decorator.py took 0.327 seconds
[2023-07-31T19:50:36.301+0000] {processor.py:157} INFO - Started process (PID=124) to work on /home/airflow/.local/lib/python3.7/site-packages/airflow/example_dags/example_task_group_decorator.py
[2023-07-31T19:50:36.303+0000] {processor.py:826} INFO - Processing file /home/airflow/.local/lib/python3.7/site-packages/airflow/example_dags/example_task_group_decorator.py for tasks to queue
[2023-07-31T19:50:36.304+0000] {logging_mixin.py:150} INFO - [2023-07-31T19:50:36.303+0000] {dagbag.py:541} INFO - Filling up the DagBag from /home/airflow/.local/lib/python3.7/site-packages/airflow/example_dags/example_task_group_decorator.py
[2023-07-31T19:50:36.337+0000] {processor.py:836} INFO - DAG(s) dict_keys(['example_task_group_decorator']) retrieved from /home/airflow/.local/lib/python3.7/site-packages/airflow/example_dags/example_task_group_decorator.py
[2023-07-31T19:50:36.386+0000] {logging_mixin.py:150} INFO - [2023-07-31T19:50:36.386+0000] {dag.py:2742} INFO - Sync 1 DAGs
[2023-07-31T19:50:36.433+0000] {logging_mixin.py:150} INFO - [2023-07-31T19:50:36.433+0000] {dag.py:3508} INFO - Setting next_dagrun for example_task_group_decorator to 2023-07-30T19:50:36.433130+00:00, run_after=2023-07-31T19:50:36.433130+00:00
[2023-07-31T19:50:36.470+0000] {processor.py:179} INFO - Processing /home/airflow/.local/lib/python3.7/site-packages/airflow/example_dags/example_task_group_decorator.py took 0.175 seconds
[2023-07-31T19:51:06.682+0000] {processor.py:157} INFO - Started process (PID=185) to work on /home/airflow/.local/lib/python3.7/site-packages/airflow/example_dags/example_task_group_decorator.py
[2023-07-31T19:51:06.683+0000] {processor.py:826} INFO - Processing file /home/airflow/.local/lib/python3.7/site-packages/airflow/example_dags/example_task_group_decorator.py for tasks to queue
[2023-07-31T19:51:06.684+0000] {logging_mixin.py:150} INFO - [2023-07-31T19:51:06.684+0000] {dagbag.py:541} INFO - Filling up the DagBag from /home/airflow/.local/lib/python3.7/site-packages/airflow/example_dags/example_task_group_decorator.py
[2023-07-31T19:51:06.707+0000] {processor.py:836} INFO - DAG(s) dict_keys(['example_task_group_decorator']) retrieved from /home/airflow/.local/lib/python3.7/site-packages/airflow/example_dags/example_task_group_decorator.py
[2023-07-31T19:51:06.748+0000] {logging_mixin.py:150} INFO - [2023-07-31T19:51:06.748+0000] {dag.py:2742} INFO - Sync 1 DAGs
[2023-07-31T19:51:06.790+0000] {logging_mixin.py:150} INFO - [2023-07-31T19:51:06.790+0000] {dag.py:3508} INFO - Setting next_dagrun for example_task_group_decorator to 2023-07-30T19:51:06.789983+00:00, run_after=2023-07-31T19:51:06.789983+00:00
[2023-07-31T19:51:06.825+0000] {processor.py:179} INFO - Processing /home/airflow/.local/lib/python3.7/site-packages/airflow/example_dags/example_task_group_decorator.py took 0.147 seconds
[2023-07-31T19:51:37.652+0000] {processor.py:157} INFO - Started process (PID=245) to work on /home/airflow/.local/lib/python3.7/site-packages/airflow/example_dags/example_task_group_decorator.py
[2023-07-31T19:51:37.652+0000] {processor.py:826} INFO - Processing file /home/airflow/.local/lib/python3.7/site-packages/airflow/example_dags/example_task_group_decorator.py for tasks to queue
[2023-07-31T19:51:37.653+0000] {logging_mixin.py:150} INFO - [2023-07-31T19:51:37.653+0000] {dagbag.py:541} INFO - Filling up the DagBag from /home/airflow/.local/lib/python3.7/site-packages/airflow/example_dags/example_task_group_decorator.py
[2023-07-31T19:51:37.682+0000] {processor.py:836} INFO - DAG(s) dict_keys(['example_task_group_decorator']) retrieved from /home/airflow/.local/lib/python3.7/site-packages/airflow/example_dags/example_task_group_decorator.py
[2023-07-31T19:51:37.729+0000] {logging_mixin.py:150} INFO - [2023-07-31T19:51:37.728+0000] {dag.py:2742} INFO - Sync 1 DAGs
[2023-07-31T19:51:37.767+0000] {logging_mixin.py:150} INFO - [2023-07-31T19:51:37.767+0000] {dag.py:3508} INFO - Setting next_dagrun for example_task_group_decorator to 2023-07-30T19:51:37.767175+00:00, run_after=2023-07-31T19:51:37.767175+00:00
[2023-07-31T19:51:37.840+0000] {processor.py:179} INFO - Processing /home/airflow/.local/lib/python3.7/site-packages/airflow/example_dags/example_task_group_decorator.py took 0.193 seconds
[2023-07-31T19:52:08.710+0000] {processor.py:157} INFO - Started process (PID=306) to work on /home/airflow/.local/lib/python3.7/site-packages/airflow/example_dags/example_task_group_decorator.py
[2023-07-31T19:52:08.711+0000] {processor.py:826} INFO - Processing file /home/airflow/.local/lib/python3.7/site-packages/airflow/example_dags/example_task_group_decorator.py for tasks to queue
[2023-07-31T19:52:08.712+0000] {logging_mixin.py:150} INFO - [2023-07-31T19:52:08.712+0000] {dagbag.py:541} INFO - Filling up the DagBag from /home/airflow/.local/lib/python3.7/site-packages/airflow/example_dags/example_task_group_decorator.py
[2023-07-31T19:52:08.730+0000] {processor.py:836} INFO - DAG(s) dict_keys(['example_task_group_decorator']) retrieved from /home/airflow/.local/lib/python3.7/site-packages/airflow/example_dags/example_task_group_decorator.py
[2023-07-31T19:52:08.765+0000] {logging_mixin.py:150} INFO - [2023-07-31T19:52:08.765+0000] {dag.py:2742} INFO - Sync 1 DAGs
[2023-07-31T19:52:08.793+0000] {logging_mixin.py:150} INFO - [2023-07-31T19:52:08.792+0000] {dag.py:3508} INFO - Setting next_dagrun for example_task_group_decorator to 2023-07-30T19:52:08.792657+00:00, run_after=2023-07-31T19:52:08.792657+00:00
[2023-07-31T19:52:08.819+0000] {processor.py:179} INFO - Processing /home/airflow/.local/lib/python3.7/site-packages/airflow/example_dags/example_task_group_decorator.py took 0.111 seconds
[2023-07-31T19:52:39.029+0000] {processor.py:157} INFO - Started process (PID=367) to work on /home/airflow/.local/lib/python3.7/site-packages/airflow/example_dags/example_task_group_decorator.py
[2023-07-31T19:52:39.030+0000] {processor.py:826} INFO - Processing file /home/airflow/.local/lib/python3.7/site-packages/airflow/example_dags/example_task_group_decorator.py for tasks to queue
[2023-07-31T19:52:39.031+0000] {logging_mixin.py:150} INFO - [2023-07-31T19:52:39.031+0000] {dagbag.py:541} INFO - Filling up the DagBag from /home/airflow/.local/lib/python3.7/site-packages/airflow/example_dags/example_task_group_decorator.py
[2023-07-31T19:52:39.050+0000] {processor.py:836} INFO - DAG(s) dict_keys(['example_task_group_decorator']) retrieved from /home/airflow/.local/lib/python3.7/site-packages/airflow/example_dags/example_task_group_decorator.py
[2023-07-31T19:52:39.082+0000] {logging_mixin.py:150} INFO - [2023-07-31T19:52:39.082+0000] {dag.py:2742} INFO - Sync 1 DAGs
[2023-07-31T19:52:39.114+0000] {logging_mixin.py:150} INFO - [2023-07-31T19:52:39.113+0000] {dag.py:3508} INFO - Setting next_dagrun for example_task_group_decorator to 2023-07-30T19:52:39.113727+00:00, run_after=2023-07-31T19:52:39.113727+00:00
[2023-07-31T19:52:39.139+0000] {processor.py:179} INFO - Processing /home/airflow/.local/lib/python3.7/site-packages/airflow/example_dags/example_task_group_decorator.py took 0.114 seconds
[2023-07-31T19:53:09.528+0000] {processor.py:157} INFO - Started process (PID=428) to work on /home/airflow/.local/lib/python3.7/site-packages/airflow/example_dags/example_task_group_decorator.py
[2023-07-31T19:53:09.529+0000] {processor.py:826} INFO - Processing file /home/airflow/.local/lib/python3.7/site-packages/airflow/example_dags/example_task_group_decorator.py for tasks to queue
[2023-07-31T19:53:09.532+0000] {logging_mixin.py:150} INFO - [2023-07-31T19:53:09.530+0000] {dagbag.py:541} INFO - Filling up the DagBag from /home/airflow/.local/lib/python3.7/site-packages/airflow/example_dags/example_task_group_decorator.py
[2023-07-31T19:53:09.559+0000] {processor.py:836} INFO - DAG(s) dict_keys(['example_task_group_decorator']) retrieved from /home/airflow/.local/lib/python3.7/site-packages/airflow/example_dags/example_task_group_decorator.py
[2023-07-31T19:53:09.611+0000] {logging_mixin.py:150} INFO - [2023-07-31T19:53:09.610+0000] {dag.py:2742} INFO - Sync 1 DAGs
[2023-07-31T19:53:09.668+0000] {logging_mixin.py:150} INFO - [2023-07-31T19:53:09.668+0000] {dag.py:3508} INFO - Setting next_dagrun for example_task_group_decorator to 2023-07-30T19:53:09.668009+00:00, run_after=2023-07-31T19:53:09.668009+00:00
[2023-07-31T19:53:09.706+0000] {processor.py:179} INFO - Processing /home/airflow/.local/lib/python3.7/site-packages/airflow/example_dags/example_task_group_decorator.py took 0.182 seconds
[2023-07-31T19:53:39.821+0000] {processor.py:157} INFO - Started process (PID=489) to work on /home/airflow/.local/lib/python3.7/site-packages/airflow/example_dags/example_task_group_decorator.py
[2023-07-31T19:53:39.822+0000] {processor.py:826} INFO - Processing file /home/airflow/.local/lib/python3.7/site-packages/airflow/example_dags/example_task_group_decorator.py for tasks to queue
[2023-07-31T19:53:39.823+0000] {logging_mixin.py:150} INFO - [2023-07-31T19:53:39.822+0000] {dagbag.py:541} INFO - Filling up the DagBag from /home/airflow/.local/lib/python3.7/site-packages/airflow/example_dags/example_task_group_decorator.py
[2023-07-31T19:53:39.848+0000] {processor.py:836} INFO - DAG(s) dict_keys(['example_task_group_decorator']) retrieved from /home/airflow/.local/lib/python3.7/site-packages/airflow/example_dags/example_task_group_decorator.py
[2023-07-31T19:53:39.888+0000] {logging_mixin.py:150} INFO - [2023-07-31T19:53:39.888+0000] {dag.py:2742} INFO - Sync 1 DAGs
[2023-07-31T19:53:39.934+0000] {logging_mixin.py:150} INFO - [2023-07-31T19:53:39.933+0000] {dag.py:3508} INFO - Setting next_dagrun for example_task_group_decorator to 2023-07-30T19:53:39.933642+00:00, run_after=2023-07-31T19:53:39.933642+00:00
[2023-07-31T19:53:39.967+0000] {processor.py:179} INFO - Processing /home/airflow/.local/lib/python3.7/site-packages/airflow/example_dags/example_task_group_decorator.py took 0.150 seconds
[2023-07-31T19:54:10.104+0000] {processor.py:157} INFO - Started process (PID=550) to work on /home/airflow/.local/lib/python3.7/site-packages/airflow/example_dags/example_task_group_decorator.py
[2023-07-31T19:54:10.105+0000] {processor.py:826} INFO - Processing file /home/airflow/.local/lib/python3.7/site-packages/airflow/example_dags/example_task_group_decorator.py for tasks to queue
[2023-07-31T19:54:10.106+0000] {logging_mixin.py:150} INFO - [2023-07-31T19:54:10.106+0000] {dagbag.py:541} INFO - Filling up the DagBag from /home/airflow/.local/lib/python3.7/site-packages/airflow/example_dags/example_task_group_decorator.py
[2023-07-31T19:54:10.127+0000] {processor.py:836} INFO - DAG(s) dict_keys(['example_task_group_decorator']) retrieved from /home/airflow/.local/lib/python3.7/site-packages/airflow/example_dags/example_task_group_decorator.py
[2023-07-31T19:54:10.169+0000] {logging_mixin.py:150} INFO - [2023-07-31T19:54:10.169+0000] {dag.py:2742} INFO - Sync 1 DAGs
[2023-07-31T19:54:10.204+0000] {logging_mixin.py:150} INFO - [2023-07-31T19:54:10.203+0000] {dag.py:3508} INFO - Setting next_dagrun for example_task_group_decorator to 2023-07-30T19:54:10.203671+00:00, run_after=2023-07-31T19:54:10.203671+00:00
[2023-07-31T19:54:10.233+0000] {processor.py:179} INFO - Processing /home/airflow/.local/lib/python3.7/site-packages/airflow/example_dags/example_task_group_decorator.py took 0.134 seconds
[2023-07-31T19:54:40.323+0000] {processor.py:157} INFO - Started process (PID=611) to work on /home/airflow/.local/lib/python3.7/site-packages/airflow/example_dags/example_task_group_decorator.py
[2023-07-31T19:54:40.324+0000] {processor.py:826} INFO - Processing file /home/airflow/.local/lib/python3.7/site-packages/airflow/example_dags/example_task_group_decorator.py for tasks to queue
[2023-07-31T19:54:40.325+0000] {logging_mixin.py:150} INFO - [2023-07-31T19:54:40.324+0000] {dagbag.py:541} INFO - Filling up the DagBag from /home/airflow/.local/lib/python3.7/site-packages/airflow/example_dags/example_task_group_decorator.py
[2023-07-31T19:54:40.347+0000] {processor.py:836} INFO - DAG(s) dict_keys(['example_task_group_decorator']) retrieved from /home/airflow/.local/lib/python3.7/site-packages/airflow/example_dags/example_task_group_decorator.py
[2023-07-31T19:54:40.382+0000] {logging_mixin.py:150} INFO - [2023-07-31T19:54:40.382+0000] {dag.py:2742} INFO - Sync 1 DAGs
[2023-07-31T19:54:40.417+0000] {logging_mixin.py:150} INFO - [2023-07-31T19:54:40.416+0000] {dag.py:3508} INFO - Setting next_dagrun for example_task_group_decorator to 2023-07-30T19:54:40.416660+00:00, run_after=2023-07-31T19:54:40.416660+00:00
[2023-07-31T19:54:40.444+0000] {processor.py:179} INFO - Processing /home/airflow/.local/lib/python3.7/site-packages/airflow/example_dags/example_task_group_decorator.py took 0.125 seconds
[2023-07-31T19:55:10.462+0000] {processor.py:157} INFO - Started process (PID=671) to work on /home/airflow/.local/lib/python3.7/site-packages/airflow/example_dags/example_task_group_decorator.py
[2023-07-31T19:55:10.463+0000] {processor.py:826} INFO - Processing file /home/airflow/.local/lib/python3.7/site-packages/airflow/example_dags/example_task_group_decorator.py for tasks to queue
[2023-07-31T19:55:10.464+0000] {logging_mixin.py:150} INFO - [2023-07-31T19:55:10.463+0000] {dagbag.py:541} INFO - Filling up the DagBag from /home/airflow/.local/lib/python3.7/site-packages/airflow/example_dags/example_task_group_decorator.py
[2023-07-31T19:55:10.479+0000] {processor.py:836} INFO - DAG(s) dict_keys(['example_task_group_decorator']) retrieved from /home/airflow/.local/lib/python3.7/site-packages/airflow/example_dags/example_task_group_decorator.py
[2023-07-31T19:55:10.508+0000] {logging_mixin.py:150} INFO - [2023-07-31T19:55:10.508+0000] {dag.py:2742} INFO - Sync 1 DAGs
[2023-07-31T19:55:10.539+0000] {logging_mixin.py:150} INFO - [2023-07-31T19:55:10.539+0000] {dag.py:3508} INFO - Setting next_dagrun for example_task_group_decorator to 2023-07-30T19:55:10.538819+00:00, run_after=2023-07-31T19:55:10.538819+00:00
[2023-07-31T19:55:10.559+0000] {processor.py:179} INFO - Processing /home/airflow/.local/lib/python3.7/site-packages/airflow/example_dags/example_task_group_decorator.py took 0.100 seconds
[2023-07-31T19:55:41.036+0000] {processor.py:157} INFO - Started process (PID=733) to work on /home/airflow/.local/lib/python3.7/site-packages/airflow/example_dags/example_task_group_decorator.py
[2023-07-31T19:55:41.037+0000] {processor.py:826} INFO - Processing file /home/airflow/.local/lib/python3.7/site-packages/airflow/example_dags/example_task_group_decorator.py for tasks to queue
[2023-07-31T19:55:41.038+0000] {logging_mixin.py:150} INFO - [2023-07-31T19:55:41.038+0000] {dagbag.py:541} INFO - Filling up the DagBag from /home/airflow/.local/lib/python3.7/site-packages/airflow/example_dags/example_task_group_decorator.py
[2023-07-31T19:55:41.055+0000] {processor.py:836} INFO - DAG(s) dict_keys(['example_task_group_decorator']) retrieved from /home/airflow/.local/lib/python3.7/site-packages/airflow/example_dags/example_task_group_decorator.py
[2023-07-31T19:55:41.086+0000] {logging_mixin.py:150} INFO - [2023-07-31T19:55:41.086+0000] {dag.py:2742} INFO - Sync 1 DAGs
[2023-07-31T19:55:41.116+0000] {logging_mixin.py:150} INFO - [2023-07-31T19:55:41.116+0000] {dag.py:3508} INFO - Setting next_dagrun for example_task_group_decorator to 2023-07-30T19:55:41.115974+00:00, run_after=2023-07-31T19:55:41.115974+00:00
[2023-07-31T19:55:41.138+0000] {processor.py:179} INFO - Processing /home/airflow/.local/lib/python3.7/site-packages/airflow/example_dags/example_task_group_decorator.py took 0.105 seconds
[2023-07-31T19:56:11.313+0000] {processor.py:157} INFO - Started process (PID=794) to work on /home/airflow/.local/lib/python3.7/site-packages/airflow/example_dags/example_task_group_decorator.py
[2023-07-31T19:56:11.314+0000] {processor.py:826} INFO - Processing file /home/airflow/.local/lib/python3.7/site-packages/airflow/example_dags/example_task_group_decorator.py for tasks to queue
[2023-07-31T19:56:11.315+0000] {logging_mixin.py:150} INFO - [2023-07-31T19:56:11.315+0000] {dagbag.py:541} INFO - Filling up the DagBag from /home/airflow/.local/lib/python3.7/site-packages/airflow/example_dags/example_task_group_decorator.py
[2023-07-31T19:56:11.331+0000] {processor.py:836} INFO - DAG(s) dict_keys(['example_task_group_decorator']) retrieved from /home/airflow/.local/lib/python3.7/site-packages/airflow/example_dags/example_task_group_decorator.py
[2023-07-31T19:56:11.361+0000] {logging_mixin.py:150} INFO - [2023-07-31T19:56:11.360+0000] {dag.py:2742} INFO - Sync 1 DAGs
[2023-07-31T19:56:11.394+0000] {logging_mixin.py:150} INFO - [2023-07-31T19:56:11.394+0000] {dag.py:3508} INFO - Setting next_dagrun for example_task_group_decorator to 2023-07-30T19:56:11.394478+00:00, run_after=2023-07-31T19:56:11.394478+00:00
[2023-07-31T19:56:11.427+0000] {processor.py:179} INFO - Processing /home/airflow/.local/lib/python3.7/site-packages/airflow/example_dags/example_task_group_decorator.py took 0.117 seconds
[2023-07-31T19:56:41.735+0000] {processor.py:157} INFO - Started process (PID=855) to work on /home/airflow/.local/lib/python3.7/site-packages/airflow/example_dags/example_task_group_decorator.py
[2023-07-31T19:56:41.736+0000] {processor.py:826} INFO - Processing file /home/airflow/.local/lib/python3.7/site-packages/airflow/example_dags/example_task_group_decorator.py for tasks to queue
[2023-07-31T19:56:41.736+0000] {logging_mixin.py:150} INFO - [2023-07-31T19:56:41.736+0000] {dagbag.py:541} INFO - Filling up the DagBag from /home/airflow/.local/lib/python3.7/site-packages/airflow/example_dags/example_task_group_decorator.py
[2023-07-31T19:56:41.752+0000] {processor.py:836} INFO - DAG(s) dict_keys(['example_task_group_decorator']) retrieved from /home/airflow/.local/lib/python3.7/site-packages/airflow/example_dags/example_task_group_decorator.py
[2023-07-31T19:56:41.783+0000] {logging_mixin.py:150} INFO - [2023-07-31T19:56:41.783+0000] {dag.py:2742} INFO - Sync 1 DAGs
[2023-07-31T19:56:41.811+0000] {logging_mixin.py:150} INFO - [2023-07-31T19:56:41.811+0000] {dag.py:3508} INFO - Setting next_dagrun for example_task_group_decorator to 2023-07-30T19:56:41.811405+00:00, run_after=2023-07-31T19:56:41.811405+00:00
[2023-07-31T19:56:41.835+0000] {processor.py:179} INFO - Processing /home/airflow/.local/lib/python3.7/site-packages/airflow/example_dags/example_task_group_decorator.py took 0.103 seconds
[2023-07-31T19:57:12.189+0000] {processor.py:157} INFO - Started process (PID=916) to work on /home/airflow/.local/lib/python3.7/site-packages/airflow/example_dags/example_task_group_decorator.py
[2023-07-31T19:57:12.190+0000] {processor.py:826} INFO - Processing file /home/airflow/.local/lib/python3.7/site-packages/airflow/example_dags/example_task_group_decorator.py for tasks to queue
[2023-07-31T19:57:12.192+0000] {logging_mixin.py:150} INFO - [2023-07-31T19:57:12.191+0000] {dagbag.py:541} INFO - Filling up the DagBag from /home/airflow/.local/lib/python3.7/site-packages/airflow/example_dags/example_task_group_decorator.py
[2023-07-31T19:57:12.212+0000] {processor.py:836} INFO - DAG(s) dict_keys(['example_task_group_decorator']) retrieved from /home/airflow/.local/lib/python3.7/site-packages/airflow/example_dags/example_task_group_decorator.py
[2023-07-31T19:57:12.245+0000] {logging_mixin.py:150} INFO - [2023-07-31T19:57:12.245+0000] {dag.py:2742} INFO - Sync 1 DAGs
[2023-07-31T19:57:12.275+0000] {logging_mixin.py:150} INFO - [2023-07-31T19:57:12.275+0000] {dag.py:3508} INFO - Setting next_dagrun for example_task_group_decorator to 2023-07-30T19:57:12.274813+00:00, run_after=2023-07-31T19:57:12.274813+00:00
[2023-07-31T19:57:12.298+0000] {processor.py:179} INFO - Processing /home/airflow/.local/lib/python3.7/site-packages/airflow/example_dags/example_task_group_decorator.py took 0.113 seconds
[2023-07-31T19:57:43.366+0000] {processor.py:157} INFO - Started process (PID=977) to work on /home/airflow/.local/lib/python3.7/site-packages/airflow/example_dags/example_task_group_decorator.py
[2023-07-31T19:57:43.366+0000] {processor.py:826} INFO - Processing file /home/airflow/.local/lib/python3.7/site-packages/airflow/example_dags/example_task_group_decorator.py for tasks to queue
[2023-07-31T19:57:43.367+0000] {logging_mixin.py:150} INFO - [2023-07-31T19:57:43.367+0000] {dagbag.py:541} INFO - Filling up the DagBag from /home/airflow/.local/lib/python3.7/site-packages/airflow/example_dags/example_task_group_decorator.py
[2023-07-31T19:57:43.396+0000] {processor.py:836} INFO - DAG(s) dict_keys(['example_task_group_decorator']) retrieved from /home/airflow/.local/lib/python3.7/site-packages/airflow/example_dags/example_task_group_decorator.py
[2023-07-31T19:57:43.438+0000] {logging_mixin.py:150} INFO - [2023-07-31T19:57:43.438+0000] {dag.py:2742} INFO - Sync 1 DAGs
[2023-07-31T19:57:43.479+0000] {logging_mixin.py:150} INFO - [2023-07-31T19:57:43.479+0000] {dag.py:3508} INFO - Setting next_dagrun for example_task_group_decorator to 2023-07-30T19:57:43.478646+00:00, run_after=2023-07-31T19:57:43.478646+00:00
[2023-07-31T19:57:43.514+0000] {processor.py:179} INFO - Processing /home/airflow/.local/lib/python3.7/site-packages/airflow/example_dags/example_task_group_decorator.py took 0.152 seconds
[2023-07-31T19:58:14.174+0000] {processor.py:157} INFO - Started process (PID=1040) to work on /home/airflow/.local/lib/python3.7/site-packages/airflow/example_dags/example_task_group_decorator.py
[2023-07-31T19:58:14.178+0000] {processor.py:826} INFO - Processing file /home/airflow/.local/lib/python3.7/site-packages/airflow/example_dags/example_task_group_decorator.py for tasks to queue
[2023-07-31T19:58:14.179+0000] {logging_mixin.py:150} INFO - [2023-07-31T19:58:14.179+0000] {dagbag.py:541} INFO - Filling up the DagBag from /home/airflow/.local/lib/python3.7/site-packages/airflow/example_dags/example_task_group_decorator.py
[2023-07-31T19:58:14.204+0000] {processor.py:836} INFO - DAG(s) dict_keys(['example_task_group_decorator']) retrieved from /home/airflow/.local/lib/python3.7/site-packages/airflow/example_dags/example_task_group_decorator.py
[2023-07-31T19:58:14.236+0000] {logging_mixin.py:150} INFO - [2023-07-31T19:58:14.236+0000] {dag.py:2742} INFO - Sync 1 DAGs
[2023-07-31T19:58:14.264+0000] {logging_mixin.py:150} INFO - [2023-07-31T19:58:14.264+0000] {dag.py:3508} INFO - Setting next_dagrun for example_task_group_decorator to 2023-07-30T19:58:14.264206+00:00, run_after=2023-07-31T19:58:14.264206+00:00
[2023-07-31T19:58:14.289+0000] {processor.py:179} INFO - Processing /home/airflow/.local/lib/python3.7/site-packages/airflow/example_dags/example_task_group_decorator.py took 0.118 seconds
[2023-07-31T19:58:45.032+0000] {processor.py:157} INFO - Started process (PID=1106) to work on /home/airflow/.local/lib/python3.7/site-packages/airflow/example_dags/example_task_group_decorator.py
[2023-07-31T19:58:45.034+0000] {processor.py:826} INFO - Processing file /home/airflow/.local/lib/python3.7/site-packages/airflow/example_dags/example_task_group_decorator.py for tasks to queue
[2023-07-31T19:58:45.035+0000] {logging_mixin.py:150} INFO - [2023-07-31T19:58:45.034+0000] {dagbag.py:541} INFO - Filling up the DagBag from /home/airflow/.local/lib/python3.7/site-packages/airflow/example_dags/example_task_group_decorator.py
[2023-07-31T19:58:45.071+0000] {processor.py:836} INFO - DAG(s) dict_keys(['example_task_group_decorator']) retrieved from /home/airflow/.local/lib/python3.7/site-packages/airflow/example_dags/example_task_group_decorator.py
[2023-07-31T19:58:45.136+0000] {logging_mixin.py:150} INFO - [2023-07-31T19:58:45.136+0000] {dag.py:2742} INFO - Sync 1 DAGs
[2023-07-31T19:58:45.184+0000] {logging_mixin.py:150} INFO - [2023-07-31T19:58:45.183+0000] {dag.py:3508} INFO - Setting next_dagrun for example_task_group_decorator to 2023-07-30T19:58:45.183484+00:00, run_after=2023-07-31T19:58:45.183484+00:00
[2023-07-31T19:58:45.219+0000] {processor.py:179} INFO - Processing /home/airflow/.local/lib/python3.7/site-packages/airflow/example_dags/example_task_group_decorator.py took 0.191 seconds
[2023-07-31T20:00:59.531+0000] {processor.py:157} INFO - Started process (PID=64) to work on /home/airflow/.local/lib/python3.7/site-packages/airflow/example_dags/example_task_group_decorator.py
[2023-07-31T20:00:59.532+0000] {processor.py:826} INFO - Processing file /home/airflow/.local/lib/python3.7/site-packages/airflow/example_dags/example_task_group_decorator.py for tasks to queue
[2023-07-31T20:00:59.533+0000] {logging_mixin.py:150} INFO - [2023-07-31T20:00:59.532+0000] {dagbag.py:541} INFO - Filling up the DagBag from /home/airflow/.local/lib/python3.7/site-packages/airflow/example_dags/example_task_group_decorator.py
[2023-07-31T20:00:59.665+0000] {processor.py:836} INFO - DAG(s) dict_keys(['example_task_group_decorator']) retrieved from /home/airflow/.local/lib/python3.7/site-packages/airflow/example_dags/example_task_group_decorator.py
[2023-07-31T20:00:59.697+0000] {logging_mixin.py:150} INFO - [2023-07-31T20:00:59.696+0000] {dag.py:2742} INFO - Sync 1 DAGs
[2023-07-31T20:00:59.725+0000] {logging_mixin.py:150} INFO - [2023-07-31T20:00:59.725+0000] {dag.py:3508} INFO - Setting next_dagrun for example_task_group_decorator to 2023-07-30T20:00:59.724815+00:00, run_after=2023-07-31T20:00:59.724815+00:00
[2023-07-31T20:00:59.756+0000] {processor.py:179} INFO - Processing /home/airflow/.local/lib/python3.7/site-packages/airflow/example_dags/example_task_group_decorator.py took 0.229 seconds
[2023-07-31T20:01:29.932+0000] {processor.py:157} INFO - Started process (PID=126) to work on /home/airflow/.local/lib/python3.7/site-packages/airflow/example_dags/example_task_group_decorator.py
[2023-07-31T20:01:29.933+0000] {processor.py:826} INFO - Processing file /home/airflow/.local/lib/python3.7/site-packages/airflow/example_dags/example_task_group_decorator.py for tasks to queue
[2023-07-31T20:01:29.934+0000] {logging_mixin.py:150} INFO - [2023-07-31T20:01:29.934+0000] {dagbag.py:541} INFO - Filling up the DagBag from /home/airflow/.local/lib/python3.7/site-packages/airflow/example_dags/example_task_group_decorator.py
[2023-07-31T20:01:29.950+0000] {processor.py:836} INFO - DAG(s) dict_keys(['example_task_group_decorator']) retrieved from /home/airflow/.local/lib/python3.7/site-packages/airflow/example_dags/example_task_group_decorator.py
[2023-07-31T20:01:29.978+0000] {logging_mixin.py:150} INFO - [2023-07-31T20:01:29.978+0000] {dag.py:2742} INFO - Sync 1 DAGs
[2023-07-31T20:01:30.003+0000] {logging_mixin.py:150} INFO - [2023-07-31T20:01:30.002+0000] {dag.py:3508} INFO - Setting next_dagrun for example_task_group_decorator to 2023-07-30T20:01:30.002492+00:00, run_after=2023-07-31T20:01:30.002492+00:00
[2023-07-31T20:01:30.025+0000] {processor.py:179} INFO - Processing /home/airflow/.local/lib/python3.7/site-packages/airflow/example_dags/example_task_group_decorator.py took 0.096 seconds
[2023-07-31T20:02:00.433+0000] {processor.py:157} INFO - Started process (PID=188) to work on /home/airflow/.local/lib/python3.7/site-packages/airflow/example_dags/example_task_group_decorator.py
[2023-07-31T20:02:00.434+0000] {processor.py:826} INFO - Processing file /home/airflow/.local/lib/python3.7/site-packages/airflow/example_dags/example_task_group_decorator.py for tasks to queue
[2023-07-31T20:02:00.435+0000] {logging_mixin.py:150} INFO - [2023-07-31T20:02:00.434+0000] {dagbag.py:541} INFO - Filling up the DagBag from /home/airflow/.local/lib/python3.7/site-packages/airflow/example_dags/example_task_group_decorator.py
[2023-07-31T20:02:00.453+0000] {processor.py:836} INFO - DAG(s) dict_keys(['example_task_group_decorator']) retrieved from /home/airflow/.local/lib/python3.7/site-packages/airflow/example_dags/example_task_group_decorator.py
[2023-07-31T20:02:00.478+0000] {logging_mixin.py:150} INFO - [2023-07-31T20:02:00.478+0000] {dag.py:2742} INFO - Sync 1 DAGs
[2023-07-31T20:02:00.502+0000] {logging_mixin.py:150} INFO - [2023-07-31T20:02:00.502+0000] {dag.py:3508} INFO - Setting next_dagrun for example_task_group_decorator to 2023-07-30T20:02:00.501904+00:00, run_after=2023-07-31T20:02:00.501904+00:00
[2023-07-31T20:02:00.520+0000] {processor.py:179} INFO - Processing /home/airflow/.local/lib/python3.7/site-packages/airflow/example_dags/example_task_group_decorator.py took 0.090 seconds
