[2023-07-31T19:50:01.297+0000] {processor.py:157} INFO - Started process (PID=43) to work on /home/airflow/.local/lib/python3.7/site-packages/airflow/example_dags/example_complex.py
[2023-07-31T19:50:01.300+0000] {processor.py:826} INFO - Processing file /home/airflow/.local/lib/python3.7/site-packages/airflow/example_dags/example_complex.py for tasks to queue
[2023-07-31T19:50:01.304+0000] {logging_mixin.py:150} INFO - [2023-07-31T19:50:01.302+0000] {dagbag.py:541} INFO - Filling up the DagBag from /home/airflow/.local/lib/python3.7/site-packages/airflow/example_dags/example_complex.py
[2023-07-31T19:50:01.363+0000] {processor.py:836} INFO - DAG(s) dict_keys(['example_complex']) retrieved from /home/airflow/.local/lib/python3.7/site-packages/airflow/example_dags/example_complex.py
[2023-07-31T19:50:01.725+0000] {logging_mixin.py:150} INFO - [2023-07-31T19:50:01.724+0000] {manager.py:504} INFO - Created Permission View: can delete on DAG:example_complex
[2023-07-31T19:50:01.746+0000] {logging_mixin.py:150} INFO - [2023-07-31T19:50:01.745+0000] {manager.py:504} INFO - Created Permission View: can edit on DAG:example_complex
[2023-07-31T19:50:01.759+0000] {logging_mixin.py:150} INFO - [2023-07-31T19:50:01.758+0000] {manager.py:504} INFO - Created Permission View: can read on DAG:example_complex
[2023-07-31T19:50:01.786+0000] {logging_mixin.py:150} INFO - [2023-07-31T19:50:01.786+0000] {dag.py:2742} INFO - Sync 1 DAGs
[2023-07-31T19:50:01.816+0000] {logging_mixin.py:150} INFO - [2023-07-31T19:50:01.816+0000] {dag.py:2763} INFO - Creating ORM DAG for example_complex
[2023-07-31T19:50:01.844+0000] {logging_mixin.py:150} INFO - [2023-07-31T19:50:01.844+0000] {dag.py:3508} INFO - Setting next_dagrun for example_complex to None, run_after=None
[2023-07-31T19:50:01.885+0000] {processor.py:179} INFO - Processing /home/airflow/.local/lib/python3.7/site-packages/airflow/example_dags/example_complex.py took 0.600 seconds
[2023-07-31T19:50:32.479+0000] {processor.py:157} INFO - Started process (PID=104) to work on /home/airflow/.local/lib/python3.7/site-packages/airflow/example_dags/example_complex.py
[2023-07-31T19:50:32.480+0000] {processor.py:826} INFO - Processing file /home/airflow/.local/lib/python3.7/site-packages/airflow/example_dags/example_complex.py for tasks to queue
[2023-07-31T19:50:32.481+0000] {logging_mixin.py:150} INFO - [2023-07-31T19:50:32.480+0000] {dagbag.py:541} INFO - Filling up the DagBag from /home/airflow/.local/lib/python3.7/site-packages/airflow/example_dags/example_complex.py
[2023-07-31T19:50:32.508+0000] {processor.py:836} INFO - DAG(s) dict_keys(['example_complex']) retrieved from /home/airflow/.local/lib/python3.7/site-packages/airflow/example_dags/example_complex.py
[2023-07-31T19:50:32.578+0000] {logging_mixin.py:150} INFO - [2023-07-31T19:50:32.578+0000] {dag.py:2742} INFO - Sync 1 DAGs
[2023-07-31T19:50:32.642+0000] {logging_mixin.py:150} INFO - [2023-07-31T19:50:32.642+0000] {dag.py:3508} INFO - Setting next_dagrun for example_complex to None, run_after=None
[2023-07-31T19:50:32.694+0000] {processor.py:179} INFO - Processing /home/airflow/.local/lib/python3.7/site-packages/airflow/example_dags/example_complex.py took 0.220 seconds
[2023-07-31T19:51:03.260+0000] {processor.py:157} INFO - Started process (PID=165) to work on /home/airflow/.local/lib/python3.7/site-packages/airflow/example_dags/example_complex.py
[2023-07-31T19:51:03.261+0000] {processor.py:826} INFO - Processing file /home/airflow/.local/lib/python3.7/site-packages/airflow/example_dags/example_complex.py for tasks to queue
[2023-07-31T19:51:03.263+0000] {logging_mixin.py:150} INFO - [2023-07-31T19:51:03.262+0000] {dagbag.py:541} INFO - Filling up the DagBag from /home/airflow/.local/lib/python3.7/site-packages/airflow/example_dags/example_complex.py
[2023-07-31T19:51:03.293+0000] {processor.py:836} INFO - DAG(s) dict_keys(['example_complex']) retrieved from /home/airflow/.local/lib/python3.7/site-packages/airflow/example_dags/example_complex.py
[2023-07-31T19:51:03.366+0000] {logging_mixin.py:150} INFO - [2023-07-31T19:51:03.366+0000] {dag.py:2742} INFO - Sync 1 DAGs
[2023-07-31T19:51:03.431+0000] {logging_mixin.py:150} INFO - [2023-07-31T19:51:03.431+0000] {dag.py:3508} INFO - Setting next_dagrun for example_complex to None, run_after=None
[2023-07-31T19:51:03.481+0000] {processor.py:179} INFO - Processing /home/airflow/.local/lib/python3.7/site-packages/airflow/example_dags/example_complex.py took 0.230 seconds
[2023-07-31T19:51:33.750+0000] {processor.py:157} INFO - Started process (PID=225) to work on /home/airflow/.local/lib/python3.7/site-packages/airflow/example_dags/example_complex.py
[2023-07-31T19:51:33.751+0000] {processor.py:826} INFO - Processing file /home/airflow/.local/lib/python3.7/site-packages/airflow/example_dags/example_complex.py for tasks to queue
[2023-07-31T19:51:33.752+0000] {logging_mixin.py:150} INFO - [2023-07-31T19:51:33.752+0000] {dagbag.py:541} INFO - Filling up the DagBag from /home/airflow/.local/lib/python3.7/site-packages/airflow/example_dags/example_complex.py
[2023-07-31T19:51:33.766+0000] {processor.py:836} INFO - DAG(s) dict_keys(['example_complex']) retrieved from /home/airflow/.local/lib/python3.7/site-packages/airflow/example_dags/example_complex.py
[2023-07-31T19:51:33.806+0000] {logging_mixin.py:150} INFO - [2023-07-31T19:51:33.806+0000] {dag.py:2742} INFO - Sync 1 DAGs
[2023-07-31T19:51:33.838+0000] {logging_mixin.py:150} INFO - [2023-07-31T19:51:33.838+0000] {dag.py:3508} INFO - Setting next_dagrun for example_complex to None, run_after=None
[2023-07-31T19:51:33.867+0000] {processor.py:179} INFO - Processing /home/airflow/.local/lib/python3.7/site-packages/airflow/example_dags/example_complex.py took 0.122 seconds
[2023-07-31T19:52:03.910+0000] {processor.py:157} INFO - Started process (PID=285) to work on /home/airflow/.local/lib/python3.7/site-packages/airflow/example_dags/example_complex.py
[2023-07-31T19:52:03.911+0000] {processor.py:826} INFO - Processing file /home/airflow/.local/lib/python3.7/site-packages/airflow/example_dags/example_complex.py for tasks to queue
[2023-07-31T19:52:03.911+0000] {logging_mixin.py:150} INFO - [2023-07-31T19:52:03.911+0000] {dagbag.py:541} INFO - Filling up the DagBag from /home/airflow/.local/lib/python3.7/site-packages/airflow/example_dags/example_complex.py
[2023-07-31T19:52:03.925+0000] {processor.py:836} INFO - DAG(s) dict_keys(['example_complex']) retrieved from /home/airflow/.local/lib/python3.7/site-packages/airflow/example_dags/example_complex.py
[2023-07-31T19:52:03.969+0000] {logging_mixin.py:150} INFO - [2023-07-31T19:52:03.968+0000] {dag.py:2742} INFO - Sync 1 DAGs
[2023-07-31T19:52:03.999+0000] {logging_mixin.py:150} INFO - [2023-07-31T19:52:03.998+0000] {dag.py:3508} INFO - Setting next_dagrun for example_complex to None, run_after=None
[2023-07-31T19:52:04.025+0000] {processor.py:179} INFO - Processing /home/airflow/.local/lib/python3.7/site-packages/airflow/example_dags/example_complex.py took 0.118 seconds
[2023-07-31T19:52:34.043+0000] {processor.py:157} INFO - Started process (PID=345) to work on /home/airflow/.local/lib/python3.7/site-packages/airflow/example_dags/example_complex.py
[2023-07-31T19:52:34.047+0000] {processor.py:826} INFO - Processing file /home/airflow/.local/lib/python3.7/site-packages/airflow/example_dags/example_complex.py for tasks to queue
[2023-07-31T19:52:34.048+0000] {logging_mixin.py:150} INFO - [2023-07-31T19:52:34.048+0000] {dagbag.py:541} INFO - Filling up the DagBag from /home/airflow/.local/lib/python3.7/site-packages/airflow/example_dags/example_complex.py
[2023-07-31T19:52:34.060+0000] {processor.py:836} INFO - DAG(s) dict_keys(['example_complex']) retrieved from /home/airflow/.local/lib/python3.7/site-packages/airflow/example_dags/example_complex.py
[2023-07-31T19:52:34.100+0000] {logging_mixin.py:150} INFO - [2023-07-31T19:52:34.100+0000] {dag.py:2742} INFO - Sync 1 DAGs
[2023-07-31T19:52:34.127+0000] {logging_mixin.py:150} INFO - [2023-07-31T19:52:34.127+0000] {dag.py:3508} INFO - Setting next_dagrun for example_complex to None, run_after=None
[2023-07-31T19:52:34.154+0000] {processor.py:179} INFO - Processing /home/airflow/.local/lib/python3.7/site-packages/airflow/example_dags/example_complex.py took 0.115 seconds
[2023-07-31T19:53:05.345+0000] {processor.py:157} INFO - Started process (PID=408) to work on /home/airflow/.local/lib/python3.7/site-packages/airflow/example_dags/example_complex.py
[2023-07-31T19:53:05.346+0000] {processor.py:826} INFO - Processing file /home/airflow/.local/lib/python3.7/site-packages/airflow/example_dags/example_complex.py for tasks to queue
[2023-07-31T19:53:05.347+0000] {logging_mixin.py:150} INFO - [2023-07-31T19:53:05.347+0000] {dagbag.py:541} INFO - Filling up the DagBag from /home/airflow/.local/lib/python3.7/site-packages/airflow/example_dags/example_complex.py
[2023-07-31T19:53:05.369+0000] {processor.py:836} INFO - DAG(s) dict_keys(['example_complex']) retrieved from /home/airflow/.local/lib/python3.7/site-packages/airflow/example_dags/example_complex.py
[2023-07-31T19:53:05.442+0000] {logging_mixin.py:150} INFO - [2023-07-31T19:53:05.442+0000] {dag.py:2742} INFO - Sync 1 DAGs
[2023-07-31T19:53:05.500+0000] {logging_mixin.py:150} INFO - [2023-07-31T19:53:05.499+0000] {dag.py:3508} INFO - Setting next_dagrun for example_complex to None, run_after=None
[2023-07-31T19:53:05.543+0000] {processor.py:179} INFO - Processing /home/airflow/.local/lib/python3.7/site-packages/airflow/example_dags/example_complex.py took 0.204 seconds
[2023-07-31T19:53:36.072+0000] {processor.py:157} INFO - Started process (PID=469) to work on /home/airflow/.local/lib/python3.7/site-packages/airflow/example_dags/example_complex.py
[2023-07-31T19:53:36.074+0000] {processor.py:826} INFO - Processing file /home/airflow/.local/lib/python3.7/site-packages/airflow/example_dags/example_complex.py for tasks to queue
[2023-07-31T19:53:36.077+0000] {logging_mixin.py:150} INFO - [2023-07-31T19:53:36.076+0000] {dagbag.py:541} INFO - Filling up the DagBag from /home/airflow/.local/lib/python3.7/site-packages/airflow/example_dags/example_complex.py
[2023-07-31T19:53:36.095+0000] {processor.py:836} INFO - DAG(s) dict_keys(['example_complex']) retrieved from /home/airflow/.local/lib/python3.7/site-packages/airflow/example_dags/example_complex.py
[2023-07-31T19:53:36.148+0000] {logging_mixin.py:150} INFO - [2023-07-31T19:53:36.147+0000] {dag.py:2742} INFO - Sync 1 DAGs
[2023-07-31T19:53:36.186+0000] {logging_mixin.py:150} INFO - [2023-07-31T19:53:36.185+0000] {dag.py:3508} INFO - Setting next_dagrun for example_complex to None, run_after=None
[2023-07-31T19:53:36.222+0000] {processor.py:179} INFO - Processing /home/airflow/.local/lib/python3.7/site-packages/airflow/example_dags/example_complex.py took 0.153 seconds
[2023-07-31T19:54:06.593+0000] {processor.py:157} INFO - Started process (PID=530) to work on /home/airflow/.local/lib/python3.7/site-packages/airflow/example_dags/example_complex.py
[2023-07-31T19:54:06.594+0000] {processor.py:826} INFO - Processing file /home/airflow/.local/lib/python3.7/site-packages/airflow/example_dags/example_complex.py for tasks to queue
[2023-07-31T19:54:06.595+0000] {logging_mixin.py:150} INFO - [2023-07-31T19:54:06.595+0000] {dagbag.py:541} INFO - Filling up the DagBag from /home/airflow/.local/lib/python3.7/site-packages/airflow/example_dags/example_complex.py
[2023-07-31T19:54:06.614+0000] {processor.py:836} INFO - DAG(s) dict_keys(['example_complex']) retrieved from /home/airflow/.local/lib/python3.7/site-packages/airflow/example_dags/example_complex.py
[2023-07-31T19:54:06.659+0000] {logging_mixin.py:150} INFO - [2023-07-31T19:54:06.659+0000] {dag.py:2742} INFO - Sync 1 DAGs
[2023-07-31T19:54:06.693+0000] {logging_mixin.py:150} INFO - [2023-07-31T19:54:06.693+0000] {dag.py:3508} INFO - Setting next_dagrun for example_complex to None, run_after=None
[2023-07-31T19:54:06.717+0000] {processor.py:179} INFO - Processing /home/airflow/.local/lib/python3.7/site-packages/airflow/example_dags/example_complex.py took 0.127 seconds
[2023-07-31T19:54:36.827+0000] {processor.py:157} INFO - Started process (PID=591) to work on /home/airflow/.local/lib/python3.7/site-packages/airflow/example_dags/example_complex.py
[2023-07-31T19:54:36.831+0000] {processor.py:826} INFO - Processing file /home/airflow/.local/lib/python3.7/site-packages/airflow/example_dags/example_complex.py for tasks to queue
[2023-07-31T19:54:36.831+0000] {logging_mixin.py:150} INFO - [2023-07-31T19:54:36.831+0000] {dagbag.py:541} INFO - Filling up the DagBag from /home/airflow/.local/lib/python3.7/site-packages/airflow/example_dags/example_complex.py
[2023-07-31T19:54:36.843+0000] {processor.py:836} INFO - DAG(s) dict_keys(['example_complex']) retrieved from /home/airflow/.local/lib/python3.7/site-packages/airflow/example_dags/example_complex.py
[2023-07-31T19:54:36.878+0000] {logging_mixin.py:150} INFO - [2023-07-31T19:54:36.877+0000] {dag.py:2742} INFO - Sync 1 DAGs
[2023-07-31T19:54:36.906+0000] {logging_mixin.py:150} INFO - [2023-07-31T19:54:36.906+0000] {dag.py:3508} INFO - Setting next_dagrun for example_complex to None, run_after=None
[2023-07-31T19:54:36.933+0000] {processor.py:179} INFO - Processing /home/airflow/.local/lib/python3.7/site-packages/airflow/example_dags/example_complex.py took 0.109 seconds
[2023-07-31T19:55:07.070+0000] {processor.py:157} INFO - Started process (PID=651) to work on /home/airflow/.local/lib/python3.7/site-packages/airflow/example_dags/example_complex.py
[2023-07-31T19:55:07.072+0000] {processor.py:826} INFO - Processing file /home/airflow/.local/lib/python3.7/site-packages/airflow/example_dags/example_complex.py for tasks to queue
[2023-07-31T19:55:07.073+0000] {logging_mixin.py:150} INFO - [2023-07-31T19:55:07.073+0000] {dagbag.py:541} INFO - Filling up the DagBag from /home/airflow/.local/lib/python3.7/site-packages/airflow/example_dags/example_complex.py
[2023-07-31T19:55:07.086+0000] {processor.py:836} INFO - DAG(s) dict_keys(['example_complex']) retrieved from /home/airflow/.local/lib/python3.7/site-packages/airflow/example_dags/example_complex.py
[2023-07-31T19:55:07.125+0000] {logging_mixin.py:150} INFO - [2023-07-31T19:55:07.124+0000] {dag.py:2742} INFO - Sync 1 DAGs
[2023-07-31T19:55:07.161+0000] {logging_mixin.py:150} INFO - [2023-07-31T19:55:07.161+0000] {dag.py:3508} INFO - Setting next_dagrun for example_complex to None, run_after=None
[2023-07-31T19:55:07.182+0000] {processor.py:179} INFO - Processing /home/airflow/.local/lib/python3.7/site-packages/airflow/example_dags/example_complex.py took 0.115 seconds
[2023-07-31T19:55:37.376+0000] {processor.py:157} INFO - Started process (PID=712) to work on /home/airflow/.local/lib/python3.7/site-packages/airflow/example_dags/example_complex.py
[2023-07-31T19:55:37.377+0000] {processor.py:826} INFO - Processing file /home/airflow/.local/lib/python3.7/site-packages/airflow/example_dags/example_complex.py for tasks to queue
[2023-07-31T19:55:37.379+0000] {logging_mixin.py:150} INFO - [2023-07-31T19:55:37.378+0000] {dagbag.py:541} INFO - Filling up the DagBag from /home/airflow/.local/lib/python3.7/site-packages/airflow/example_dags/example_complex.py
[2023-07-31T19:55:37.390+0000] {processor.py:836} INFO - DAG(s) dict_keys(['example_complex']) retrieved from /home/airflow/.local/lib/python3.7/site-packages/airflow/example_dags/example_complex.py
[2023-07-31T19:55:37.435+0000] {logging_mixin.py:150} INFO - [2023-07-31T19:55:37.435+0000] {dag.py:2742} INFO - Sync 1 DAGs
[2023-07-31T19:55:37.467+0000] {logging_mixin.py:150} INFO - [2023-07-31T19:55:37.467+0000] {dag.py:3508} INFO - Setting next_dagrun for example_complex to None, run_after=None
[2023-07-31T19:55:37.495+0000] {processor.py:179} INFO - Processing /home/airflow/.local/lib/python3.7/site-packages/airflow/example_dags/example_complex.py took 0.121 seconds
[2023-07-31T19:56:07.801+0000] {processor.py:157} INFO - Started process (PID=773) to work on /home/airflow/.local/lib/python3.7/site-packages/airflow/example_dags/example_complex.py
[2023-07-31T19:56:07.802+0000] {processor.py:826} INFO - Processing file /home/airflow/.local/lib/python3.7/site-packages/airflow/example_dags/example_complex.py for tasks to queue
[2023-07-31T19:56:07.803+0000] {logging_mixin.py:150} INFO - [2023-07-31T19:56:07.802+0000] {dagbag.py:541} INFO - Filling up the DagBag from /home/airflow/.local/lib/python3.7/site-packages/airflow/example_dags/example_complex.py
[2023-07-31T19:56:07.819+0000] {processor.py:836} INFO - DAG(s) dict_keys(['example_complex']) retrieved from /home/airflow/.local/lib/python3.7/site-packages/airflow/example_dags/example_complex.py
[2023-07-31T19:56:07.857+0000] {logging_mixin.py:150} INFO - [2023-07-31T19:56:07.857+0000] {dag.py:2742} INFO - Sync 1 DAGs
[2023-07-31T19:56:07.891+0000] {logging_mixin.py:150} INFO - [2023-07-31T19:56:07.891+0000] {dag.py:3508} INFO - Setting next_dagrun for example_complex to None, run_after=None
[2023-07-31T19:56:07.916+0000] {processor.py:179} INFO - Processing /home/airflow/.local/lib/python3.7/site-packages/airflow/example_dags/example_complex.py took 0.118 seconds
[2023-07-31T19:56:38.195+0000] {processor.py:157} INFO - Started process (PID=834) to work on /home/airflow/.local/lib/python3.7/site-packages/airflow/example_dags/example_complex.py
[2023-07-31T19:56:38.197+0000] {processor.py:826} INFO - Processing file /home/airflow/.local/lib/python3.7/site-packages/airflow/example_dags/example_complex.py for tasks to queue
[2023-07-31T19:56:38.198+0000] {logging_mixin.py:150} INFO - [2023-07-31T19:56:38.197+0000] {dagbag.py:541} INFO - Filling up the DagBag from /home/airflow/.local/lib/python3.7/site-packages/airflow/example_dags/example_complex.py
[2023-07-31T19:56:38.210+0000] {processor.py:836} INFO - DAG(s) dict_keys(['example_complex']) retrieved from /home/airflow/.local/lib/python3.7/site-packages/airflow/example_dags/example_complex.py
[2023-07-31T19:56:38.246+0000] {logging_mixin.py:150} INFO - [2023-07-31T19:56:38.246+0000] {dag.py:2742} INFO - Sync 1 DAGs
[2023-07-31T19:56:38.272+0000] {logging_mixin.py:150} INFO - [2023-07-31T19:56:38.272+0000] {dag.py:3508} INFO - Setting next_dagrun for example_complex to None, run_after=None
[2023-07-31T19:56:38.300+0000] {processor.py:179} INFO - Processing /home/airflow/.local/lib/python3.7/site-packages/airflow/example_dags/example_complex.py took 0.108 seconds
[2023-07-31T19:57:08.627+0000] {processor.py:157} INFO - Started process (PID=895) to work on /home/airflow/.local/lib/python3.7/site-packages/airflow/example_dags/example_complex.py
[2023-07-31T19:57:08.628+0000] {processor.py:826} INFO - Processing file /home/airflow/.local/lib/python3.7/site-packages/airflow/example_dags/example_complex.py for tasks to queue
[2023-07-31T19:57:08.629+0000] {logging_mixin.py:150} INFO - [2023-07-31T19:57:08.629+0000] {dagbag.py:541} INFO - Filling up the DagBag from /home/airflow/.local/lib/python3.7/site-packages/airflow/example_dags/example_complex.py
[2023-07-31T19:57:08.642+0000] {processor.py:836} INFO - DAG(s) dict_keys(['example_complex']) retrieved from /home/airflow/.local/lib/python3.7/site-packages/airflow/example_dags/example_complex.py
[2023-07-31T19:57:08.679+0000] {logging_mixin.py:150} INFO - [2023-07-31T19:57:08.679+0000] {dag.py:2742} INFO - Sync 1 DAGs
[2023-07-31T19:57:08.707+0000] {logging_mixin.py:150} INFO - [2023-07-31T19:57:08.707+0000] {dag.py:3508} INFO - Setting next_dagrun for example_complex to None, run_after=None
[2023-07-31T19:57:08.730+0000] {processor.py:179} INFO - Processing /home/airflow/.local/lib/python3.7/site-packages/airflow/example_dags/example_complex.py took 0.106 seconds
[2023-07-31T19:57:39.105+0000] {processor.py:157} INFO - Started process (PID=956) to work on /home/airflow/.local/lib/python3.7/site-packages/airflow/example_dags/example_complex.py
[2023-07-31T19:57:39.107+0000] {processor.py:826} INFO - Processing file /home/airflow/.local/lib/python3.7/site-packages/airflow/example_dags/example_complex.py for tasks to queue
[2023-07-31T19:57:39.108+0000] {logging_mixin.py:150} INFO - [2023-07-31T19:57:39.108+0000] {dagbag.py:541} INFO - Filling up the DagBag from /home/airflow/.local/lib/python3.7/site-packages/airflow/example_dags/example_complex.py
[2023-07-31T19:57:39.131+0000] {processor.py:836} INFO - DAG(s) dict_keys(['example_complex']) retrieved from /home/airflow/.local/lib/python3.7/site-packages/airflow/example_dags/example_complex.py
[2023-07-31T19:57:39.191+0000] {logging_mixin.py:150} INFO - [2023-07-31T19:57:39.191+0000] {dag.py:2742} INFO - Sync 1 DAGs
[2023-07-31T19:57:39.234+0000] {logging_mixin.py:150} INFO - [2023-07-31T19:57:39.234+0000] {dag.py:3508} INFO - Setting next_dagrun for example_complex to None, run_after=None
[2023-07-31T19:57:39.272+0000] {processor.py:179} INFO - Processing /home/airflow/.local/lib/python3.7/site-packages/airflow/example_dags/example_complex.py took 0.171 seconds
[2023-07-31T19:58:09.564+0000] {processor.py:157} INFO - Started process (PID=1017) to work on /home/airflow/.local/lib/python3.7/site-packages/airflow/example_dags/example_complex.py
[2023-07-31T19:58:09.565+0000] {processor.py:826} INFO - Processing file /home/airflow/.local/lib/python3.7/site-packages/airflow/example_dags/example_complex.py for tasks to queue
[2023-07-31T19:58:09.566+0000] {logging_mixin.py:150} INFO - [2023-07-31T19:58:09.565+0000] {dagbag.py:541} INFO - Filling up the DagBag from /home/airflow/.local/lib/python3.7/site-packages/airflow/example_dags/example_complex.py
[2023-07-31T19:58:09.580+0000] {processor.py:836} INFO - DAG(s) dict_keys(['example_complex']) retrieved from /home/airflow/.local/lib/python3.7/site-packages/airflow/example_dags/example_complex.py
[2023-07-31T19:58:09.626+0000] {logging_mixin.py:150} INFO - [2023-07-31T19:58:09.626+0000] {dag.py:2742} INFO - Sync 1 DAGs
[2023-07-31T19:58:09.667+0000] {logging_mixin.py:150} INFO - [2023-07-31T19:58:09.667+0000] {dag.py:3508} INFO - Setting next_dagrun for example_complex to None, run_after=None
[2023-07-31T19:58:09.698+0000] {processor.py:179} INFO - Processing /home/airflow/.local/lib/python3.7/site-packages/airflow/example_dags/example_complex.py took 0.137 seconds
[2023-07-31T19:58:40.053+0000] {processor.py:157} INFO - Started process (PID=1078) to work on /home/airflow/.local/lib/python3.7/site-packages/airflow/example_dags/example_complex.py
[2023-07-31T19:58:40.054+0000] {processor.py:826} INFO - Processing file /home/airflow/.local/lib/python3.7/site-packages/airflow/example_dags/example_complex.py for tasks to queue
[2023-07-31T19:58:40.055+0000] {logging_mixin.py:150} INFO - [2023-07-31T19:58:40.055+0000] {dagbag.py:541} INFO - Filling up the DagBag from /home/airflow/.local/lib/python3.7/site-packages/airflow/example_dags/example_complex.py
[2023-07-31T19:58:40.071+0000] {processor.py:836} INFO - DAG(s) dict_keys(['example_complex']) retrieved from /home/airflow/.local/lib/python3.7/site-packages/airflow/example_dags/example_complex.py
[2023-07-31T19:58:40.114+0000] {logging_mixin.py:150} INFO - [2023-07-31T19:58:40.114+0000] {dag.py:2742} INFO - Sync 1 DAGs
[2023-07-31T19:58:40.147+0000] {logging_mixin.py:150} INFO - [2023-07-31T19:58:40.147+0000] {dag.py:3508} INFO - Setting next_dagrun for example_complex to None, run_after=None
[2023-07-31T19:58:40.174+0000] {processor.py:179} INFO - Processing /home/airflow/.local/lib/python3.7/site-packages/airflow/example_dags/example_complex.py took 0.125 seconds
[2023-07-31T20:00:57.048+0000] {processor.py:157} INFO - Started process (PID=44) to work on /home/airflow/.local/lib/python3.7/site-packages/airflow/example_dags/example_complex.py
[2023-07-31T20:00:57.049+0000] {processor.py:826} INFO - Processing file /home/airflow/.local/lib/python3.7/site-packages/airflow/example_dags/example_complex.py for tasks to queue
[2023-07-31T20:00:57.050+0000] {logging_mixin.py:150} INFO - [2023-07-31T20:00:57.049+0000] {dagbag.py:541} INFO - Filling up the DagBag from /home/airflow/.local/lib/python3.7/site-packages/airflow/example_dags/example_complex.py
[2023-07-31T20:00:57.066+0000] {processor.py:836} INFO - DAG(s) dict_keys(['example_complex']) retrieved from /home/airflow/.local/lib/python3.7/site-packages/airflow/example_dags/example_complex.py
[2023-07-31T20:00:57.206+0000] {logging_mixin.py:150} INFO - [2023-07-31T20:00:57.206+0000] {dag.py:2742} INFO - Sync 1 DAGs
[2023-07-31T20:00:57.230+0000] {logging_mixin.py:150} INFO - [2023-07-31T20:00:57.229+0000] {dag.py:3508} INFO - Setting next_dagrun for example_complex to None, run_after=None
[2023-07-31T20:00:57.250+0000] {processor.py:179} INFO - Processing /home/airflow/.local/lib/python3.7/site-packages/airflow/example_dags/example_complex.py took 0.206 seconds
[2023-07-31T20:01:27.701+0000] {processor.py:157} INFO - Started process (PID=106) to work on /home/airflow/.local/lib/python3.7/site-packages/airflow/example_dags/example_complex.py
[2023-07-31T20:01:27.702+0000] {processor.py:826} INFO - Processing file /home/airflow/.local/lib/python3.7/site-packages/airflow/example_dags/example_complex.py for tasks to queue
[2023-07-31T20:01:27.702+0000] {logging_mixin.py:150} INFO - [2023-07-31T20:01:27.702+0000] {dagbag.py:541} INFO - Filling up the DagBag from /home/airflow/.local/lib/python3.7/site-packages/airflow/example_dags/example_complex.py
[2023-07-31T20:01:27.714+0000] {processor.py:836} INFO - DAG(s) dict_keys(['example_complex']) retrieved from /home/airflow/.local/lib/python3.7/site-packages/airflow/example_dags/example_complex.py
[2023-07-31T20:01:27.747+0000] {logging_mixin.py:150} INFO - [2023-07-31T20:01:27.746+0000] {dag.py:2742} INFO - Sync 1 DAGs
[2023-07-31T20:01:27.770+0000] {logging_mixin.py:150} INFO - [2023-07-31T20:01:27.770+0000] {dag.py:3508} INFO - Setting next_dagrun for example_complex to None, run_after=None
[2023-07-31T20:01:27.792+0000] {processor.py:179} INFO - Processing /home/airflow/.local/lib/python3.7/site-packages/airflow/example_dags/example_complex.py took 0.094 seconds
[2023-07-31T20:01:58.222+0000] {processor.py:157} INFO - Started process (PID=168) to work on /home/airflow/.local/lib/python3.7/site-packages/airflow/example_dags/example_complex.py
[2023-07-31T20:01:58.223+0000] {processor.py:826} INFO - Processing file /home/airflow/.local/lib/python3.7/site-packages/airflow/example_dags/example_complex.py for tasks to queue
[2023-07-31T20:01:58.224+0000] {logging_mixin.py:150} INFO - [2023-07-31T20:01:58.224+0000] {dagbag.py:541} INFO - Filling up the DagBag from /home/airflow/.local/lib/python3.7/site-packages/airflow/example_dags/example_complex.py
[2023-07-31T20:01:58.237+0000] {processor.py:836} INFO - DAG(s) dict_keys(['example_complex']) retrieved from /home/airflow/.local/lib/python3.7/site-packages/airflow/example_dags/example_complex.py
[2023-07-31T20:01:58.271+0000] {logging_mixin.py:150} INFO - [2023-07-31T20:01:58.271+0000] {dag.py:2742} INFO - Sync 1 DAGs
[2023-07-31T20:01:58.298+0000] {logging_mixin.py:150} INFO - [2023-07-31T20:01:58.298+0000] {dag.py:3508} INFO - Setting next_dagrun for example_complex to None, run_after=None
[2023-07-31T20:01:58.318+0000] {processor.py:179} INFO - Processing /home/airflow/.local/lib/python3.7/site-packages/airflow/example_dags/example_complex.py took 0.099 seconds
