[2023-07-31T19:50:07.507+0000] {processor.py:157} INFO - Started process (PID=70) to work on /home/airflow/.local/lib/python3.7/site-packages/airflow/example_dags/example_subdag_operator.py
[2023-07-31T19:50:07.508+0000] {processor.py:826} INFO - Processing file /home/airflow/.local/lib/python3.7/site-packages/airflow/example_dags/example_subdag_operator.py for tasks to queue
[2023-07-31T19:50:07.509+0000] {logging_mixin.py:150} INFO - [2023-07-31T19:50:07.509+0000] {dagbag.py:541} INFO - Filling up the DagBag from /home/airflow/.local/lib/python3.7/site-packages/airflow/example_dags/example_subdag_operator.py
[2023-07-31T19:50:07.558+0000] {processor.py:836} INFO - DAG(s) dict_keys(['example_subdag_operator.section-1', 'example_subdag_operator.section-2', 'example_subdag_operator']) retrieved from /home/airflow/.local/lib/python3.7/site-packages/airflow/example_dags/example_subdag_operator.py
[2023-07-31T19:50:07.734+0000] {logging_mixin.py:150} INFO - [2023-07-31T19:50:07.734+0000] {manager.py:504} INFO - Created Permission View: can delete on DAG:example_subdag_operator
[2023-07-31T19:50:07.756+0000] {logging_mixin.py:150} INFO - [2023-07-31T19:50:07.756+0000] {manager.py:504} INFO - Created Permission View: can edit on DAG:example_subdag_operator
[2023-07-31T19:50:07.773+0000] {logging_mixin.py:150} INFO - [2023-07-31T19:50:07.772+0000] {manager.py:504} INFO - Created Permission View: can read on DAG:example_subdag_operator
[2023-07-31T19:50:07.795+0000] {logging_mixin.py:150} INFO - [2023-07-31T19:50:07.795+0000] {dag.py:2742} INFO - Sync 3 DAGs
[2023-07-31T19:50:07.812+0000] {logging_mixin.py:150} INFO - [2023-07-31T19:50:07.812+0000] {dag.py:2763} INFO - Creating ORM DAG for example_subdag_operator.section-2
[2023-07-31T19:50:07.812+0000] {logging_mixin.py:150} INFO - [2023-07-31T19:50:07.812+0000] {dag.py:2763} INFO - Creating ORM DAG for example_subdag_operator
[2023-07-31T19:50:07.813+0000] {logging_mixin.py:150} INFO - [2023-07-31T19:50:07.813+0000] {dag.py:2763} INFO - Creating ORM DAG for example_subdag_operator.section-1
[2023-07-31T19:50:07.827+0000] {logging_mixin.py:150} INFO - [2023-07-31T19:50:07.827+0000] {dag.py:3508} INFO - Setting next_dagrun for example_subdag_operator to 2022-01-01T00:00:00+00:00, run_after=2022-01-01T00:00:00+00:00
[2023-07-31T19:50:07.828+0000] {logging_mixin.py:150} INFO - [2023-07-31T19:50:07.828+0000] {dag.py:3508} INFO - Setting next_dagrun for example_subdag_operator.section-1 to None, run_after=None
[2023-07-31T19:50:07.828+0000] {logging_mixin.py:150} INFO - [2023-07-31T19:50:07.828+0000] {dag.py:3508} INFO - Setting next_dagrun for example_subdag_operator.section-2 to None, run_after=None
[2023-07-31T19:50:07.846+0000] {logging_mixin.py:150} INFO - [2023-07-31T19:50:07.846+0000] {dag.py:2742} INFO - Sync 2 DAGs
[2023-07-31T19:50:07.856+0000] {logging_mixin.py:150} INFO - [2023-07-31T19:50:07.856+0000] {dag.py:3508} INFO - Setting next_dagrun for example_subdag_operator.section-1 to None, run_after=None
[2023-07-31T19:50:07.859+0000] {logging_mixin.py:150} INFO - [2023-07-31T19:50:07.859+0000] {dag.py:3508} INFO - Setting next_dagrun for example_subdag_operator.section-2 to None, run_after=None
[2023-07-31T19:50:07.933+0000] {processor.py:179} INFO - Processing /home/airflow/.local/lib/python3.7/site-packages/airflow/example_dags/example_subdag_operator.py took 0.435 seconds
[2023-07-31T19:50:38.124+0000] {processor.py:157} INFO - Started process (PID=131) to work on /home/airflow/.local/lib/python3.7/site-packages/airflow/example_dags/example_subdag_operator.py
[2023-07-31T19:50:38.126+0000] {processor.py:826} INFO - Processing file /home/airflow/.local/lib/python3.7/site-packages/airflow/example_dags/example_subdag_operator.py for tasks to queue
[2023-07-31T19:50:38.127+0000] {logging_mixin.py:150} INFO - [2023-07-31T19:50:38.127+0000] {dagbag.py:541} INFO - Filling up the DagBag from /home/airflow/.local/lib/python3.7/site-packages/airflow/example_dags/example_subdag_operator.py
[2023-07-31T19:50:38.167+0000] {processor.py:836} INFO - DAG(s) dict_keys(['example_subdag_operator.section-1', 'example_subdag_operator.section-2', 'example_subdag_operator']) retrieved from /home/airflow/.local/lib/python3.7/site-packages/airflow/example_dags/example_subdag_operator.py
[2023-07-31T19:50:38.197+0000] {logging_mixin.py:150} INFO - [2023-07-31T19:50:38.197+0000] {dag.py:2742} INFO - Sync 3 DAGs
[2023-07-31T19:50:38.236+0000] {logging_mixin.py:150} INFO - [2023-07-31T19:50:38.236+0000] {dag.py:3508} INFO - Setting next_dagrun for example_subdag_operator to 2022-01-01T00:00:00+00:00, run_after=2022-01-01T00:00:00+00:00
[2023-07-31T19:50:38.241+0000] {logging_mixin.py:150} INFO - [2023-07-31T19:50:38.241+0000] {dag.py:3508} INFO - Setting next_dagrun for example_subdag_operator.section-1 to None, run_after=None
[2023-07-31T19:50:38.245+0000] {logging_mixin.py:150} INFO - [2023-07-31T19:50:38.244+0000] {dag.py:3508} INFO - Setting next_dagrun for example_subdag_operator.section-2 to None, run_after=None
[2023-07-31T19:50:38.255+0000] {logging_mixin.py:150} INFO - [2023-07-31T19:50:38.255+0000] {dag.py:2742} INFO - Sync 2 DAGs
[2023-07-31T19:50:38.266+0000] {logging_mixin.py:150} INFO - [2023-07-31T19:50:38.265+0000] {dag.py:3508} INFO - Setting next_dagrun for example_subdag_operator.section-1 to None, run_after=None
[2023-07-31T19:50:38.266+0000] {logging_mixin.py:150} INFO - [2023-07-31T19:50:38.266+0000] {dag.py:3508} INFO - Setting next_dagrun for example_subdag_operator.section-2 to None, run_after=None
[2023-07-31T19:50:38.288+0000] {processor.py:179} INFO - Processing /home/airflow/.local/lib/python3.7/site-packages/airflow/example_dags/example_subdag_operator.py took 0.167 seconds
[2023-07-31T19:51:08.724+0000] {processor.py:157} INFO - Started process (PID=192) to work on /home/airflow/.local/lib/python3.7/site-packages/airflow/example_dags/example_subdag_operator.py
[2023-07-31T19:51:08.725+0000] {processor.py:826} INFO - Processing file /home/airflow/.local/lib/python3.7/site-packages/airflow/example_dags/example_subdag_operator.py for tasks to queue
[2023-07-31T19:51:08.726+0000] {logging_mixin.py:150} INFO - [2023-07-31T19:51:08.725+0000] {dagbag.py:541} INFO - Filling up the DagBag from /home/airflow/.local/lib/python3.7/site-packages/airflow/example_dags/example_subdag_operator.py
[2023-07-31T19:51:08.776+0000] {processor.py:836} INFO - DAG(s) dict_keys(['example_subdag_operator.section-1', 'example_subdag_operator.section-2', 'example_subdag_operator']) retrieved from /home/airflow/.local/lib/python3.7/site-packages/airflow/example_dags/example_subdag_operator.py
[2023-07-31T19:51:08.823+0000] {logging_mixin.py:150} INFO - [2023-07-31T19:51:08.823+0000] {dag.py:2742} INFO - Sync 3 DAGs
[2023-07-31T19:51:08.927+0000] {logging_mixin.py:150} INFO - [2023-07-31T19:51:08.926+0000] {dag.py:3508} INFO - Setting next_dagrun for example_subdag_operator to 2022-01-01T00:00:00+00:00, run_after=2022-01-01T00:00:00+00:00
[2023-07-31T19:51:08.936+0000] {logging_mixin.py:150} INFO - [2023-07-31T19:51:08.936+0000] {dag.py:3508} INFO - Setting next_dagrun for example_subdag_operator.section-1 to None, run_after=None
[2023-07-31T19:51:08.939+0000] {logging_mixin.py:150} INFO - [2023-07-31T19:51:08.938+0000] {dag.py:3508} INFO - Setting next_dagrun for example_subdag_operator.section-2 to None, run_after=None
[2023-07-31T19:51:08.951+0000] {logging_mixin.py:150} INFO - [2023-07-31T19:51:08.950+0000] {dag.py:2742} INFO - Sync 2 DAGs
[2023-07-31T19:51:08.963+0000] {logging_mixin.py:150} INFO - [2023-07-31T19:51:08.963+0000] {dag.py:3508} INFO - Setting next_dagrun for example_subdag_operator.section-1 to None, run_after=None
[2023-07-31T19:51:08.964+0000] {logging_mixin.py:150} INFO - [2023-07-31T19:51:08.963+0000] {dag.py:3508} INFO - Setting next_dagrun for example_subdag_operator.section-2 to None, run_after=None
[2023-07-31T19:51:08.982+0000] {processor.py:179} INFO - Processing /home/airflow/.local/lib/python3.7/site-packages/airflow/example_dags/example_subdag_operator.py took 0.268 seconds
[2023-07-31T19:51:39.323+0000] {processor.py:157} INFO - Started process (PID=252) to work on /home/airflow/.local/lib/python3.7/site-packages/airflow/example_dags/example_subdag_operator.py
[2023-07-31T19:51:39.326+0000] {processor.py:826} INFO - Processing file /home/airflow/.local/lib/python3.7/site-packages/airflow/example_dags/example_subdag_operator.py for tasks to queue
[2023-07-31T19:51:39.328+0000] {logging_mixin.py:150} INFO - [2023-07-31T19:51:39.327+0000] {dagbag.py:541} INFO - Filling up the DagBag from /home/airflow/.local/lib/python3.7/site-packages/airflow/example_dags/example_subdag_operator.py
[2023-07-31T19:51:39.357+0000] {processor.py:836} INFO - DAG(s) dict_keys(['example_subdag_operator.section-1', 'example_subdag_operator.section-2', 'example_subdag_operator']) retrieved from /home/airflow/.local/lib/python3.7/site-packages/airflow/example_dags/example_subdag_operator.py
[2023-07-31T19:51:39.387+0000] {logging_mixin.py:150} INFO - [2023-07-31T19:51:39.387+0000] {dag.py:2742} INFO - Sync 3 DAGs
[2023-07-31T19:51:39.427+0000] {logging_mixin.py:150} INFO - [2023-07-31T19:51:39.424+0000] {dag.py:3508} INFO - Setting next_dagrun for example_subdag_operator to 2022-01-01T00:00:00+00:00, run_after=2022-01-01T00:00:00+00:00
[2023-07-31T19:51:39.431+0000] {logging_mixin.py:150} INFO - [2023-07-31T19:51:39.431+0000] {dag.py:3508} INFO - Setting next_dagrun for example_subdag_operator.section-1 to None, run_after=None
[2023-07-31T19:51:39.433+0000] {logging_mixin.py:150} INFO - [2023-07-31T19:51:39.432+0000] {dag.py:3508} INFO - Setting next_dagrun for example_subdag_operator.section-2 to None, run_after=None
[2023-07-31T19:51:39.441+0000] {logging_mixin.py:150} INFO - [2023-07-31T19:51:39.441+0000] {dag.py:2742} INFO - Sync 2 DAGs
[2023-07-31T19:51:39.450+0000] {logging_mixin.py:150} INFO - [2023-07-31T19:51:39.450+0000] {dag.py:3508} INFO - Setting next_dagrun for example_subdag_operator.section-1 to None, run_after=None
[2023-07-31T19:51:39.451+0000] {logging_mixin.py:150} INFO - [2023-07-31T19:51:39.451+0000] {dag.py:3508} INFO - Setting next_dagrun for example_subdag_operator.section-2 to None, run_after=None
[2023-07-31T19:51:39.472+0000] {processor.py:179} INFO - Processing /home/airflow/.local/lib/python3.7/site-packages/airflow/example_dags/example_subdag_operator.py took 0.152 seconds
[2023-07-31T19:52:10.066+0000] {processor.py:157} INFO - Started process (PID=313) to work on /home/airflow/.local/lib/python3.7/site-packages/airflow/example_dags/example_subdag_operator.py
[2023-07-31T19:52:10.067+0000] {processor.py:826} INFO - Processing file /home/airflow/.local/lib/python3.7/site-packages/airflow/example_dags/example_subdag_operator.py for tasks to queue
[2023-07-31T19:52:10.068+0000] {logging_mixin.py:150} INFO - [2023-07-31T19:52:10.068+0000] {dagbag.py:541} INFO - Filling up the DagBag from /home/airflow/.local/lib/python3.7/site-packages/airflow/example_dags/example_subdag_operator.py
[2023-07-31T19:52:10.093+0000] {processor.py:836} INFO - DAG(s) dict_keys(['example_subdag_operator.section-1', 'example_subdag_operator.section-2', 'example_subdag_operator']) retrieved from /home/airflow/.local/lib/python3.7/site-packages/airflow/example_dags/example_subdag_operator.py
[2023-07-31T19:52:10.114+0000] {logging_mixin.py:150} INFO - [2023-07-31T19:52:10.114+0000] {dag.py:2742} INFO - Sync 3 DAGs
[2023-07-31T19:52:10.145+0000] {logging_mixin.py:150} INFO - [2023-07-31T19:52:10.145+0000] {dag.py:3508} INFO - Setting next_dagrun for example_subdag_operator to 2022-01-01T00:00:00+00:00, run_after=2022-01-01T00:00:00+00:00
[2023-07-31T19:52:10.150+0000] {logging_mixin.py:150} INFO - [2023-07-31T19:52:10.149+0000] {dag.py:3508} INFO - Setting next_dagrun for example_subdag_operator.section-1 to None, run_after=None
[2023-07-31T19:52:10.152+0000] {logging_mixin.py:150} INFO - [2023-07-31T19:52:10.151+0000] {dag.py:3508} INFO - Setting next_dagrun for example_subdag_operator.section-2 to None, run_after=None
[2023-07-31T19:52:10.159+0000] {logging_mixin.py:150} INFO - [2023-07-31T19:52:10.159+0000] {dag.py:2742} INFO - Sync 2 DAGs
[2023-07-31T19:52:10.164+0000] {logging_mixin.py:150} INFO - [2023-07-31T19:52:10.164+0000] {dag.py:3508} INFO - Setting next_dagrun for example_subdag_operator.section-1 to None, run_after=None
[2023-07-31T19:52:10.164+0000] {logging_mixin.py:150} INFO - [2023-07-31T19:52:10.164+0000] {dag.py:3508} INFO - Setting next_dagrun for example_subdag_operator.section-2 to None, run_after=None
[2023-07-31T19:52:10.176+0000] {processor.py:179} INFO - Processing /home/airflow/.local/lib/python3.7/site-packages/airflow/example_dags/example_subdag_operator.py took 0.114 seconds
[2023-07-31T19:52:40.537+0000] {processor.py:157} INFO - Started process (PID=374) to work on /home/airflow/.local/lib/python3.7/site-packages/airflow/example_dags/example_subdag_operator.py
[2023-07-31T19:52:40.538+0000] {processor.py:826} INFO - Processing file /home/airflow/.local/lib/python3.7/site-packages/airflow/example_dags/example_subdag_operator.py for tasks to queue
[2023-07-31T19:52:40.539+0000] {logging_mixin.py:150} INFO - [2023-07-31T19:52:40.539+0000] {dagbag.py:541} INFO - Filling up the DagBag from /home/airflow/.local/lib/python3.7/site-packages/airflow/example_dags/example_subdag_operator.py
[2023-07-31T19:52:40.579+0000] {processor.py:836} INFO - DAG(s) dict_keys(['example_subdag_operator.section-1', 'example_subdag_operator.section-2', 'example_subdag_operator']) retrieved from /home/airflow/.local/lib/python3.7/site-packages/airflow/example_dags/example_subdag_operator.py
[2023-07-31T19:52:40.612+0000] {logging_mixin.py:150} INFO - [2023-07-31T19:52:40.612+0000] {dag.py:2742} INFO - Sync 3 DAGs
[2023-07-31T19:52:40.651+0000] {logging_mixin.py:150} INFO - [2023-07-31T19:52:40.651+0000] {dag.py:3508} INFO - Setting next_dagrun for example_subdag_operator to 2022-01-01T00:00:00+00:00, run_after=2022-01-01T00:00:00+00:00
[2023-07-31T19:52:40.656+0000] {logging_mixin.py:150} INFO - [2023-07-31T19:52:40.655+0000] {dag.py:3508} INFO - Setting next_dagrun for example_subdag_operator.section-1 to None, run_after=None
[2023-07-31T19:52:40.662+0000] {logging_mixin.py:150} INFO - [2023-07-31T19:52:40.662+0000] {dag.py:3508} INFO - Setting next_dagrun for example_subdag_operator.section-2 to None, run_after=None
[2023-07-31T19:52:40.672+0000] {logging_mixin.py:150} INFO - [2023-07-31T19:52:40.671+0000] {dag.py:2742} INFO - Sync 2 DAGs
[2023-07-31T19:52:40.682+0000] {logging_mixin.py:150} INFO - [2023-07-31T19:52:40.681+0000] {dag.py:3508} INFO - Setting next_dagrun for example_subdag_operator.section-1 to None, run_after=None
[2023-07-31T19:52:40.682+0000] {logging_mixin.py:150} INFO - [2023-07-31T19:52:40.682+0000] {dag.py:3508} INFO - Setting next_dagrun for example_subdag_operator.section-2 to None, run_after=None
[2023-07-31T19:52:40.697+0000] {processor.py:179} INFO - Processing /home/airflow/.local/lib/python3.7/site-packages/airflow/example_dags/example_subdag_operator.py took 0.163 seconds
[2023-07-31T19:53:11.343+0000] {processor.py:157} INFO - Started process (PID=435) to work on /home/airflow/.local/lib/python3.7/site-packages/airflow/example_dags/example_subdag_operator.py
[2023-07-31T19:53:11.345+0000] {processor.py:826} INFO - Processing file /home/airflow/.local/lib/python3.7/site-packages/airflow/example_dags/example_subdag_operator.py for tasks to queue
[2023-07-31T19:53:11.347+0000] {logging_mixin.py:150} INFO - [2023-07-31T19:53:11.346+0000] {dagbag.py:541} INFO - Filling up the DagBag from /home/airflow/.local/lib/python3.7/site-packages/airflow/example_dags/example_subdag_operator.py
[2023-07-31T19:53:11.376+0000] {processor.py:836} INFO - DAG(s) dict_keys(['example_subdag_operator.section-1', 'example_subdag_operator.section-2', 'example_subdag_operator']) retrieved from /home/airflow/.local/lib/python3.7/site-packages/airflow/example_dags/example_subdag_operator.py
[2023-07-31T19:53:11.402+0000] {logging_mixin.py:150} INFO - [2023-07-31T19:53:11.402+0000] {dag.py:2742} INFO - Sync 3 DAGs
[2023-07-31T19:53:11.437+0000] {logging_mixin.py:150} INFO - [2023-07-31T19:53:11.437+0000] {dag.py:3508} INFO - Setting next_dagrun for example_subdag_operator to 2022-01-01T00:00:00+00:00, run_after=2022-01-01T00:00:00+00:00
[2023-07-31T19:53:11.441+0000] {logging_mixin.py:150} INFO - [2023-07-31T19:53:11.441+0000] {dag.py:3508} INFO - Setting next_dagrun for example_subdag_operator.section-1 to None, run_after=None
[2023-07-31T19:53:11.442+0000] {logging_mixin.py:150} INFO - [2023-07-31T19:53:11.442+0000] {dag.py:3508} INFO - Setting next_dagrun for example_subdag_operator.section-2 to None, run_after=None
[2023-07-31T19:53:11.454+0000] {logging_mixin.py:150} INFO - [2023-07-31T19:53:11.454+0000] {dag.py:2742} INFO - Sync 2 DAGs
[2023-07-31T19:53:11.461+0000] {logging_mixin.py:150} INFO - [2023-07-31T19:53:11.460+0000] {dag.py:3508} INFO - Setting next_dagrun for example_subdag_operator.section-1 to None, run_after=None
[2023-07-31T19:53:11.461+0000] {logging_mixin.py:150} INFO - [2023-07-31T19:53:11.461+0000] {dag.py:3508} INFO - Setting next_dagrun for example_subdag_operator.section-2 to None, run_after=None
[2023-07-31T19:53:11.481+0000] {processor.py:179} INFO - Processing /home/airflow/.local/lib/python3.7/site-packages/airflow/example_dags/example_subdag_operator.py took 0.141 seconds
[2023-07-31T19:53:42.263+0000] {processor.py:157} INFO - Started process (PID=496) to work on /home/airflow/.local/lib/python3.7/site-packages/airflow/example_dags/example_subdag_operator.py
[2023-07-31T19:53:42.264+0000] {processor.py:826} INFO - Processing file /home/airflow/.local/lib/python3.7/site-packages/airflow/example_dags/example_subdag_operator.py for tasks to queue
[2023-07-31T19:53:42.265+0000] {logging_mixin.py:150} INFO - [2023-07-31T19:53:42.265+0000] {dagbag.py:541} INFO - Filling up the DagBag from /home/airflow/.local/lib/python3.7/site-packages/airflow/example_dags/example_subdag_operator.py
[2023-07-31T19:53:42.301+0000] {processor.py:836} INFO - DAG(s) dict_keys(['example_subdag_operator.section-1', 'example_subdag_operator.section-2', 'example_subdag_operator']) retrieved from /home/airflow/.local/lib/python3.7/site-packages/airflow/example_dags/example_subdag_operator.py
[2023-07-31T19:53:42.330+0000] {logging_mixin.py:150} INFO - [2023-07-31T19:53:42.329+0000] {dag.py:2742} INFO - Sync 3 DAGs
[2023-07-31T19:53:42.367+0000] {logging_mixin.py:150} INFO - [2023-07-31T19:53:42.367+0000] {dag.py:3508} INFO - Setting next_dagrun for example_subdag_operator to 2022-01-01T00:00:00+00:00, run_after=2022-01-01T00:00:00+00:00
[2023-07-31T19:53:42.371+0000] {logging_mixin.py:150} INFO - [2023-07-31T19:53:42.371+0000] {dag.py:3508} INFO - Setting next_dagrun for example_subdag_operator.section-1 to None, run_after=None
[2023-07-31T19:53:42.373+0000] {logging_mixin.py:150} INFO - [2023-07-31T19:53:42.373+0000] {dag.py:3508} INFO - Setting next_dagrun for example_subdag_operator.section-2 to None, run_after=None
[2023-07-31T19:53:42.384+0000] {logging_mixin.py:150} INFO - [2023-07-31T19:53:42.384+0000] {dag.py:2742} INFO - Sync 2 DAGs
[2023-07-31T19:53:42.395+0000] {logging_mixin.py:150} INFO - [2023-07-31T19:53:42.395+0000] {dag.py:3508} INFO - Setting next_dagrun for example_subdag_operator.section-1 to None, run_after=None
[2023-07-31T19:53:42.396+0000] {logging_mixin.py:150} INFO - [2023-07-31T19:53:42.396+0000] {dag.py:3508} INFO - Setting next_dagrun for example_subdag_operator.section-2 to None, run_after=None
[2023-07-31T19:53:42.414+0000] {processor.py:179} INFO - Processing /home/airflow/.local/lib/python3.7/site-packages/airflow/example_dags/example_subdag_operator.py took 0.154 seconds
[2023-07-31T19:54:12.558+0000] {processor.py:157} INFO - Started process (PID=557) to work on /home/airflow/.local/lib/python3.7/site-packages/airflow/example_dags/example_subdag_operator.py
[2023-07-31T19:54:12.559+0000] {processor.py:826} INFO - Processing file /home/airflow/.local/lib/python3.7/site-packages/airflow/example_dags/example_subdag_operator.py for tasks to queue
[2023-07-31T19:54:12.560+0000] {logging_mixin.py:150} INFO - [2023-07-31T19:54:12.560+0000] {dagbag.py:541} INFO - Filling up the DagBag from /home/airflow/.local/lib/python3.7/site-packages/airflow/example_dags/example_subdag_operator.py
[2023-07-31T19:54:12.599+0000] {processor.py:836} INFO - DAG(s) dict_keys(['example_subdag_operator.section-1', 'example_subdag_operator.section-2', 'example_subdag_operator']) retrieved from /home/airflow/.local/lib/python3.7/site-packages/airflow/example_dags/example_subdag_operator.py
[2023-07-31T19:54:12.638+0000] {logging_mixin.py:150} INFO - [2023-07-31T19:54:12.637+0000] {dag.py:2742} INFO - Sync 3 DAGs
[2023-07-31T19:54:12.696+0000] {logging_mixin.py:150} INFO - [2023-07-31T19:54:12.696+0000] {dag.py:3508} INFO - Setting next_dagrun for example_subdag_operator to 2022-01-01T00:00:00+00:00, run_after=2022-01-01T00:00:00+00:00
[2023-07-31T19:54:12.707+0000] {logging_mixin.py:150} INFO - [2023-07-31T19:54:12.707+0000] {dag.py:3508} INFO - Setting next_dagrun for example_subdag_operator.section-1 to None, run_after=None
[2023-07-31T19:54:12.710+0000] {logging_mixin.py:150} INFO - [2023-07-31T19:54:12.709+0000] {dag.py:3508} INFO - Setting next_dagrun for example_subdag_operator.section-2 to None, run_after=None
[2023-07-31T19:54:12.727+0000] {logging_mixin.py:150} INFO - [2023-07-31T19:54:12.726+0000] {dag.py:2742} INFO - Sync 2 DAGs
[2023-07-31T19:54:12.738+0000] {logging_mixin.py:150} INFO - [2023-07-31T19:54:12.738+0000] {dag.py:3508} INFO - Setting next_dagrun for example_subdag_operator.section-1 to None, run_after=None
[2023-07-31T19:54:12.739+0000] {logging_mixin.py:150} INFO - [2023-07-31T19:54:12.739+0000] {dag.py:3508} INFO - Setting next_dagrun for example_subdag_operator.section-2 to None, run_after=None
[2023-07-31T19:54:12.766+0000] {processor.py:179} INFO - Processing /home/airflow/.local/lib/python3.7/site-packages/airflow/example_dags/example_subdag_operator.py took 0.210 seconds
[2023-07-31T19:54:43.603+0000] {processor.py:157} INFO - Started process (PID=625) to work on /home/airflow/.local/lib/python3.7/site-packages/airflow/example_dags/example_subdag_operator.py
[2023-07-31T19:54:43.604+0000] {processor.py:826} INFO - Processing file /home/airflow/.local/lib/python3.7/site-packages/airflow/example_dags/example_subdag_operator.py for tasks to queue
[2023-07-31T19:54:43.605+0000] {logging_mixin.py:150} INFO - [2023-07-31T19:54:43.604+0000] {dagbag.py:541} INFO - Filling up the DagBag from /home/airflow/.local/lib/python3.7/site-packages/airflow/example_dags/example_subdag_operator.py
[2023-07-31T19:54:43.635+0000] {processor.py:836} INFO - DAG(s) dict_keys(['example_subdag_operator.section-1', 'example_subdag_operator.section-2', 'example_subdag_operator']) retrieved from /home/airflow/.local/lib/python3.7/site-packages/airflow/example_dags/example_subdag_operator.py
[2023-07-31T19:54:43.658+0000] {logging_mixin.py:150} INFO - [2023-07-31T19:54:43.658+0000] {dag.py:2742} INFO - Sync 3 DAGs
[2023-07-31T19:54:43.687+0000] {logging_mixin.py:150} INFO - [2023-07-31T19:54:43.687+0000] {dag.py:3508} INFO - Setting next_dagrun for example_subdag_operator to 2022-01-01T00:00:00+00:00, run_after=2022-01-01T00:00:00+00:00
[2023-07-31T19:54:43.695+0000] {logging_mixin.py:150} INFO - [2023-07-31T19:54:43.695+0000] {dag.py:3508} INFO - Setting next_dagrun for example_subdag_operator.section-1 to None, run_after=None
[2023-07-31T19:54:43.697+0000] {logging_mixin.py:150} INFO - [2023-07-31T19:54:43.696+0000] {dag.py:3508} INFO - Setting next_dagrun for example_subdag_operator.section-2 to None, run_after=None
[2023-07-31T19:54:43.704+0000] {logging_mixin.py:150} INFO - [2023-07-31T19:54:43.704+0000] {dag.py:2742} INFO - Sync 2 DAGs
[2023-07-31T19:54:43.715+0000] {logging_mixin.py:150} INFO - [2023-07-31T19:54:43.714+0000] {dag.py:3508} INFO - Setting next_dagrun for example_subdag_operator.section-1 to None, run_after=None
[2023-07-31T19:54:43.715+0000] {logging_mixin.py:150} INFO - [2023-07-31T19:54:43.715+0000] {dag.py:3508} INFO - Setting next_dagrun for example_subdag_operator.section-2 to None, run_after=None
[2023-07-31T19:54:43.733+0000] {processor.py:179} INFO - Processing /home/airflow/.local/lib/python3.7/site-packages/airflow/example_dags/example_subdag_operator.py took 0.134 seconds
[2023-07-31T19:55:13.886+0000] {processor.py:157} INFO - Started process (PID=685) to work on /home/airflow/.local/lib/python3.7/site-packages/airflow/example_dags/example_subdag_operator.py
[2023-07-31T19:55:13.887+0000] {processor.py:826} INFO - Processing file /home/airflow/.local/lib/python3.7/site-packages/airflow/example_dags/example_subdag_operator.py for tasks to queue
[2023-07-31T19:55:13.888+0000] {logging_mixin.py:150} INFO - [2023-07-31T19:55:13.887+0000] {dagbag.py:541} INFO - Filling up the DagBag from /home/airflow/.local/lib/python3.7/site-packages/airflow/example_dags/example_subdag_operator.py
[2023-07-31T19:55:13.916+0000] {processor.py:836} INFO - DAG(s) dict_keys(['example_subdag_operator.section-1', 'example_subdag_operator.section-2', 'example_subdag_operator']) retrieved from /home/airflow/.local/lib/python3.7/site-packages/airflow/example_dags/example_subdag_operator.py
[2023-07-31T19:55:13.936+0000] {logging_mixin.py:150} INFO - [2023-07-31T19:55:13.936+0000] {dag.py:2742} INFO - Sync 3 DAGs
[2023-07-31T19:55:13.962+0000] {logging_mixin.py:150} INFO - [2023-07-31T19:55:13.962+0000] {dag.py:3508} INFO - Setting next_dagrun for example_subdag_operator to 2022-01-01T00:00:00+00:00, run_after=2022-01-01T00:00:00+00:00
[2023-07-31T19:55:13.968+0000] {logging_mixin.py:150} INFO - [2023-07-31T19:55:13.968+0000] {dag.py:3508} INFO - Setting next_dagrun for example_subdag_operator.section-1 to None, run_after=None
[2023-07-31T19:55:13.970+0000] {logging_mixin.py:150} INFO - [2023-07-31T19:55:13.970+0000] {dag.py:3508} INFO - Setting next_dagrun for example_subdag_operator.section-2 to None, run_after=None
[2023-07-31T19:55:13.978+0000] {logging_mixin.py:150} INFO - [2023-07-31T19:55:13.978+0000] {dag.py:2742} INFO - Sync 2 DAGs
[2023-07-31T19:55:13.986+0000] {logging_mixin.py:150} INFO - [2023-07-31T19:55:13.985+0000] {dag.py:3508} INFO - Setting next_dagrun for example_subdag_operator.section-1 to None, run_after=None
[2023-07-31T19:55:13.986+0000] {logging_mixin.py:150} INFO - [2023-07-31T19:55:13.986+0000] {dag.py:3508} INFO - Setting next_dagrun for example_subdag_operator.section-2 to None, run_after=None
[2023-07-31T19:55:14.002+0000] {processor.py:179} INFO - Processing /home/airflow/.local/lib/python3.7/site-packages/airflow/example_dags/example_subdag_operator.py took 0.121 seconds
[2023-07-31T19:55:44.401+0000] {processor.py:157} INFO - Started process (PID=746) to work on /home/airflow/.local/lib/python3.7/site-packages/airflow/example_dags/example_subdag_operator.py
[2023-07-31T19:55:44.405+0000] {processor.py:826} INFO - Processing file /home/airflow/.local/lib/python3.7/site-packages/airflow/example_dags/example_subdag_operator.py for tasks to queue
[2023-07-31T19:55:44.406+0000] {logging_mixin.py:150} INFO - [2023-07-31T19:55:44.406+0000] {dagbag.py:541} INFO - Filling up the DagBag from /home/airflow/.local/lib/python3.7/site-packages/airflow/example_dags/example_subdag_operator.py
[2023-07-31T19:55:44.433+0000] {processor.py:836} INFO - DAG(s) dict_keys(['example_subdag_operator.section-1', 'example_subdag_operator.section-2', 'example_subdag_operator']) retrieved from /home/airflow/.local/lib/python3.7/site-packages/airflow/example_dags/example_subdag_operator.py
[2023-07-31T19:55:44.459+0000] {logging_mixin.py:150} INFO - [2023-07-31T19:55:44.459+0000] {dag.py:2742} INFO - Sync 3 DAGs
[2023-07-31T19:55:44.491+0000] {logging_mixin.py:150} INFO - [2023-07-31T19:55:44.491+0000] {dag.py:3508} INFO - Setting next_dagrun for example_subdag_operator to 2022-01-01T00:00:00+00:00, run_after=2022-01-01T00:00:00+00:00
[2023-07-31T19:55:44.495+0000] {logging_mixin.py:150} INFO - [2023-07-31T19:55:44.495+0000] {dag.py:3508} INFO - Setting next_dagrun for example_subdag_operator.section-1 to None, run_after=None
[2023-07-31T19:55:44.496+0000] {logging_mixin.py:150} INFO - [2023-07-31T19:55:44.496+0000] {dag.py:3508} INFO - Setting next_dagrun for example_subdag_operator.section-2 to None, run_after=None
[2023-07-31T19:55:44.503+0000] {logging_mixin.py:150} INFO - [2023-07-31T19:55:44.503+0000] {dag.py:2742} INFO - Sync 2 DAGs
[2023-07-31T19:55:44.510+0000] {logging_mixin.py:150} INFO - [2023-07-31T19:55:44.509+0000] {dag.py:3508} INFO - Setting next_dagrun for example_subdag_operator.section-1 to None, run_after=None
[2023-07-31T19:55:44.510+0000] {logging_mixin.py:150} INFO - [2023-07-31T19:55:44.510+0000] {dag.py:3508} INFO - Setting next_dagrun for example_subdag_operator.section-2 to None, run_after=None
[2023-07-31T19:55:44.527+0000] {processor.py:179} INFO - Processing /home/airflow/.local/lib/python3.7/site-packages/airflow/example_dags/example_subdag_operator.py took 0.128 seconds
[2023-07-31T19:56:14.654+0000] {processor.py:157} INFO - Started process (PID=807) to work on /home/airflow/.local/lib/python3.7/site-packages/airflow/example_dags/example_subdag_operator.py
[2023-07-31T19:56:14.655+0000] {processor.py:826} INFO - Processing file /home/airflow/.local/lib/python3.7/site-packages/airflow/example_dags/example_subdag_operator.py for tasks to queue
[2023-07-31T19:56:14.655+0000] {logging_mixin.py:150} INFO - [2023-07-31T19:56:14.655+0000] {dagbag.py:541} INFO - Filling up the DagBag from /home/airflow/.local/lib/python3.7/site-packages/airflow/example_dags/example_subdag_operator.py
[2023-07-31T19:56:14.679+0000] {processor.py:836} INFO - DAG(s) dict_keys(['example_subdag_operator.section-1', 'example_subdag_operator.section-2', 'example_subdag_operator']) retrieved from /home/airflow/.local/lib/python3.7/site-packages/airflow/example_dags/example_subdag_operator.py
[2023-07-31T19:56:14.700+0000] {logging_mixin.py:150} INFO - [2023-07-31T19:56:14.700+0000] {dag.py:2742} INFO - Sync 3 DAGs
[2023-07-31T19:56:14.726+0000] {logging_mixin.py:150} INFO - [2023-07-31T19:56:14.726+0000] {dag.py:3508} INFO - Setting next_dagrun for example_subdag_operator to 2022-01-01T00:00:00+00:00, run_after=2022-01-01T00:00:00+00:00
[2023-07-31T19:56:14.729+0000] {logging_mixin.py:150} INFO - [2023-07-31T19:56:14.729+0000] {dag.py:3508} INFO - Setting next_dagrun for example_subdag_operator.section-1 to None, run_after=None
[2023-07-31T19:56:14.730+0000] {logging_mixin.py:150} INFO - [2023-07-31T19:56:14.730+0000] {dag.py:3508} INFO - Setting next_dagrun for example_subdag_operator.section-2 to None, run_after=None
[2023-07-31T19:56:14.741+0000] {logging_mixin.py:150} INFO - [2023-07-31T19:56:14.741+0000] {dag.py:2742} INFO - Sync 2 DAGs
[2023-07-31T19:56:14.746+0000] {logging_mixin.py:150} INFO - [2023-07-31T19:56:14.746+0000] {dag.py:3508} INFO - Setting next_dagrun for example_subdag_operator.section-1 to None, run_after=None
[2023-07-31T19:56:14.747+0000] {logging_mixin.py:150} INFO - [2023-07-31T19:56:14.747+0000] {dag.py:3508} INFO - Setting next_dagrun for example_subdag_operator.section-2 to None, run_after=None
[2023-07-31T19:56:14.763+0000] {processor.py:179} INFO - Processing /home/airflow/.local/lib/python3.7/site-packages/airflow/example_dags/example_subdag_operator.py took 0.112 seconds
[2023-07-31T19:56:44.965+0000] {processor.py:157} INFO - Started process (PID=868) to work on /home/airflow/.local/lib/python3.7/site-packages/airflow/example_dags/example_subdag_operator.py
[2023-07-31T19:56:44.969+0000] {processor.py:826} INFO - Processing file /home/airflow/.local/lib/python3.7/site-packages/airflow/example_dags/example_subdag_operator.py for tasks to queue
[2023-07-31T19:56:44.969+0000] {logging_mixin.py:150} INFO - [2023-07-31T19:56:44.969+0000] {dagbag.py:541} INFO - Filling up the DagBag from /home/airflow/.local/lib/python3.7/site-packages/airflow/example_dags/example_subdag_operator.py
[2023-07-31T19:56:44.993+0000] {processor.py:836} INFO - DAG(s) dict_keys(['example_subdag_operator.section-1', 'example_subdag_operator.section-2', 'example_subdag_operator']) retrieved from /home/airflow/.local/lib/python3.7/site-packages/airflow/example_dags/example_subdag_operator.py
[2023-07-31T19:56:45.013+0000] {logging_mixin.py:150} INFO - [2023-07-31T19:56:45.013+0000] {dag.py:2742} INFO - Sync 3 DAGs
[2023-07-31T19:56:45.041+0000] {logging_mixin.py:150} INFO - [2023-07-31T19:56:45.040+0000] {dag.py:3508} INFO - Setting next_dagrun for example_subdag_operator to 2022-01-01T00:00:00+00:00, run_after=2022-01-01T00:00:00+00:00
[2023-07-31T19:56:45.044+0000] {logging_mixin.py:150} INFO - [2023-07-31T19:56:45.044+0000] {dag.py:3508} INFO - Setting next_dagrun for example_subdag_operator.section-1 to None, run_after=None
[2023-07-31T19:56:45.046+0000] {logging_mixin.py:150} INFO - [2023-07-31T19:56:45.045+0000] {dag.py:3508} INFO - Setting next_dagrun for example_subdag_operator.section-2 to None, run_after=None
[2023-07-31T19:56:45.054+0000] {logging_mixin.py:150} INFO - [2023-07-31T19:56:45.054+0000] {dag.py:2742} INFO - Sync 2 DAGs
[2023-07-31T19:56:45.061+0000] {logging_mixin.py:150} INFO - [2023-07-31T19:56:45.061+0000] {dag.py:3508} INFO - Setting next_dagrun for example_subdag_operator.section-1 to None, run_after=None
[2023-07-31T19:56:45.062+0000] {logging_mixin.py:150} INFO - [2023-07-31T19:56:45.062+0000] {dag.py:3508} INFO - Setting next_dagrun for example_subdag_operator.section-2 to None, run_after=None
[2023-07-31T19:56:45.076+0000] {processor.py:179} INFO - Processing /home/airflow/.local/lib/python3.7/site-packages/airflow/example_dags/example_subdag_operator.py took 0.114 seconds
[2023-07-31T19:57:15.441+0000] {processor.py:157} INFO - Started process (PID=929) to work on /home/airflow/.local/lib/python3.7/site-packages/airflow/example_dags/example_subdag_operator.py
[2023-07-31T19:57:15.442+0000] {processor.py:826} INFO - Processing file /home/airflow/.local/lib/python3.7/site-packages/airflow/example_dags/example_subdag_operator.py for tasks to queue
[2023-07-31T19:57:15.442+0000] {logging_mixin.py:150} INFO - [2023-07-31T19:57:15.442+0000] {dagbag.py:541} INFO - Filling up the DagBag from /home/airflow/.local/lib/python3.7/site-packages/airflow/example_dags/example_subdag_operator.py
[2023-07-31T19:57:15.473+0000] {processor.py:836} INFO - DAG(s) dict_keys(['example_subdag_operator.section-1', 'example_subdag_operator.section-2', 'example_subdag_operator']) retrieved from /home/airflow/.local/lib/python3.7/site-packages/airflow/example_dags/example_subdag_operator.py
[2023-07-31T19:57:15.498+0000] {logging_mixin.py:150} INFO - [2023-07-31T19:57:15.498+0000] {dag.py:2742} INFO - Sync 3 DAGs
[2023-07-31T19:57:15.541+0000] {logging_mixin.py:150} INFO - [2023-07-31T19:57:15.541+0000] {dag.py:3508} INFO - Setting next_dagrun for example_subdag_operator to 2022-01-01T00:00:00+00:00, run_after=2022-01-01T00:00:00+00:00
[2023-07-31T19:57:15.545+0000] {logging_mixin.py:150} INFO - [2023-07-31T19:57:15.545+0000] {dag.py:3508} INFO - Setting next_dagrun for example_subdag_operator.section-1 to None, run_after=None
[2023-07-31T19:57:15.546+0000] {logging_mixin.py:150} INFO - [2023-07-31T19:57:15.546+0000] {dag.py:3508} INFO - Setting next_dagrun for example_subdag_operator.section-2 to None, run_after=None
[2023-07-31T19:57:15.558+0000] {logging_mixin.py:150} INFO - [2023-07-31T19:57:15.558+0000] {dag.py:2742} INFO - Sync 2 DAGs
[2023-07-31T19:57:15.564+0000] {logging_mixin.py:150} INFO - [2023-07-31T19:57:15.564+0000] {dag.py:3508} INFO - Setting next_dagrun for example_subdag_operator.section-1 to None, run_after=None
[2023-07-31T19:57:15.565+0000] {logging_mixin.py:150} INFO - [2023-07-31T19:57:15.564+0000] {dag.py:3508} INFO - Setting next_dagrun for example_subdag_operator.section-2 to None, run_after=None
[2023-07-31T19:57:15.582+0000] {processor.py:179} INFO - Processing /home/airflow/.local/lib/python3.7/site-packages/airflow/example_dags/example_subdag_operator.py took 0.143 seconds
[2023-07-31T19:57:45.814+0000] {processor.py:157} INFO - Started process (PID=990) to work on /home/airflow/.local/lib/python3.7/site-packages/airflow/example_dags/example_subdag_operator.py
[2023-07-31T19:57:45.815+0000] {processor.py:826} INFO - Processing file /home/airflow/.local/lib/python3.7/site-packages/airflow/example_dags/example_subdag_operator.py for tasks to queue
[2023-07-31T19:57:45.816+0000] {logging_mixin.py:150} INFO - [2023-07-31T19:57:45.816+0000] {dagbag.py:541} INFO - Filling up the DagBag from /home/airflow/.local/lib/python3.7/site-packages/airflow/example_dags/example_subdag_operator.py
[2023-07-31T19:57:45.846+0000] {processor.py:836} INFO - DAG(s) dict_keys(['example_subdag_operator.section-1', 'example_subdag_operator.section-2', 'example_subdag_operator']) retrieved from /home/airflow/.local/lib/python3.7/site-packages/airflow/example_dags/example_subdag_operator.py
[2023-07-31T19:57:45.869+0000] {logging_mixin.py:150} INFO - [2023-07-31T19:57:45.869+0000] {dag.py:2742} INFO - Sync 3 DAGs
[2023-07-31T19:57:45.901+0000] {logging_mixin.py:150} INFO - [2023-07-31T19:57:45.901+0000] {dag.py:3508} INFO - Setting next_dagrun for example_subdag_operator to 2022-01-01T00:00:00+00:00, run_after=2022-01-01T00:00:00+00:00
[2023-07-31T19:57:45.905+0000] {logging_mixin.py:150} INFO - [2023-07-31T19:57:45.905+0000] {dag.py:3508} INFO - Setting next_dagrun for example_subdag_operator.section-1 to None, run_after=None
[2023-07-31T19:57:45.908+0000] {logging_mixin.py:150} INFO - [2023-07-31T19:57:45.907+0000] {dag.py:3508} INFO - Setting next_dagrun for example_subdag_operator.section-2 to None, run_after=None
[2023-07-31T19:57:45.918+0000] {logging_mixin.py:150} INFO - [2023-07-31T19:57:45.918+0000] {dag.py:2742} INFO - Sync 2 DAGs
[2023-07-31T19:57:45.928+0000] {logging_mixin.py:150} INFO - [2023-07-31T19:57:45.928+0000] {dag.py:3508} INFO - Setting next_dagrun for example_subdag_operator.section-1 to None, run_after=None
[2023-07-31T19:57:45.928+0000] {logging_mixin.py:150} INFO - [2023-07-31T19:57:45.928+0000] {dag.py:3508} INFO - Setting next_dagrun for example_subdag_operator.section-2 to None, run_after=None
[2023-07-31T19:57:45.944+0000] {processor.py:179} INFO - Processing /home/airflow/.local/lib/python3.7/site-packages/airflow/example_dags/example_subdag_operator.py took 0.133 seconds
[2023-07-31T19:58:16.560+0000] {processor.py:157} INFO - Started process (PID=1051) to work on /home/airflow/.local/lib/python3.7/site-packages/airflow/example_dags/example_subdag_operator.py
[2023-07-31T19:58:16.560+0000] {processor.py:826} INFO - Processing file /home/airflow/.local/lib/python3.7/site-packages/airflow/example_dags/example_subdag_operator.py for tasks to queue
[2023-07-31T19:58:16.561+0000] {logging_mixin.py:150} INFO - [2023-07-31T19:58:16.561+0000] {dagbag.py:541} INFO - Filling up the DagBag from /home/airflow/.local/lib/python3.7/site-packages/airflow/example_dags/example_subdag_operator.py
[2023-07-31T19:58:16.590+0000] {processor.py:836} INFO - DAG(s) dict_keys(['example_subdag_operator.section-1', 'example_subdag_operator.section-2', 'example_subdag_operator']) retrieved from /home/airflow/.local/lib/python3.7/site-packages/airflow/example_dags/example_subdag_operator.py
[2023-07-31T19:58:16.609+0000] {logging_mixin.py:150} INFO - [2023-07-31T19:58:16.609+0000] {dag.py:2742} INFO - Sync 3 DAGs
[2023-07-31T19:58:16.637+0000] {logging_mixin.py:150} INFO - [2023-07-31T19:58:16.637+0000] {dag.py:3508} INFO - Setting next_dagrun for example_subdag_operator to 2022-01-01T00:00:00+00:00, run_after=2022-01-01T00:00:00+00:00
[2023-07-31T19:58:16.641+0000] {logging_mixin.py:150} INFO - [2023-07-31T19:58:16.641+0000] {dag.py:3508} INFO - Setting next_dagrun for example_subdag_operator.section-1 to None, run_after=None
[2023-07-31T19:58:16.642+0000] {logging_mixin.py:150} INFO - [2023-07-31T19:58:16.642+0000] {dag.py:3508} INFO - Setting next_dagrun for example_subdag_operator.section-2 to None, run_after=None
[2023-07-31T19:58:16.651+0000] {logging_mixin.py:150} INFO - [2023-07-31T19:58:16.651+0000] {dag.py:2742} INFO - Sync 2 DAGs
[2023-07-31T19:58:16.657+0000] {logging_mixin.py:150} INFO - [2023-07-31T19:58:16.657+0000] {dag.py:3508} INFO - Setting next_dagrun for example_subdag_operator.section-1 to None, run_after=None
[2023-07-31T19:58:16.658+0000] {logging_mixin.py:150} INFO - [2023-07-31T19:58:16.658+0000] {dag.py:3508} INFO - Setting next_dagrun for example_subdag_operator.section-2 to None, run_after=None
[2023-07-31T19:58:16.673+0000] {processor.py:179} INFO - Processing /home/airflow/.local/lib/python3.7/site-packages/airflow/example_dags/example_subdag_operator.py took 0.116 seconds
[2023-07-31T19:58:46.796+0000] {processor.py:157} INFO - Started process (PID=1112) to work on /home/airflow/.local/lib/python3.7/site-packages/airflow/example_dags/example_subdag_operator.py
[2023-07-31T19:58:46.800+0000] {processor.py:826} INFO - Processing file /home/airflow/.local/lib/python3.7/site-packages/airflow/example_dags/example_subdag_operator.py for tasks to queue
[2023-07-31T19:58:46.800+0000] {logging_mixin.py:150} INFO - [2023-07-31T19:58:46.800+0000] {dagbag.py:541} INFO - Filling up the DagBag from /home/airflow/.local/lib/python3.7/site-packages/airflow/example_dags/example_subdag_operator.py
[2023-07-31T19:58:46.828+0000] {processor.py:836} INFO - DAG(s) dict_keys(['example_subdag_operator.section-1', 'example_subdag_operator.section-2', 'example_subdag_operator']) retrieved from /home/airflow/.local/lib/python3.7/site-packages/airflow/example_dags/example_subdag_operator.py
[2023-07-31T19:58:46.851+0000] {logging_mixin.py:150} INFO - [2023-07-31T19:58:46.851+0000] {dag.py:2742} INFO - Sync 3 DAGs
[2023-07-31T19:58:46.879+0000] {logging_mixin.py:150} INFO - [2023-07-31T19:58:46.879+0000] {dag.py:3508} INFO - Setting next_dagrun for example_subdag_operator to 2022-01-01T00:00:00+00:00, run_after=2022-01-01T00:00:00+00:00
[2023-07-31T19:58:46.883+0000] {logging_mixin.py:150} INFO - [2023-07-31T19:58:46.883+0000] {dag.py:3508} INFO - Setting next_dagrun for example_subdag_operator.section-1 to None, run_after=None
[2023-07-31T19:58:46.884+0000] {logging_mixin.py:150} INFO - [2023-07-31T19:58:46.884+0000] {dag.py:3508} INFO - Setting next_dagrun for example_subdag_operator.section-2 to None, run_after=None
[2023-07-31T19:58:46.893+0000] {logging_mixin.py:150} INFO - [2023-07-31T19:58:46.893+0000] {dag.py:2742} INFO - Sync 2 DAGs
[2023-07-31T19:58:46.899+0000] {logging_mixin.py:150} INFO - [2023-07-31T19:58:46.899+0000] {dag.py:3508} INFO - Setting next_dagrun for example_subdag_operator.section-1 to None, run_after=None
[2023-07-31T19:58:46.899+0000] {logging_mixin.py:150} INFO - [2023-07-31T19:58:46.899+0000] {dag.py:3508} INFO - Setting next_dagrun for example_subdag_operator.section-2 to None, run_after=None
[2023-07-31T19:58:46.917+0000] {processor.py:179} INFO - Processing /home/airflow/.local/lib/python3.7/site-packages/airflow/example_dags/example_subdag_operator.py took 0.124 seconds
[2023-07-31T20:01:00.908+0000] {processor.py:157} INFO - Started process (PID=71) to work on /home/airflow/.local/lib/python3.7/site-packages/airflow/example_dags/example_subdag_operator.py
[2023-07-31T20:01:00.910+0000] {processor.py:826} INFO - Processing file /home/airflow/.local/lib/python3.7/site-packages/airflow/example_dags/example_subdag_operator.py for tasks to queue
[2023-07-31T20:01:00.910+0000] {logging_mixin.py:150} INFO - [2023-07-31T20:01:00.910+0000] {dagbag.py:541} INFO - Filling up the DagBag from /home/airflow/.local/lib/python3.7/site-packages/airflow/example_dags/example_subdag_operator.py
[2023-07-31T20:01:01.052+0000] {processor.py:836} INFO - DAG(s) dict_keys(['example_subdag_operator.section-1', 'example_subdag_operator.section-2', 'example_subdag_operator']) retrieved from /home/airflow/.local/lib/python3.7/site-packages/airflow/example_dags/example_subdag_operator.py
[2023-07-31T20:01:01.070+0000] {logging_mixin.py:150} INFO - [2023-07-31T20:01:01.070+0000] {dag.py:2742} INFO - Sync 3 DAGs
[2023-07-31T20:01:01.093+0000] {logging_mixin.py:150} INFO - [2023-07-31T20:01:01.093+0000] {dag.py:3508} INFO - Setting next_dagrun for example_subdag_operator to 2022-01-01T00:00:00+00:00, run_after=2022-01-01T00:00:00+00:00
[2023-07-31T20:01:01.097+0000] {logging_mixin.py:150} INFO - [2023-07-31T20:01:01.097+0000] {dag.py:3508} INFO - Setting next_dagrun for example_subdag_operator.section-1 to None, run_after=None
[2023-07-31T20:01:01.098+0000] {logging_mixin.py:150} INFO - [2023-07-31T20:01:01.098+0000] {dag.py:3508} INFO - Setting next_dagrun for example_subdag_operator.section-2 to None, run_after=None
[2023-07-31T20:01:01.105+0000] {logging_mixin.py:150} INFO - [2023-07-31T20:01:01.105+0000] {dag.py:2742} INFO - Sync 2 DAGs
[2023-07-31T20:01:01.112+0000] {logging_mixin.py:150} INFO - [2023-07-31T20:01:01.111+0000] {dag.py:3508} INFO - Setting next_dagrun for example_subdag_operator.section-1 to None, run_after=None
[2023-07-31T20:01:01.112+0000] {logging_mixin.py:150} INFO - [2023-07-31T20:01:01.112+0000] {dag.py:3508} INFO - Setting next_dagrun for example_subdag_operator.section-2 to None, run_after=None
[2023-07-31T20:01:01.128+0000] {processor.py:179} INFO - Processing /home/airflow/.local/lib/python3.7/site-packages/airflow/example_dags/example_subdag_operator.py took 0.223 seconds
[2023-07-31T20:01:31.442+0000] {processor.py:157} INFO - Started process (PID=133) to work on /home/airflow/.local/lib/python3.7/site-packages/airflow/example_dags/example_subdag_operator.py
[2023-07-31T20:01:31.443+0000] {processor.py:826} INFO - Processing file /home/airflow/.local/lib/python3.7/site-packages/airflow/example_dags/example_subdag_operator.py for tasks to queue
[2023-07-31T20:01:31.443+0000] {logging_mixin.py:150} INFO - [2023-07-31T20:01:31.443+0000] {dagbag.py:541} INFO - Filling up the DagBag from /home/airflow/.local/lib/python3.7/site-packages/airflow/example_dags/example_subdag_operator.py
[2023-07-31T20:01:31.466+0000] {processor.py:836} INFO - DAG(s) dict_keys(['example_subdag_operator.section-1', 'example_subdag_operator.section-2', 'example_subdag_operator']) retrieved from /home/airflow/.local/lib/python3.7/site-packages/airflow/example_dags/example_subdag_operator.py
[2023-07-31T20:01:31.485+0000] {logging_mixin.py:150} INFO - [2023-07-31T20:01:31.485+0000] {dag.py:2742} INFO - Sync 3 DAGs
[2023-07-31T20:01:31.508+0000] {logging_mixin.py:150} INFO - [2023-07-31T20:01:31.508+0000] {dag.py:3508} INFO - Setting next_dagrun for example_subdag_operator to 2022-01-01T00:00:00+00:00, run_after=2022-01-01T00:00:00+00:00
[2023-07-31T20:01:31.512+0000] {logging_mixin.py:150} INFO - [2023-07-31T20:01:31.512+0000] {dag.py:3508} INFO - Setting next_dagrun for example_subdag_operator.section-1 to None, run_after=None
[2023-07-31T20:01:31.513+0000] {logging_mixin.py:150} INFO - [2023-07-31T20:01:31.513+0000] {dag.py:3508} INFO - Setting next_dagrun for example_subdag_operator.section-2 to None, run_after=None
[2023-07-31T20:01:31.521+0000] {logging_mixin.py:150} INFO - [2023-07-31T20:01:31.520+0000] {dag.py:2742} INFO - Sync 2 DAGs
[2023-07-31T20:01:31.527+0000] {logging_mixin.py:150} INFO - [2023-07-31T20:01:31.527+0000] {dag.py:3508} INFO - Setting next_dagrun for example_subdag_operator.section-1 to None, run_after=None
[2023-07-31T20:01:31.527+0000] {logging_mixin.py:150} INFO - [2023-07-31T20:01:31.527+0000] {dag.py:3508} INFO - Setting next_dagrun for example_subdag_operator.section-2 to None, run_after=None
[2023-07-31T20:01:31.543+0000] {processor.py:179} INFO - Processing /home/airflow/.local/lib/python3.7/site-packages/airflow/example_dags/example_subdag_operator.py took 0.104 seconds
[2023-07-31T20:02:01.911+0000] {processor.py:157} INFO - Started process (PID=195) to work on /home/airflow/.local/lib/python3.7/site-packages/airflow/example_dags/example_subdag_operator.py
[2023-07-31T20:02:01.912+0000] {processor.py:826} INFO - Processing file /home/airflow/.local/lib/python3.7/site-packages/airflow/example_dags/example_subdag_operator.py for tasks to queue
[2023-07-31T20:02:01.913+0000] {logging_mixin.py:150} INFO - [2023-07-31T20:02:01.913+0000] {dagbag.py:541} INFO - Filling up the DagBag from /home/airflow/.local/lib/python3.7/site-packages/airflow/example_dags/example_subdag_operator.py
[2023-07-31T20:02:01.937+0000] {processor.py:836} INFO - DAG(s) dict_keys(['example_subdag_operator.section-1', 'example_subdag_operator.section-2', 'example_subdag_operator']) retrieved from /home/airflow/.local/lib/python3.7/site-packages/airflow/example_dags/example_subdag_operator.py
[2023-07-31T20:02:01.956+0000] {logging_mixin.py:150} INFO - [2023-07-31T20:02:01.956+0000] {dag.py:2742} INFO - Sync 3 DAGs
[2023-07-31T20:02:01.981+0000] {logging_mixin.py:150} INFO - [2023-07-31T20:02:01.980+0000] {dag.py:3508} INFO - Setting next_dagrun for example_subdag_operator to 2022-01-01T00:00:00+00:00, run_after=2022-01-01T00:00:00+00:00
[2023-07-31T20:02:01.985+0000] {logging_mixin.py:150} INFO - [2023-07-31T20:02:01.985+0000] {dag.py:3508} INFO - Setting next_dagrun for example_subdag_operator.section-1 to None, run_after=None
[2023-07-31T20:02:01.987+0000] {logging_mixin.py:150} INFO - [2023-07-31T20:02:01.987+0000] {dag.py:3508} INFO - Setting next_dagrun for example_subdag_operator.section-2 to None, run_after=None
[2023-07-31T20:02:01.994+0000] {logging_mixin.py:150} INFO - [2023-07-31T20:02:01.994+0000] {dag.py:2742} INFO - Sync 2 DAGs
[2023-07-31T20:02:02.000+0000] {logging_mixin.py:150} INFO - [2023-07-31T20:02:02.000+0000] {dag.py:3508} INFO - Setting next_dagrun for example_subdag_operator.section-1 to None, run_after=None
[2023-07-31T20:02:02.000+0000] {logging_mixin.py:150} INFO - [2023-07-31T20:02:02.000+0000] {dag.py:3508} INFO - Setting next_dagrun for example_subdag_operator.section-2 to None, run_after=None
[2023-07-31T20:02:02.011+0000] {processor.py:179} INFO - Processing /home/airflow/.local/lib/python3.7/site-packages/airflow/example_dags/example_subdag_operator.py took 0.102 seconds
