[2023-07-31T19:50:00.040+0000] {processor.py:157} INFO - Started process (PID=39) to work on /home/airflow/.local/lib/python3.7/site-packages/airflow/example_dags/example_dynamic_task_mapping_with_no_taskflow_operators.py
[2023-07-31T19:50:00.042+0000] {processor.py:826} INFO - Processing file /home/airflow/.local/lib/python3.7/site-packages/airflow/example_dags/example_dynamic_task_mapping_with_no_taskflow_operators.py for tasks to queue
[2023-07-31T19:50:00.044+0000] {logging_mixin.py:150} INFO - [2023-07-31T19:50:00.043+0000] {dagbag.py:541} INFO - Filling up the DagBag from /home/airflow/.local/lib/python3.7/site-packages/airflow/example_dags/example_dynamic_task_mapping_with_no_taskflow_operators.py
[2023-07-31T19:50:00.092+0000] {processor.py:836} INFO - DAG(s) dict_keys(['example_dynamic_task_mapping_with_no_taskflow_operators']) retrieved from /home/airflow/.local/lib/python3.7/site-packages/airflow/example_dags/example_dynamic_task_mapping_with_no_taskflow_operators.py
[2023-07-31T19:50:00.605+0000] {logging_mixin.py:150} INFO - [2023-07-31T19:50:00.604+0000] {manager.py:504} INFO - Created Permission View: can delete on DAG:example_dynamic_task_mapping_with_no_taskflow_operators
[2023-07-31T19:50:00.631+0000] {logging_mixin.py:150} INFO - [2023-07-31T19:50:00.631+0000] {manager.py:504} INFO - Created Permission View: can edit on DAG:example_dynamic_task_mapping_with_no_taskflow_operators
[2023-07-31T19:50:00.652+0000] {logging_mixin.py:150} INFO - [2023-07-31T19:50:00.652+0000] {manager.py:504} INFO - Created Permission View: can read on DAG:example_dynamic_task_mapping_with_no_taskflow_operators
[2023-07-31T19:50:00.713+0000] {logging_mixin.py:150} INFO - [2023-07-31T19:50:00.713+0000] {dag.py:2742} INFO - Sync 1 DAGs
[2023-07-31T19:50:00.755+0000] {logging_mixin.py:150} INFO - [2023-07-31T19:50:00.754+0000] {dag.py:2763} INFO - Creating ORM DAG for example_dynamic_task_mapping_with_no_taskflow_operators
[2023-07-31T19:50:00.793+0000] {logging_mixin.py:150} INFO - [2023-07-31T19:50:00.793+0000] {dag.py:3508} INFO - Setting next_dagrun for example_dynamic_task_mapping_with_no_taskflow_operators to 2023-07-30T19:50:00.792430+00:00, run_after=2023-07-31T19:50:00.792430+00:00
[2023-07-31T19:50:00.829+0000] {processor.py:179} INFO - Processing /home/airflow/.local/lib/python3.7/site-packages/airflow/example_dags/example_dynamic_task_mapping_with_no_taskflow_operators.py took 0.805 seconds
[2023-07-31T19:50:31.232+0000] {processor.py:157} INFO - Started process (PID=100) to work on /home/airflow/.local/lib/python3.7/site-packages/airflow/example_dags/example_dynamic_task_mapping_with_no_taskflow_operators.py
[2023-07-31T19:50:31.243+0000] {processor.py:826} INFO - Processing file /home/airflow/.local/lib/python3.7/site-packages/airflow/example_dags/example_dynamic_task_mapping_with_no_taskflow_operators.py for tasks to queue
[2023-07-31T19:50:31.244+0000] {logging_mixin.py:150} INFO - [2023-07-31T19:50:31.244+0000] {dagbag.py:541} INFO - Filling up the DagBag from /home/airflow/.local/lib/python3.7/site-packages/airflow/example_dags/example_dynamic_task_mapping_with_no_taskflow_operators.py
[2023-07-31T19:50:31.263+0000] {processor.py:836} INFO - DAG(s) dict_keys(['example_dynamic_task_mapping_with_no_taskflow_operators']) retrieved from /home/airflow/.local/lib/python3.7/site-packages/airflow/example_dags/example_dynamic_task_mapping_with_no_taskflow_operators.py
[2023-07-31T19:50:31.307+0000] {logging_mixin.py:150} INFO - [2023-07-31T19:50:31.307+0000] {dag.py:2742} INFO - Sync 1 DAGs
[2023-07-31T19:50:31.359+0000] {logging_mixin.py:150} INFO - [2023-07-31T19:50:31.359+0000] {dag.py:3508} INFO - Setting next_dagrun for example_dynamic_task_mapping_with_no_taskflow_operators to 2023-07-30T19:50:31.358684+00:00, run_after=2023-07-31T19:50:31.358684+00:00
[2023-07-31T19:50:31.396+0000] {processor.py:179} INFO - Processing /home/airflow/.local/lib/python3.7/site-packages/airflow/example_dags/example_dynamic_task_mapping_with_no_taskflow_operators.py took 0.169 seconds
[2023-07-31T19:51:01.897+0000] {processor.py:157} INFO - Started process (PID=161) to work on /home/airflow/.local/lib/python3.7/site-packages/airflow/example_dags/example_dynamic_task_mapping_with_no_taskflow_operators.py
[2023-07-31T19:51:01.898+0000] {processor.py:826} INFO - Processing file /home/airflow/.local/lib/python3.7/site-packages/airflow/example_dags/example_dynamic_task_mapping_with_no_taskflow_operators.py for tasks to queue
[2023-07-31T19:51:01.899+0000] {logging_mixin.py:150} INFO - [2023-07-31T19:51:01.899+0000] {dagbag.py:541} INFO - Filling up the DagBag from /home/airflow/.local/lib/python3.7/site-packages/airflow/example_dags/example_dynamic_task_mapping_with_no_taskflow_operators.py
[2023-07-31T19:51:01.905+0000] {processor.py:836} INFO - DAG(s) dict_keys(['example_dynamic_task_mapping_with_no_taskflow_operators']) retrieved from /home/airflow/.local/lib/python3.7/site-packages/airflow/example_dags/example_dynamic_task_mapping_with_no_taskflow_operators.py
[2023-07-31T19:51:01.939+0000] {logging_mixin.py:150} INFO - [2023-07-31T19:51:01.938+0000] {dag.py:2742} INFO - Sync 1 DAGs
[2023-07-31T19:51:01.966+0000] {logging_mixin.py:150} INFO - [2023-07-31T19:51:01.966+0000] {dag.py:3508} INFO - Setting next_dagrun for example_dynamic_task_mapping_with_no_taskflow_operators to 2023-07-30T19:51:01.966138+00:00, run_after=2023-07-31T19:51:01.966138+00:00
[2023-07-31T19:51:01.991+0000] {processor.py:179} INFO - Processing /home/airflow/.local/lib/python3.7/site-packages/airflow/example_dags/example_dynamic_task_mapping_with_no_taskflow_operators.py took 0.097 seconds
[2023-07-31T19:51:32.450+0000] {processor.py:157} INFO - Started process (PID=220) to work on /home/airflow/.local/lib/python3.7/site-packages/airflow/example_dags/example_dynamic_task_mapping_with_no_taskflow_operators.py
[2023-07-31T19:51:32.451+0000] {processor.py:826} INFO - Processing file /home/airflow/.local/lib/python3.7/site-packages/airflow/example_dags/example_dynamic_task_mapping_with_no_taskflow_operators.py for tasks to queue
[2023-07-31T19:51:32.452+0000] {logging_mixin.py:150} INFO - [2023-07-31T19:51:32.451+0000] {dagbag.py:541} INFO - Filling up the DagBag from /home/airflow/.local/lib/python3.7/site-packages/airflow/example_dags/example_dynamic_task_mapping_with_no_taskflow_operators.py
[2023-07-31T19:51:32.459+0000] {processor.py:836} INFO - DAG(s) dict_keys(['example_dynamic_task_mapping_with_no_taskflow_operators']) retrieved from /home/airflow/.local/lib/python3.7/site-packages/airflow/example_dags/example_dynamic_task_mapping_with_no_taskflow_operators.py
[2023-07-31T19:51:32.485+0000] {logging_mixin.py:150} INFO - [2023-07-31T19:51:32.484+0000] {dag.py:2742} INFO - Sync 1 DAGs
[2023-07-31T19:51:32.515+0000] {logging_mixin.py:150} INFO - [2023-07-31T19:51:32.515+0000] {dag.py:3508} INFO - Setting next_dagrun for example_dynamic_task_mapping_with_no_taskflow_operators to 2023-07-30T19:51:32.514320+00:00, run_after=2023-07-31T19:51:32.514320+00:00
[2023-07-31T19:51:32.544+0000] {processor.py:179} INFO - Processing /home/airflow/.local/lib/python3.7/site-packages/airflow/example_dags/example_dynamic_task_mapping_with_no_taskflow_operators.py took 0.098 seconds
[2023-07-31T19:52:02.691+0000] {processor.py:157} INFO - Started process (PID=281) to work on /home/airflow/.local/lib/python3.7/site-packages/airflow/example_dags/example_dynamic_task_mapping_with_no_taskflow_operators.py
[2023-07-31T19:52:02.692+0000] {processor.py:826} INFO - Processing file /home/airflow/.local/lib/python3.7/site-packages/airflow/example_dags/example_dynamic_task_mapping_with_no_taskflow_operators.py for tasks to queue
[2023-07-31T19:52:02.693+0000] {logging_mixin.py:150} INFO - [2023-07-31T19:52:02.693+0000] {dagbag.py:541} INFO - Filling up the DagBag from /home/airflow/.local/lib/python3.7/site-packages/airflow/example_dags/example_dynamic_task_mapping_with_no_taskflow_operators.py
[2023-07-31T19:52:02.699+0000] {processor.py:836} INFO - DAG(s) dict_keys(['example_dynamic_task_mapping_with_no_taskflow_operators']) retrieved from /home/airflow/.local/lib/python3.7/site-packages/airflow/example_dags/example_dynamic_task_mapping_with_no_taskflow_operators.py
[2023-07-31T19:52:02.726+0000] {logging_mixin.py:150} INFO - [2023-07-31T19:52:02.726+0000] {dag.py:2742} INFO - Sync 1 DAGs
[2023-07-31T19:52:02.754+0000] {logging_mixin.py:150} INFO - [2023-07-31T19:52:02.753+0000] {dag.py:3508} INFO - Setting next_dagrun for example_dynamic_task_mapping_with_no_taskflow_operators to 2023-07-30T19:52:02.753692+00:00, run_after=2023-07-31T19:52:02.753692+00:00
[2023-07-31T19:52:02.781+0000] {processor.py:179} INFO - Processing /home/airflow/.local/lib/python3.7/site-packages/airflow/example_dags/example_dynamic_task_mapping_with_no_taskflow_operators.py took 0.094 seconds
[2023-07-31T19:52:32.909+0000] {processor.py:157} INFO - Started process (PID=342) to work on /home/airflow/.local/lib/python3.7/site-packages/airflow/example_dags/example_dynamic_task_mapping_with_no_taskflow_operators.py
[2023-07-31T19:52:32.910+0000] {processor.py:826} INFO - Processing file /home/airflow/.local/lib/python3.7/site-packages/airflow/example_dags/example_dynamic_task_mapping_with_no_taskflow_operators.py for tasks to queue
[2023-07-31T19:52:32.911+0000] {logging_mixin.py:150} INFO - [2023-07-31T19:52:32.911+0000] {dagbag.py:541} INFO - Filling up the DagBag from /home/airflow/.local/lib/python3.7/site-packages/airflow/example_dags/example_dynamic_task_mapping_with_no_taskflow_operators.py
[2023-07-31T19:52:32.921+0000] {processor.py:836} INFO - DAG(s) dict_keys(['example_dynamic_task_mapping_with_no_taskflow_operators']) retrieved from /home/airflow/.local/lib/python3.7/site-packages/airflow/example_dags/example_dynamic_task_mapping_with_no_taskflow_operators.py
[2023-07-31T19:52:32.944+0000] {logging_mixin.py:150} INFO - [2023-07-31T19:52:32.944+0000] {dag.py:2742} INFO - Sync 1 DAGs
[2023-07-31T19:52:32.973+0000] {logging_mixin.py:150} INFO - [2023-07-31T19:52:32.973+0000] {dag.py:3508} INFO - Setting next_dagrun for example_dynamic_task_mapping_with_no_taskflow_operators to 2023-07-30T19:52:32.973225+00:00, run_after=2023-07-31T19:52:32.973225+00:00
[2023-07-31T19:52:32.999+0000] {processor.py:179} INFO - Processing /home/airflow/.local/lib/python3.7/site-packages/airflow/example_dags/example_dynamic_task_mapping_with_no_taskflow_operators.py took 0.093 seconds
[2023-07-31T19:53:03.571+0000] {processor.py:157} INFO - Started process (PID=403) to work on /home/airflow/.local/lib/python3.7/site-packages/airflow/example_dags/example_dynamic_task_mapping_with_no_taskflow_operators.py
[2023-07-31T19:53:03.575+0000] {processor.py:826} INFO - Processing file /home/airflow/.local/lib/python3.7/site-packages/airflow/example_dags/example_dynamic_task_mapping_with_no_taskflow_operators.py for tasks to queue
[2023-07-31T19:53:03.579+0000] {logging_mixin.py:150} INFO - [2023-07-31T19:53:03.578+0000] {dagbag.py:541} INFO - Filling up the DagBag from /home/airflow/.local/lib/python3.7/site-packages/airflow/example_dags/example_dynamic_task_mapping_with_no_taskflow_operators.py
[2023-07-31T19:53:03.597+0000] {processor.py:836} INFO - DAG(s) dict_keys(['example_dynamic_task_mapping_with_no_taskflow_operators']) retrieved from /home/airflow/.local/lib/python3.7/site-packages/airflow/example_dags/example_dynamic_task_mapping_with_no_taskflow_operators.py
[2023-07-31T19:53:03.647+0000] {logging_mixin.py:150} INFO - [2023-07-31T19:53:03.646+0000] {dag.py:2742} INFO - Sync 1 DAGs
[2023-07-31T19:53:03.732+0000] {logging_mixin.py:150} INFO - [2023-07-31T19:53:03.731+0000] {dag.py:3508} INFO - Setting next_dagrun for example_dynamic_task_mapping_with_no_taskflow_operators to 2023-07-30T19:53:03.731085+00:00, run_after=2023-07-31T19:53:03.731085+00:00
[2023-07-31T19:53:03.779+0000] {processor.py:179} INFO - Processing /home/airflow/.local/lib/python3.7/site-packages/airflow/example_dags/example_dynamic_task_mapping_with_no_taskflow_operators.py took 0.213 seconds
[2023-07-31T19:53:34.589+0000] {processor.py:157} INFO - Started process (PID=464) to work on /home/airflow/.local/lib/python3.7/site-packages/airflow/example_dags/example_dynamic_task_mapping_with_no_taskflow_operators.py
[2023-07-31T19:53:34.589+0000] {processor.py:826} INFO - Processing file /home/airflow/.local/lib/python3.7/site-packages/airflow/example_dags/example_dynamic_task_mapping_with_no_taskflow_operators.py for tasks to queue
[2023-07-31T19:53:34.590+0000] {logging_mixin.py:150} INFO - [2023-07-31T19:53:34.590+0000] {dagbag.py:541} INFO - Filling up the DagBag from /home/airflow/.local/lib/python3.7/site-packages/airflow/example_dags/example_dynamic_task_mapping_with_no_taskflow_operators.py
[2023-07-31T19:53:34.599+0000] {processor.py:836} INFO - DAG(s) dict_keys(['example_dynamic_task_mapping_with_no_taskflow_operators']) retrieved from /home/airflow/.local/lib/python3.7/site-packages/airflow/example_dags/example_dynamic_task_mapping_with_no_taskflow_operators.py
[2023-07-31T19:53:34.629+0000] {logging_mixin.py:150} INFO - [2023-07-31T19:53:34.629+0000] {dag.py:2742} INFO - Sync 1 DAGs
[2023-07-31T19:53:34.663+0000] {logging_mixin.py:150} INFO - [2023-07-31T19:53:34.663+0000] {dag.py:3508} INFO - Setting next_dagrun for example_dynamic_task_mapping_with_no_taskflow_operators to 2023-07-30T19:53:34.662714+00:00, run_after=2023-07-31T19:53:34.662714+00:00
[2023-07-31T19:53:34.695+0000] {processor.py:179} INFO - Processing /home/airflow/.local/lib/python3.7/site-packages/airflow/example_dags/example_dynamic_task_mapping_with_no_taskflow_operators.py took 0.109 seconds
[2023-07-31T19:54:05.173+0000] {processor.py:157} INFO - Started process (PID=525) to work on /home/airflow/.local/lib/python3.7/site-packages/airflow/example_dags/example_dynamic_task_mapping_with_no_taskflow_operators.py
[2023-07-31T19:54:05.177+0000] {processor.py:826} INFO - Processing file /home/airflow/.local/lib/python3.7/site-packages/airflow/example_dags/example_dynamic_task_mapping_with_no_taskflow_operators.py for tasks to queue
[2023-07-31T19:54:05.177+0000] {logging_mixin.py:150} INFO - [2023-07-31T19:54:05.177+0000] {dagbag.py:541} INFO - Filling up the DagBag from /home/airflow/.local/lib/python3.7/site-packages/airflow/example_dags/example_dynamic_task_mapping_with_no_taskflow_operators.py
[2023-07-31T19:54:05.184+0000] {processor.py:836} INFO - DAG(s) dict_keys(['example_dynamic_task_mapping_with_no_taskflow_operators']) retrieved from /home/airflow/.local/lib/python3.7/site-packages/airflow/example_dags/example_dynamic_task_mapping_with_no_taskflow_operators.py
[2023-07-31T19:54:05.209+0000] {logging_mixin.py:150} INFO - [2023-07-31T19:54:05.209+0000] {dag.py:2742} INFO - Sync 1 DAGs
[2023-07-31T19:54:05.237+0000] {logging_mixin.py:150} INFO - [2023-07-31T19:54:05.237+0000] {dag.py:3508} INFO - Setting next_dagrun for example_dynamic_task_mapping_with_no_taskflow_operators to 2023-07-30T19:54:05.236938+00:00, run_after=2023-07-31T19:54:05.236938+00:00
[2023-07-31T19:54:05.265+0000] {processor.py:179} INFO - Processing /home/airflow/.local/lib/python3.7/site-packages/airflow/example_dags/example_dynamic_task_mapping_with_no_taskflow_operators.py took 0.095 seconds
[2023-07-31T19:54:35.456+0000] {processor.py:157} INFO - Started process (PID=586) to work on /home/airflow/.local/lib/python3.7/site-packages/airflow/example_dags/example_dynamic_task_mapping_with_no_taskflow_operators.py
[2023-07-31T19:54:35.457+0000] {processor.py:826} INFO - Processing file /home/airflow/.local/lib/python3.7/site-packages/airflow/example_dags/example_dynamic_task_mapping_with_no_taskflow_operators.py for tasks to queue
[2023-07-31T19:54:35.458+0000] {logging_mixin.py:150} INFO - [2023-07-31T19:54:35.457+0000] {dagbag.py:541} INFO - Filling up the DagBag from /home/airflow/.local/lib/python3.7/site-packages/airflow/example_dags/example_dynamic_task_mapping_with_no_taskflow_operators.py
[2023-07-31T19:54:35.467+0000] {processor.py:836} INFO - DAG(s) dict_keys(['example_dynamic_task_mapping_with_no_taskflow_operators']) retrieved from /home/airflow/.local/lib/python3.7/site-packages/airflow/example_dags/example_dynamic_task_mapping_with_no_taskflow_operators.py
[2023-07-31T19:54:35.492+0000] {logging_mixin.py:150} INFO - [2023-07-31T19:54:35.491+0000] {dag.py:2742} INFO - Sync 1 DAGs
[2023-07-31T19:54:35.522+0000] {logging_mixin.py:150} INFO - [2023-07-31T19:54:35.522+0000] {dag.py:3508} INFO - Setting next_dagrun for example_dynamic_task_mapping_with_no_taskflow_operators to 2023-07-30T19:54:35.521888+00:00, run_after=2023-07-31T19:54:35.521888+00:00
[2023-07-31T19:54:35.543+0000] {processor.py:179} INFO - Processing /home/airflow/.local/lib/python3.7/site-packages/airflow/example_dags/example_dynamic_task_mapping_with_no_taskflow_operators.py took 0.090 seconds
[2023-07-31T19:55:05.693+0000] {processor.py:157} INFO - Started process (PID=647) to work on /home/airflow/.local/lib/python3.7/site-packages/airflow/example_dags/example_dynamic_task_mapping_with_no_taskflow_operators.py
[2023-07-31T19:55:05.694+0000] {processor.py:826} INFO - Processing file /home/airflow/.local/lib/python3.7/site-packages/airflow/example_dags/example_dynamic_task_mapping_with_no_taskflow_operators.py for tasks to queue
[2023-07-31T19:55:05.695+0000] {logging_mixin.py:150} INFO - [2023-07-31T19:55:05.695+0000] {dagbag.py:541} INFO - Filling up the DagBag from /home/airflow/.local/lib/python3.7/site-packages/airflow/example_dags/example_dynamic_task_mapping_with_no_taskflow_operators.py
[2023-07-31T19:55:05.701+0000] {processor.py:836} INFO - DAG(s) dict_keys(['example_dynamic_task_mapping_with_no_taskflow_operators']) retrieved from /home/airflow/.local/lib/python3.7/site-packages/airflow/example_dags/example_dynamic_task_mapping_with_no_taskflow_operators.py
[2023-07-31T19:55:05.729+0000] {logging_mixin.py:150} INFO - [2023-07-31T19:55:05.729+0000] {dag.py:2742} INFO - Sync 1 DAGs
[2023-07-31T19:55:05.762+0000] {logging_mixin.py:150} INFO - [2023-07-31T19:55:05.762+0000] {dag.py:3508} INFO - Setting next_dagrun for example_dynamic_task_mapping_with_no_taskflow_operators to 2023-07-30T19:55:05.761965+00:00, run_after=2023-07-31T19:55:05.761965+00:00
[2023-07-31T19:55:05.785+0000] {processor.py:179} INFO - Processing /home/airflow/.local/lib/python3.7/site-packages/airflow/example_dags/example_dynamic_task_mapping_with_no_taskflow_operators.py took 0.096 seconds
[2023-07-31T19:55:36.140+0000] {processor.py:157} INFO - Started process (PID=708) to work on /home/airflow/.local/lib/python3.7/site-packages/airflow/example_dags/example_dynamic_task_mapping_with_no_taskflow_operators.py
[2023-07-31T19:55:36.141+0000] {processor.py:826} INFO - Processing file /home/airflow/.local/lib/python3.7/site-packages/airflow/example_dags/example_dynamic_task_mapping_with_no_taskflow_operators.py for tasks to queue
[2023-07-31T19:55:36.142+0000] {logging_mixin.py:150} INFO - [2023-07-31T19:55:36.142+0000] {dagbag.py:541} INFO - Filling up the DagBag from /home/airflow/.local/lib/python3.7/site-packages/airflow/example_dags/example_dynamic_task_mapping_with_no_taskflow_operators.py
[2023-07-31T19:55:36.152+0000] {processor.py:836} INFO - DAG(s) dict_keys(['example_dynamic_task_mapping_with_no_taskflow_operators']) retrieved from /home/airflow/.local/lib/python3.7/site-packages/airflow/example_dags/example_dynamic_task_mapping_with_no_taskflow_operators.py
[2023-07-31T19:55:36.177+0000] {logging_mixin.py:150} INFO - [2023-07-31T19:55:36.177+0000] {dag.py:2742} INFO - Sync 1 DAGs
[2023-07-31T19:55:36.207+0000] {logging_mixin.py:150} INFO - [2023-07-31T19:55:36.207+0000] {dag.py:3508} INFO - Setting next_dagrun for example_dynamic_task_mapping_with_no_taskflow_operators to 2023-07-30T19:55:36.207487+00:00, run_after=2023-07-31T19:55:36.207487+00:00
[2023-07-31T19:55:36.235+0000] {processor.py:179} INFO - Processing /home/airflow/.local/lib/python3.7/site-packages/airflow/example_dags/example_dynamic_task_mapping_with_no_taskflow_operators.py took 0.097 seconds
[2023-07-31T19:56:06.575+0000] {processor.py:157} INFO - Started process (PID=769) to work on /home/airflow/.local/lib/python3.7/site-packages/airflow/example_dags/example_dynamic_task_mapping_with_no_taskflow_operators.py
[2023-07-31T19:56:06.579+0000] {processor.py:826} INFO - Processing file /home/airflow/.local/lib/python3.7/site-packages/airflow/example_dags/example_dynamic_task_mapping_with_no_taskflow_operators.py for tasks to queue
[2023-07-31T19:56:06.580+0000] {logging_mixin.py:150} INFO - [2023-07-31T19:56:06.579+0000] {dagbag.py:541} INFO - Filling up the DagBag from /home/airflow/.local/lib/python3.7/site-packages/airflow/example_dags/example_dynamic_task_mapping_with_no_taskflow_operators.py
[2023-07-31T19:56:06.587+0000] {processor.py:836} INFO - DAG(s) dict_keys(['example_dynamic_task_mapping_with_no_taskflow_operators']) retrieved from /home/airflow/.local/lib/python3.7/site-packages/airflow/example_dags/example_dynamic_task_mapping_with_no_taskflow_operators.py
[2023-07-31T19:56:06.614+0000] {logging_mixin.py:150} INFO - [2023-07-31T19:56:06.613+0000] {dag.py:2742} INFO - Sync 1 DAGs
[2023-07-31T19:56:06.642+0000] {logging_mixin.py:150} INFO - [2023-07-31T19:56:06.641+0000] {dag.py:3508} INFO - Setting next_dagrun for example_dynamic_task_mapping_with_no_taskflow_operators to 2023-07-30T19:56:06.641744+00:00, run_after=2023-07-31T19:56:06.641744+00:00
[2023-07-31T19:56:06.666+0000] {processor.py:179} INFO - Processing /home/airflow/.local/lib/python3.7/site-packages/airflow/example_dags/example_dynamic_task_mapping_with_no_taskflow_operators.py took 0.093 seconds
[2023-07-31T19:56:36.969+0000] {processor.py:157} INFO - Started process (PID=830) to work on /home/airflow/.local/lib/python3.7/site-packages/airflow/example_dags/example_dynamic_task_mapping_with_no_taskflow_operators.py
[2023-07-31T19:56:36.970+0000] {processor.py:826} INFO - Processing file /home/airflow/.local/lib/python3.7/site-packages/airflow/example_dags/example_dynamic_task_mapping_with_no_taskflow_operators.py for tasks to queue
[2023-07-31T19:56:36.971+0000] {logging_mixin.py:150} INFO - [2023-07-31T19:56:36.970+0000] {dagbag.py:541} INFO - Filling up the DagBag from /home/airflow/.local/lib/python3.7/site-packages/airflow/example_dags/example_dynamic_task_mapping_with_no_taskflow_operators.py
[2023-07-31T19:56:36.977+0000] {processor.py:836} INFO - DAG(s) dict_keys(['example_dynamic_task_mapping_with_no_taskflow_operators']) retrieved from /home/airflow/.local/lib/python3.7/site-packages/airflow/example_dags/example_dynamic_task_mapping_with_no_taskflow_operators.py
[2023-07-31T19:56:37.003+0000] {logging_mixin.py:150} INFO - [2023-07-31T19:56:37.003+0000] {dag.py:2742} INFO - Sync 1 DAGs
[2023-07-31T19:56:37.035+0000] {logging_mixin.py:150} INFO - [2023-07-31T19:56:37.035+0000] {dag.py:3508} INFO - Setting next_dagrun for example_dynamic_task_mapping_with_no_taskflow_operators to 2023-07-30T19:56:37.035151+00:00, run_after=2023-07-31T19:56:37.035151+00:00
[2023-07-31T19:56:37.058+0000] {processor.py:179} INFO - Processing /home/airflow/.local/lib/python3.7/site-packages/airflow/example_dags/example_dynamic_task_mapping_with_no_taskflow_operators.py took 0.092 seconds
[2023-07-31T19:57:07.396+0000] {processor.py:157} INFO - Started process (PID=891) to work on /home/airflow/.local/lib/python3.7/site-packages/airflow/example_dags/example_dynamic_task_mapping_with_no_taskflow_operators.py
[2023-07-31T19:57:07.399+0000] {processor.py:826} INFO - Processing file /home/airflow/.local/lib/python3.7/site-packages/airflow/example_dags/example_dynamic_task_mapping_with_no_taskflow_operators.py for tasks to queue
[2023-07-31T19:57:07.400+0000] {logging_mixin.py:150} INFO - [2023-07-31T19:57:07.400+0000] {dagbag.py:541} INFO - Filling up the DagBag from /home/airflow/.local/lib/python3.7/site-packages/airflow/example_dags/example_dynamic_task_mapping_with_no_taskflow_operators.py
[2023-07-31T19:57:07.409+0000] {processor.py:836} INFO - DAG(s) dict_keys(['example_dynamic_task_mapping_with_no_taskflow_operators']) retrieved from /home/airflow/.local/lib/python3.7/site-packages/airflow/example_dags/example_dynamic_task_mapping_with_no_taskflow_operators.py
[2023-07-31T19:57:07.434+0000] {logging_mixin.py:150} INFO - [2023-07-31T19:57:07.434+0000] {dag.py:2742} INFO - Sync 1 DAGs
[2023-07-31T19:57:07.462+0000] {logging_mixin.py:150} INFO - [2023-07-31T19:57:07.462+0000] {dag.py:3508} INFO - Setting next_dagrun for example_dynamic_task_mapping_with_no_taskflow_operators to 2023-07-30T19:57:07.462318+00:00, run_after=2023-07-31T19:57:07.462318+00:00
[2023-07-31T19:57:07.485+0000] {processor.py:179} INFO - Processing /home/airflow/.local/lib/python3.7/site-packages/airflow/example_dags/example_dynamic_task_mapping_with_no_taskflow_operators.py took 0.092 seconds
[2023-07-31T19:57:37.688+0000] {processor.py:157} INFO - Started process (PID=952) to work on /home/airflow/.local/lib/python3.7/site-packages/airflow/example_dags/example_dynamic_task_mapping_with_no_taskflow_operators.py
[2023-07-31T19:57:37.691+0000] {processor.py:826} INFO - Processing file /home/airflow/.local/lib/python3.7/site-packages/airflow/example_dags/example_dynamic_task_mapping_with_no_taskflow_operators.py for tasks to queue
[2023-07-31T19:57:37.692+0000] {logging_mixin.py:150} INFO - [2023-07-31T19:57:37.692+0000] {dagbag.py:541} INFO - Filling up the DagBag from /home/airflow/.local/lib/python3.7/site-packages/airflow/example_dags/example_dynamic_task_mapping_with_no_taskflow_operators.py
[2023-07-31T19:57:37.708+0000] {processor.py:836} INFO - DAG(s) dict_keys(['example_dynamic_task_mapping_with_no_taskflow_operators']) retrieved from /home/airflow/.local/lib/python3.7/site-packages/airflow/example_dags/example_dynamic_task_mapping_with_no_taskflow_operators.py
[2023-07-31T19:57:37.755+0000] {logging_mixin.py:150} INFO - [2023-07-31T19:57:37.755+0000] {dag.py:2742} INFO - Sync 1 DAGs
[2023-07-31T19:57:37.827+0000] {logging_mixin.py:150} INFO - [2023-07-31T19:57:37.826+0000] {dag.py:3508} INFO - Setting next_dagrun for example_dynamic_task_mapping_with_no_taskflow_operators to 2023-07-30T19:57:37.826383+00:00, run_after=2023-07-31T19:57:37.826383+00:00
[2023-07-31T19:57:37.863+0000] {processor.py:179} INFO - Processing /home/airflow/.local/lib/python3.7/site-packages/airflow/example_dags/example_dynamic_task_mapping_with_no_taskflow_operators.py took 0.186 seconds
[2023-07-31T19:58:08.312+0000] {processor.py:157} INFO - Started process (PID=1013) to work on /home/airflow/.local/lib/python3.7/site-packages/airflow/example_dags/example_dynamic_task_mapping_with_no_taskflow_operators.py
[2023-07-31T19:58:08.315+0000] {processor.py:826} INFO - Processing file /home/airflow/.local/lib/python3.7/site-packages/airflow/example_dags/example_dynamic_task_mapping_with_no_taskflow_operators.py for tasks to queue
[2023-07-31T19:58:08.316+0000] {logging_mixin.py:150} INFO - [2023-07-31T19:58:08.316+0000] {dagbag.py:541} INFO - Filling up the DagBag from /home/airflow/.local/lib/python3.7/site-packages/airflow/example_dags/example_dynamic_task_mapping_with_no_taskflow_operators.py
[2023-07-31T19:58:08.327+0000] {processor.py:836} INFO - DAG(s) dict_keys(['example_dynamic_task_mapping_with_no_taskflow_operators']) retrieved from /home/airflow/.local/lib/python3.7/site-packages/airflow/example_dags/example_dynamic_task_mapping_with_no_taskflow_operators.py
[2023-07-31T19:58:08.356+0000] {logging_mixin.py:150} INFO - [2023-07-31T19:58:08.356+0000] {dag.py:2742} INFO - Sync 1 DAGs
[2023-07-31T19:58:08.384+0000] {logging_mixin.py:150} INFO - [2023-07-31T19:58:08.383+0000] {dag.py:3508} INFO - Setting next_dagrun for example_dynamic_task_mapping_with_no_taskflow_operators to 2023-07-30T19:58:08.383644+00:00, run_after=2023-07-31T19:58:08.383644+00:00
[2023-07-31T19:58:08.413+0000] {processor.py:179} INFO - Processing /home/airflow/.local/lib/python3.7/site-packages/airflow/example_dags/example_dynamic_task_mapping_with_no_taskflow_operators.py took 0.105 seconds
[2023-07-31T19:58:38.760+0000] {processor.py:157} INFO - Started process (PID=1074) to work on /home/airflow/.local/lib/python3.7/site-packages/airflow/example_dags/example_dynamic_task_mapping_with_no_taskflow_operators.py
[2023-07-31T19:58:38.761+0000] {processor.py:826} INFO - Processing file /home/airflow/.local/lib/python3.7/site-packages/airflow/example_dags/example_dynamic_task_mapping_with_no_taskflow_operators.py for tasks to queue
[2023-07-31T19:58:38.767+0000] {logging_mixin.py:150} INFO - [2023-07-31T19:58:38.766+0000] {dagbag.py:541} INFO - Filling up the DagBag from /home/airflow/.local/lib/python3.7/site-packages/airflow/example_dags/example_dynamic_task_mapping_with_no_taskflow_operators.py
[2023-07-31T19:58:38.775+0000] {processor.py:836} INFO - DAG(s) dict_keys(['example_dynamic_task_mapping_with_no_taskflow_operators']) retrieved from /home/airflow/.local/lib/python3.7/site-packages/airflow/example_dags/example_dynamic_task_mapping_with_no_taskflow_operators.py
[2023-07-31T19:58:38.807+0000] {logging_mixin.py:150} INFO - [2023-07-31T19:58:38.806+0000] {dag.py:2742} INFO - Sync 1 DAGs
[2023-07-31T19:58:38.841+0000] {logging_mixin.py:150} INFO - [2023-07-31T19:58:38.840+0000] {dag.py:3508} INFO - Setting next_dagrun for example_dynamic_task_mapping_with_no_taskflow_operators to 2023-07-30T19:58:38.840497+00:00, run_after=2023-07-31T19:58:38.840497+00:00
[2023-07-31T19:58:38.870+0000] {processor.py:179} INFO - Processing /home/airflow/.local/lib/python3.7/site-packages/airflow/example_dags/example_dynamic_task_mapping_with_no_taskflow_operators.py took 0.114 seconds
[2023-07-31T20:00:56.272+0000] {processor.py:157} INFO - Started process (PID=40) to work on /home/airflow/.local/lib/python3.7/site-packages/airflow/example_dags/example_dynamic_task_mapping_with_no_taskflow_operators.py
[2023-07-31T20:00:56.273+0000] {processor.py:826} INFO - Processing file /home/airflow/.local/lib/python3.7/site-packages/airflow/example_dags/example_dynamic_task_mapping_with_no_taskflow_operators.py for tasks to queue
[2023-07-31T20:00:56.274+0000] {logging_mixin.py:150} INFO - [2023-07-31T20:00:56.274+0000] {dagbag.py:541} INFO - Filling up the DagBag from /home/airflow/.local/lib/python3.7/site-packages/airflow/example_dags/example_dynamic_task_mapping_with_no_taskflow_operators.py
[2023-07-31T20:00:56.284+0000] {processor.py:836} INFO - DAG(s) dict_keys(['example_dynamic_task_mapping_with_no_taskflow_operators']) retrieved from /home/airflow/.local/lib/python3.7/site-packages/airflow/example_dags/example_dynamic_task_mapping_with_no_taskflow_operators.py
[2023-07-31T20:00:56.375+0000] {logging_mixin.py:150} INFO - [2023-07-31T20:00:56.374+0000] {dag.py:2742} INFO - Sync 1 DAGs
[2023-07-31T20:00:56.608+0000] {logging_mixin.py:150} INFO - [2023-07-31T20:00:56.607+0000] {dag.py:3508} INFO - Setting next_dagrun for example_dynamic_task_mapping_with_no_taskflow_operators to 2023-07-30T20:00:56.606598+00:00, run_after=2023-07-31T20:00:56.606598+00:00
[2023-07-31T20:00:56.629+0000] {processor.py:179} INFO - Processing /home/airflow/.local/lib/python3.7/site-packages/airflow/example_dags/example_dynamic_task_mapping_with_no_taskflow_operators.py took 0.361 seconds
[2023-07-31T20:01:27.153+0000] {processor.py:157} INFO - Started process (PID=102) to work on /home/airflow/.local/lib/python3.7/site-packages/airflow/example_dags/example_dynamic_task_mapping_with_no_taskflow_operators.py
[2023-07-31T20:01:27.155+0000] {processor.py:826} INFO - Processing file /home/airflow/.local/lib/python3.7/site-packages/airflow/example_dags/example_dynamic_task_mapping_with_no_taskflow_operators.py for tasks to queue
[2023-07-31T20:01:27.157+0000] {logging_mixin.py:150} INFO - [2023-07-31T20:01:27.156+0000] {dagbag.py:541} INFO - Filling up the DagBag from /home/airflow/.local/lib/python3.7/site-packages/airflow/example_dags/example_dynamic_task_mapping_with_no_taskflow_operators.py
[2023-07-31T20:01:27.164+0000] {processor.py:836} INFO - DAG(s) dict_keys(['example_dynamic_task_mapping_with_no_taskflow_operators']) retrieved from /home/airflow/.local/lib/python3.7/site-packages/airflow/example_dags/example_dynamic_task_mapping_with_no_taskflow_operators.py
[2023-07-31T20:01:27.186+0000] {logging_mixin.py:150} INFO - [2023-07-31T20:01:27.186+0000] {dag.py:2742} INFO - Sync 1 DAGs
[2023-07-31T20:01:27.214+0000] {logging_mixin.py:150} INFO - [2023-07-31T20:01:27.214+0000] {dag.py:3508} INFO - Setting next_dagrun for example_dynamic_task_mapping_with_no_taskflow_operators to 2023-07-30T20:01:27.214250+00:00, run_after=2023-07-31T20:01:27.214250+00:00
[2023-07-31T20:01:27.240+0000] {processor.py:179} INFO - Processing /home/airflow/.local/lib/python3.7/site-packages/airflow/example_dags/example_dynamic_task_mapping_with_no_taskflow_operators.py took 0.090 seconds
[2023-07-31T20:01:57.843+0000] {processor.py:157} INFO - Started process (PID=164) to work on /home/airflow/.local/lib/python3.7/site-packages/airflow/example_dags/example_dynamic_task_mapping_with_no_taskflow_operators.py
[2023-07-31T20:01:57.844+0000] {processor.py:826} INFO - Processing file /home/airflow/.local/lib/python3.7/site-packages/airflow/example_dags/example_dynamic_task_mapping_with_no_taskflow_operators.py for tasks to queue
[2023-07-31T20:01:57.845+0000] {logging_mixin.py:150} INFO - [2023-07-31T20:01:57.845+0000] {dagbag.py:541} INFO - Filling up the DagBag from /home/airflow/.local/lib/python3.7/site-packages/airflow/example_dags/example_dynamic_task_mapping_with_no_taskflow_operators.py
[2023-07-31T20:01:57.851+0000] {processor.py:836} INFO - DAG(s) dict_keys(['example_dynamic_task_mapping_with_no_taskflow_operators']) retrieved from /home/airflow/.local/lib/python3.7/site-packages/airflow/example_dags/example_dynamic_task_mapping_with_no_taskflow_operators.py
[2023-07-31T20:01:57.872+0000] {logging_mixin.py:150} INFO - [2023-07-31T20:01:57.872+0000] {dag.py:2742} INFO - Sync 1 DAGs
[2023-07-31T20:01:57.897+0000] {logging_mixin.py:150} INFO - [2023-07-31T20:01:57.897+0000] {dag.py:3508} INFO - Setting next_dagrun for example_dynamic_task_mapping_with_no_taskflow_operators to 2023-07-30T20:01:57.897194+00:00, run_after=2023-07-31T20:01:57.897194+00:00
[2023-07-31T20:01:57.914+0000] {processor.py:179} INFO - Processing /home/airflow/.local/lib/python3.7/site-packages/airflow/example_dags/example_dynamic_task_mapping_with_no_taskflow_operators.py took 0.074 seconds
