[2023-07-31T19:50:03.896+0000] {processor.py:157} INFO - Started process (PID=55) to work on /home/airflow/.local/lib/python3.7/site-packages/airflow/example_dags/example_latest_only.py
[2023-07-31T19:50:03.900+0000] {processor.py:826} INFO - Processing file /home/airflow/.local/lib/python3.7/site-packages/airflow/example_dags/example_latest_only.py for tasks to queue
[2023-07-31T19:50:03.901+0000] {logging_mixin.py:150} INFO - [2023-07-31T19:50:03.900+0000] {dagbag.py:541} INFO - Filling up the DagBag from /home/airflow/.local/lib/python3.7/site-packages/airflow/example_dags/example_latest_only.py
[2023-07-31T19:50:03.927+0000] {processor.py:836} INFO - DAG(s) dict_keys(['latest_only']) retrieved from /home/airflow/.local/lib/python3.7/site-packages/airflow/example_dags/example_latest_only.py
[2023-07-31T19:50:04.191+0000] {logging_mixin.py:150} INFO - [2023-07-31T19:50:04.190+0000] {manager.py:504} INFO - Created Permission View: can delete on DAG:latest_only
[2023-07-31T19:50:04.215+0000] {logging_mixin.py:150} INFO - [2023-07-31T19:50:04.215+0000] {manager.py:504} INFO - Created Permission View: can edit on DAG:latest_only
[2023-07-31T19:50:04.231+0000] {logging_mixin.py:150} INFO - [2023-07-31T19:50:04.230+0000] {manager.py:504} INFO - Created Permission View: can read on DAG:latest_only
[2023-07-31T19:50:04.265+0000] {logging_mixin.py:150} INFO - [2023-07-31T19:50:04.265+0000] {dag.py:2742} INFO - Sync 1 DAGs
[2023-07-31T19:50:04.301+0000] {logging_mixin.py:150} INFO - [2023-07-31T19:50:04.300+0000] {dag.py:2763} INFO - Creating ORM DAG for latest_only
[2023-07-31T19:50:04.328+0000] {logging_mixin.py:150} INFO - [2023-07-31T19:50:04.327+0000] {dag.py:3508} INFO - Setting next_dagrun for latest_only to 2023-07-31T15:50:04.327708+00:00, run_after=2023-07-31T19:50:04.327708+00:00
[2023-07-31T19:50:04.369+0000] {processor.py:179} INFO - Processing /home/airflow/.local/lib/python3.7/site-packages/airflow/example_dags/example_latest_only.py took 0.480 seconds
[2023-07-31T19:50:34.566+0000] {processor.py:157} INFO - Started process (PID=116) to work on /home/airflow/.local/lib/python3.7/site-packages/airflow/example_dags/example_latest_only.py
[2023-07-31T19:50:34.570+0000] {processor.py:826} INFO - Processing file /home/airflow/.local/lib/python3.7/site-packages/airflow/example_dags/example_latest_only.py for tasks to queue
[2023-07-31T19:50:34.571+0000] {logging_mixin.py:150} INFO - [2023-07-31T19:50:34.571+0000] {dagbag.py:541} INFO - Filling up the DagBag from /home/airflow/.local/lib/python3.7/site-packages/airflow/example_dags/example_latest_only.py
[2023-07-31T19:50:34.586+0000] {processor.py:836} INFO - DAG(s) dict_keys(['latest_only']) retrieved from /home/airflow/.local/lib/python3.7/site-packages/airflow/example_dags/example_latest_only.py
[2023-07-31T19:50:34.653+0000] {logging_mixin.py:150} INFO - [2023-07-31T19:50:34.652+0000] {dag.py:2742} INFO - Sync 1 DAGs
[2023-07-31T19:50:34.719+0000] {logging_mixin.py:150} INFO - [2023-07-31T19:50:34.718+0000] {dag.py:3508} INFO - Setting next_dagrun for latest_only to 2023-07-31T15:50:34.718526+00:00, run_after=2023-07-31T19:50:34.718526+00:00
[2023-07-31T19:50:34.764+0000] {processor.py:179} INFO - Processing /home/airflow/.local/lib/python3.7/site-packages/airflow/example_dags/example_latest_only.py took 0.208 seconds
[2023-07-31T19:51:04.965+0000] {processor.py:157} INFO - Started process (PID=177) to work on /home/airflow/.local/lib/python3.7/site-packages/airflow/example_dags/example_latest_only.py
[2023-07-31T19:51:04.966+0000] {processor.py:826} INFO - Processing file /home/airflow/.local/lib/python3.7/site-packages/airflow/example_dags/example_latest_only.py for tasks to queue
[2023-07-31T19:51:04.967+0000] {logging_mixin.py:150} INFO - [2023-07-31T19:51:04.967+0000] {dagbag.py:541} INFO - Filling up the DagBag from /home/airflow/.local/lib/python3.7/site-packages/airflow/example_dags/example_latest_only.py
[2023-07-31T19:51:04.978+0000] {processor.py:836} INFO - DAG(s) dict_keys(['latest_only']) retrieved from /home/airflow/.local/lib/python3.7/site-packages/airflow/example_dags/example_latest_only.py
[2023-07-31T19:51:05.018+0000] {logging_mixin.py:150} INFO - [2023-07-31T19:51:05.018+0000] {dag.py:2742} INFO - Sync 1 DAGs
[2023-07-31T19:51:05.067+0000] {logging_mixin.py:150} INFO - [2023-07-31T19:51:05.066+0000] {dag.py:3508} INFO - Setting next_dagrun for latest_only to 2023-07-31T15:51:05.066500+00:00, run_after=2023-07-31T19:51:05.066500+00:00
[2023-07-31T19:51:05.099+0000] {processor.py:179} INFO - Processing /home/airflow/.local/lib/python3.7/site-packages/airflow/example_dags/example_latest_only.py took 0.140 seconds
[2023-07-31T19:51:35.847+0000] {processor.py:157} INFO - Started process (PID=237) to work on /home/airflow/.local/lib/python3.7/site-packages/airflow/example_dags/example_latest_only.py
[2023-07-31T19:51:35.849+0000] {processor.py:826} INFO - Processing file /home/airflow/.local/lib/python3.7/site-packages/airflow/example_dags/example_latest_only.py for tasks to queue
[2023-07-31T19:51:35.850+0000] {logging_mixin.py:150} INFO - [2023-07-31T19:51:35.849+0000] {dagbag.py:541} INFO - Filling up the DagBag from /home/airflow/.local/lib/python3.7/site-packages/airflow/example_dags/example_latest_only.py
[2023-07-31T19:51:35.858+0000] {processor.py:836} INFO - DAG(s) dict_keys(['latest_only']) retrieved from /home/airflow/.local/lib/python3.7/site-packages/airflow/example_dags/example_latest_only.py
[2023-07-31T19:51:35.892+0000] {logging_mixin.py:150} INFO - [2023-07-31T19:51:35.892+0000] {dag.py:2742} INFO - Sync 1 DAGs
[2023-07-31T19:51:35.935+0000] {logging_mixin.py:150} INFO - [2023-07-31T19:51:35.935+0000] {dag.py:3508} INFO - Setting next_dagrun for latest_only to 2023-07-31T15:51:35.935068+00:00, run_after=2023-07-31T19:51:35.935068+00:00
[2023-07-31T19:51:35.967+0000] {processor.py:179} INFO - Processing /home/airflow/.local/lib/python3.7/site-packages/airflow/example_dags/example_latest_only.py took 0.126 seconds
[2023-07-31T19:52:06.691+0000] {processor.py:157} INFO - Started process (PID=298) to work on /home/airflow/.local/lib/python3.7/site-packages/airflow/example_dags/example_latest_only.py
[2023-07-31T19:52:06.692+0000] {processor.py:826} INFO - Processing file /home/airflow/.local/lib/python3.7/site-packages/airflow/example_dags/example_latest_only.py for tasks to queue
[2023-07-31T19:52:06.693+0000] {logging_mixin.py:150} INFO - [2023-07-31T19:52:06.692+0000] {dagbag.py:541} INFO - Filling up the DagBag from /home/airflow/.local/lib/python3.7/site-packages/airflow/example_dags/example_latest_only.py
[2023-07-31T19:52:06.697+0000] {processor.py:836} INFO - DAG(s) dict_keys(['latest_only']) retrieved from /home/airflow/.local/lib/python3.7/site-packages/airflow/example_dags/example_latest_only.py
[2023-07-31T19:52:06.724+0000] {logging_mixin.py:150} INFO - [2023-07-31T19:52:06.724+0000] {dag.py:2742} INFO - Sync 1 DAGs
[2023-07-31T19:52:06.749+0000] {logging_mixin.py:150} INFO - [2023-07-31T19:52:06.749+0000] {dag.py:3508} INFO - Setting next_dagrun for latest_only to 2023-07-31T15:52:06.749461+00:00, run_after=2023-07-31T19:52:06.749461+00:00
[2023-07-31T19:52:06.772+0000] {processor.py:179} INFO - Processing /home/airflow/.local/lib/python3.7/site-packages/airflow/example_dags/example_latest_only.py took 0.084 seconds
[2023-07-31T19:52:37.348+0000] {processor.py:157} INFO - Started process (PID=359) to work on /home/airflow/.local/lib/python3.7/site-packages/airflow/example_dags/example_latest_only.py
[2023-07-31T19:52:37.349+0000] {processor.py:826} INFO - Processing file /home/airflow/.local/lib/python3.7/site-packages/airflow/example_dags/example_latest_only.py for tasks to queue
[2023-07-31T19:52:37.350+0000] {logging_mixin.py:150} INFO - [2023-07-31T19:52:37.350+0000] {dagbag.py:541} INFO - Filling up the DagBag from /home/airflow/.local/lib/python3.7/site-packages/airflow/example_dags/example_latest_only.py
[2023-07-31T19:52:37.357+0000] {processor.py:836} INFO - DAG(s) dict_keys(['latest_only']) retrieved from /home/airflow/.local/lib/python3.7/site-packages/airflow/example_dags/example_latest_only.py
[2023-07-31T19:52:37.390+0000] {logging_mixin.py:150} INFO - [2023-07-31T19:52:37.390+0000] {dag.py:2742} INFO - Sync 1 DAGs
[2023-07-31T19:52:37.425+0000] {logging_mixin.py:150} INFO - [2023-07-31T19:52:37.425+0000] {dag.py:3508} INFO - Setting next_dagrun for latest_only to 2023-07-31T15:52:37.425365+00:00, run_after=2023-07-31T19:52:37.425365+00:00
[2023-07-31T19:52:37.469+0000] {processor.py:179} INFO - Processing /home/airflow/.local/lib/python3.7/site-packages/airflow/example_dags/example_latest_only.py took 0.126 seconds
[2023-07-31T19:53:07.719+0000] {processor.py:157} INFO - Started process (PID=420) to work on /home/airflow/.local/lib/python3.7/site-packages/airflow/example_dags/example_latest_only.py
[2023-07-31T19:53:07.723+0000] {processor.py:826} INFO - Processing file /home/airflow/.local/lib/python3.7/site-packages/airflow/example_dags/example_latest_only.py for tasks to queue
[2023-07-31T19:53:07.725+0000] {logging_mixin.py:150} INFO - [2023-07-31T19:53:07.725+0000] {dagbag.py:541} INFO - Filling up the DagBag from /home/airflow/.local/lib/python3.7/site-packages/airflow/example_dags/example_latest_only.py
[2023-07-31T19:53:07.741+0000] {processor.py:836} INFO - DAG(s) dict_keys(['latest_only']) retrieved from /home/airflow/.local/lib/python3.7/site-packages/airflow/example_dags/example_latest_only.py
[2023-07-31T19:53:07.792+0000] {logging_mixin.py:150} INFO - [2023-07-31T19:53:07.791+0000] {dag.py:2742} INFO - Sync 1 DAGs
[2023-07-31T19:53:07.856+0000] {logging_mixin.py:150} INFO - [2023-07-31T19:53:07.856+0000] {dag.py:3508} INFO - Setting next_dagrun for latest_only to 2023-07-31T15:53:07.855508+00:00, run_after=2023-07-31T19:53:07.855508+00:00
[2023-07-31T19:53:07.895+0000] {processor.py:179} INFO - Processing /home/airflow/.local/lib/python3.7/site-packages/airflow/example_dags/example_latest_only.py took 0.181 seconds
[2023-07-31T19:53:38.164+0000] {processor.py:157} INFO - Started process (PID=481) to work on /home/airflow/.local/lib/python3.7/site-packages/airflow/example_dags/example_latest_only.py
[2023-07-31T19:53:38.166+0000] {processor.py:826} INFO - Processing file /home/airflow/.local/lib/python3.7/site-packages/airflow/example_dags/example_latest_only.py for tasks to queue
[2023-07-31T19:53:38.167+0000] {logging_mixin.py:150} INFO - [2023-07-31T19:53:38.166+0000] {dagbag.py:541} INFO - Filling up the DagBag from /home/airflow/.local/lib/python3.7/site-packages/airflow/example_dags/example_latest_only.py
[2023-07-31T19:53:38.175+0000] {processor.py:836} INFO - DAG(s) dict_keys(['latest_only']) retrieved from /home/airflow/.local/lib/python3.7/site-packages/airflow/example_dags/example_latest_only.py
[2023-07-31T19:53:38.204+0000] {logging_mixin.py:150} INFO - [2023-07-31T19:53:38.204+0000] {dag.py:2742} INFO - Sync 1 DAGs
[2023-07-31T19:53:38.245+0000] {logging_mixin.py:150} INFO - [2023-07-31T19:53:38.245+0000] {dag.py:3508} INFO - Setting next_dagrun for latest_only to 2023-07-31T15:53:38.245394+00:00, run_after=2023-07-31T19:53:38.245394+00:00
[2023-07-31T19:53:38.270+0000] {processor.py:179} INFO - Processing /home/airflow/.local/lib/python3.7/site-packages/airflow/example_dags/example_latest_only.py took 0.109 seconds
[2023-07-31T19:54:08.412+0000] {processor.py:157} INFO - Started process (PID=542) to work on /home/airflow/.local/lib/python3.7/site-packages/airflow/example_dags/example_latest_only.py
[2023-07-31T19:54:08.413+0000] {processor.py:826} INFO - Processing file /home/airflow/.local/lib/python3.7/site-packages/airflow/example_dags/example_latest_only.py for tasks to queue
[2023-07-31T19:54:08.414+0000] {logging_mixin.py:150} INFO - [2023-07-31T19:54:08.413+0000] {dagbag.py:541} INFO - Filling up the DagBag from /home/airflow/.local/lib/python3.7/site-packages/airflow/example_dags/example_latest_only.py
[2023-07-31T19:54:08.425+0000] {processor.py:836} INFO - DAG(s) dict_keys(['latest_only']) retrieved from /home/airflow/.local/lib/python3.7/site-packages/airflow/example_dags/example_latest_only.py
[2023-07-31T19:54:08.460+0000] {logging_mixin.py:150} INFO - [2023-07-31T19:54:08.460+0000] {dag.py:2742} INFO - Sync 1 DAGs
[2023-07-31T19:54:08.506+0000] {logging_mixin.py:150} INFO - [2023-07-31T19:54:08.506+0000] {dag.py:3508} INFO - Setting next_dagrun for latest_only to 2023-07-31T15:54:08.505895+00:00, run_after=2023-07-31T19:54:08.505895+00:00
[2023-07-31T19:54:08.537+0000] {processor.py:179} INFO - Processing /home/airflow/.local/lib/python3.7/site-packages/airflow/example_dags/example_latest_only.py took 0.129 seconds
[2023-07-31T19:54:38.663+0000] {processor.py:157} INFO - Started process (PID=603) to work on /home/airflow/.local/lib/python3.7/site-packages/airflow/example_dags/example_latest_only.py
[2023-07-31T19:54:38.664+0000] {processor.py:826} INFO - Processing file /home/airflow/.local/lib/python3.7/site-packages/airflow/example_dags/example_latest_only.py for tasks to queue
[2023-07-31T19:54:38.665+0000] {logging_mixin.py:150} INFO - [2023-07-31T19:54:38.665+0000] {dagbag.py:541} INFO - Filling up the DagBag from /home/airflow/.local/lib/python3.7/site-packages/airflow/example_dags/example_latest_only.py
[2023-07-31T19:54:38.670+0000] {processor.py:836} INFO - DAG(s) dict_keys(['latest_only']) retrieved from /home/airflow/.local/lib/python3.7/site-packages/airflow/example_dags/example_latest_only.py
[2023-07-31T19:54:38.699+0000] {logging_mixin.py:150} INFO - [2023-07-31T19:54:38.699+0000] {dag.py:2742} INFO - Sync 1 DAGs
[2023-07-31T19:54:38.728+0000] {logging_mixin.py:150} INFO - [2023-07-31T19:54:38.727+0000] {dag.py:3508} INFO - Setting next_dagrun for latest_only to 2023-07-31T15:54:38.727440+00:00, run_after=2023-07-31T19:54:38.727440+00:00
[2023-07-31T19:54:38.746+0000] {processor.py:179} INFO - Processing /home/airflow/.local/lib/python3.7/site-packages/airflow/example_dags/example_latest_only.py took 0.088 seconds
[2023-07-31T19:55:08.992+0000] {processor.py:157} INFO - Started process (PID=664) to work on /home/airflow/.local/lib/python3.7/site-packages/airflow/example_dags/example_latest_only.py
[2023-07-31T19:55:08.993+0000] {processor.py:826} INFO - Processing file /home/airflow/.local/lib/python3.7/site-packages/airflow/example_dags/example_latest_only.py for tasks to queue
[2023-07-31T19:55:08.994+0000] {logging_mixin.py:150} INFO - [2023-07-31T19:55:08.993+0000] {dagbag.py:541} INFO - Filling up the DagBag from /home/airflow/.local/lib/python3.7/site-packages/airflow/example_dags/example_latest_only.py
[2023-07-31T19:55:08.999+0000] {processor.py:836} INFO - DAG(s) dict_keys(['latest_only']) retrieved from /home/airflow/.local/lib/python3.7/site-packages/airflow/example_dags/example_latest_only.py
[2023-07-31T19:55:09.023+0000] {logging_mixin.py:150} INFO - [2023-07-31T19:55:09.023+0000] {dag.py:2742} INFO - Sync 1 DAGs
[2023-07-31T19:55:09.048+0000] {logging_mixin.py:150} INFO - [2023-07-31T19:55:09.048+0000] {dag.py:3508} INFO - Setting next_dagrun for latest_only to 2023-07-31T15:55:09.048134+00:00, run_after=2023-07-31T19:55:09.048134+00:00
[2023-07-31T19:55:09.076+0000] {processor.py:179} INFO - Processing /home/airflow/.local/lib/python3.7/site-packages/airflow/example_dags/example_latest_only.py took 0.087 seconds
[2023-07-31T19:55:39.532+0000] {processor.py:157} INFO - Started process (PID=725) to work on /home/airflow/.local/lib/python3.7/site-packages/airflow/example_dags/example_latest_only.py
[2023-07-31T19:55:39.534+0000] {processor.py:826} INFO - Processing file /home/airflow/.local/lib/python3.7/site-packages/airflow/example_dags/example_latest_only.py for tasks to queue
[2023-07-31T19:55:39.535+0000] {logging_mixin.py:150} INFO - [2023-07-31T19:55:39.534+0000] {dagbag.py:541} INFO - Filling up the DagBag from /home/airflow/.local/lib/python3.7/site-packages/airflow/example_dags/example_latest_only.py
[2023-07-31T19:55:39.540+0000] {processor.py:836} INFO - DAG(s) dict_keys(['latest_only']) retrieved from /home/airflow/.local/lib/python3.7/site-packages/airflow/example_dags/example_latest_only.py
[2023-07-31T19:55:39.569+0000] {logging_mixin.py:150} INFO - [2023-07-31T19:55:39.569+0000] {dag.py:2742} INFO - Sync 1 DAGs
[2023-07-31T19:55:39.598+0000] {logging_mixin.py:150} INFO - [2023-07-31T19:55:39.598+0000] {dag.py:3508} INFO - Setting next_dagrun for latest_only to 2023-07-31T15:55:39.598496+00:00, run_after=2023-07-31T19:55:39.598496+00:00
[2023-07-31T19:55:39.619+0000] {processor.py:179} INFO - Processing /home/airflow/.local/lib/python3.7/site-packages/airflow/example_dags/example_latest_only.py took 0.090 seconds
[2023-07-31T19:56:09.753+0000] {processor.py:157} INFO - Started process (PID=786) to work on /home/airflow/.local/lib/python3.7/site-packages/airflow/example_dags/example_latest_only.py
[2023-07-31T19:56:09.754+0000] {processor.py:826} INFO - Processing file /home/airflow/.local/lib/python3.7/site-packages/airflow/example_dags/example_latest_only.py for tasks to queue
[2023-07-31T19:56:09.755+0000] {logging_mixin.py:150} INFO - [2023-07-31T19:56:09.755+0000] {dagbag.py:541} INFO - Filling up the DagBag from /home/airflow/.local/lib/python3.7/site-packages/airflow/example_dags/example_latest_only.py
[2023-07-31T19:56:09.760+0000] {processor.py:836} INFO - DAG(s) dict_keys(['latest_only']) retrieved from /home/airflow/.local/lib/python3.7/site-packages/airflow/example_dags/example_latest_only.py
[2023-07-31T19:56:09.784+0000] {logging_mixin.py:150} INFO - [2023-07-31T19:56:09.784+0000] {dag.py:2742} INFO - Sync 1 DAGs
[2023-07-31T19:56:09.816+0000] {logging_mixin.py:150} INFO - [2023-07-31T19:56:09.816+0000] {dag.py:3508} INFO - Setting next_dagrun for latest_only to 2023-07-31T15:56:09.815818+00:00, run_after=2023-07-31T19:56:09.815818+00:00
[2023-07-31T19:56:09.840+0000] {processor.py:179} INFO - Processing /home/airflow/.local/lib/python3.7/site-packages/airflow/example_dags/example_latest_only.py took 0.091 seconds
[2023-07-31T19:56:40.176+0000] {processor.py:157} INFO - Started process (PID=847) to work on /home/airflow/.local/lib/python3.7/site-packages/airflow/example_dags/example_latest_only.py
[2023-07-31T19:56:40.178+0000] {processor.py:826} INFO - Processing file /home/airflow/.local/lib/python3.7/site-packages/airflow/example_dags/example_latest_only.py for tasks to queue
[2023-07-31T19:56:40.179+0000] {logging_mixin.py:150} INFO - [2023-07-31T19:56:40.179+0000] {dagbag.py:541} INFO - Filling up the DagBag from /home/airflow/.local/lib/python3.7/site-packages/airflow/example_dags/example_latest_only.py
[2023-07-31T19:56:40.184+0000] {processor.py:836} INFO - DAG(s) dict_keys(['latest_only']) retrieved from /home/airflow/.local/lib/python3.7/site-packages/airflow/example_dags/example_latest_only.py
[2023-07-31T19:56:40.206+0000] {logging_mixin.py:150} INFO - [2023-07-31T19:56:40.206+0000] {dag.py:2742} INFO - Sync 1 DAGs
[2023-07-31T19:56:40.237+0000] {logging_mixin.py:150} INFO - [2023-07-31T19:56:40.237+0000] {dag.py:3508} INFO - Setting next_dagrun for latest_only to 2023-07-31T15:56:40.237209+00:00, run_after=2023-07-31T19:56:40.237209+00:00
[2023-07-31T19:56:40.255+0000] {processor.py:179} INFO - Processing /home/airflow/.local/lib/python3.7/site-packages/airflow/example_dags/example_latest_only.py took 0.083 seconds
[2023-07-31T19:57:10.697+0000] {processor.py:157} INFO - Started process (PID=908) to work on /home/airflow/.local/lib/python3.7/site-packages/airflow/example_dags/example_latest_only.py
[2023-07-31T19:57:10.698+0000] {processor.py:826} INFO - Processing file /home/airflow/.local/lib/python3.7/site-packages/airflow/example_dags/example_latest_only.py for tasks to queue
[2023-07-31T19:57:10.698+0000] {logging_mixin.py:150} INFO - [2023-07-31T19:57:10.698+0000] {dagbag.py:541} INFO - Filling up the DagBag from /home/airflow/.local/lib/python3.7/site-packages/airflow/example_dags/example_latest_only.py
[2023-07-31T19:57:10.703+0000] {processor.py:836} INFO - DAG(s) dict_keys(['latest_only']) retrieved from /home/airflow/.local/lib/python3.7/site-packages/airflow/example_dags/example_latest_only.py
[2023-07-31T19:57:10.726+0000] {logging_mixin.py:150} INFO - [2023-07-31T19:57:10.726+0000] {dag.py:2742} INFO - Sync 1 DAGs
[2023-07-31T19:57:10.756+0000] {logging_mixin.py:150} INFO - [2023-07-31T19:57:10.756+0000] {dag.py:3508} INFO - Setting next_dagrun for latest_only to 2023-07-31T15:57:10.756439+00:00, run_after=2023-07-31T19:57:10.756439+00:00
[2023-07-31T19:57:10.790+0000] {processor.py:179} INFO - Processing /home/airflow/.local/lib/python3.7/site-packages/airflow/example_dags/example_latest_only.py took 0.096 seconds
[2023-07-31T19:57:41.677+0000] {processor.py:157} INFO - Started process (PID=969) to work on /home/airflow/.local/lib/python3.7/site-packages/airflow/example_dags/example_latest_only.py
[2023-07-31T19:57:41.678+0000] {processor.py:826} INFO - Processing file /home/airflow/.local/lib/python3.7/site-packages/airflow/example_dags/example_latest_only.py for tasks to queue
[2023-07-31T19:57:41.679+0000] {logging_mixin.py:150} INFO - [2023-07-31T19:57:41.679+0000] {dagbag.py:541} INFO - Filling up the DagBag from /home/airflow/.local/lib/python3.7/site-packages/airflow/example_dags/example_latest_only.py
[2023-07-31T19:57:41.686+0000] {processor.py:836} INFO - DAG(s) dict_keys(['latest_only']) retrieved from /home/airflow/.local/lib/python3.7/site-packages/airflow/example_dags/example_latest_only.py
[2023-07-31T19:57:41.719+0000] {logging_mixin.py:150} INFO - [2023-07-31T19:57:41.719+0000] {dag.py:2742} INFO - Sync 1 DAGs
[2023-07-31T19:57:41.757+0000] {logging_mixin.py:150} INFO - [2023-07-31T19:57:41.757+0000] {dag.py:3508} INFO - Setting next_dagrun for latest_only to 2023-07-31T15:57:41.757149+00:00, run_after=2023-07-31T19:57:41.757149+00:00
[2023-07-31T19:57:41.790+0000] {processor.py:179} INFO - Processing /home/airflow/.local/lib/python3.7/site-packages/airflow/example_dags/example_latest_only.py took 0.119 seconds
[2023-07-31T19:58:12.555+0000] {processor.py:157} INFO - Started process (PID=1030) to work on /home/airflow/.local/lib/python3.7/site-packages/airflow/example_dags/example_latest_only.py
[2023-07-31T19:58:12.555+0000] {processor.py:826} INFO - Processing file /home/airflow/.local/lib/python3.7/site-packages/airflow/example_dags/example_latest_only.py for tasks to queue
[2023-07-31T19:58:12.556+0000] {logging_mixin.py:150} INFO - [2023-07-31T19:58:12.556+0000] {dagbag.py:541} INFO - Filling up the DagBag from /home/airflow/.local/lib/python3.7/site-packages/airflow/example_dags/example_latest_only.py
[2023-07-31T19:58:12.561+0000] {processor.py:836} INFO - DAG(s) dict_keys(['latest_only']) retrieved from /home/airflow/.local/lib/python3.7/site-packages/airflow/example_dags/example_latest_only.py
[2023-07-31T19:58:12.585+0000] {logging_mixin.py:150} INFO - [2023-07-31T19:58:12.583+0000] {dag.py:2742} INFO - Sync 1 DAGs
[2023-07-31T19:58:12.613+0000] {logging_mixin.py:150} INFO - [2023-07-31T19:58:12.612+0000] {dag.py:3508} INFO - Setting next_dagrun for latest_only to 2023-07-31T15:58:12.612629+00:00, run_after=2023-07-31T19:58:12.612629+00:00
[2023-07-31T19:58:12.637+0000] {processor.py:179} INFO - Processing /home/airflow/.local/lib/python3.7/site-packages/airflow/example_dags/example_latest_only.py took 0.087 seconds
[2023-07-31T19:58:43.353+0000] {processor.py:157} INFO - Started process (PID=1091) to work on /home/airflow/.local/lib/python3.7/site-packages/airflow/example_dags/example_latest_only.py
[2023-07-31T19:58:43.354+0000] {processor.py:826} INFO - Processing file /home/airflow/.local/lib/python3.7/site-packages/airflow/example_dags/example_latest_only.py for tasks to queue
[2023-07-31T19:58:43.356+0000] {logging_mixin.py:150} INFO - [2023-07-31T19:58:43.355+0000] {dagbag.py:541} INFO - Filling up the DagBag from /home/airflow/.local/lib/python3.7/site-packages/airflow/example_dags/example_latest_only.py
[2023-07-31T19:58:43.368+0000] {processor.py:836} INFO - DAG(s) dict_keys(['latest_only']) retrieved from /home/airflow/.local/lib/python3.7/site-packages/airflow/example_dags/example_latest_only.py
[2023-07-31T19:58:43.415+0000] {logging_mixin.py:150} INFO - [2023-07-31T19:58:43.414+0000] {dag.py:2742} INFO - Sync 1 DAGs
[2023-07-31T19:58:43.457+0000] {logging_mixin.py:150} INFO - [2023-07-31T19:58:43.457+0000] {dag.py:3508} INFO - Setting next_dagrun for latest_only to 2023-07-31T15:58:43.457024+00:00, run_after=2023-07-31T19:58:43.457024+00:00
[2023-07-31T19:58:43.490+0000] {processor.py:179} INFO - Processing /home/airflow/.local/lib/python3.7/site-packages/airflow/example_dags/example_latest_only.py took 0.143 seconds
[2023-07-31T20:00:58.341+0000] {processor.py:157} INFO - Started process (PID=56) to work on /home/airflow/.local/lib/python3.7/site-packages/airflow/example_dags/example_latest_only.py
[2023-07-31T20:00:58.342+0000] {processor.py:826} INFO - Processing file /home/airflow/.local/lib/python3.7/site-packages/airflow/example_dags/example_latest_only.py for tasks to queue
[2023-07-31T20:00:58.343+0000] {logging_mixin.py:150} INFO - [2023-07-31T20:00:58.343+0000] {dagbag.py:541} INFO - Filling up the DagBag from /home/airflow/.local/lib/python3.7/site-packages/airflow/example_dags/example_latest_only.py
[2023-07-31T20:00:58.352+0000] {processor.py:836} INFO - DAG(s) dict_keys(['latest_only']) retrieved from /home/airflow/.local/lib/python3.7/site-packages/airflow/example_dags/example_latest_only.py
[2023-07-31T20:00:58.487+0000] {logging_mixin.py:150} INFO - [2023-07-31T20:00:58.487+0000] {dag.py:2742} INFO - Sync 1 DAGs
[2023-07-31T20:00:58.522+0000] {logging_mixin.py:150} INFO - [2023-07-31T20:00:58.522+0000] {dag.py:3508} INFO - Setting next_dagrun for latest_only to 2023-07-31T16:00:58.521943+00:00, run_after=2023-07-31T20:00:58.521943+00:00
[2023-07-31T20:00:58.548+0000] {processor.py:179} INFO - Processing /home/airflow/.local/lib/python3.7/site-packages/airflow/example_dags/example_latest_only.py took 0.210 seconds
[2023-07-31T20:01:29.428+0000] {processor.py:157} INFO - Started process (PID=118) to work on /home/airflow/.local/lib/python3.7/site-packages/airflow/example_dags/example_latest_only.py
[2023-07-31T20:01:29.429+0000] {processor.py:826} INFO - Processing file /home/airflow/.local/lib/python3.7/site-packages/airflow/example_dags/example_latest_only.py for tasks to queue
[2023-07-31T20:01:29.430+0000] {logging_mixin.py:150} INFO - [2023-07-31T20:01:29.430+0000] {dagbag.py:541} INFO - Filling up the DagBag from /home/airflow/.local/lib/python3.7/site-packages/airflow/example_dags/example_latest_only.py
[2023-07-31T20:01:29.435+0000] {processor.py:836} INFO - DAG(s) dict_keys(['latest_only']) retrieved from /home/airflow/.local/lib/python3.7/site-packages/airflow/example_dags/example_latest_only.py
[2023-07-31T20:01:29.457+0000] {logging_mixin.py:150} INFO - [2023-07-31T20:01:29.457+0000] {dag.py:2742} INFO - Sync 1 DAGs
[2023-07-31T20:01:29.481+0000] {logging_mixin.py:150} INFO - [2023-07-31T20:01:29.481+0000] {dag.py:3508} INFO - Setting next_dagrun for latest_only to 2023-07-31T16:01:29.480825+00:00, run_after=2023-07-31T20:01:29.480825+00:00
[2023-07-31T20:01:29.501+0000] {processor.py:179} INFO - Processing /home/airflow/.local/lib/python3.7/site-packages/airflow/example_dags/example_latest_only.py took 0.076 seconds
[2023-07-31T20:01:59.834+0000] {processor.py:157} INFO - Started process (PID=180) to work on /home/airflow/.local/lib/python3.7/site-packages/airflow/example_dags/example_latest_only.py
[2023-07-31T20:01:59.835+0000] {processor.py:826} INFO - Processing file /home/airflow/.local/lib/python3.7/site-packages/airflow/example_dags/example_latest_only.py for tasks to queue
[2023-07-31T20:01:59.836+0000] {logging_mixin.py:150} INFO - [2023-07-31T20:01:59.835+0000] {dagbag.py:541} INFO - Filling up the DagBag from /home/airflow/.local/lib/python3.7/site-packages/airflow/example_dags/example_latest_only.py
[2023-07-31T20:01:59.841+0000] {processor.py:836} INFO - DAG(s) dict_keys(['latest_only']) retrieved from /home/airflow/.local/lib/python3.7/site-packages/airflow/example_dags/example_latest_only.py
[2023-07-31T20:01:59.861+0000] {logging_mixin.py:150} INFO - [2023-07-31T20:01:59.861+0000] {dag.py:2742} INFO - Sync 1 DAGs
[2023-07-31T20:01:59.886+0000] {logging_mixin.py:150} INFO - [2023-07-31T20:01:59.886+0000] {dag.py:3508} INFO - Setting next_dagrun for latest_only to 2023-07-31T16:01:59.886159+00:00, run_after=2023-07-31T20:01:59.886159+00:00
[2023-07-31T20:01:59.908+0000] {processor.py:179} INFO - Processing /home/airflow/.local/lib/python3.7/site-packages/airflow/example_dags/example_latest_only.py took 0.076 seconds
