[2023-07-31T19:50:02.335+0000] {processor.py:157} INFO - Started process (PID=46) to work on /home/airflow/.local/lib/python3.7/site-packages/airflow/example_dags/example_params_trigger_ui.py
[2023-07-31T19:50:02.336+0000] {processor.py:826} INFO - Processing file /home/airflow/.local/lib/python3.7/site-packages/airflow/example_dags/example_params_trigger_ui.py for tasks to queue
[2023-07-31T19:50:02.337+0000] {logging_mixin.py:150} INFO - [2023-07-31T19:50:02.336+0000] {dagbag.py:541} INFO - Filling up the DagBag from /home/airflow/.local/lib/python3.7/site-packages/airflow/example_dags/example_params_trigger_ui.py
[2023-07-31T19:50:02.387+0000] {processor.py:836} INFO - DAG(s) dict_keys(['example_params_trigger_ui']) retrieved from /home/airflow/.local/lib/python3.7/site-packages/airflow/example_dags/example_params_trigger_ui.py
[2023-07-31T19:50:02.679+0000] {logging_mixin.py:150} INFO - [2023-07-31T19:50:02.679+0000] {manager.py:504} INFO - Created Permission View: can delete on DAG:example_params_trigger_ui
[2023-07-31T19:50:02.700+0000] {logging_mixin.py:150} INFO - [2023-07-31T19:50:02.700+0000] {manager.py:504} INFO - Created Permission View: can edit on DAG:example_params_trigger_ui
[2023-07-31T19:50:02.712+0000] {logging_mixin.py:150} INFO - [2023-07-31T19:50:02.712+0000] {manager.py:504} INFO - Created Permission View: can read on DAG:example_params_trigger_ui
[2023-07-31T19:50:02.736+0000] {logging_mixin.py:150} INFO - [2023-07-31T19:50:02.735+0000] {dag.py:2742} INFO - Sync 1 DAGs
[2023-07-31T19:50:02.759+0000] {logging_mixin.py:150} INFO - [2023-07-31T19:50:02.759+0000] {dag.py:2763} INFO - Creating ORM DAG for example_params_trigger_ui
[2023-07-31T19:50:02.776+0000] {logging_mixin.py:150} INFO - [2023-07-31T19:50:02.776+0000] {dag.py:3508} INFO - Setting next_dagrun for example_params_trigger_ui to None, run_after=None
[2023-07-31T19:50:02.800+0000] {processor.py:179} INFO - Processing /home/airflow/.local/lib/python3.7/site-packages/airflow/example_dags/example_params_trigger_ui.py took 0.470 seconds
[2023-07-31T19:50:33.079+0000] {processor.py:157} INFO - Started process (PID=107) to work on /home/airflow/.local/lib/python3.7/site-packages/airflow/example_dags/example_params_trigger_ui.py
[2023-07-31T19:50:33.087+0000] {processor.py:826} INFO - Processing file /home/airflow/.local/lib/python3.7/site-packages/airflow/example_dags/example_params_trigger_ui.py for tasks to queue
[2023-07-31T19:50:33.089+0000] {logging_mixin.py:150} INFO - [2023-07-31T19:50:33.088+0000] {dagbag.py:541} INFO - Filling up the DagBag from /home/airflow/.local/lib/python3.7/site-packages/airflow/example_dags/example_params_trigger_ui.py
[2023-07-31T19:50:33.143+0000] {processor.py:836} INFO - DAG(s) dict_keys(['example_params_trigger_ui']) retrieved from /home/airflow/.local/lib/python3.7/site-packages/airflow/example_dags/example_params_trigger_ui.py
[2023-07-31T19:50:33.489+0000] {logging_mixin.py:150} INFO - [2023-07-31T19:50:33.489+0000] {dag.py:2742} INFO - Sync 1 DAGs
[2023-07-31T19:50:33.589+0000] {logging_mixin.py:150} INFO - [2023-07-31T19:50:33.588+0000] {dag.py:3508} INFO - Setting next_dagrun for example_params_trigger_ui to None, run_after=None
[2023-07-31T19:50:33.645+0000] {processor.py:179} INFO - Processing /home/airflow/.local/lib/python3.7/site-packages/airflow/example_dags/example_params_trigger_ui.py took 0.571 seconds
[2023-07-31T19:51:03.797+0000] {processor.py:157} INFO - Started process (PID=169) to work on /home/airflow/.local/lib/python3.7/site-packages/airflow/example_dags/example_params_trigger_ui.py
[2023-07-31T19:51:03.798+0000] {processor.py:826} INFO - Processing file /home/airflow/.local/lib/python3.7/site-packages/airflow/example_dags/example_params_trigger_ui.py for tasks to queue
[2023-07-31T19:51:03.799+0000] {logging_mixin.py:150} INFO - [2023-07-31T19:51:03.799+0000] {dagbag.py:541} INFO - Filling up the DagBag from /home/airflow/.local/lib/python3.7/site-packages/airflow/example_dags/example_params_trigger_ui.py
[2023-07-31T19:51:03.840+0000] {processor.py:836} INFO - DAG(s) dict_keys(['example_params_trigger_ui']) retrieved from /home/airflow/.local/lib/python3.7/site-packages/airflow/example_dags/example_params_trigger_ui.py
[2023-07-31T19:51:04.037+0000] {logging_mixin.py:150} INFO - [2023-07-31T19:51:04.036+0000] {dag.py:2742} INFO - Sync 1 DAGs
[2023-07-31T19:51:04.091+0000] {logging_mixin.py:150} INFO - [2023-07-31T19:51:04.091+0000] {dag.py:3508} INFO - Setting next_dagrun for example_params_trigger_ui to None, run_after=None
[2023-07-31T19:51:04.136+0000] {processor.py:179} INFO - Processing /home/airflow/.local/lib/python3.7/site-packages/airflow/example_dags/example_params_trigger_ui.py took 0.346 seconds
[2023-07-31T19:51:35.099+0000] {processor.py:157} INFO - Started process (PID=229) to work on /home/airflow/.local/lib/python3.7/site-packages/airflow/example_dags/example_params_trigger_ui.py
[2023-07-31T19:51:35.103+0000] {processor.py:826} INFO - Processing file /home/airflow/.local/lib/python3.7/site-packages/airflow/example_dags/example_params_trigger_ui.py for tasks to queue
[2023-07-31T19:51:35.105+0000] {logging_mixin.py:150} INFO - [2023-07-31T19:51:35.104+0000] {dagbag.py:541} INFO - Filling up the DagBag from /home/airflow/.local/lib/python3.7/site-packages/airflow/example_dags/example_params_trigger_ui.py
[2023-07-31T19:51:35.144+0000] {processor.py:836} INFO - DAG(s) dict_keys(['example_params_trigger_ui']) retrieved from /home/airflow/.local/lib/python3.7/site-packages/airflow/example_dags/example_params_trigger_ui.py
[2023-07-31T19:51:35.324+0000] {logging_mixin.py:150} INFO - [2023-07-31T19:51:35.323+0000] {dag.py:2742} INFO - Sync 1 DAGs
[2023-07-31T19:51:35.369+0000] {logging_mixin.py:150} INFO - [2023-07-31T19:51:35.369+0000] {dag.py:3508} INFO - Setting next_dagrun for example_params_trigger_ui to None, run_after=None
[2023-07-31T19:51:35.407+0000] {processor.py:179} INFO - Processing /home/airflow/.local/lib/python3.7/site-packages/airflow/example_dags/example_params_trigger_ui.py took 0.314 seconds
[2023-07-31T19:52:06.328+0000] {processor.py:157} INFO - Started process (PID=291) to work on /home/airflow/.local/lib/python3.7/site-packages/airflow/example_dags/example_params_trigger_ui.py
[2023-07-31T19:52:06.329+0000] {processor.py:826} INFO - Processing file /home/airflow/.local/lib/python3.7/site-packages/airflow/example_dags/example_params_trigger_ui.py for tasks to queue
[2023-07-31T19:52:06.330+0000] {logging_mixin.py:150} INFO - [2023-07-31T19:52:06.330+0000] {dagbag.py:541} INFO - Filling up the DagBag from /home/airflow/.local/lib/python3.7/site-packages/airflow/example_dags/example_params_trigger_ui.py
[2023-07-31T19:52:06.357+0000] {processor.py:836} INFO - DAG(s) dict_keys(['example_params_trigger_ui']) retrieved from /home/airflow/.local/lib/python3.7/site-packages/airflow/example_dags/example_params_trigger_ui.py
[2023-07-31T19:52:06.473+0000] {logging_mixin.py:150} INFO - [2023-07-31T19:52:06.473+0000] {dag.py:2742} INFO - Sync 1 DAGs
[2023-07-31T19:52:06.501+0000] {logging_mixin.py:150} INFO - [2023-07-31T19:52:06.500+0000] {dag.py:3508} INFO - Setting next_dagrun for example_params_trigger_ui to None, run_after=None
[2023-07-31T19:52:06.526+0000] {processor.py:179} INFO - Processing /home/airflow/.local/lib/python3.7/site-packages/airflow/example_dags/example_params_trigger_ui.py took 0.202 seconds
[2023-07-31T19:52:36.772+0000] {processor.py:157} INFO - Started process (PID=352) to work on /home/airflow/.local/lib/python3.7/site-packages/airflow/example_dags/example_params_trigger_ui.py
[2023-07-31T19:52:36.775+0000] {processor.py:826} INFO - Processing file /home/airflow/.local/lib/python3.7/site-packages/airflow/example_dags/example_params_trigger_ui.py for tasks to queue
[2023-07-31T19:52:36.776+0000] {logging_mixin.py:150} INFO - [2023-07-31T19:52:36.776+0000] {dagbag.py:541} INFO - Filling up the DagBag from /home/airflow/.local/lib/python3.7/site-packages/airflow/example_dags/example_params_trigger_ui.py
[2023-07-31T19:52:36.802+0000] {processor.py:836} INFO - DAG(s) dict_keys(['example_params_trigger_ui']) retrieved from /home/airflow/.local/lib/python3.7/site-packages/airflow/example_dags/example_params_trigger_ui.py
[2023-07-31T19:52:36.921+0000] {logging_mixin.py:150} INFO - [2023-07-31T19:52:36.921+0000] {dag.py:2742} INFO - Sync 1 DAGs
[2023-07-31T19:52:36.954+0000] {logging_mixin.py:150} INFO - [2023-07-31T19:52:36.954+0000] {dag.py:3508} INFO - Setting next_dagrun for example_params_trigger_ui to None, run_after=None
[2023-07-31T19:52:36.986+0000] {processor.py:179} INFO - Processing /home/airflow/.local/lib/python3.7/site-packages/airflow/example_dags/example_params_trigger_ui.py took 0.217 seconds
[2023-07-31T19:53:07.049+0000] {processor.py:157} INFO - Started process (PID=414) to work on /home/airflow/.local/lib/python3.7/site-packages/airflow/example_dags/example_params_trigger_ui.py
[2023-07-31T19:53:07.050+0000] {processor.py:826} INFO - Processing file /home/airflow/.local/lib/python3.7/site-packages/airflow/example_dags/example_params_trigger_ui.py for tasks to queue
[2023-07-31T19:53:07.050+0000] {logging_mixin.py:150} INFO - [2023-07-31T19:53:07.050+0000] {dagbag.py:541} INFO - Filling up the DagBag from /home/airflow/.local/lib/python3.7/site-packages/airflow/example_dags/example_params_trigger_ui.py
[2023-07-31T19:53:07.093+0000] {processor.py:836} INFO - DAG(s) dict_keys(['example_params_trigger_ui']) retrieved from /home/airflow/.local/lib/python3.7/site-packages/airflow/example_dags/example_params_trigger_ui.py
[2023-07-31T19:53:07.311+0000] {logging_mixin.py:150} INFO - [2023-07-31T19:53:07.311+0000] {dag.py:2742} INFO - Sync 1 DAGs
[2023-07-31T19:53:07.386+0000] {logging_mixin.py:150} INFO - [2023-07-31T19:53:07.385+0000] {dag.py:3508} INFO - Setting next_dagrun for example_params_trigger_ui to None, run_after=None
[2023-07-31T19:53:07.439+0000] {processor.py:179} INFO - Processing /home/airflow/.local/lib/python3.7/site-packages/airflow/example_dags/example_params_trigger_ui.py took 0.393 seconds
[2023-07-31T19:53:37.519+0000] {processor.py:157} INFO - Started process (PID=474) to work on /home/airflow/.local/lib/python3.7/site-packages/airflow/example_dags/example_params_trigger_ui.py
[2023-07-31T19:53:37.520+0000] {processor.py:826} INFO - Processing file /home/airflow/.local/lib/python3.7/site-packages/airflow/example_dags/example_params_trigger_ui.py for tasks to queue
[2023-07-31T19:53:37.521+0000] {logging_mixin.py:150} INFO - [2023-07-31T19:53:37.521+0000] {dagbag.py:541} INFO - Filling up the DagBag from /home/airflow/.local/lib/python3.7/site-packages/airflow/example_dags/example_params_trigger_ui.py
[2023-07-31T19:53:37.567+0000] {processor.py:836} INFO - DAG(s) dict_keys(['example_params_trigger_ui']) retrieved from /home/airflow/.local/lib/python3.7/site-packages/airflow/example_dags/example_params_trigger_ui.py
[2023-07-31T19:53:37.730+0000] {logging_mixin.py:150} INFO - [2023-07-31T19:53:37.730+0000] {dag.py:2742} INFO - Sync 1 DAGs
[2023-07-31T19:53:37.769+0000] {logging_mixin.py:150} INFO - [2023-07-31T19:53:37.769+0000] {dag.py:3508} INFO - Setting next_dagrun for example_params_trigger_ui to None, run_after=None
[2023-07-31T19:53:37.802+0000] {processor.py:179} INFO - Processing /home/airflow/.local/lib/python3.7/site-packages/airflow/example_dags/example_params_trigger_ui.py took 0.288 seconds
[2023-07-31T19:54:07.949+0000] {processor.py:157} INFO - Started process (PID=535) to work on /home/airflow/.local/lib/python3.7/site-packages/airflow/example_dags/example_params_trigger_ui.py
[2023-07-31T19:54:07.954+0000] {processor.py:826} INFO - Processing file /home/airflow/.local/lib/python3.7/site-packages/airflow/example_dags/example_params_trigger_ui.py for tasks to queue
[2023-07-31T19:54:07.955+0000] {logging_mixin.py:150} INFO - [2023-07-31T19:54:07.955+0000] {dagbag.py:541} INFO - Filling up the DagBag from /home/airflow/.local/lib/python3.7/site-packages/airflow/example_dags/example_params_trigger_ui.py
[2023-07-31T19:54:07.980+0000] {processor.py:836} INFO - DAG(s) dict_keys(['example_params_trigger_ui']) retrieved from /home/airflow/.local/lib/python3.7/site-packages/airflow/example_dags/example_params_trigger_ui.py
[2023-07-31T19:54:08.124+0000] {logging_mixin.py:150} INFO - [2023-07-31T19:54:08.124+0000] {dag.py:2742} INFO - Sync 1 DAGs
[2023-07-31T19:54:08.162+0000] {logging_mixin.py:150} INFO - [2023-07-31T19:54:08.162+0000] {dag.py:3508} INFO - Setting next_dagrun for example_params_trigger_ui to None, run_after=None
[2023-07-31T19:54:08.194+0000] {processor.py:179} INFO - Processing /home/airflow/.local/lib/python3.7/site-packages/airflow/example_dags/example_params_trigger_ui.py took 0.248 seconds
[2023-07-31T19:54:38.226+0000] {processor.py:157} INFO - Started process (PID=596) to work on /home/airflow/.local/lib/python3.7/site-packages/airflow/example_dags/example_params_trigger_ui.py
[2023-07-31T19:54:38.234+0000] {processor.py:826} INFO - Processing file /home/airflow/.local/lib/python3.7/site-packages/airflow/example_dags/example_params_trigger_ui.py for tasks to queue
[2023-07-31T19:54:38.235+0000] {logging_mixin.py:150} INFO - [2023-07-31T19:54:38.235+0000] {dagbag.py:541} INFO - Filling up the DagBag from /home/airflow/.local/lib/python3.7/site-packages/airflow/example_dags/example_params_trigger_ui.py
[2023-07-31T19:54:38.269+0000] {processor.py:836} INFO - DAG(s) dict_keys(['example_params_trigger_ui']) retrieved from /home/airflow/.local/lib/python3.7/site-packages/airflow/example_dags/example_params_trigger_ui.py
[2023-07-31T19:54:38.400+0000] {logging_mixin.py:150} INFO - [2023-07-31T19:54:38.400+0000] {dag.py:2742} INFO - Sync 1 DAGs
[2023-07-31T19:54:38.439+0000] {logging_mixin.py:150} INFO - [2023-07-31T19:54:38.439+0000] {dag.py:3508} INFO - Setting next_dagrun for example_params_trigger_ui to None, run_after=None
[2023-07-31T19:54:38.466+0000] {processor.py:179} INFO - Processing /home/airflow/.local/lib/python3.7/site-packages/airflow/example_dags/example_params_trigger_ui.py took 0.244 seconds
[2023-07-31T19:55:08.490+0000] {processor.py:157} INFO - Started process (PID=657) to work on /home/airflow/.local/lib/python3.7/site-packages/airflow/example_dags/example_params_trigger_ui.py
[2023-07-31T19:55:08.494+0000] {processor.py:826} INFO - Processing file /home/airflow/.local/lib/python3.7/site-packages/airflow/example_dags/example_params_trigger_ui.py for tasks to queue
[2023-07-31T19:55:08.495+0000] {logging_mixin.py:150} INFO - [2023-07-31T19:55:08.495+0000] {dagbag.py:541} INFO - Filling up the DagBag from /home/airflow/.local/lib/python3.7/site-packages/airflow/example_dags/example_params_trigger_ui.py
[2023-07-31T19:55:08.524+0000] {processor.py:836} INFO - DAG(s) dict_keys(['example_params_trigger_ui']) retrieved from /home/airflow/.local/lib/python3.7/site-packages/airflow/example_dags/example_params_trigger_ui.py
[2023-07-31T19:55:08.638+0000] {logging_mixin.py:150} INFO - [2023-07-31T19:55:08.638+0000] {dag.py:2742} INFO - Sync 1 DAGs
[2023-07-31T19:55:08.663+0000] {logging_mixin.py:150} INFO - [2023-07-31T19:55:08.663+0000] {dag.py:3508} INFO - Setting next_dagrun for example_params_trigger_ui to None, run_after=None
[2023-07-31T19:55:08.689+0000] {processor.py:179} INFO - Processing /home/airflow/.local/lib/python3.7/site-packages/airflow/example_dags/example_params_trigger_ui.py took 0.203 seconds
[2023-07-31T19:55:39.014+0000] {processor.py:157} INFO - Started process (PID=718) to work on /home/airflow/.local/lib/python3.7/site-packages/airflow/example_dags/example_params_trigger_ui.py
[2023-07-31T19:55:39.018+0000] {processor.py:826} INFO - Processing file /home/airflow/.local/lib/python3.7/site-packages/airflow/example_dags/example_params_trigger_ui.py for tasks to queue
[2023-07-31T19:55:39.019+0000] {logging_mixin.py:150} INFO - [2023-07-31T19:55:39.018+0000] {dagbag.py:541} INFO - Filling up the DagBag from /home/airflow/.local/lib/python3.7/site-packages/airflow/example_dags/example_params_trigger_ui.py
[2023-07-31T19:55:39.047+0000] {processor.py:836} INFO - DAG(s) dict_keys(['example_params_trigger_ui']) retrieved from /home/airflow/.local/lib/python3.7/site-packages/airflow/example_dags/example_params_trigger_ui.py
[2023-07-31T19:55:39.172+0000] {logging_mixin.py:150} INFO - [2023-07-31T19:55:39.171+0000] {dag.py:2742} INFO - Sync 1 DAGs
[2023-07-31T19:55:39.207+0000] {logging_mixin.py:150} INFO - [2023-07-31T19:55:39.207+0000] {dag.py:3508} INFO - Setting next_dagrun for example_params_trigger_ui to None, run_after=None
[2023-07-31T19:55:39.234+0000] {processor.py:179} INFO - Processing /home/airflow/.local/lib/python3.7/site-packages/airflow/example_dags/example_params_trigger_ui.py took 0.225 seconds
[2023-07-31T19:56:09.404+0000] {processor.py:157} INFO - Started process (PID=779) to work on /home/airflow/.local/lib/python3.7/site-packages/airflow/example_dags/example_params_trigger_ui.py
[2023-07-31T19:56:09.405+0000] {processor.py:826} INFO - Processing file /home/airflow/.local/lib/python3.7/site-packages/airflow/example_dags/example_params_trigger_ui.py for tasks to queue
[2023-07-31T19:56:09.406+0000] {logging_mixin.py:150} INFO - [2023-07-31T19:56:09.405+0000] {dagbag.py:541} INFO - Filling up the DagBag from /home/airflow/.local/lib/python3.7/site-packages/airflow/example_dags/example_params_trigger_ui.py
[2023-07-31T19:56:09.427+0000] {processor.py:836} INFO - DAG(s) dict_keys(['example_params_trigger_ui']) retrieved from /home/airflow/.local/lib/python3.7/site-packages/airflow/example_dags/example_params_trigger_ui.py
[2023-07-31T19:56:09.533+0000] {logging_mixin.py:150} INFO - [2023-07-31T19:56:09.532+0000] {dag.py:2742} INFO - Sync 1 DAGs
[2023-07-31T19:56:09.561+0000] {logging_mixin.py:150} INFO - [2023-07-31T19:56:09.561+0000] {dag.py:3508} INFO - Setting next_dagrun for example_params_trigger_ui to None, run_after=None
[2023-07-31T19:56:09.582+0000] {processor.py:179} INFO - Processing /home/airflow/.local/lib/python3.7/site-packages/airflow/example_dags/example_params_trigger_ui.py took 0.182 seconds
[2023-07-31T19:56:39.781+0000] {processor.py:157} INFO - Started process (PID=840) to work on /home/airflow/.local/lib/python3.7/site-packages/airflow/example_dags/example_params_trigger_ui.py
[2023-07-31T19:56:39.785+0000] {processor.py:826} INFO - Processing file /home/airflow/.local/lib/python3.7/site-packages/airflow/example_dags/example_params_trigger_ui.py for tasks to queue
[2023-07-31T19:56:39.786+0000] {logging_mixin.py:150} INFO - [2023-07-31T19:56:39.785+0000] {dagbag.py:541} INFO - Filling up the DagBag from /home/airflow/.local/lib/python3.7/site-packages/airflow/example_dags/example_params_trigger_ui.py
[2023-07-31T19:56:39.812+0000] {processor.py:836} INFO - DAG(s) dict_keys(['example_params_trigger_ui']) retrieved from /home/airflow/.local/lib/python3.7/site-packages/airflow/example_dags/example_params_trigger_ui.py
[2023-07-31T19:56:39.933+0000] {logging_mixin.py:150} INFO - [2023-07-31T19:56:39.933+0000] {dag.py:2742} INFO - Sync 1 DAGs
[2023-07-31T19:56:39.963+0000] {logging_mixin.py:150} INFO - [2023-07-31T19:56:39.963+0000] {dag.py:3508} INFO - Setting next_dagrun for example_params_trigger_ui to None, run_after=None
[2023-07-31T19:56:39.988+0000] {processor.py:179} INFO - Processing /home/airflow/.local/lib/python3.7/site-packages/airflow/example_dags/example_params_trigger_ui.py took 0.211 seconds
[2023-07-31T19:57:10.245+0000] {processor.py:157} INFO - Started process (PID=901) to work on /home/airflow/.local/lib/python3.7/site-packages/airflow/example_dags/example_params_trigger_ui.py
[2023-07-31T19:57:10.246+0000] {processor.py:826} INFO - Processing file /home/airflow/.local/lib/python3.7/site-packages/airflow/example_dags/example_params_trigger_ui.py for tasks to queue
[2023-07-31T19:57:10.247+0000] {logging_mixin.py:150} INFO - [2023-07-31T19:57:10.247+0000] {dagbag.py:541} INFO - Filling up the DagBag from /home/airflow/.local/lib/python3.7/site-packages/airflow/example_dags/example_params_trigger_ui.py
[2023-07-31T19:57:10.275+0000] {processor.py:836} INFO - DAG(s) dict_keys(['example_params_trigger_ui']) retrieved from /home/airflow/.local/lib/python3.7/site-packages/airflow/example_dags/example_params_trigger_ui.py
[2023-07-31T19:57:10.381+0000] {logging_mixin.py:150} INFO - [2023-07-31T19:57:10.381+0000] {dag.py:2742} INFO - Sync 1 DAGs
[2023-07-31T19:57:10.412+0000] {logging_mixin.py:150} INFO - [2023-07-31T19:57:10.412+0000] {dag.py:3508} INFO - Setting next_dagrun for example_params_trigger_ui to None, run_after=None
[2023-07-31T19:57:10.436+0000] {processor.py:179} INFO - Processing /home/airflow/.local/lib/python3.7/site-packages/airflow/example_dags/example_params_trigger_ui.py took 0.193 seconds
[2023-07-31T19:57:40.971+0000] {processor.py:157} INFO - Started process (PID=962) to work on /home/airflow/.local/lib/python3.7/site-packages/airflow/example_dags/example_params_trigger_ui.py
[2023-07-31T19:57:40.974+0000] {processor.py:826} INFO - Processing file /home/airflow/.local/lib/python3.7/site-packages/airflow/example_dags/example_params_trigger_ui.py for tasks to queue
[2023-07-31T19:57:40.975+0000] {logging_mixin.py:150} INFO - [2023-07-31T19:57:40.975+0000] {dagbag.py:541} INFO - Filling up the DagBag from /home/airflow/.local/lib/python3.7/site-packages/airflow/example_dags/example_params_trigger_ui.py
[2023-07-31T19:57:41.017+0000] {processor.py:836} INFO - DAG(s) dict_keys(['example_params_trigger_ui']) retrieved from /home/airflow/.local/lib/python3.7/site-packages/airflow/example_dags/example_params_trigger_ui.py
[2023-07-31T19:57:41.206+0000] {logging_mixin.py:150} INFO - [2023-07-31T19:57:41.206+0000] {dag.py:2742} INFO - Sync 1 DAGs
[2023-07-31T19:57:41.261+0000] {logging_mixin.py:150} INFO - [2023-07-31T19:57:41.261+0000] {dag.py:3508} INFO - Setting next_dagrun for example_params_trigger_ui to None, run_after=None
[2023-07-31T19:57:41.295+0000] {processor.py:179} INFO - Processing /home/airflow/.local/lib/python3.7/site-packages/airflow/example_dags/example_params_trigger_ui.py took 0.328 seconds
[2023-07-31T19:58:12.204+0000] {processor.py:157} INFO - Started process (PID=1024) to work on /home/airflow/.local/lib/python3.7/site-packages/airflow/example_dags/example_params_trigger_ui.py
[2023-07-31T19:58:12.204+0000] {processor.py:826} INFO - Processing file /home/airflow/.local/lib/python3.7/site-packages/airflow/example_dags/example_params_trigger_ui.py for tasks to queue
[2023-07-31T19:58:12.205+0000] {logging_mixin.py:150} INFO - [2023-07-31T19:58:12.205+0000] {dagbag.py:541} INFO - Filling up the DagBag from /home/airflow/.local/lib/python3.7/site-packages/airflow/example_dags/example_params_trigger_ui.py
[2023-07-31T19:58:12.227+0000] {processor.py:836} INFO - DAG(s) dict_keys(['example_params_trigger_ui']) retrieved from /home/airflow/.local/lib/python3.7/site-packages/airflow/example_dags/example_params_trigger_ui.py
[2023-07-31T19:58:12.331+0000] {logging_mixin.py:150} INFO - [2023-07-31T19:58:12.330+0000] {dag.py:2742} INFO - Sync 1 DAGs
[2023-07-31T19:58:12.359+0000] {logging_mixin.py:150} INFO - [2023-07-31T19:58:12.359+0000] {dag.py:3508} INFO - Setting next_dagrun for example_params_trigger_ui to None, run_after=None
[2023-07-31T19:58:12.381+0000] {processor.py:179} INFO - Processing /home/airflow/.local/lib/python3.7/site-packages/airflow/example_dags/example_params_trigger_ui.py took 0.183 seconds
[2023-07-31T19:58:42.796+0000] {processor.py:157} INFO - Started process (PID=1085) to work on /home/airflow/.local/lib/python3.7/site-packages/airflow/example_dags/example_params_trigger_ui.py
[2023-07-31T19:58:42.800+0000] {processor.py:826} INFO - Processing file /home/airflow/.local/lib/python3.7/site-packages/airflow/example_dags/example_params_trigger_ui.py for tasks to queue
[2023-07-31T19:58:42.801+0000] {logging_mixin.py:150} INFO - [2023-07-31T19:58:42.801+0000] {dagbag.py:541} INFO - Filling up the DagBag from /home/airflow/.local/lib/python3.7/site-packages/airflow/example_dags/example_params_trigger_ui.py
[2023-07-31T19:58:42.847+0000] {processor.py:836} INFO - DAG(s) dict_keys(['example_params_trigger_ui']) retrieved from /home/airflow/.local/lib/python3.7/site-packages/airflow/example_dags/example_params_trigger_ui.py
[2023-07-31T19:58:43.039+0000] {logging_mixin.py:150} INFO - [2023-07-31T19:58:43.038+0000] {dag.py:2742} INFO - Sync 1 DAGs
[2023-07-31T19:58:43.097+0000] {logging_mixin.py:150} INFO - [2023-07-31T19:58:43.097+0000] {dag.py:3508} INFO - Setting next_dagrun for example_params_trigger_ui to None, run_after=None
[2023-07-31T19:58:43.135+0000] {processor.py:179} INFO - Processing /home/airflow/.local/lib/python3.7/site-packages/airflow/example_dags/example_params_trigger_ui.py took 0.347 seconds
[2023-07-31T20:00:57.292+0000] {processor.py:157} INFO - Started process (PID=47) to work on /home/airflow/.local/lib/python3.7/site-packages/airflow/example_dags/example_params_trigger_ui.py
[2023-07-31T20:00:57.294+0000] {processor.py:826} INFO - Processing file /home/airflow/.local/lib/python3.7/site-packages/airflow/example_dags/example_params_trigger_ui.py for tasks to queue
[2023-07-31T20:00:57.295+0000] {logging_mixin.py:150} INFO - [2023-07-31T20:00:57.294+0000] {dagbag.py:541} INFO - Filling up the DagBag from /home/airflow/.local/lib/python3.7/site-packages/airflow/example_dags/example_params_trigger_ui.py
[2023-07-31T20:00:57.441+0000] {processor.py:836} INFO - DAG(s) dict_keys(['example_params_trigger_ui']) retrieved from /home/airflow/.local/lib/python3.7/site-packages/airflow/example_dags/example_params_trigger_ui.py
[2023-07-31T20:00:57.572+0000] {logging_mixin.py:150} INFO - [2023-07-31T20:00:57.572+0000] {dag.py:2742} INFO - Sync 1 DAGs
[2023-07-31T20:00:57.599+0000] {logging_mixin.py:150} INFO - [2023-07-31T20:00:57.599+0000] {dag.py:3508} INFO - Setting next_dagrun for example_params_trigger_ui to None, run_after=None
[2023-07-31T20:00:57.620+0000] {processor.py:179} INFO - Processing /home/airflow/.local/lib/python3.7/site-packages/airflow/example_dags/example_params_trigger_ui.py took 0.331 seconds
[2023-07-31T20:01:27.930+0000] {processor.py:157} INFO - Started process (PID=110) to work on /home/airflow/.local/lib/python3.7/site-packages/airflow/example_dags/example_params_trigger_ui.py
[2023-07-31T20:01:27.931+0000] {processor.py:826} INFO - Processing file /home/airflow/.local/lib/python3.7/site-packages/airflow/example_dags/example_params_trigger_ui.py for tasks to queue
[2023-07-31T20:01:27.931+0000] {logging_mixin.py:150} INFO - [2023-07-31T20:01:27.931+0000] {dagbag.py:541} INFO - Filling up the DagBag from /home/airflow/.local/lib/python3.7/site-packages/airflow/example_dags/example_params_trigger_ui.py
[2023-07-31T20:01:27.951+0000] {processor.py:836} INFO - DAG(s) dict_keys(['example_params_trigger_ui']) retrieved from /home/airflow/.local/lib/python3.7/site-packages/airflow/example_dags/example_params_trigger_ui.py
[2023-07-31T20:01:28.037+0000] {logging_mixin.py:150} INFO - [2023-07-31T20:01:28.036+0000] {dag.py:2742} INFO - Sync 1 DAGs
[2023-07-31T20:01:28.061+0000] {logging_mixin.py:150} INFO - [2023-07-31T20:01:28.061+0000] {dag.py:3508} INFO - Setting next_dagrun for example_params_trigger_ui to None, run_after=None
[2023-07-31T20:01:28.080+0000] {processor.py:179} INFO - Processing /home/airflow/.local/lib/python3.7/site-packages/airflow/example_dags/example_params_trigger_ui.py took 0.152 seconds
[2023-07-31T20:01:58.367+0000] {processor.py:157} INFO - Started process (PID=171) to work on /home/airflow/.local/lib/python3.7/site-packages/airflow/example_dags/example_params_trigger_ui.py
[2023-07-31T20:01:58.368+0000] {processor.py:826} INFO - Processing file /home/airflow/.local/lib/python3.7/site-packages/airflow/example_dags/example_params_trigger_ui.py for tasks to queue
[2023-07-31T20:01:58.368+0000] {logging_mixin.py:150} INFO - [2023-07-31T20:01:58.368+0000] {dagbag.py:541} INFO - Filling up the DagBag from /home/airflow/.local/lib/python3.7/site-packages/airflow/example_dags/example_params_trigger_ui.py
[2023-07-31T20:01:58.388+0000] {processor.py:836} INFO - DAG(s) dict_keys(['example_params_trigger_ui']) retrieved from /home/airflow/.local/lib/python3.7/site-packages/airflow/example_dags/example_params_trigger_ui.py
[2023-07-31T20:01:58.488+0000] {logging_mixin.py:150} INFO - [2023-07-31T20:01:58.488+0000] {dag.py:2742} INFO - Sync 1 DAGs
[2023-07-31T20:01:58.513+0000] {logging_mixin.py:150} INFO - [2023-07-31T20:01:58.513+0000] {dag.py:3508} INFO - Setting next_dagrun for example_params_trigger_ui to None, run_after=None
[2023-07-31T20:01:58.539+0000] {processor.py:179} INFO - Processing /home/airflow/.local/lib/python3.7/site-packages/airflow/example_dags/example_params_trigger_ui.py took 0.175 seconds
