[2023-07-31T19:50:06.046+0000] {processor.py:157} INFO - Started process (PID=65) to work on /home/airflow/.local/lib/python3.7/site-packages/airflow/example_dags/example_local_kubernetes_executor.py
[2023-07-31T19:50:06.046+0000] {processor.py:826} INFO - Processing file /home/airflow/.local/lib/python3.7/site-packages/airflow/example_dags/example_local_kubernetes_executor.py for tasks to queue
[2023-07-31T19:50:06.047+0000] {logging_mixin.py:150} INFO - [2023-07-31T19:50:06.047+0000] {dagbag.py:541} INFO - Filling up the DagBag from /home/airflow/.local/lib/python3.7/site-packages/airflow/example_dags/example_local_kubernetes_executor.py
[2023-07-31T19:50:06.654+0000] {processor.py:836} INFO - DAG(s) dict_keys(['example_local_kubernetes_executor']) retrieved from /home/airflow/.local/lib/python3.7/site-packages/airflow/example_dags/example_local_kubernetes_executor.py
[2023-07-31T19:50:06.890+0000] {logging_mixin.py:150} INFO - [2023-07-31T19:50:06.889+0000] {manager.py:504} INFO - Created Permission View: can delete on DAG:example_local_kubernetes_executor
[2023-07-31T19:50:06.920+0000] {logging_mixin.py:150} INFO - [2023-07-31T19:50:06.919+0000] {manager.py:504} INFO - Created Permission View: can edit on DAG:example_local_kubernetes_executor
[2023-07-31T19:50:06.929+0000] {logging_mixin.py:150} INFO - [2023-07-31T19:50:06.929+0000] {manager.py:504} INFO - Created Permission View: can read on DAG:example_local_kubernetes_executor
[2023-07-31T19:50:06.960+0000] {logging_mixin.py:150} INFO - [2023-07-31T19:50:06.960+0000] {dag.py:2742} INFO - Sync 1 DAGs
[2023-07-31T19:50:06.983+0000] {logging_mixin.py:150} INFO - [2023-07-31T19:50:06.983+0000] {dag.py:2763} INFO - Creating ORM DAG for example_local_kubernetes_executor
[2023-07-31T19:50:07.003+0000] {logging_mixin.py:150} INFO - [2023-07-31T19:50:07.003+0000] {dag.py:3508} INFO - Setting next_dagrun for example_local_kubernetes_executor to None, run_after=None
[2023-07-31T19:50:07.041+0000] {processor.py:179} INFO - Processing /home/airflow/.local/lib/python3.7/site-packages/airflow/example_dags/example_local_kubernetes_executor.py took 0.999 seconds
[2023-07-31T19:50:37.509+0000] {processor.py:157} INFO - Started process (PID=126) to work on /home/airflow/.local/lib/python3.7/site-packages/airflow/example_dags/example_local_kubernetes_executor.py
[2023-07-31T19:50:37.514+0000] {processor.py:826} INFO - Processing file /home/airflow/.local/lib/python3.7/site-packages/airflow/example_dags/example_local_kubernetes_executor.py for tasks to queue
[2023-07-31T19:50:37.516+0000] {logging_mixin.py:150} INFO - [2023-07-31T19:50:37.515+0000] {dagbag.py:541} INFO - Filling up the DagBag from /home/airflow/.local/lib/python3.7/site-packages/airflow/example_dags/example_local_kubernetes_executor.py
[2023-07-31T19:50:37.802+0000] {processor.py:836} INFO - DAG(s) dict_keys(['example_local_kubernetes_executor']) retrieved from /home/airflow/.local/lib/python3.7/site-packages/airflow/example_dags/example_local_kubernetes_executor.py
[2023-07-31T19:50:37.847+0000] {logging_mixin.py:150} INFO - [2023-07-31T19:50:37.847+0000] {dag.py:2742} INFO - Sync 1 DAGs
[2023-07-31T19:50:37.892+0000] {logging_mixin.py:150} INFO - [2023-07-31T19:50:37.892+0000] {dag.py:3508} INFO - Setting next_dagrun for example_local_kubernetes_executor to None, run_after=None
[2023-07-31T19:50:37.925+0000] {processor.py:179} INFO - Processing /home/airflow/.local/lib/python3.7/site-packages/airflow/example_dags/example_local_kubernetes_executor.py took 0.420 seconds
[2023-07-31T19:51:08.009+0000] {processor.py:157} INFO - Started process (PID=189) to work on /home/airflow/.local/lib/python3.7/site-packages/airflow/example_dags/example_local_kubernetes_executor.py
[2023-07-31T19:51:08.010+0000] {processor.py:826} INFO - Processing file /home/airflow/.local/lib/python3.7/site-packages/airflow/example_dags/example_local_kubernetes_executor.py for tasks to queue
[2023-07-31T19:51:08.010+0000] {logging_mixin.py:150} INFO - [2023-07-31T19:51:08.010+0000] {dagbag.py:541} INFO - Filling up the DagBag from /home/airflow/.local/lib/python3.7/site-packages/airflow/example_dags/example_local_kubernetes_executor.py
[2023-07-31T19:51:08.356+0000] {processor.py:836} INFO - DAG(s) dict_keys(['example_local_kubernetes_executor']) retrieved from /home/airflow/.local/lib/python3.7/site-packages/airflow/example_dags/example_local_kubernetes_executor.py
[2023-07-31T19:51:08.408+0000] {logging_mixin.py:150} INFO - [2023-07-31T19:51:08.408+0000] {dag.py:2742} INFO - Sync 1 DAGs
[2023-07-31T19:51:08.455+0000] {logging_mixin.py:150} INFO - [2023-07-31T19:51:08.455+0000] {dag.py:3508} INFO - Setting next_dagrun for example_local_kubernetes_executor to None, run_after=None
[2023-07-31T19:51:08.495+0000] {processor.py:179} INFO - Processing /home/airflow/.local/lib/python3.7/site-packages/airflow/example_dags/example_local_kubernetes_executor.py took 0.489 seconds
[2023-07-31T19:51:39.038+0000] {processor.py:157} INFO - Started process (PID=249) to work on /home/airflow/.local/lib/python3.7/site-packages/airflow/example_dags/example_local_kubernetes_executor.py
[2023-07-31T19:51:39.042+0000] {processor.py:826} INFO - Processing file /home/airflow/.local/lib/python3.7/site-packages/airflow/example_dags/example_local_kubernetes_executor.py for tasks to queue
[2023-07-31T19:51:39.044+0000] {logging_mixin.py:150} INFO - [2023-07-31T19:51:39.044+0000] {dagbag.py:541} INFO - Filling up the DagBag from /home/airflow/.local/lib/python3.7/site-packages/airflow/example_dags/example_local_kubernetes_executor.py
[2023-07-31T19:51:39.301+0000] {processor.py:836} INFO - DAG(s) dict_keys(['example_local_kubernetes_executor']) retrieved from /home/airflow/.local/lib/python3.7/site-packages/airflow/example_dags/example_local_kubernetes_executor.py
[2023-07-31T19:51:39.347+0000] {logging_mixin.py:150} INFO - [2023-07-31T19:51:39.347+0000] {dag.py:2742} INFO - Sync 1 DAGs
[2023-07-31T19:51:39.384+0000] {logging_mixin.py:150} INFO - [2023-07-31T19:51:39.384+0000] {dag.py:3508} INFO - Setting next_dagrun for example_local_kubernetes_executor to None, run_after=None
[2023-07-31T19:51:39.417+0000] {processor.py:179} INFO - Processing /home/airflow/.local/lib/python3.7/site-packages/airflow/example_dags/example_local_kubernetes_executor.py took 0.382 seconds
[2023-07-31T19:52:09.848+0000] {processor.py:157} INFO - Started process (PID=310) to work on /home/airflow/.local/lib/python3.7/site-packages/airflow/example_dags/example_local_kubernetes_executor.py
[2023-07-31T19:52:09.850+0000] {processor.py:826} INFO - Processing file /home/airflow/.local/lib/python3.7/site-packages/airflow/example_dags/example_local_kubernetes_executor.py for tasks to queue
[2023-07-31T19:52:09.851+0000] {logging_mixin.py:150} INFO - [2023-07-31T19:52:09.851+0000] {dagbag.py:541} INFO - Filling up the DagBag from /home/airflow/.local/lib/python3.7/site-packages/airflow/example_dags/example_local_kubernetes_executor.py
[2023-07-31T19:52:10.059+0000] {processor.py:836} INFO - DAG(s) dict_keys(['example_local_kubernetes_executor']) retrieved from /home/airflow/.local/lib/python3.7/site-packages/airflow/example_dags/example_local_kubernetes_executor.py
[2023-07-31T19:52:10.093+0000] {logging_mixin.py:150} INFO - [2023-07-31T19:52:10.092+0000] {dag.py:2742} INFO - Sync 1 DAGs
[2023-07-31T19:52:10.123+0000] {logging_mixin.py:150} INFO - [2023-07-31T19:52:10.122+0000] {dag.py:3508} INFO - Setting next_dagrun for example_local_kubernetes_executor to None, run_after=None
[2023-07-31T19:52:10.150+0000] {processor.py:179} INFO - Processing /home/airflow/.local/lib/python3.7/site-packages/airflow/example_dags/example_local_kubernetes_executor.py took 0.304 seconds
[2023-07-31T19:52:40.287+0000] {processor.py:157} INFO - Started process (PID=371) to work on /home/airflow/.local/lib/python3.7/site-packages/airflow/example_dags/example_local_kubernetes_executor.py
[2023-07-31T19:52:40.292+0000] {processor.py:826} INFO - Processing file /home/airflow/.local/lib/python3.7/site-packages/airflow/example_dags/example_local_kubernetes_executor.py for tasks to queue
[2023-07-31T19:52:40.294+0000] {logging_mixin.py:150} INFO - [2023-07-31T19:52:40.293+0000] {dagbag.py:541} INFO - Filling up the DagBag from /home/airflow/.local/lib/python3.7/site-packages/airflow/example_dags/example_local_kubernetes_executor.py
[2023-07-31T19:52:40.527+0000] {processor.py:836} INFO - DAG(s) dict_keys(['example_local_kubernetes_executor']) retrieved from /home/airflow/.local/lib/python3.7/site-packages/airflow/example_dags/example_local_kubernetes_executor.py
[2023-07-31T19:52:40.578+0000] {logging_mixin.py:150} INFO - [2023-07-31T19:52:40.578+0000] {dag.py:2742} INFO - Sync 1 DAGs
[2023-07-31T19:52:40.617+0000] {logging_mixin.py:150} INFO - [2023-07-31T19:52:40.617+0000] {dag.py:3508} INFO - Setting next_dagrun for example_local_kubernetes_executor to None, run_after=None
[2023-07-31T19:52:40.649+0000] {processor.py:179} INFO - Processing /home/airflow/.local/lib/python3.7/site-packages/airflow/example_dags/example_local_kubernetes_executor.py took 0.365 seconds
[2023-07-31T19:53:11.008+0000] {processor.py:157} INFO - Started process (PID=432) to work on /home/airflow/.local/lib/python3.7/site-packages/airflow/example_dags/example_local_kubernetes_executor.py
[2023-07-31T19:53:11.009+0000] {processor.py:826} INFO - Processing file /home/airflow/.local/lib/python3.7/site-packages/airflow/example_dags/example_local_kubernetes_executor.py for tasks to queue
[2023-07-31T19:53:11.010+0000] {logging_mixin.py:150} INFO - [2023-07-31T19:53:11.009+0000] {dagbag.py:541} INFO - Filling up the DagBag from /home/airflow/.local/lib/python3.7/site-packages/airflow/example_dags/example_local_kubernetes_executor.py
[2023-07-31T19:53:11.266+0000] {processor.py:836} INFO - DAG(s) dict_keys(['example_local_kubernetes_executor']) retrieved from /home/airflow/.local/lib/python3.7/site-packages/airflow/example_dags/example_local_kubernetes_executor.py
[2023-07-31T19:53:11.308+0000] {logging_mixin.py:150} INFO - [2023-07-31T19:53:11.307+0000] {dag.py:2742} INFO - Sync 1 DAGs
[2023-07-31T19:53:11.346+0000] {logging_mixin.py:150} INFO - [2023-07-31T19:53:11.345+0000] {dag.py:3508} INFO - Setting next_dagrun for example_local_kubernetes_executor to None, run_after=None
[2023-07-31T19:53:11.372+0000] {processor.py:179} INFO - Processing /home/airflow/.local/lib/python3.7/site-packages/airflow/example_dags/example_local_kubernetes_executor.py took 0.367 seconds
[2023-07-31T19:53:41.976+0000] {processor.py:157} INFO - Started process (PID=493) to work on /home/airflow/.local/lib/python3.7/site-packages/airflow/example_dags/example_local_kubernetes_executor.py
[2023-07-31T19:53:41.979+0000] {processor.py:826} INFO - Processing file /home/airflow/.local/lib/python3.7/site-packages/airflow/example_dags/example_local_kubernetes_executor.py for tasks to queue
[2023-07-31T19:53:41.981+0000] {logging_mixin.py:150} INFO - [2023-07-31T19:53:41.980+0000] {dagbag.py:541} INFO - Filling up the DagBag from /home/airflow/.local/lib/python3.7/site-packages/airflow/example_dags/example_local_kubernetes_executor.py
[2023-07-31T19:53:42.269+0000] {processor.py:836} INFO - DAG(s) dict_keys(['example_local_kubernetes_executor']) retrieved from /home/airflow/.local/lib/python3.7/site-packages/airflow/example_dags/example_local_kubernetes_executor.py
[2023-07-31T19:53:42.317+0000] {logging_mixin.py:150} INFO - [2023-07-31T19:53:42.317+0000] {dag.py:2742} INFO - Sync 1 DAGs
[2023-07-31T19:53:42.355+0000] {logging_mixin.py:150} INFO - [2023-07-31T19:53:42.354+0000] {dag.py:3508} INFO - Setting next_dagrun for example_local_kubernetes_executor to None, run_after=None
[2023-07-31T19:53:42.385+0000] {processor.py:179} INFO - Processing /home/airflow/.local/lib/python3.7/site-packages/airflow/example_dags/example_local_kubernetes_executor.py took 0.414 seconds
[2023-07-31T19:54:12.552+0000] {processor.py:157} INFO - Started process (PID=556) to work on /home/airflow/.local/lib/python3.7/site-packages/airflow/example_dags/example_local_kubernetes_executor.py
[2023-07-31T19:54:12.553+0000] {processor.py:826} INFO - Processing file /home/airflow/.local/lib/python3.7/site-packages/airflow/example_dags/example_local_kubernetes_executor.py for tasks to queue
[2023-07-31T19:54:12.554+0000] {logging_mixin.py:150} INFO - [2023-07-31T19:54:12.553+0000] {dagbag.py:541} INFO - Filling up the DagBag from /home/airflow/.local/lib/python3.7/site-packages/airflow/example_dags/example_local_kubernetes_executor.py
[2023-07-31T19:54:12.918+0000] {processor.py:836} INFO - DAG(s) dict_keys(['example_local_kubernetes_executor']) retrieved from /home/airflow/.local/lib/python3.7/site-packages/airflow/example_dags/example_local_kubernetes_executor.py
[2023-07-31T19:54:12.968+0000] {logging_mixin.py:150} INFO - [2023-07-31T19:54:12.967+0000] {dag.py:2742} INFO - Sync 1 DAGs
[2023-07-31T19:54:13.008+0000] {logging_mixin.py:150} INFO - [2023-07-31T19:54:13.008+0000] {dag.py:3508} INFO - Setting next_dagrun for example_local_kubernetes_executor to None, run_after=None
[2023-07-31T19:54:13.039+0000] {processor.py:179} INFO - Processing /home/airflow/.local/lib/python3.7/site-packages/airflow/example_dags/example_local_kubernetes_executor.py took 0.494 seconds
[2023-07-31T19:54:43.597+0000] {processor.py:157} INFO - Started process (PID=624) to work on /home/airflow/.local/lib/python3.7/site-packages/airflow/example_dags/example_local_kubernetes_executor.py
[2023-07-31T19:54:43.598+0000] {processor.py:826} INFO - Processing file /home/airflow/.local/lib/python3.7/site-packages/airflow/example_dags/example_local_kubernetes_executor.py for tasks to queue
[2023-07-31T19:54:43.599+0000] {logging_mixin.py:150} INFO - [2023-07-31T19:54:43.599+0000] {dagbag.py:541} INFO - Filling up the DagBag from /home/airflow/.local/lib/python3.7/site-packages/airflow/example_dags/example_local_kubernetes_executor.py
[2023-07-31T19:54:43.827+0000] {processor.py:836} INFO - DAG(s) dict_keys(['example_local_kubernetes_executor']) retrieved from /home/airflow/.local/lib/python3.7/site-packages/airflow/example_dags/example_local_kubernetes_executor.py
[2023-07-31T19:54:43.865+0000] {logging_mixin.py:150} INFO - [2023-07-31T19:54:43.865+0000] {dag.py:2742} INFO - Sync 1 DAGs
[2023-07-31T19:54:43.895+0000] {logging_mixin.py:150} INFO - [2023-07-31T19:54:43.895+0000] {dag.py:3508} INFO - Setting next_dagrun for example_local_kubernetes_executor to None, run_after=None
[2023-07-31T19:54:43.916+0000] {processor.py:179} INFO - Processing /home/airflow/.local/lib/python3.7/site-packages/airflow/example_dags/example_local_kubernetes_executor.py took 0.322 seconds
[2023-07-31T19:55:14.022+0000] {processor.py:157} INFO - Started process (PID=686) to work on /home/airflow/.local/lib/python3.7/site-packages/airflow/example_dags/example_local_kubernetes_executor.py
[2023-07-31T19:55:14.023+0000] {processor.py:826} INFO - Processing file /home/airflow/.local/lib/python3.7/site-packages/airflow/example_dags/example_local_kubernetes_executor.py for tasks to queue
[2023-07-31T19:55:14.024+0000] {logging_mixin.py:150} INFO - [2023-07-31T19:55:14.023+0000] {dagbag.py:541} INFO - Filling up the DagBag from /home/airflow/.local/lib/python3.7/site-packages/airflow/example_dags/example_local_kubernetes_executor.py
[2023-07-31T19:55:14.284+0000] {processor.py:836} INFO - DAG(s) dict_keys(['example_local_kubernetes_executor']) retrieved from /home/airflow/.local/lib/python3.7/site-packages/airflow/example_dags/example_local_kubernetes_executor.py
[2023-07-31T19:55:14.335+0000] {logging_mixin.py:150} INFO - [2023-07-31T19:55:14.334+0000] {dag.py:2742} INFO - Sync 1 DAGs
[2023-07-31T19:55:14.373+0000] {logging_mixin.py:150} INFO - [2023-07-31T19:55:14.373+0000] {dag.py:3508} INFO - Setting next_dagrun for example_local_kubernetes_executor to None, run_after=None
[2023-07-31T19:55:14.405+0000] {processor.py:179} INFO - Processing /home/airflow/.local/lib/python3.7/site-packages/airflow/example_dags/example_local_kubernetes_executor.py took 0.387 seconds
[2023-07-31T19:55:44.433+0000] {processor.py:157} INFO - Started process (PID=747) to work on /home/airflow/.local/lib/python3.7/site-packages/airflow/example_dags/example_local_kubernetes_executor.py
[2023-07-31T19:55:44.434+0000] {processor.py:826} INFO - Processing file /home/airflow/.local/lib/python3.7/site-packages/airflow/example_dags/example_local_kubernetes_executor.py for tasks to queue
[2023-07-31T19:55:44.434+0000] {logging_mixin.py:150} INFO - [2023-07-31T19:55:44.434+0000] {dagbag.py:541} INFO - Filling up the DagBag from /home/airflow/.local/lib/python3.7/site-packages/airflow/example_dags/example_local_kubernetes_executor.py
[2023-07-31T19:55:44.648+0000] {processor.py:836} INFO - DAG(s) dict_keys(['example_local_kubernetes_executor']) retrieved from /home/airflow/.local/lib/python3.7/site-packages/airflow/example_dags/example_local_kubernetes_executor.py
[2023-07-31T19:55:44.768+0000] {logging_mixin.py:150} INFO - [2023-07-31T19:55:44.767+0000] {dag.py:2742} INFO - Sync 1 DAGs
[2023-07-31T19:55:44.797+0000] {logging_mixin.py:150} INFO - [2023-07-31T19:55:44.797+0000] {dag.py:3508} INFO - Setting next_dagrun for example_local_kubernetes_executor to None, run_after=None
[2023-07-31T19:55:44.823+0000] {processor.py:179} INFO - Processing /home/airflow/.local/lib/python3.7/site-packages/airflow/example_dags/example_local_kubernetes_executor.py took 0.394 seconds
[2023-07-31T19:56:15.701+0000] {processor.py:157} INFO - Started process (PID=808) to work on /home/airflow/.local/lib/python3.7/site-packages/airflow/example_dags/example_local_kubernetes_executor.py
[2023-07-31T19:56:15.702+0000] {processor.py:826} INFO - Processing file /home/airflow/.local/lib/python3.7/site-packages/airflow/example_dags/example_local_kubernetes_executor.py for tasks to queue
[2023-07-31T19:56:15.702+0000] {logging_mixin.py:150} INFO - [2023-07-31T19:56:15.702+0000] {dagbag.py:541} INFO - Filling up the DagBag from /home/airflow/.local/lib/python3.7/site-packages/airflow/example_dags/example_local_kubernetes_executor.py
[2023-07-31T19:56:15.909+0000] {processor.py:836} INFO - DAG(s) dict_keys(['example_local_kubernetes_executor']) retrieved from /home/airflow/.local/lib/python3.7/site-packages/airflow/example_dags/example_local_kubernetes_executor.py
[2023-07-31T19:56:15.943+0000] {logging_mixin.py:150} INFO - [2023-07-31T19:56:15.943+0000] {dag.py:2742} INFO - Sync 1 DAGs
[2023-07-31T19:56:15.971+0000] {logging_mixin.py:150} INFO - [2023-07-31T19:56:15.971+0000] {dag.py:3508} INFO - Setting next_dagrun for example_local_kubernetes_executor to None, run_after=None
[2023-07-31T19:56:15.993+0000] {processor.py:179} INFO - Processing /home/airflow/.local/lib/python3.7/site-packages/airflow/example_dags/example_local_kubernetes_executor.py took 0.296 seconds
[2023-07-31T19:56:46.127+0000] {processor.py:157} INFO - Started process (PID=872) to work on /home/airflow/.local/lib/python3.7/site-packages/airflow/example_dags/example_local_kubernetes_executor.py
[2023-07-31T19:56:46.128+0000] {processor.py:826} INFO - Processing file /home/airflow/.local/lib/python3.7/site-packages/airflow/example_dags/example_local_kubernetes_executor.py for tasks to queue
[2023-07-31T19:56:46.129+0000] {logging_mixin.py:150} INFO - [2023-07-31T19:56:46.129+0000] {dagbag.py:541} INFO - Filling up the DagBag from /home/airflow/.local/lib/python3.7/site-packages/airflow/example_dags/example_local_kubernetes_executor.py
[2023-07-31T19:56:46.343+0000] {processor.py:836} INFO - DAG(s) dict_keys(['example_local_kubernetes_executor']) retrieved from /home/airflow/.local/lib/python3.7/site-packages/airflow/example_dags/example_local_kubernetes_executor.py
[2023-07-31T19:56:46.377+0000] {logging_mixin.py:150} INFO - [2023-07-31T19:56:46.376+0000] {dag.py:2742} INFO - Sync 1 DAGs
[2023-07-31T19:56:46.403+0000] {logging_mixin.py:150} INFO - [2023-07-31T19:56:46.403+0000] {dag.py:3508} INFO - Setting next_dagrun for example_local_kubernetes_executor to None, run_after=None
[2023-07-31T19:56:46.429+0000] {processor.py:179} INFO - Processing /home/airflow/.local/lib/python3.7/site-packages/airflow/example_dags/example_local_kubernetes_executor.py took 0.305 seconds
[2023-07-31T19:57:16.461+0000] {processor.py:157} INFO - Started process (PID=930) to work on /home/airflow/.local/lib/python3.7/site-packages/airflow/example_dags/example_local_kubernetes_executor.py
[2023-07-31T19:57:16.462+0000] {processor.py:826} INFO - Processing file /home/airflow/.local/lib/python3.7/site-packages/airflow/example_dags/example_local_kubernetes_executor.py for tasks to queue
[2023-07-31T19:57:16.462+0000] {logging_mixin.py:150} INFO - [2023-07-31T19:57:16.462+0000] {dagbag.py:541} INFO - Filling up the DagBag from /home/airflow/.local/lib/python3.7/site-packages/airflow/example_dags/example_local_kubernetes_executor.py
[2023-07-31T19:57:16.721+0000] {processor.py:836} INFO - DAG(s) dict_keys(['example_local_kubernetes_executor']) retrieved from /home/airflow/.local/lib/python3.7/site-packages/airflow/example_dags/example_local_kubernetes_executor.py
[2023-07-31T19:57:16.760+0000] {logging_mixin.py:150} INFO - [2023-07-31T19:57:16.760+0000] {dag.py:2742} INFO - Sync 1 DAGs
[2023-07-31T19:57:16.791+0000] {logging_mixin.py:150} INFO - [2023-07-31T19:57:16.790+0000] {dag.py:3508} INFO - Setting next_dagrun for example_local_kubernetes_executor to None, run_after=None
[2023-07-31T19:57:16.819+0000] {processor.py:179} INFO - Processing /home/airflow/.local/lib/python3.7/site-packages/airflow/example_dags/example_local_kubernetes_executor.py took 0.360 seconds
[2023-07-31T19:57:46.915+0000] {processor.py:157} INFO - Started process (PID=991) to work on /home/airflow/.local/lib/python3.7/site-packages/airflow/example_dags/example_local_kubernetes_executor.py
[2023-07-31T19:57:46.917+0000] {processor.py:826} INFO - Processing file /home/airflow/.local/lib/python3.7/site-packages/airflow/example_dags/example_local_kubernetes_executor.py for tasks to queue
[2023-07-31T19:57:46.919+0000] {logging_mixin.py:150} INFO - [2023-07-31T19:57:46.918+0000] {dagbag.py:541} INFO - Filling up the DagBag from /home/airflow/.local/lib/python3.7/site-packages/airflow/example_dags/example_local_kubernetes_executor.py
[2023-07-31T19:57:47.645+0000] {processor.py:836} INFO - DAG(s) dict_keys(['example_local_kubernetes_executor']) retrieved from /home/airflow/.local/lib/python3.7/site-packages/airflow/example_dags/example_local_kubernetes_executor.py
[2023-07-31T19:57:47.720+0000] {logging_mixin.py:150} INFO - [2023-07-31T19:57:47.719+0000] {dag.py:2742} INFO - Sync 1 DAGs
[2023-07-31T19:57:47.784+0000] {logging_mixin.py:150} INFO - [2023-07-31T19:57:47.784+0000] {dag.py:3508} INFO - Setting next_dagrun for example_local_kubernetes_executor to None, run_after=None
[2023-07-31T19:57:47.824+0000] {processor.py:179} INFO - Processing /home/airflow/.local/lib/python3.7/site-packages/airflow/example_dags/example_local_kubernetes_executor.py took 0.939 seconds
[2023-07-31T19:58:17.860+0000] {processor.py:157} INFO - Started process (PID=1056) to work on /home/airflow/.local/lib/python3.7/site-packages/airflow/example_dags/example_local_kubernetes_executor.py
[2023-07-31T19:58:17.861+0000] {processor.py:826} INFO - Processing file /home/airflow/.local/lib/python3.7/site-packages/airflow/example_dags/example_local_kubernetes_executor.py for tasks to queue
[2023-07-31T19:58:17.862+0000] {logging_mixin.py:150} INFO - [2023-07-31T19:58:17.862+0000] {dagbag.py:541} INFO - Filling up the DagBag from /home/airflow/.local/lib/python3.7/site-packages/airflow/example_dags/example_local_kubernetes_executor.py
[2023-07-31T19:58:18.154+0000] {processor.py:836} INFO - DAG(s) dict_keys(['example_local_kubernetes_executor']) retrieved from /home/airflow/.local/lib/python3.7/site-packages/airflow/example_dags/example_local_kubernetes_executor.py
[2023-07-31T19:58:18.211+0000] {logging_mixin.py:150} INFO - [2023-07-31T19:58:18.211+0000] {dag.py:2742} INFO - Sync 1 DAGs
[2023-07-31T19:58:18.255+0000] {logging_mixin.py:150} INFO - [2023-07-31T19:58:18.254+0000] {dag.py:3508} INFO - Setting next_dagrun for example_local_kubernetes_executor to None, run_after=None
[2023-07-31T19:58:18.289+0000] {processor.py:179} INFO - Processing /home/airflow/.local/lib/python3.7/site-packages/airflow/example_dags/example_local_kubernetes_executor.py took 0.432 seconds
[2023-07-31T19:58:49.017+0000] {processor.py:157} INFO - Started process (PID=1117) to work on /home/airflow/.local/lib/python3.7/site-packages/airflow/example_dags/example_local_kubernetes_executor.py
[2023-07-31T19:58:49.021+0000] {processor.py:826} INFO - Processing file /home/airflow/.local/lib/python3.7/site-packages/airflow/example_dags/example_local_kubernetes_executor.py for tasks to queue
[2023-07-31T19:58:49.022+0000] {logging_mixin.py:150} INFO - [2023-07-31T19:58:49.022+0000] {dagbag.py:541} INFO - Filling up the DagBag from /home/airflow/.local/lib/python3.7/site-packages/airflow/example_dags/example_local_kubernetes_executor.py
[2023-07-31T19:58:49.245+0000] {processor.py:836} INFO - DAG(s) dict_keys(['example_local_kubernetes_executor']) retrieved from /home/airflow/.local/lib/python3.7/site-packages/airflow/example_dags/example_local_kubernetes_executor.py
[2023-07-31T19:58:49.291+0000] {logging_mixin.py:150} INFO - [2023-07-31T19:58:49.290+0000] {dag.py:2742} INFO - Sync 1 DAGs
[2023-07-31T19:58:49.323+0000] {logging_mixin.py:150} INFO - [2023-07-31T19:58:49.323+0000] {dag.py:3508} INFO - Setting next_dagrun for example_local_kubernetes_executor to None, run_after=None
[2023-07-31T19:58:49.346+0000] {processor.py:179} INFO - Processing /home/airflow/.local/lib/python3.7/site-packages/airflow/example_dags/example_local_kubernetes_executor.py took 0.333 seconds
[2023-07-31T20:00:59.778+0000] {processor.py:157} INFO - Started process (PID=66) to work on /home/airflow/.local/lib/python3.7/site-packages/airflow/example_dags/example_local_kubernetes_executor.py
[2023-07-31T20:00:59.780+0000] {processor.py:826} INFO - Processing file /home/airflow/.local/lib/python3.7/site-packages/airflow/example_dags/example_local_kubernetes_executor.py for tasks to queue
[2023-07-31T20:00:59.780+0000] {logging_mixin.py:150} INFO - [2023-07-31T20:00:59.780+0000] {dagbag.py:541} INFO - Filling up the DagBag from /home/airflow/.local/lib/python3.7/site-packages/airflow/example_dags/example_local_kubernetes_executor.py
[2023-07-31T20:01:00.283+0000] {processor.py:836} INFO - DAG(s) dict_keys(['example_local_kubernetes_executor']) retrieved from /home/airflow/.local/lib/python3.7/site-packages/airflow/example_dags/example_local_kubernetes_executor.py
[2023-07-31T20:01:00.330+0000] {logging_mixin.py:150} INFO - [2023-07-31T20:01:00.329+0000] {dag.py:2742} INFO - Sync 1 DAGs
[2023-07-31T20:01:00.356+0000] {logging_mixin.py:150} INFO - [2023-07-31T20:01:00.356+0000] {dag.py:3508} INFO - Setting next_dagrun for example_local_kubernetes_executor to None, run_after=None
[2023-07-31T20:01:00.376+0000] {processor.py:179} INFO - Processing /home/airflow/.local/lib/python3.7/site-packages/airflow/example_dags/example_local_kubernetes_executor.py took 0.601 seconds
[2023-07-31T20:01:31.060+0000] {processor.py:157} INFO - Started process (PID=128) to work on /home/airflow/.local/lib/python3.7/site-packages/airflow/example_dags/example_local_kubernetes_executor.py
[2023-07-31T20:01:31.063+0000] {processor.py:826} INFO - Processing file /home/airflow/.local/lib/python3.7/site-packages/airflow/example_dags/example_local_kubernetes_executor.py for tasks to queue
[2023-07-31T20:01:31.064+0000] {logging_mixin.py:150} INFO - [2023-07-31T20:01:31.064+0000] {dagbag.py:541} INFO - Filling up the DagBag from /home/airflow/.local/lib/python3.7/site-packages/airflow/example_dags/example_local_kubernetes_executor.py
[2023-07-31T20:01:31.261+0000] {processor.py:836} INFO - DAG(s) dict_keys(['example_local_kubernetes_executor']) retrieved from /home/airflow/.local/lib/python3.7/site-packages/airflow/example_dags/example_local_kubernetes_executor.py
[2023-07-31T20:01:31.293+0000] {logging_mixin.py:150} INFO - [2023-07-31T20:01:31.293+0000] {dag.py:2742} INFO - Sync 1 DAGs
[2023-07-31T20:01:31.316+0000] {logging_mixin.py:150} INFO - [2023-07-31T20:01:31.316+0000] {dag.py:3508} INFO - Setting next_dagrun for example_local_kubernetes_executor to None, run_after=None
[2023-07-31T20:01:31.338+0000] {processor.py:179} INFO - Processing /home/airflow/.local/lib/python3.7/site-packages/airflow/example_dags/example_local_kubernetes_executor.py took 0.281 seconds
[2023-07-31T20:02:01.446+0000] {processor.py:157} INFO - Started process (PID=190) to work on /home/airflow/.local/lib/python3.7/site-packages/airflow/example_dags/example_local_kubernetes_executor.py
[2023-07-31T20:02:01.447+0000] {processor.py:826} INFO - Processing file /home/airflow/.local/lib/python3.7/site-packages/airflow/example_dags/example_local_kubernetes_executor.py for tasks to queue
[2023-07-31T20:02:01.448+0000] {logging_mixin.py:150} INFO - [2023-07-31T20:02:01.447+0000] {dagbag.py:541} INFO - Filling up the DagBag from /home/airflow/.local/lib/python3.7/site-packages/airflow/example_dags/example_local_kubernetes_executor.py
[2023-07-31T20:02:01.631+0000] {processor.py:836} INFO - DAG(s) dict_keys(['example_local_kubernetes_executor']) retrieved from /home/airflow/.local/lib/python3.7/site-packages/airflow/example_dags/example_local_kubernetes_executor.py
[2023-07-31T20:02:01.667+0000] {logging_mixin.py:150} INFO - [2023-07-31T20:02:01.666+0000] {dag.py:2742} INFO - Sync 1 DAGs
[2023-07-31T20:02:01.692+0000] {logging_mixin.py:150} INFO - [2023-07-31T20:02:01.692+0000] {dag.py:3508} INFO - Setting next_dagrun for example_local_kubernetes_executor to None, run_after=None
[2023-07-31T20:02:01.710+0000] {processor.py:179} INFO - Processing /home/airflow/.local/lib/python3.7/site-packages/airflow/example_dags/example_local_kubernetes_executor.py took 0.266 seconds
