[2023-07-31T19:50:00.427+0000] {processor.py:157} INFO - Started process (PID=40) to work on /home/airflow/.local/lib/python3.7/site-packages/airflow/example_dags/example_dag_decorator.py
[2023-07-31T19:50:00.437+0000] {processor.py:826} INFO - Processing file /home/airflow/.local/lib/python3.7/site-packages/airflow/example_dags/example_dag_decorator.py for tasks to queue
[2023-07-31T19:50:00.439+0000] {logging_mixin.py:150} INFO - [2023-07-31T19:50:00.438+0000] {dagbag.py:541} INFO - Filling up the DagBag from /home/airflow/.local/lib/python3.7/site-packages/airflow/example_dags/example_dag_decorator.py
[2023-07-31T19:50:00.503+0000] {processor.py:836} INFO - DAG(s) dict_keys(['example_dag_decorator']) retrieved from /home/airflow/.local/lib/python3.7/site-packages/airflow/example_dags/example_dag_decorator.py
[2023-07-31T19:50:00.837+0000] {logging_mixin.py:150} INFO - [2023-07-31T19:50:00.837+0000] {manager.py:504} INFO - Created Permission View: can delete on DAG:example_dag_decorator
[2023-07-31T19:50:00.861+0000] {logging_mixin.py:150} INFO - [2023-07-31T19:50:00.860+0000] {manager.py:504} INFO - Created Permission View: can edit on DAG:example_dag_decorator
[2023-07-31T19:50:00.876+0000] {logging_mixin.py:150} INFO - [2023-07-31T19:50:00.876+0000] {manager.py:504} INFO - Created Permission View: can read on DAG:example_dag_decorator
[2023-07-31T19:50:00.927+0000] {logging_mixin.py:150} INFO - [2023-07-31T19:50:00.927+0000] {dag.py:2742} INFO - Sync 1 DAGs
[2023-07-31T19:50:00.953+0000] {logging_mixin.py:150} INFO - [2023-07-31T19:50:00.953+0000] {dag.py:2763} INFO - Creating ORM DAG for example_dag_decorator
[2023-07-31T19:50:00.983+0000] {logging_mixin.py:150} INFO - [2023-07-31T19:50:00.983+0000] {dag.py:3508} INFO - Setting next_dagrun for example_dag_decorator to None, run_after=None
[2023-07-31T19:50:01.018+0000] {processor.py:179} INFO - Processing /home/airflow/.local/lib/python3.7/site-packages/airflow/example_dags/example_dag_decorator.py took 0.600 seconds
[2023-07-31T19:50:31.245+0000] {processor.py:157} INFO - Started process (PID=101) to work on /home/airflow/.local/lib/python3.7/site-packages/airflow/example_dags/example_dag_decorator.py
[2023-07-31T19:50:31.247+0000] {processor.py:826} INFO - Processing file /home/airflow/.local/lib/python3.7/site-packages/airflow/example_dags/example_dag_decorator.py for tasks to queue
[2023-07-31T19:50:31.248+0000] {logging_mixin.py:150} INFO - [2023-07-31T19:50:31.248+0000] {dagbag.py:541} INFO - Filling up the DagBag from /home/airflow/.local/lib/python3.7/site-packages/airflow/example_dags/example_dag_decorator.py
[2023-07-31T19:50:31.281+0000] {processor.py:836} INFO - DAG(s) dict_keys(['example_dag_decorator']) retrieved from /home/airflow/.local/lib/python3.7/site-packages/airflow/example_dags/example_dag_decorator.py
[2023-07-31T19:50:31.337+0000] {logging_mixin.py:150} INFO - [2023-07-31T19:50:31.331+0000] {dag.py:2742} INFO - Sync 1 DAGs
[2023-07-31T19:50:31.391+0000] {logging_mixin.py:150} INFO - [2023-07-31T19:50:31.390+0000] {dag.py:3508} INFO - Setting next_dagrun for example_dag_decorator to None, run_after=None
[2023-07-31T19:50:31.426+0000] {processor.py:179} INFO - Processing /home/airflow/.local/lib/python3.7/site-packages/airflow/example_dags/example_dag_decorator.py took 0.185 seconds
[2023-07-31T19:51:02.006+0000] {processor.py:157} INFO - Started process (PID=162) to work on /home/airflow/.local/lib/python3.7/site-packages/airflow/example_dags/example_dag_decorator.py
[2023-07-31T19:51:02.007+0000] {processor.py:826} INFO - Processing file /home/airflow/.local/lib/python3.7/site-packages/airflow/example_dags/example_dag_decorator.py for tasks to queue
[2023-07-31T19:51:02.008+0000] {logging_mixin.py:150} INFO - [2023-07-31T19:51:02.008+0000] {dagbag.py:541} INFO - Filling up the DagBag from /home/airflow/.local/lib/python3.7/site-packages/airflow/example_dags/example_dag_decorator.py
[2023-07-31T19:51:02.032+0000] {processor.py:836} INFO - DAG(s) dict_keys(['example_dag_decorator']) retrieved from /home/airflow/.local/lib/python3.7/site-packages/airflow/example_dags/example_dag_decorator.py
[2023-07-31T19:51:02.073+0000] {logging_mixin.py:150} INFO - [2023-07-31T19:51:02.072+0000] {dag.py:2742} INFO - Sync 1 DAGs
[2023-07-31T19:51:02.104+0000] {logging_mixin.py:150} INFO - [2023-07-31T19:51:02.103+0000] {dag.py:3508} INFO - Setting next_dagrun for example_dag_decorator to None, run_after=None
[2023-07-31T19:51:02.151+0000] {processor.py:179} INFO - Processing /home/airflow/.local/lib/python3.7/site-packages/airflow/example_dags/example_dag_decorator.py took 0.148 seconds
[2023-07-31T19:51:32.455+0000] {processor.py:157} INFO - Started process (PID=221) to work on /home/airflow/.local/lib/python3.7/site-packages/airflow/example_dags/example_dag_decorator.py
[2023-07-31T19:51:32.456+0000] {processor.py:826} INFO - Processing file /home/airflow/.local/lib/python3.7/site-packages/airflow/example_dags/example_dag_decorator.py for tasks to queue
[2023-07-31T19:51:32.457+0000] {logging_mixin.py:150} INFO - [2023-07-31T19:51:32.456+0000] {dagbag.py:541} INFO - Filling up the DagBag from /home/airflow/.local/lib/python3.7/site-packages/airflow/example_dags/example_dag_decorator.py
[2023-07-31T19:51:32.472+0000] {processor.py:836} INFO - DAG(s) dict_keys(['example_dag_decorator']) retrieved from /home/airflow/.local/lib/python3.7/site-packages/airflow/example_dags/example_dag_decorator.py
[2023-07-31T19:51:32.504+0000] {logging_mixin.py:150} INFO - [2023-07-31T19:51:32.504+0000] {dag.py:2742} INFO - Sync 1 DAGs
[2023-07-31T19:51:32.537+0000] {logging_mixin.py:150} INFO - [2023-07-31T19:51:32.537+0000] {dag.py:3508} INFO - Setting next_dagrun for example_dag_decorator to None, run_after=None
[2023-07-31T19:51:32.561+0000] {processor.py:179} INFO - Processing /home/airflow/.local/lib/python3.7/site-packages/airflow/example_dags/example_dag_decorator.py took 0.108 seconds
[2023-07-31T19:52:02.696+0000] {processor.py:157} INFO - Started process (PID=282) to work on /home/airflow/.local/lib/python3.7/site-packages/airflow/example_dags/example_dag_decorator.py
[2023-07-31T19:52:02.697+0000] {processor.py:826} INFO - Processing file /home/airflow/.local/lib/python3.7/site-packages/airflow/example_dags/example_dag_decorator.py for tasks to queue
[2023-07-31T19:52:02.698+0000] {logging_mixin.py:150} INFO - [2023-07-31T19:52:02.698+0000] {dagbag.py:541} INFO - Filling up the DagBag from /home/airflow/.local/lib/python3.7/site-packages/airflow/example_dags/example_dag_decorator.py
[2023-07-31T19:52:02.713+0000] {processor.py:836} INFO - DAG(s) dict_keys(['example_dag_decorator']) retrieved from /home/airflow/.local/lib/python3.7/site-packages/airflow/example_dags/example_dag_decorator.py
[2023-07-31T19:52:02.744+0000] {logging_mixin.py:150} INFO - [2023-07-31T19:52:02.744+0000] {dag.py:2742} INFO - Sync 1 DAGs
[2023-07-31T19:52:02.770+0000] {logging_mixin.py:150} INFO - [2023-07-31T19:52:02.770+0000] {dag.py:3508} INFO - Setting next_dagrun for example_dag_decorator to None, run_after=None
[2023-07-31T19:52:02.796+0000] {processor.py:179} INFO - Processing /home/airflow/.local/lib/python3.7/site-packages/airflow/example_dags/example_dag_decorator.py took 0.102 seconds
[2023-07-31T19:52:32.918+0000] {processor.py:157} INFO - Started process (PID=343) to work on /home/airflow/.local/lib/python3.7/site-packages/airflow/example_dags/example_dag_decorator.py
[2023-07-31T19:52:32.919+0000] {processor.py:826} INFO - Processing file /home/airflow/.local/lib/python3.7/site-packages/airflow/example_dags/example_dag_decorator.py for tasks to queue
[2023-07-31T19:52:32.920+0000] {logging_mixin.py:150} INFO - [2023-07-31T19:52:32.920+0000] {dagbag.py:541} INFO - Filling up the DagBag from /home/airflow/.local/lib/python3.7/site-packages/airflow/example_dags/example_dag_decorator.py
[2023-07-31T19:52:32.936+0000] {processor.py:836} INFO - DAG(s) dict_keys(['example_dag_decorator']) retrieved from /home/airflow/.local/lib/python3.7/site-packages/airflow/example_dags/example_dag_decorator.py
[2023-07-31T19:52:32.967+0000] {logging_mixin.py:150} INFO - [2023-07-31T19:52:32.967+0000] {dag.py:2742} INFO - Sync 1 DAGs
[2023-07-31T19:52:32.995+0000] {logging_mixin.py:150} INFO - [2023-07-31T19:52:32.995+0000] {dag.py:3508} INFO - Setting next_dagrun for example_dag_decorator to None, run_after=None
[2023-07-31T19:52:33.018+0000] {processor.py:179} INFO - Processing /home/airflow/.local/lib/python3.7/site-packages/airflow/example_dags/example_dag_decorator.py took 0.106 seconds
[2023-07-31T19:53:03.583+0000] {processor.py:157} INFO - Started process (PID=404) to work on /home/airflow/.local/lib/python3.7/site-packages/airflow/example_dags/example_dag_decorator.py
[2023-07-31T19:53:03.585+0000] {processor.py:826} INFO - Processing file /home/airflow/.local/lib/python3.7/site-packages/airflow/example_dags/example_dag_decorator.py for tasks to queue
[2023-07-31T19:53:03.586+0000] {logging_mixin.py:150} INFO - [2023-07-31T19:53:03.585+0000] {dagbag.py:541} INFO - Filling up the DagBag from /home/airflow/.local/lib/python3.7/site-packages/airflow/example_dags/example_dag_decorator.py
[2023-07-31T19:53:03.620+0000] {processor.py:836} INFO - DAG(s) dict_keys(['example_dag_decorator']) retrieved from /home/airflow/.local/lib/python3.7/site-packages/airflow/example_dags/example_dag_decorator.py
[2023-07-31T19:53:04.016+0000] {logging_mixin.py:150} INFO - [2023-07-31T19:53:04.016+0000] {dag.py:2742} INFO - Sync 1 DAGs
[2023-07-31T19:53:04.070+0000] {logging_mixin.py:150} INFO - [2023-07-31T19:53:04.069+0000] {dag.py:3508} INFO - Setting next_dagrun for example_dag_decorator to None, run_after=None
[2023-07-31T19:53:04.118+0000] {processor.py:179} INFO - Processing /home/airflow/.local/lib/python3.7/site-packages/airflow/example_dags/example_dag_decorator.py took 0.539 seconds
[2023-07-31T19:53:34.597+0000] {processor.py:157} INFO - Started process (PID=465) to work on /home/airflow/.local/lib/python3.7/site-packages/airflow/example_dags/example_dag_decorator.py
[2023-07-31T19:53:34.598+0000] {processor.py:826} INFO - Processing file /home/airflow/.local/lib/python3.7/site-packages/airflow/example_dags/example_dag_decorator.py for tasks to queue
[2023-07-31T19:53:34.599+0000] {logging_mixin.py:150} INFO - [2023-07-31T19:53:34.599+0000] {dagbag.py:541} INFO - Filling up the DagBag from /home/airflow/.local/lib/python3.7/site-packages/airflow/example_dags/example_dag_decorator.py
[2023-07-31T19:53:34.617+0000] {processor.py:836} INFO - DAG(s) dict_keys(['example_dag_decorator']) retrieved from /home/airflow/.local/lib/python3.7/site-packages/airflow/example_dags/example_dag_decorator.py
[2023-07-31T19:53:34.817+0000] {logging_mixin.py:150} INFO - [2023-07-31T19:53:34.817+0000] {dag.py:2742} INFO - Sync 1 DAGs
[2023-07-31T19:53:34.851+0000] {logging_mixin.py:150} INFO - [2023-07-31T19:53:34.850+0000] {dag.py:3508} INFO - Setting next_dagrun for example_dag_decorator to None, run_after=None
[2023-07-31T19:53:34.881+0000] {processor.py:179} INFO - Processing /home/airflow/.local/lib/python3.7/site-packages/airflow/example_dags/example_dag_decorator.py took 0.289 seconds
[2023-07-31T19:54:05.178+0000] {processor.py:157} INFO - Started process (PID=526) to work on /home/airflow/.local/lib/python3.7/site-packages/airflow/example_dags/example_dag_decorator.py
[2023-07-31T19:54:05.179+0000] {processor.py:826} INFO - Processing file /home/airflow/.local/lib/python3.7/site-packages/airflow/example_dags/example_dag_decorator.py for tasks to queue
[2023-07-31T19:54:05.180+0000] {logging_mixin.py:150} INFO - [2023-07-31T19:54:05.179+0000] {dagbag.py:541} INFO - Filling up the DagBag from /home/airflow/.local/lib/python3.7/site-packages/airflow/example_dags/example_dag_decorator.py
[2023-07-31T19:54:05.194+0000] {processor.py:836} INFO - DAG(s) dict_keys(['example_dag_decorator']) retrieved from /home/airflow/.local/lib/python3.7/site-packages/airflow/example_dags/example_dag_decorator.py
[2023-07-31T19:54:05.330+0000] {logging_mixin.py:150} INFO - [2023-07-31T19:54:05.330+0000] {dag.py:2742} INFO - Sync 1 DAGs
[2023-07-31T19:54:05.360+0000] {logging_mixin.py:150} INFO - [2023-07-31T19:54:05.360+0000] {dag.py:3508} INFO - Setting next_dagrun for example_dag_decorator to None, run_after=None
[2023-07-31T19:54:05.381+0000] {processor.py:179} INFO - Processing /home/airflow/.local/lib/python3.7/site-packages/airflow/example_dags/example_dag_decorator.py took 0.206 seconds
[2023-07-31T19:54:35.461+0000] {processor.py:157} INFO - Started process (PID=587) to work on /home/airflow/.local/lib/python3.7/site-packages/airflow/example_dags/example_dag_decorator.py
[2023-07-31T19:54:35.462+0000] {processor.py:826} INFO - Processing file /home/airflow/.local/lib/python3.7/site-packages/airflow/example_dags/example_dag_decorator.py for tasks to queue
[2023-07-31T19:54:35.464+0000] {logging_mixin.py:150} INFO - [2023-07-31T19:54:35.463+0000] {dagbag.py:541} INFO - Filling up the DagBag from /home/airflow/.local/lib/python3.7/site-packages/airflow/example_dags/example_dag_decorator.py
[2023-07-31T19:54:35.478+0000] {processor.py:836} INFO - DAG(s) dict_keys(['example_dag_decorator']) retrieved from /home/airflow/.local/lib/python3.7/site-packages/airflow/example_dags/example_dag_decorator.py
[2023-07-31T19:54:35.610+0000] {logging_mixin.py:150} INFO - [2023-07-31T19:54:35.610+0000] {dag.py:2742} INFO - Sync 1 DAGs
[2023-07-31T19:54:35.637+0000] {logging_mixin.py:150} INFO - [2023-07-31T19:54:35.637+0000] {dag.py:3508} INFO - Setting next_dagrun for example_dag_decorator to None, run_after=None
[2023-07-31T19:54:35.660+0000] {processor.py:179} INFO - Processing /home/airflow/.local/lib/python3.7/site-packages/airflow/example_dags/example_dag_decorator.py took 0.202 seconds
[2023-07-31T19:55:05.698+0000] {processor.py:157} INFO - Started process (PID=648) to work on /home/airflow/.local/lib/python3.7/site-packages/airflow/example_dags/example_dag_decorator.py
[2023-07-31T19:55:05.699+0000] {processor.py:826} INFO - Processing file /home/airflow/.local/lib/python3.7/site-packages/airflow/example_dags/example_dag_decorator.py for tasks to queue
[2023-07-31T19:55:05.700+0000] {logging_mixin.py:150} INFO - [2023-07-31T19:55:05.700+0000] {dagbag.py:541} INFO - Filling up the DagBag from /home/airflow/.local/lib/python3.7/site-packages/airflow/example_dags/example_dag_decorator.py
[2023-07-31T19:55:05.715+0000] {processor.py:836} INFO - DAG(s) dict_keys(['example_dag_decorator']) retrieved from /home/airflow/.local/lib/python3.7/site-packages/airflow/example_dags/example_dag_decorator.py
[2023-07-31T19:55:05.861+0000] {logging_mixin.py:150} INFO - [2023-07-31T19:55:05.861+0000] {dag.py:2742} INFO - Sync 1 DAGs
[2023-07-31T19:55:05.888+0000] {logging_mixin.py:150} INFO - [2023-07-31T19:55:05.887+0000] {dag.py:3508} INFO - Setting next_dagrun for example_dag_decorator to None, run_after=None
[2023-07-31T19:55:05.913+0000] {processor.py:179} INFO - Processing /home/airflow/.local/lib/python3.7/site-packages/airflow/example_dags/example_dag_decorator.py took 0.218 seconds
[2023-07-31T19:55:36.146+0000] {processor.py:157} INFO - Started process (PID=709) to work on /home/airflow/.local/lib/python3.7/site-packages/airflow/example_dags/example_dag_decorator.py
[2023-07-31T19:55:36.148+0000] {processor.py:826} INFO - Processing file /home/airflow/.local/lib/python3.7/site-packages/airflow/example_dags/example_dag_decorator.py for tasks to queue
[2023-07-31T19:55:36.149+0000] {logging_mixin.py:150} INFO - [2023-07-31T19:55:36.149+0000] {dagbag.py:541} INFO - Filling up the DagBag from /home/airflow/.local/lib/python3.7/site-packages/airflow/example_dags/example_dag_decorator.py
[2023-07-31T19:55:36.166+0000] {processor.py:836} INFO - DAG(s) dict_keys(['example_dag_decorator']) retrieved from /home/airflow/.local/lib/python3.7/site-packages/airflow/example_dags/example_dag_decorator.py
[2023-07-31T19:55:36.307+0000] {logging_mixin.py:150} INFO - [2023-07-31T19:55:36.306+0000] {dag.py:2742} INFO - Sync 1 DAGs
[2023-07-31T19:55:36.336+0000] {logging_mixin.py:150} INFO - [2023-07-31T19:55:36.336+0000] {dag.py:3508} INFO - Setting next_dagrun for example_dag_decorator to None, run_after=None
[2023-07-31T19:55:36.360+0000] {processor.py:179} INFO - Processing /home/airflow/.local/lib/python3.7/site-packages/airflow/example_dags/example_dag_decorator.py took 0.218 seconds
[2023-07-31T19:56:06.580+0000] {processor.py:157} INFO - Started process (PID=770) to work on /home/airflow/.local/lib/python3.7/site-packages/airflow/example_dags/example_dag_decorator.py
[2023-07-31T19:56:06.581+0000] {processor.py:826} INFO - Processing file /home/airflow/.local/lib/python3.7/site-packages/airflow/example_dags/example_dag_decorator.py for tasks to queue
[2023-07-31T19:56:06.582+0000] {logging_mixin.py:150} INFO - [2023-07-31T19:56:06.581+0000] {dagbag.py:541} INFO - Filling up the DagBag from /home/airflow/.local/lib/python3.7/site-packages/airflow/example_dags/example_dag_decorator.py
[2023-07-31T19:56:06.598+0000] {processor.py:836} INFO - DAG(s) dict_keys(['example_dag_decorator']) retrieved from /home/airflow/.local/lib/python3.7/site-packages/airflow/example_dags/example_dag_decorator.py
[2023-07-31T19:56:06.728+0000] {logging_mixin.py:150} INFO - [2023-07-31T19:56:06.728+0000] {dag.py:2742} INFO - Sync 1 DAGs
[2023-07-31T19:56:06.753+0000] {logging_mixin.py:150} INFO - [2023-07-31T19:56:06.752+0000] {dag.py:3508} INFO - Setting next_dagrun for example_dag_decorator to None, run_after=None
[2023-07-31T19:56:06.775+0000] {processor.py:179} INFO - Processing /home/airflow/.local/lib/python3.7/site-packages/airflow/example_dags/example_dag_decorator.py took 0.198 seconds
[2023-07-31T19:56:36.975+0000] {processor.py:157} INFO - Started process (PID=831) to work on /home/airflow/.local/lib/python3.7/site-packages/airflow/example_dags/example_dag_decorator.py
[2023-07-31T19:56:36.975+0000] {processor.py:826} INFO - Processing file /home/airflow/.local/lib/python3.7/site-packages/airflow/example_dags/example_dag_decorator.py for tasks to queue
[2023-07-31T19:56:36.976+0000] {logging_mixin.py:150} INFO - [2023-07-31T19:56:36.976+0000] {dagbag.py:541} INFO - Filling up the DagBag from /home/airflow/.local/lib/python3.7/site-packages/airflow/example_dags/example_dag_decorator.py
[2023-07-31T19:56:36.995+0000] {processor.py:836} INFO - DAG(s) dict_keys(['example_dag_decorator']) retrieved from /home/airflow/.local/lib/python3.7/site-packages/airflow/example_dags/example_dag_decorator.py
[2023-07-31T19:56:37.141+0000] {logging_mixin.py:150} INFO - [2023-07-31T19:56:37.141+0000] {dag.py:2742} INFO - Sync 1 DAGs
[2023-07-31T19:56:37.166+0000] {logging_mixin.py:150} INFO - [2023-07-31T19:56:37.166+0000] {dag.py:3508} INFO - Setting next_dagrun for example_dag_decorator to None, run_after=None
[2023-07-31T19:56:37.189+0000] {processor.py:179} INFO - Processing /home/airflow/.local/lib/python3.7/site-packages/airflow/example_dags/example_dag_decorator.py took 0.217 seconds
[2023-07-31T19:57:07.400+0000] {processor.py:157} INFO - Started process (PID=892) to work on /home/airflow/.local/lib/python3.7/site-packages/airflow/example_dags/example_dag_decorator.py
[2023-07-31T19:57:07.402+0000] {processor.py:826} INFO - Processing file /home/airflow/.local/lib/python3.7/site-packages/airflow/example_dags/example_dag_decorator.py for tasks to queue
[2023-07-31T19:57:07.402+0000] {logging_mixin.py:150} INFO - [2023-07-31T19:57:07.402+0000] {dagbag.py:541} INFO - Filling up the DagBag from /home/airflow/.local/lib/python3.7/site-packages/airflow/example_dags/example_dag_decorator.py
[2023-07-31T19:57:07.419+0000] {processor.py:836} INFO - DAG(s) dict_keys(['example_dag_decorator']) retrieved from /home/airflow/.local/lib/python3.7/site-packages/airflow/example_dags/example_dag_decorator.py
[2023-07-31T19:57:07.560+0000] {logging_mixin.py:150} INFO - [2023-07-31T19:57:07.560+0000] {dag.py:2742} INFO - Sync 1 DAGs
[2023-07-31T19:57:07.585+0000] {logging_mixin.py:150} INFO - [2023-07-31T19:57:07.584+0000] {dag.py:3508} INFO - Setting next_dagrun for example_dag_decorator to None, run_after=None
[2023-07-31T19:57:07.612+0000] {processor.py:179} INFO - Processing /home/airflow/.local/lib/python3.7/site-packages/airflow/example_dags/example_dag_decorator.py took 0.215 seconds
[2023-07-31T19:57:37.693+0000] {processor.py:157} INFO - Started process (PID=953) to work on /home/airflow/.local/lib/python3.7/site-packages/airflow/example_dags/example_dag_decorator.py
[2023-07-31T19:57:37.695+0000] {processor.py:826} INFO - Processing file /home/airflow/.local/lib/python3.7/site-packages/airflow/example_dags/example_dag_decorator.py for tasks to queue
[2023-07-31T19:57:37.696+0000] {logging_mixin.py:150} INFO - [2023-07-31T19:57:37.696+0000] {dagbag.py:541} INFO - Filling up the DagBag from /home/airflow/.local/lib/python3.7/site-packages/airflow/example_dags/example_dag_decorator.py
[2023-07-31T19:57:37.738+0000] {processor.py:836} INFO - DAG(s) dict_keys(['example_dag_decorator']) retrieved from /home/airflow/.local/lib/python3.7/site-packages/airflow/example_dags/example_dag_decorator.py
[2023-07-31T19:57:38.028+0000] {logging_mixin.py:150} INFO - [2023-07-31T19:57:38.028+0000] {dag.py:2742} INFO - Sync 1 DAGs
[2023-07-31T19:57:38.085+0000] {logging_mixin.py:150} INFO - [2023-07-31T19:57:38.085+0000] {dag.py:3508} INFO - Setting next_dagrun for example_dag_decorator to None, run_after=None
[2023-07-31T19:57:38.122+0000] {processor.py:179} INFO - Processing /home/airflow/.local/lib/python3.7/site-packages/airflow/example_dags/example_dag_decorator.py took 0.435 seconds
[2023-07-31T19:58:08.316+0000] {processor.py:157} INFO - Started process (PID=1014) to work on /home/airflow/.local/lib/python3.7/site-packages/airflow/example_dags/example_dag_decorator.py
[2023-07-31T19:58:08.317+0000] {processor.py:826} INFO - Processing file /home/airflow/.local/lib/python3.7/site-packages/airflow/example_dags/example_dag_decorator.py for tasks to queue
[2023-07-31T19:58:08.318+0000] {logging_mixin.py:150} INFO - [2023-07-31T19:58:08.318+0000] {dagbag.py:541} INFO - Filling up the DagBag from /home/airflow/.local/lib/python3.7/site-packages/airflow/example_dags/example_dag_decorator.py
[2023-07-31T19:58:08.334+0000] {processor.py:836} INFO - DAG(s) dict_keys(['example_dag_decorator']) retrieved from /home/airflow/.local/lib/python3.7/site-packages/airflow/example_dags/example_dag_decorator.py
[2023-07-31T19:58:08.480+0000] {logging_mixin.py:150} INFO - [2023-07-31T19:58:08.479+0000] {dag.py:2742} INFO - Sync 1 DAGs
[2023-07-31T19:58:08.509+0000] {logging_mixin.py:150} INFO - [2023-07-31T19:58:08.509+0000] {dag.py:3508} INFO - Setting next_dagrun for example_dag_decorator to None, run_after=None
[2023-07-31T19:58:08.537+0000] {processor.py:179} INFO - Processing /home/airflow/.local/lib/python3.7/site-packages/airflow/example_dags/example_dag_decorator.py took 0.224 seconds
[2023-07-31T19:58:38.770+0000] {processor.py:157} INFO - Started process (PID=1075) to work on /home/airflow/.local/lib/python3.7/site-packages/airflow/example_dags/example_dag_decorator.py
[2023-07-31T19:58:38.770+0000] {processor.py:826} INFO - Processing file /home/airflow/.local/lib/python3.7/site-packages/airflow/example_dags/example_dag_decorator.py for tasks to queue
[2023-07-31T19:58:38.771+0000] {logging_mixin.py:150} INFO - [2023-07-31T19:58:38.771+0000] {dagbag.py:541} INFO - Filling up the DagBag from /home/airflow/.local/lib/python3.7/site-packages/airflow/example_dags/example_dag_decorator.py
[2023-07-31T19:58:38.791+0000] {processor.py:836} INFO - DAG(s) dict_keys(['example_dag_decorator']) retrieved from /home/airflow/.local/lib/python3.7/site-packages/airflow/example_dags/example_dag_decorator.py
[2023-07-31T19:58:38.980+0000] {logging_mixin.py:150} INFO - [2023-07-31T19:58:38.979+0000] {dag.py:2742} INFO - Sync 1 DAGs
[2023-07-31T19:58:39.020+0000] {logging_mixin.py:150} INFO - [2023-07-31T19:58:39.019+0000] {dag.py:3508} INFO - Setting next_dagrun for example_dag_decorator to None, run_after=None
[2023-07-31T19:58:39.044+0000] {processor.py:179} INFO - Processing /home/airflow/.local/lib/python3.7/site-packages/airflow/example_dags/example_dag_decorator.py took 0.279 seconds
[2023-07-31T20:00:56.645+0000] {processor.py:157} INFO - Started process (PID=41) to work on /home/airflow/.local/lib/python3.7/site-packages/airflow/example_dags/example_dag_decorator.py
[2023-07-31T20:00:56.647+0000] {processor.py:826} INFO - Processing file /home/airflow/.local/lib/python3.7/site-packages/airflow/example_dags/example_dag_decorator.py for tasks to queue
[2023-07-31T20:00:56.647+0000] {logging_mixin.py:150} INFO - [2023-07-31T20:00:56.647+0000] {dagbag.py:541} INFO - Filling up the DagBag from /home/airflow/.local/lib/python3.7/site-packages/airflow/example_dags/example_dag_decorator.py
[2023-07-31T20:00:56.664+0000] {processor.py:836} INFO - DAG(s) dict_keys(['example_dag_decorator']) retrieved from /home/airflow/.local/lib/python3.7/site-packages/airflow/example_dags/example_dag_decorator.py
[2023-07-31T20:00:56.676+0000] {logging_mixin.py:150} INFO - [2023-07-31T20:00:56.675+0000] {dag.py:2742} INFO - Sync 1 DAGs
[2023-07-31T20:00:56.790+0000] {logging_mixin.py:150} INFO - [2023-07-31T20:00:56.789+0000] {dag.py:3508} INFO - Setting next_dagrun for example_dag_decorator to None, run_after=None
[2023-07-31T20:00:56.811+0000] {processor.py:179} INFO - Processing /home/airflow/.local/lib/python3.7/site-packages/airflow/example_dags/example_dag_decorator.py took 0.169 seconds
[2023-07-31T20:01:27.262+0000] {processor.py:157} INFO - Started process (PID=103) to work on /home/airflow/.local/lib/python3.7/site-packages/airflow/example_dags/example_dag_decorator.py
[2023-07-31T20:01:27.263+0000] {processor.py:826} INFO - Processing file /home/airflow/.local/lib/python3.7/site-packages/airflow/example_dags/example_dag_decorator.py for tasks to queue
[2023-07-31T20:01:27.264+0000] {logging_mixin.py:150} INFO - [2023-07-31T20:01:27.264+0000] {dagbag.py:541} INFO - Filling up the DagBag from /home/airflow/.local/lib/python3.7/site-packages/airflow/example_dags/example_dag_decorator.py
[2023-07-31T20:01:27.277+0000] {processor.py:836} INFO - DAG(s) dict_keys(['example_dag_decorator']) retrieved from /home/airflow/.local/lib/python3.7/site-packages/airflow/example_dags/example_dag_decorator.py
[2023-07-31T20:01:27.470+0000] {logging_mixin.py:150} INFO - [2023-07-31T20:01:27.470+0000] {dag.py:2742} INFO - Sync 1 DAGs
[2023-07-31T20:01:27.508+0000] {logging_mixin.py:150} INFO - [2023-07-31T20:01:27.507+0000] {dag.py:3508} INFO - Setting next_dagrun for example_dag_decorator to None, run_after=None
[2023-07-31T20:01:27.559+0000] {processor.py:179} INFO - Processing /home/airflow/.local/lib/python3.7/site-packages/airflow/example_dags/example_dag_decorator.py took 0.300 seconds
[2023-07-31T20:01:57.928+0000] {processor.py:157} INFO - Started process (PID=165) to work on /home/airflow/.local/lib/python3.7/site-packages/airflow/example_dags/example_dag_decorator.py
[2023-07-31T20:01:57.929+0000] {processor.py:826} INFO - Processing file /home/airflow/.local/lib/python3.7/site-packages/airflow/example_dags/example_dag_decorator.py for tasks to queue
[2023-07-31T20:01:57.929+0000] {logging_mixin.py:150} INFO - [2023-07-31T20:01:57.929+0000] {dagbag.py:541} INFO - Filling up the DagBag from /home/airflow/.local/lib/python3.7/site-packages/airflow/example_dags/example_dag_decorator.py
[2023-07-31T20:01:57.941+0000] {processor.py:836} INFO - DAG(s) dict_keys(['example_dag_decorator']) retrieved from /home/airflow/.local/lib/python3.7/site-packages/airflow/example_dags/example_dag_decorator.py
[2023-07-31T20:01:58.054+0000] {logging_mixin.py:150} INFO - [2023-07-31T20:01:58.054+0000] {dag.py:2742} INFO - Sync 1 DAGs
[2023-07-31T20:01:58.079+0000] {logging_mixin.py:150} INFO - [2023-07-31T20:01:58.078+0000] {dag.py:3508} INFO - Setting next_dagrun for example_dag_decorator to None, run_after=None
[2023-07-31T20:01:58.108+0000] {processor.py:179} INFO - Processing /home/airflow/.local/lib/python3.7/site-packages/airflow/example_dags/example_dag_decorator.py took 0.183 seconds
