[2023-07-31T19:50:04.414+0000] {processor.py:157} INFO - Started process (PID=57) to work on /home/airflow/.local/lib/python3.7/site-packages/airflow/example_dags/example_sla_dag.py
[2023-07-31T19:50:04.415+0000] {processor.py:826} INFO - Processing file /home/airflow/.local/lib/python3.7/site-packages/airflow/example_dags/example_sla_dag.py for tasks to queue
[2023-07-31T19:50:04.416+0000] {logging_mixin.py:150} INFO - [2023-07-31T19:50:04.416+0000] {dagbag.py:541} INFO - Filling up the DagBag from /home/airflow/.local/lib/python3.7/site-packages/airflow/example_dags/example_sla_dag.py
[2023-07-31T19:50:04.443+0000] {processor.py:836} INFO - DAG(s) dict_keys(['example_sla_dag']) retrieved from /home/airflow/.local/lib/python3.7/site-packages/airflow/example_dags/example_sla_dag.py
[2023-07-31T19:50:04.785+0000] {logging_mixin.py:150} INFO - [2023-07-31T19:50:04.785+0000] {manager.py:504} INFO - Created Permission View: can delete on DAG:example_sla_dag
[2023-07-31T19:50:04.810+0000] {logging_mixin.py:150} INFO - [2023-07-31T19:50:04.809+0000] {manager.py:504} INFO - Created Permission View: can edit on DAG:example_sla_dag
[2023-07-31T19:50:04.818+0000] {logging_mixin.py:150} INFO - [2023-07-31T19:50:04.818+0000] {manager.py:504} INFO - Created Permission View: can read on DAG:example_sla_dag
[2023-07-31T19:50:04.845+0000] {logging_mixin.py:150} INFO - [2023-07-31T19:50:04.845+0000] {dag.py:2742} INFO - Sync 1 DAGs
[2023-07-31T19:50:04.866+0000] {logging_mixin.py:150} INFO - [2023-07-31T19:50:04.866+0000] {dag.py:2763} INFO - Creating ORM DAG for example_sla_dag
[2023-07-31T19:50:04.891+0000] {logging_mixin.py:150} INFO - [2023-07-31T19:50:04.891+0000] {dag.py:3508} INFO - Setting next_dagrun for example_sla_dag to 2023-07-31T19:48:00+00:00, run_after=2023-07-31T19:50:00+00:00
[2023-07-31T19:50:04.926+0000] {processor.py:179} INFO - Processing /home/airflow/.local/lib/python3.7/site-packages/airflow/example_dags/example_sla_dag.py took 0.519 seconds
[2023-07-31T19:50:35.579+0000] {processor.py:157} INFO - Started process (PID=118) to work on /home/airflow/.local/lib/python3.7/site-packages/airflow/example_dags/example_sla_dag.py
[2023-07-31T19:50:35.583+0000] {processor.py:826} INFO - Processing file /home/airflow/.local/lib/python3.7/site-packages/airflow/example_dags/example_sla_dag.py for tasks to queue
[2023-07-31T19:50:35.585+0000] {logging_mixin.py:150} INFO - [2023-07-31T19:50:35.585+0000] {dagbag.py:541} INFO - Filling up the DagBag from /home/airflow/.local/lib/python3.7/site-packages/airflow/example_dags/example_sla_dag.py
[2023-07-31T19:50:35.600+0000] {processor.py:836} INFO - DAG(s) dict_keys(['example_sla_dag']) retrieved from /home/airflow/.local/lib/python3.7/site-packages/airflow/example_dags/example_sla_dag.py
[2023-07-31T19:50:35.637+0000] {logging_mixin.py:150} INFO - [2023-07-31T19:50:35.637+0000] {dag.py:2742} INFO - Sync 1 DAGs
[2023-07-31T19:50:35.692+0000] {logging_mixin.py:150} INFO - [2023-07-31T19:50:35.692+0000] {dag.py:3508} INFO - Setting next_dagrun for example_sla_dag to 2023-07-31T19:48:00+00:00, run_after=2023-07-31T19:50:00+00:00
[2023-07-31T19:50:35.724+0000] {processor.py:179} INFO - Processing /home/airflow/.local/lib/python3.7/site-packages/airflow/example_dags/example_sla_dag.py took 0.149 seconds
[2023-07-31T19:51:06.106+0000] {processor.py:157} INFO - Started process (PID=179) to work on /home/airflow/.local/lib/python3.7/site-packages/airflow/example_dags/example_sla_dag.py
[2023-07-31T19:51:06.107+0000] {processor.py:826} INFO - Processing file /home/airflow/.local/lib/python3.7/site-packages/airflow/example_dags/example_sla_dag.py for tasks to queue
[2023-07-31T19:51:06.108+0000] {logging_mixin.py:150} INFO - [2023-07-31T19:51:06.108+0000] {dagbag.py:541} INFO - Filling up the DagBag from /home/airflow/.local/lib/python3.7/site-packages/airflow/example_dags/example_sla_dag.py
[2023-07-31T19:51:06.116+0000] {processor.py:836} INFO - DAG(s) dict_keys(['example_sla_dag']) retrieved from /home/airflow/.local/lib/python3.7/site-packages/airflow/example_dags/example_sla_dag.py
[2023-07-31T19:51:06.144+0000] {logging_mixin.py:150} INFO - [2023-07-31T19:51:06.143+0000] {dag.py:2742} INFO - Sync 1 DAGs
[2023-07-31T19:51:06.178+0000] {logging_mixin.py:150} INFO - [2023-07-31T19:51:06.178+0000] {dag.py:3508} INFO - Setting next_dagrun for example_sla_dag to 2023-07-31T19:48:00+00:00, run_after=2023-07-31T19:50:00+00:00
[2023-07-31T19:51:06.208+0000] {processor.py:179} INFO - Processing /home/airflow/.local/lib/python3.7/site-packages/airflow/example_dags/example_sla_dag.py took 0.106 seconds
[2023-07-31T19:51:36.989+0000] {processor.py:157} INFO - Started process (PID=239) to work on /home/airflow/.local/lib/python3.7/site-packages/airflow/example_dags/example_sla_dag.py
[2023-07-31T19:51:36.990+0000] {processor.py:826} INFO - Processing file /home/airflow/.local/lib/python3.7/site-packages/airflow/example_dags/example_sla_dag.py for tasks to queue
[2023-07-31T19:51:36.991+0000] {logging_mixin.py:150} INFO - [2023-07-31T19:51:36.991+0000] {dagbag.py:541} INFO - Filling up the DagBag from /home/airflow/.local/lib/python3.7/site-packages/airflow/example_dags/example_sla_dag.py
[2023-07-31T19:51:37.007+0000] {processor.py:836} INFO - DAG(s) dict_keys(['example_sla_dag']) retrieved from /home/airflow/.local/lib/python3.7/site-packages/airflow/example_dags/example_sla_dag.py
[2023-07-31T19:51:37.039+0000] {logging_mixin.py:150} INFO - [2023-07-31T19:51:37.039+0000] {dag.py:2742} INFO - Sync 1 DAGs
[2023-07-31T19:51:37.090+0000] {logging_mixin.py:150} INFO - [2023-07-31T19:51:37.090+0000] {dag.py:3508} INFO - Setting next_dagrun for example_sla_dag to 2023-07-31T19:48:00+00:00, run_after=2023-07-31T19:50:00+00:00
[2023-07-31T19:51:37.122+0000] {processor.py:179} INFO - Processing /home/airflow/.local/lib/python3.7/site-packages/airflow/example_dags/example_sla_dag.py took 0.135 seconds
[2023-07-31T19:52:07.789+0000] {processor.py:157} INFO - Started process (PID=300) to work on /home/airflow/.local/lib/python3.7/site-packages/airflow/example_dags/example_sla_dag.py
[2023-07-31T19:52:07.789+0000] {processor.py:826} INFO - Processing file /home/airflow/.local/lib/python3.7/site-packages/airflow/example_dags/example_sla_dag.py for tasks to queue
[2023-07-31T19:52:07.790+0000] {logging_mixin.py:150} INFO - [2023-07-31T19:52:07.790+0000] {dagbag.py:541} INFO - Filling up the DagBag from /home/airflow/.local/lib/python3.7/site-packages/airflow/example_dags/example_sla_dag.py
[2023-07-31T19:52:07.804+0000] {processor.py:836} INFO - DAG(s) dict_keys(['example_sla_dag']) retrieved from /home/airflow/.local/lib/python3.7/site-packages/airflow/example_dags/example_sla_dag.py
[2023-07-31T19:52:07.842+0000] {logging_mixin.py:150} INFO - [2023-07-31T19:52:07.842+0000] {dag.py:2742} INFO - Sync 1 DAGs
[2023-07-31T19:52:07.996+0000] {logging_mixin.py:150} INFO - [2023-07-31T19:52:07.995+0000] {dag.py:3508} INFO - Setting next_dagrun for example_sla_dag to 2023-07-31T19:50:00+00:00, run_after=2023-07-31T19:52:00+00:00
[2023-07-31T19:52:08.111+0000] {processor.py:179} INFO - Processing /home/airflow/.local/lib/python3.7/site-packages/airflow/example_dags/example_sla_dag.py took 0.327 seconds
[2023-07-31T19:52:38.361+0000] {processor.py:157} INFO - Started process (PID=361) to work on /home/airflow/.local/lib/python3.7/site-packages/airflow/example_dags/example_sla_dag.py
[2023-07-31T19:52:38.362+0000] {processor.py:826} INFO - Processing file /home/airflow/.local/lib/python3.7/site-packages/airflow/example_dags/example_sla_dag.py for tasks to queue
[2023-07-31T19:52:38.363+0000] {logging_mixin.py:150} INFO - [2023-07-31T19:52:38.363+0000] {dagbag.py:541} INFO - Filling up the DagBag from /home/airflow/.local/lib/python3.7/site-packages/airflow/example_dags/example_sla_dag.py
[2023-07-31T19:52:38.370+0000] {processor.py:836} INFO - DAG(s) dict_keys(['example_sla_dag']) retrieved from /home/airflow/.local/lib/python3.7/site-packages/airflow/example_dags/example_sla_dag.py
[2023-07-31T19:52:38.398+0000] {logging_mixin.py:150} INFO - [2023-07-31T19:52:38.398+0000] {dag.py:2742} INFO - Sync 1 DAGs
[2023-07-31T19:52:38.431+0000] {logging_mixin.py:150} INFO - [2023-07-31T19:52:38.430+0000] {dag.py:3508} INFO - Setting next_dagrun for example_sla_dag to 2023-07-31T19:50:00+00:00, run_after=2023-07-31T19:52:00+00:00
[2023-07-31T19:52:38.454+0000] {processor.py:179} INFO - Processing /home/airflow/.local/lib/python3.7/site-packages/airflow/example_dags/example_sla_dag.py took 0.098 seconds
[2023-07-31T19:53:08.813+0000] {processor.py:157} INFO - Started process (PID=422) to work on /home/airflow/.local/lib/python3.7/site-packages/airflow/example_dags/example_sla_dag.py
[2023-07-31T19:53:08.814+0000] {processor.py:826} INFO - Processing file /home/airflow/.local/lib/python3.7/site-packages/airflow/example_dags/example_sla_dag.py for tasks to queue
[2023-07-31T19:53:08.815+0000] {logging_mixin.py:150} INFO - [2023-07-31T19:53:08.815+0000] {dagbag.py:541} INFO - Filling up the DagBag from /home/airflow/.local/lib/python3.7/site-packages/airflow/example_dags/example_sla_dag.py
[2023-07-31T19:53:08.832+0000] {processor.py:836} INFO - DAG(s) dict_keys(['example_sla_dag']) retrieved from /home/airflow/.local/lib/python3.7/site-packages/airflow/example_dags/example_sla_dag.py
[2023-07-31T19:53:08.866+0000] {logging_mixin.py:150} INFO - [2023-07-31T19:53:08.866+0000] {dag.py:2742} INFO - Sync 1 DAGs
[2023-07-31T19:53:08.917+0000] {logging_mixin.py:150} INFO - [2023-07-31T19:53:08.916+0000] {dag.py:3508} INFO - Setting next_dagrun for example_sla_dag to 2023-07-31T19:50:00+00:00, run_after=2023-07-31T19:52:00+00:00
[2023-07-31T19:53:08.944+0000] {processor.py:179} INFO - Processing /home/airflow/.local/lib/python3.7/site-packages/airflow/example_dags/example_sla_dag.py took 0.139 seconds
[2023-07-31T19:53:39.186+0000] {processor.py:157} INFO - Started process (PID=483) to work on /home/airflow/.local/lib/python3.7/site-packages/airflow/example_dags/example_sla_dag.py
[2023-07-31T19:53:39.187+0000] {processor.py:826} INFO - Processing file /home/airflow/.local/lib/python3.7/site-packages/airflow/example_dags/example_sla_dag.py for tasks to queue
[2023-07-31T19:53:39.188+0000] {logging_mixin.py:150} INFO - [2023-07-31T19:53:39.188+0000] {dagbag.py:541} INFO - Filling up the DagBag from /home/airflow/.local/lib/python3.7/site-packages/airflow/example_dags/example_sla_dag.py
[2023-07-31T19:53:39.198+0000] {processor.py:836} INFO - DAG(s) dict_keys(['example_sla_dag']) retrieved from /home/airflow/.local/lib/python3.7/site-packages/airflow/example_dags/example_sla_dag.py
[2023-07-31T19:53:39.225+0000] {logging_mixin.py:150} INFO - [2023-07-31T19:53:39.225+0000] {dag.py:2742} INFO - Sync 1 DAGs
[2023-07-31T19:53:39.267+0000] {logging_mixin.py:150} INFO - [2023-07-31T19:53:39.267+0000] {dag.py:3508} INFO - Setting next_dagrun for example_sla_dag to 2023-07-31T19:50:00+00:00, run_after=2023-07-31T19:52:00+00:00
[2023-07-31T19:53:39.295+0000] {processor.py:179} INFO - Processing /home/airflow/.local/lib/python3.7/site-packages/airflow/example_dags/example_sla_dag.py took 0.112 seconds
[2023-07-31T19:54:09.559+0000] {processor.py:157} INFO - Started process (PID=544) to work on /home/airflow/.local/lib/python3.7/site-packages/airflow/example_dags/example_sla_dag.py
[2023-07-31T19:54:09.560+0000] {processor.py:826} INFO - Processing file /home/airflow/.local/lib/python3.7/site-packages/airflow/example_dags/example_sla_dag.py for tasks to queue
[2023-07-31T19:54:09.560+0000] {logging_mixin.py:150} INFO - [2023-07-31T19:54:09.560+0000] {dagbag.py:541} INFO - Filling up the DagBag from /home/airflow/.local/lib/python3.7/site-packages/airflow/example_dags/example_sla_dag.py
[2023-07-31T19:54:09.569+0000] {processor.py:836} INFO - DAG(s) dict_keys(['example_sla_dag']) retrieved from /home/airflow/.local/lib/python3.7/site-packages/airflow/example_dags/example_sla_dag.py
[2023-07-31T19:54:09.594+0000] {logging_mixin.py:150} INFO - [2023-07-31T19:54:09.594+0000] {dag.py:2742} INFO - Sync 1 DAGs
[2023-07-31T19:54:09.633+0000] {logging_mixin.py:150} INFO - [2023-07-31T19:54:09.633+0000] {dag.py:3508} INFO - Setting next_dagrun for example_sla_dag to 2023-07-31T19:52:00+00:00, run_after=2023-07-31T19:54:00+00:00
[2023-07-31T19:54:09.661+0000] {processor.py:179} INFO - Processing /home/airflow/.local/lib/python3.7/site-packages/airflow/example_dags/example_sla_dag.py took 0.105 seconds
[2023-07-31T19:54:39.747+0000] {processor.py:157} INFO - Started process (PID=605) to work on /home/airflow/.local/lib/python3.7/site-packages/airflow/example_dags/example_sla_dag.py
[2023-07-31T19:54:39.748+0000] {processor.py:826} INFO - Processing file /home/airflow/.local/lib/python3.7/site-packages/airflow/example_dags/example_sla_dag.py for tasks to queue
[2023-07-31T19:54:39.749+0000] {logging_mixin.py:150} INFO - [2023-07-31T19:54:39.748+0000] {dagbag.py:541} INFO - Filling up the DagBag from /home/airflow/.local/lib/python3.7/site-packages/airflow/example_dags/example_sla_dag.py
[2023-07-31T19:54:39.757+0000] {processor.py:836} INFO - DAG(s) dict_keys(['example_sla_dag']) retrieved from /home/airflow/.local/lib/python3.7/site-packages/airflow/example_dags/example_sla_dag.py
[2023-07-31T19:54:39.785+0000] {logging_mixin.py:150} INFO - [2023-07-31T19:54:39.785+0000] {dag.py:2742} INFO - Sync 1 DAGs
[2023-07-31T19:54:39.821+0000] {logging_mixin.py:150} INFO - [2023-07-31T19:54:39.821+0000] {dag.py:3508} INFO - Setting next_dagrun for example_sla_dag to 2023-07-31T19:52:00+00:00, run_after=2023-07-31T19:54:00+00:00
[2023-07-31T19:54:39.848+0000] {processor.py:179} INFO - Processing /home/airflow/.local/lib/python3.7/site-packages/airflow/example_dags/example_sla_dag.py took 0.107 seconds
[2023-07-31T19:55:10.007+0000] {processor.py:157} INFO - Started process (PID=666) to work on /home/airflow/.local/lib/python3.7/site-packages/airflow/example_dags/example_sla_dag.py
[2023-07-31T19:55:10.008+0000] {processor.py:826} INFO - Processing file /home/airflow/.local/lib/python3.7/site-packages/airflow/example_dags/example_sla_dag.py for tasks to queue
[2023-07-31T19:55:10.008+0000] {logging_mixin.py:150} INFO - [2023-07-31T19:55:10.008+0000] {dagbag.py:541} INFO - Filling up the DagBag from /home/airflow/.local/lib/python3.7/site-packages/airflow/example_dags/example_sla_dag.py
[2023-07-31T19:55:10.016+0000] {processor.py:836} INFO - DAG(s) dict_keys(['example_sla_dag']) retrieved from /home/airflow/.local/lib/python3.7/site-packages/airflow/example_dags/example_sla_dag.py
[2023-07-31T19:55:10.042+0000] {logging_mixin.py:150} INFO - [2023-07-31T19:55:10.042+0000] {dag.py:2742} INFO - Sync 1 DAGs
[2023-07-31T19:55:10.072+0000] {logging_mixin.py:150} INFO - [2023-07-31T19:55:10.072+0000] {dag.py:3508} INFO - Setting next_dagrun for example_sla_dag to 2023-07-31T19:52:00+00:00, run_after=2023-07-31T19:54:00+00:00
[2023-07-31T19:55:10.095+0000] {processor.py:179} INFO - Processing /home/airflow/.local/lib/python3.7/site-packages/airflow/example_dags/example_sla_dag.py took 0.090 seconds
[2023-07-31T19:55:40.547+0000] {processor.py:157} INFO - Started process (PID=727) to work on /home/airflow/.local/lib/python3.7/site-packages/airflow/example_dags/example_sla_dag.py
[2023-07-31T19:55:40.548+0000] {processor.py:826} INFO - Processing file /home/airflow/.local/lib/python3.7/site-packages/airflow/example_dags/example_sla_dag.py for tasks to queue
[2023-07-31T19:55:40.549+0000] {logging_mixin.py:150} INFO - [2023-07-31T19:55:40.549+0000] {dagbag.py:541} INFO - Filling up the DagBag from /home/airflow/.local/lib/python3.7/site-packages/airflow/example_dags/example_sla_dag.py
[2023-07-31T19:55:40.557+0000] {processor.py:836} INFO - DAG(s) dict_keys(['example_sla_dag']) retrieved from /home/airflow/.local/lib/python3.7/site-packages/airflow/example_dags/example_sla_dag.py
[2023-07-31T19:55:40.583+0000] {logging_mixin.py:150} INFO - [2023-07-31T19:55:40.583+0000] {dag.py:2742} INFO - Sync 1 DAGs
[2023-07-31T19:55:40.615+0000] {logging_mixin.py:150} INFO - [2023-07-31T19:55:40.615+0000] {dag.py:3508} INFO - Setting next_dagrun for example_sla_dag to 2023-07-31T19:52:00+00:00, run_after=2023-07-31T19:54:00+00:00
[2023-07-31T19:55:40.637+0000] {processor.py:179} INFO - Processing /home/airflow/.local/lib/python3.7/site-packages/airflow/example_dags/example_sla_dag.py took 0.094 seconds
[2023-07-31T19:56:10.864+0000] {processor.py:157} INFO - Started process (PID=788) to work on /home/airflow/.local/lib/python3.7/site-packages/airflow/example_dags/example_sla_dag.py
[2023-07-31T19:56:10.865+0000] {processor.py:826} INFO - Processing file /home/airflow/.local/lib/python3.7/site-packages/airflow/example_dags/example_sla_dag.py for tasks to queue
[2023-07-31T19:56:10.866+0000] {logging_mixin.py:150} INFO - [2023-07-31T19:56:10.866+0000] {dagbag.py:541} INFO - Filling up the DagBag from /home/airflow/.local/lib/python3.7/site-packages/airflow/example_dags/example_sla_dag.py
[2023-07-31T19:56:10.875+0000] {processor.py:836} INFO - DAG(s) dict_keys(['example_sla_dag']) retrieved from /home/airflow/.local/lib/python3.7/site-packages/airflow/example_dags/example_sla_dag.py
[2023-07-31T19:56:10.904+0000] {logging_mixin.py:150} INFO - [2023-07-31T19:56:10.903+0000] {dag.py:2742} INFO - Sync 1 DAGs
[2023-07-31T19:56:10.933+0000] {logging_mixin.py:150} INFO - [2023-07-31T19:56:10.932+0000] {dag.py:3508} INFO - Setting next_dagrun for example_sla_dag to 2023-07-31T19:54:00+00:00, run_after=2023-07-31T19:56:00+00:00
[2023-07-31T19:56:10.954+0000] {processor.py:179} INFO - Processing /home/airflow/.local/lib/python3.7/site-packages/airflow/example_dags/example_sla_dag.py took 0.093 seconds
[2023-07-31T19:56:41.261+0000] {processor.py:157} INFO - Started process (PID=849) to work on /home/airflow/.local/lib/python3.7/site-packages/airflow/example_dags/example_sla_dag.py
[2023-07-31T19:56:41.262+0000] {processor.py:826} INFO - Processing file /home/airflow/.local/lib/python3.7/site-packages/airflow/example_dags/example_sla_dag.py for tasks to queue
[2023-07-31T19:56:41.263+0000] {logging_mixin.py:150} INFO - [2023-07-31T19:56:41.262+0000] {dagbag.py:541} INFO - Filling up the DagBag from /home/airflow/.local/lib/python3.7/site-packages/airflow/example_dags/example_sla_dag.py
[2023-07-31T19:56:41.270+0000] {processor.py:836} INFO - DAG(s) dict_keys(['example_sla_dag']) retrieved from /home/airflow/.local/lib/python3.7/site-packages/airflow/example_dags/example_sla_dag.py
[2023-07-31T19:56:41.295+0000] {logging_mixin.py:150} INFO - [2023-07-31T19:56:41.295+0000] {dag.py:2742} INFO - Sync 1 DAGs
[2023-07-31T19:56:41.327+0000] {logging_mixin.py:150} INFO - [2023-07-31T19:56:41.327+0000] {dag.py:3508} INFO - Setting next_dagrun for example_sla_dag to 2023-07-31T19:54:00+00:00, run_after=2023-07-31T19:56:00+00:00
[2023-07-31T19:56:41.350+0000] {processor.py:179} INFO - Processing /home/airflow/.local/lib/python3.7/site-packages/airflow/example_dags/example_sla_dag.py took 0.093 seconds
[2023-07-31T19:57:11.713+0000] {processor.py:157} INFO - Started process (PID=910) to work on /home/airflow/.local/lib/python3.7/site-packages/airflow/example_dags/example_sla_dag.py
[2023-07-31T19:57:11.714+0000] {processor.py:826} INFO - Processing file /home/airflow/.local/lib/python3.7/site-packages/airflow/example_dags/example_sla_dag.py for tasks to queue
[2023-07-31T19:57:11.714+0000] {logging_mixin.py:150} INFO - [2023-07-31T19:57:11.714+0000] {dagbag.py:541} INFO - Filling up the DagBag from /home/airflow/.local/lib/python3.7/site-packages/airflow/example_dags/example_sla_dag.py
[2023-07-31T19:57:11.724+0000] {processor.py:836} INFO - DAG(s) dict_keys(['example_sla_dag']) retrieved from /home/airflow/.local/lib/python3.7/site-packages/airflow/example_dags/example_sla_dag.py
[2023-07-31T19:57:11.749+0000] {logging_mixin.py:150} INFO - [2023-07-31T19:57:11.749+0000] {dag.py:2742} INFO - Sync 1 DAGs
[2023-07-31T19:57:11.781+0000] {logging_mixin.py:150} INFO - [2023-07-31T19:57:11.781+0000] {dag.py:3508} INFO - Setting next_dagrun for example_sla_dag to 2023-07-31T19:54:00+00:00, run_after=2023-07-31T19:56:00+00:00
[2023-07-31T19:57:11.808+0000] {processor.py:179} INFO - Processing /home/airflow/.local/lib/python3.7/site-packages/airflow/example_dags/example_sla_dag.py took 0.098 seconds
[2023-07-31T19:57:42.691+0000] {processor.py:157} INFO - Started process (PID=971) to work on /home/airflow/.local/lib/python3.7/site-packages/airflow/example_dags/example_sla_dag.py
[2023-07-31T19:57:42.701+0000] {processor.py:826} INFO - Processing file /home/airflow/.local/lib/python3.7/site-packages/airflow/example_dags/example_sla_dag.py for tasks to queue
[2023-07-31T19:57:42.702+0000] {logging_mixin.py:150} INFO - [2023-07-31T19:57:42.702+0000] {dagbag.py:541} INFO - Filling up the DagBag from /home/airflow/.local/lib/python3.7/site-packages/airflow/example_dags/example_sla_dag.py
[2023-07-31T19:57:42.713+0000] {processor.py:836} INFO - DAG(s) dict_keys(['example_sla_dag']) retrieved from /home/airflow/.local/lib/python3.7/site-packages/airflow/example_dags/example_sla_dag.py
[2023-07-31T19:57:42.738+0000] {logging_mixin.py:150} INFO - [2023-07-31T19:57:42.738+0000] {dag.py:2742} INFO - Sync 1 DAGs
[2023-07-31T19:57:42.778+0000] {logging_mixin.py:150} INFO - [2023-07-31T19:57:42.778+0000] {dag.py:3508} INFO - Setting next_dagrun for example_sla_dag to 2023-07-31T19:54:00+00:00, run_after=2023-07-31T19:56:00+00:00
[2023-07-31T19:57:42.803+0000] {processor.py:179} INFO - Processing /home/airflow/.local/lib/python3.7/site-packages/airflow/example_dags/example_sla_dag.py took 0.115 seconds
[2023-07-31T19:58:13.643+0000] {processor.py:157} INFO - Started process (PID=1032) to work on /home/airflow/.local/lib/python3.7/site-packages/airflow/example_dags/example_sla_dag.py
[2023-07-31T19:58:13.644+0000] {processor.py:826} INFO - Processing file /home/airflow/.local/lib/python3.7/site-packages/airflow/example_dags/example_sla_dag.py for tasks to queue
[2023-07-31T19:58:13.645+0000] {logging_mixin.py:150} INFO - [2023-07-31T19:58:13.645+0000] {dagbag.py:541} INFO - Filling up the DagBag from /home/airflow/.local/lib/python3.7/site-packages/airflow/example_dags/example_sla_dag.py
[2023-07-31T19:58:13.655+0000] {processor.py:836} INFO - DAG(s) dict_keys(['example_sla_dag']) retrieved from /home/airflow/.local/lib/python3.7/site-packages/airflow/example_dags/example_sla_dag.py
[2023-07-31T19:58:13.677+0000] {logging_mixin.py:150} INFO - [2023-07-31T19:58:13.677+0000] {dag.py:2742} INFO - Sync 1 DAGs
[2023-07-31T19:58:13.707+0000] {logging_mixin.py:150} INFO - [2023-07-31T19:58:13.707+0000] {dag.py:3508} INFO - Setting next_dagrun for example_sla_dag to 2023-07-31T19:56:00+00:00, run_after=2023-07-31T19:58:00+00:00
[2023-07-31T19:58:13.732+0000] {processor.py:179} INFO - Processing /home/airflow/.local/lib/python3.7/site-packages/airflow/example_dags/example_sla_dag.py took 0.092 seconds
[2023-07-31T19:58:44.431+0000] {processor.py:157} INFO - Started process (PID=1100) to work on /home/airflow/.local/lib/python3.7/site-packages/airflow/example_dags/example_sla_dag.py
[2023-07-31T19:58:44.432+0000] {processor.py:826} INFO - Processing file /home/airflow/.local/lib/python3.7/site-packages/airflow/example_dags/example_sla_dag.py for tasks to queue
[2023-07-31T19:58:44.433+0000] {logging_mixin.py:150} INFO - [2023-07-31T19:58:44.433+0000] {dagbag.py:541} INFO - Filling up the DagBag from /home/airflow/.local/lib/python3.7/site-packages/airflow/example_dags/example_sla_dag.py
[2023-07-31T19:58:44.444+0000] {processor.py:836} INFO - DAG(s) dict_keys(['example_sla_dag']) retrieved from /home/airflow/.local/lib/python3.7/site-packages/airflow/example_dags/example_sla_dag.py
[2023-07-31T19:58:44.477+0000] {logging_mixin.py:150} INFO - [2023-07-31T19:58:44.477+0000] {dag.py:2742} INFO - Sync 1 DAGs
[2023-07-31T19:58:44.521+0000] {logging_mixin.py:150} INFO - [2023-07-31T19:58:44.521+0000] {dag.py:3508} INFO - Setting next_dagrun for example_sla_dag to 2023-07-31T19:56:00+00:00, run_after=2023-07-31T19:58:00+00:00
[2023-07-31T19:58:44.552+0000] {processor.py:179} INFO - Processing /home/airflow/.local/lib/python3.7/site-packages/airflow/example_dags/example_sla_dag.py took 0.124 seconds
[2023-07-31T20:00:58.569+0000] {processor.py:157} INFO - Started process (PID=58) to work on /home/airflow/.local/lib/python3.7/site-packages/airflow/example_dags/example_sla_dag.py
[2023-07-31T20:00:58.570+0000] {processor.py:826} INFO - Processing file /home/airflow/.local/lib/python3.7/site-packages/airflow/example_dags/example_sla_dag.py for tasks to queue
[2023-07-31T20:00:58.571+0000] {logging_mixin.py:150} INFO - [2023-07-31T20:00:58.571+0000] {dagbag.py:541} INFO - Filling up the DagBag from /home/airflow/.local/lib/python3.7/site-packages/airflow/example_dags/example_sla_dag.py
[2023-07-31T20:00:58.583+0000] {processor.py:836} INFO - DAG(s) dict_keys(['example_sla_dag']) retrieved from /home/airflow/.local/lib/python3.7/site-packages/airflow/example_dags/example_sla_dag.py
[2023-07-31T20:00:58.755+0000] {logging_mixin.py:150} INFO - [2023-07-31T20:00:58.755+0000] {dag.py:2742} INFO - Sync 1 DAGs
[2023-07-31T20:00:58.789+0000] {logging_mixin.py:150} INFO - [2023-07-31T20:00:58.788+0000] {dag.py:3508} INFO - Setting next_dagrun for example_sla_dag to 2023-07-31T19:58:00+00:00, run_after=2023-07-31T20:00:00+00:00
[2023-07-31T20:00:58.810+0000] {processor.py:179} INFO - Processing /home/airflow/.local/lib/python3.7/site-packages/airflow/example_dags/example_sla_dag.py took 0.244 seconds
[2023-07-31T20:01:29.608+0000] {processor.py:157} INFO - Started process (PID=120) to work on /home/airflow/.local/lib/python3.7/site-packages/airflow/example_dags/example_sla_dag.py
[2023-07-31T20:01:29.609+0000] {processor.py:826} INFO - Processing file /home/airflow/.local/lib/python3.7/site-packages/airflow/example_dags/example_sla_dag.py for tasks to queue
[2023-07-31T20:01:29.610+0000] {logging_mixin.py:150} INFO - [2023-07-31T20:01:29.609+0000] {dagbag.py:541} INFO - Filling up the DagBag from /home/airflow/.local/lib/python3.7/site-packages/airflow/example_dags/example_sla_dag.py
[2023-07-31T20:01:29.617+0000] {processor.py:836} INFO - DAG(s) dict_keys(['example_sla_dag']) retrieved from /home/airflow/.local/lib/python3.7/site-packages/airflow/example_dags/example_sla_dag.py
[2023-07-31T20:01:29.639+0000] {logging_mixin.py:150} INFO - [2023-07-31T20:01:29.639+0000] {dag.py:2742} INFO - Sync 1 DAGs
[2023-07-31T20:01:29.665+0000] {logging_mixin.py:150} INFO - [2023-07-31T20:01:29.665+0000] {dag.py:3508} INFO - Setting next_dagrun for example_sla_dag to 2023-07-31T19:58:00+00:00, run_after=2023-07-31T20:00:00+00:00
[2023-07-31T20:01:29.683+0000] {processor.py:179} INFO - Processing /home/airflow/.local/lib/python3.7/site-packages/airflow/example_dags/example_sla_dag.py took 0.078 seconds
[2023-07-31T20:02:00.029+0000] {processor.py:157} INFO - Started process (PID=182) to work on /home/airflow/.local/lib/python3.7/site-packages/airflow/example_dags/example_sla_dag.py
[2023-07-31T20:02:00.029+0000] {processor.py:826} INFO - Processing file /home/airflow/.local/lib/python3.7/site-packages/airflow/example_dags/example_sla_dag.py for tasks to queue
[2023-07-31T20:02:00.030+0000] {logging_mixin.py:150} INFO - [2023-07-31T20:02:00.030+0000] {dagbag.py:541} INFO - Filling up the DagBag from /home/airflow/.local/lib/python3.7/site-packages/airflow/example_dags/example_sla_dag.py
[2023-07-31T20:02:00.040+0000] {processor.py:836} INFO - DAG(s) dict_keys(['example_sla_dag']) retrieved from /home/airflow/.local/lib/python3.7/site-packages/airflow/example_dags/example_sla_dag.py
[2023-07-31T20:02:00.062+0000] {logging_mixin.py:150} INFO - [2023-07-31T20:02:00.062+0000] {dag.py:2742} INFO - Sync 1 DAGs
[2023-07-31T20:02:00.092+0000] {logging_mixin.py:150} INFO - [2023-07-31T20:02:00.092+0000] {dag.py:3508} INFO - Setting next_dagrun for example_sla_dag to 2023-07-31T20:00:00+00:00, run_after=2023-07-31T20:02:00+00:00
[2023-07-31T20:02:00.114+0000] {processor.py:179} INFO - Processing /home/airflow/.local/lib/python3.7/site-packages/airflow/example_dags/example_sla_dag.py took 0.088 seconds
