[2023-07-31T19:50:07.209+0000] {processor.py:157} INFO - Started process (PID=69) to work on /home/airflow/.local/lib/python3.7/site-packages/airflow/example_dags/example_trigger_target_dag.py
[2023-07-31T19:50:07.210+0000] {processor.py:826} INFO - Processing file /home/airflow/.local/lib/python3.7/site-packages/airflow/example_dags/example_trigger_target_dag.py for tasks to queue
[2023-07-31T19:50:07.211+0000] {logging_mixin.py:150} INFO - [2023-07-31T19:50:07.210+0000] {dagbag.py:541} INFO - Filling up the DagBag from /home/airflow/.local/lib/python3.7/site-packages/airflow/example_dags/example_trigger_target_dag.py
[2023-07-31T19:50:07.222+0000] {processor.py:836} INFO - DAG(s) dict_keys(['example_trigger_target_dag']) retrieved from /home/airflow/.local/lib/python3.7/site-packages/airflow/example_dags/example_trigger_target_dag.py
[2023-07-31T19:50:07.436+0000] {logging_mixin.py:150} INFO - [2023-07-31T19:50:07.435+0000] {manager.py:504} INFO - Created Permission View: can delete on DAG:example_trigger_target_dag
[2023-07-31T19:50:07.459+0000] {logging_mixin.py:150} INFO - [2023-07-31T19:50:07.458+0000] {manager.py:504} INFO - Created Permission View: can edit on DAG:example_trigger_target_dag
[2023-07-31T19:50:07.472+0000] {logging_mixin.py:150} INFO - [2023-07-31T19:50:07.472+0000] {manager.py:504} INFO - Created Permission View: can read on DAG:example_trigger_target_dag
[2023-07-31T19:50:07.503+0000] {logging_mixin.py:150} INFO - [2023-07-31T19:50:07.502+0000] {dag.py:2742} INFO - Sync 1 DAGs
[2023-07-31T19:50:07.526+0000] {logging_mixin.py:150} INFO - [2023-07-31T19:50:07.526+0000] {dag.py:2763} INFO - Creating ORM DAG for example_trigger_target_dag
[2023-07-31T19:50:07.544+0000] {logging_mixin.py:150} INFO - [2023-07-31T19:50:07.544+0000] {dag.py:3508} INFO - Setting next_dagrun for example_trigger_target_dag to None, run_after=None
[2023-07-31T19:50:07.580+0000] {processor.py:179} INFO - Processing /home/airflow/.local/lib/python3.7/site-packages/airflow/example_dags/example_trigger_target_dag.py took 0.375 seconds
[2023-07-31T19:50:37.988+0000] {processor.py:157} INFO - Started process (PID=130) to work on /home/airflow/.local/lib/python3.7/site-packages/airflow/example_dags/example_trigger_target_dag.py
[2023-07-31T19:50:37.989+0000] {processor.py:826} INFO - Processing file /home/airflow/.local/lib/python3.7/site-packages/airflow/example_dags/example_trigger_target_dag.py for tasks to queue
[2023-07-31T19:50:37.990+0000] {logging_mixin.py:150} INFO - [2023-07-31T19:50:37.990+0000] {dagbag.py:541} INFO - Filling up the DagBag from /home/airflow/.local/lib/python3.7/site-packages/airflow/example_dags/example_trigger_target_dag.py
[2023-07-31T19:50:38.001+0000] {processor.py:836} INFO - DAG(s) dict_keys(['example_trigger_target_dag']) retrieved from /home/airflow/.local/lib/python3.7/site-packages/airflow/example_dags/example_trigger_target_dag.py
[2023-07-31T19:50:38.031+0000] {logging_mixin.py:150} INFO - [2023-07-31T19:50:38.031+0000] {dag.py:2742} INFO - Sync 1 DAGs
[2023-07-31T19:50:38.071+0000] {logging_mixin.py:150} INFO - [2023-07-31T19:50:38.070+0000] {dag.py:3508} INFO - Setting next_dagrun for example_trigger_target_dag to None, run_after=None
[2023-07-31T19:50:38.103+0000] {processor.py:179} INFO - Processing /home/airflow/.local/lib/python3.7/site-packages/airflow/example_dags/example_trigger_target_dag.py took 0.119 seconds
[2023-07-31T19:51:08.713+0000] {processor.py:157} INFO - Started process (PID=191) to work on /home/airflow/.local/lib/python3.7/site-packages/airflow/example_dags/example_trigger_target_dag.py
[2023-07-31T19:51:08.714+0000] {processor.py:826} INFO - Processing file /home/airflow/.local/lib/python3.7/site-packages/airflow/example_dags/example_trigger_target_dag.py for tasks to queue
[2023-07-31T19:51:08.715+0000] {logging_mixin.py:150} INFO - [2023-07-31T19:51:08.715+0000] {dagbag.py:541} INFO - Filling up the DagBag from /home/airflow/.local/lib/python3.7/site-packages/airflow/example_dags/example_trigger_target_dag.py
[2023-07-31T19:51:08.727+0000] {processor.py:836} INFO - DAG(s) dict_keys(['example_trigger_target_dag']) retrieved from /home/airflow/.local/lib/python3.7/site-packages/airflow/example_dags/example_trigger_target_dag.py
[2023-07-31T19:51:08.773+0000] {logging_mixin.py:150} INFO - [2023-07-31T19:51:08.772+0000] {dag.py:2742} INFO - Sync 1 DAGs
[2023-07-31T19:51:08.831+0000] {logging_mixin.py:150} INFO - [2023-07-31T19:51:08.831+0000] {dag.py:3508} INFO - Setting next_dagrun for example_trigger_target_dag to None, run_after=None
[2023-07-31T19:51:08.921+0000] {processor.py:179} INFO - Processing /home/airflow/.local/lib/python3.7/site-packages/airflow/example_dags/example_trigger_target_dag.py took 0.213 seconds
[2023-07-31T19:51:39.191+0000] {processor.py:157} INFO - Started process (PID=251) to work on /home/airflow/.local/lib/python3.7/site-packages/airflow/example_dags/example_trigger_target_dag.py
[2023-07-31T19:51:39.194+0000] {processor.py:826} INFO - Processing file /home/airflow/.local/lib/python3.7/site-packages/airflow/example_dags/example_trigger_target_dag.py for tasks to queue
[2023-07-31T19:51:39.195+0000] {logging_mixin.py:150} INFO - [2023-07-31T19:51:39.195+0000] {dagbag.py:541} INFO - Filling up the DagBag from /home/airflow/.local/lib/python3.7/site-packages/airflow/example_dags/example_trigger_target_dag.py
[2023-07-31T19:51:39.201+0000] {processor.py:836} INFO - DAG(s) dict_keys(['example_trigger_target_dag']) retrieved from /home/airflow/.local/lib/python3.7/site-packages/airflow/example_dags/example_trigger_target_dag.py
[2023-07-31T19:51:39.234+0000] {logging_mixin.py:150} INFO - [2023-07-31T19:51:39.233+0000] {dag.py:2742} INFO - Sync 1 DAGs
[2023-07-31T19:51:39.275+0000] {logging_mixin.py:150} INFO - [2023-07-31T19:51:39.274+0000] {dag.py:3508} INFO - Setting next_dagrun for example_trigger_target_dag to None, run_after=None
[2023-07-31T19:51:39.302+0000] {processor.py:179} INFO - Processing /home/airflow/.local/lib/python3.7/site-packages/airflow/example_dags/example_trigger_target_dag.py took 0.115 seconds
[2023-07-31T19:52:09.959+0000] {processor.py:157} INFO - Started process (PID=312) to work on /home/airflow/.local/lib/python3.7/site-packages/airflow/example_dags/example_trigger_target_dag.py
[2023-07-31T19:52:09.960+0000] {processor.py:826} INFO - Processing file /home/airflow/.local/lib/python3.7/site-packages/airflow/example_dags/example_trigger_target_dag.py for tasks to queue
[2023-07-31T19:52:09.961+0000] {logging_mixin.py:150} INFO - [2023-07-31T19:52:09.961+0000] {dagbag.py:541} INFO - Filling up the DagBag from /home/airflow/.local/lib/python3.7/site-packages/airflow/example_dags/example_trigger_target_dag.py
[2023-07-31T19:52:09.968+0000] {processor.py:836} INFO - DAG(s) dict_keys(['example_trigger_target_dag']) retrieved from /home/airflow/.local/lib/python3.7/site-packages/airflow/example_dags/example_trigger_target_dag.py
[2023-07-31T19:52:09.993+0000] {logging_mixin.py:150} INFO - [2023-07-31T19:52:09.993+0000] {dag.py:2742} INFO - Sync 1 DAGs
[2023-07-31T19:52:10.021+0000] {logging_mixin.py:150} INFO - [2023-07-31T19:52:10.021+0000] {dag.py:3508} INFO - Setting next_dagrun for example_trigger_target_dag to None, run_after=None
[2023-07-31T19:52:10.042+0000] {processor.py:179} INFO - Processing /home/airflow/.local/lib/python3.7/site-packages/airflow/example_dags/example_trigger_target_dag.py took 0.085 seconds
[2023-07-31T19:52:40.418+0000] {processor.py:157} INFO - Started process (PID=373) to work on /home/airflow/.local/lib/python3.7/site-packages/airflow/example_dags/example_trigger_target_dag.py
[2023-07-31T19:52:40.419+0000] {processor.py:826} INFO - Processing file /home/airflow/.local/lib/python3.7/site-packages/airflow/example_dags/example_trigger_target_dag.py for tasks to queue
[2023-07-31T19:52:40.420+0000] {logging_mixin.py:150} INFO - [2023-07-31T19:52:40.419+0000] {dagbag.py:541} INFO - Filling up the DagBag from /home/airflow/.local/lib/python3.7/site-packages/airflow/example_dags/example_trigger_target_dag.py
[2023-07-31T19:52:40.426+0000] {processor.py:836} INFO - DAG(s) dict_keys(['example_trigger_target_dag']) retrieved from /home/airflow/.local/lib/python3.7/site-packages/airflow/example_dags/example_trigger_target_dag.py
[2023-07-31T19:52:40.453+0000] {logging_mixin.py:150} INFO - [2023-07-31T19:52:40.453+0000] {dag.py:2742} INFO - Sync 1 DAGs
[2023-07-31T19:52:40.484+0000] {logging_mixin.py:150} INFO - [2023-07-31T19:52:40.484+0000] {dag.py:3508} INFO - Setting next_dagrun for example_trigger_target_dag to None, run_after=None
[2023-07-31T19:52:40.514+0000] {processor.py:179} INFO - Processing /home/airflow/.local/lib/python3.7/site-packages/airflow/example_dags/example_trigger_target_dag.py took 0.099 seconds
[2023-07-31T19:53:11.205+0000] {processor.py:157} INFO - Started process (PID=434) to work on /home/airflow/.local/lib/python3.7/site-packages/airflow/example_dags/example_trigger_target_dag.py
[2023-07-31T19:53:11.206+0000] {processor.py:826} INFO - Processing file /home/airflow/.local/lib/python3.7/site-packages/airflow/example_dags/example_trigger_target_dag.py for tasks to queue
[2023-07-31T19:53:11.207+0000] {logging_mixin.py:150} INFO - [2023-07-31T19:53:11.207+0000] {dagbag.py:541} INFO - Filling up the DagBag from /home/airflow/.local/lib/python3.7/site-packages/airflow/example_dags/example_trigger_target_dag.py
[2023-07-31T19:53:11.217+0000] {processor.py:836} INFO - DAG(s) dict_keys(['example_trigger_target_dag']) retrieved from /home/airflow/.local/lib/python3.7/site-packages/airflow/example_dags/example_trigger_target_dag.py
[2023-07-31T19:53:11.259+0000] {logging_mixin.py:150} INFO - [2023-07-31T19:53:11.259+0000] {dag.py:2742} INFO - Sync 1 DAGs
[2023-07-31T19:53:11.293+0000] {logging_mixin.py:150} INFO - [2023-07-31T19:53:11.293+0000] {dag.py:3508} INFO - Setting next_dagrun for example_trigger_target_dag to None, run_after=None
[2023-07-31T19:53:11.323+0000] {processor.py:179} INFO - Processing /home/airflow/.local/lib/python3.7/site-packages/airflow/example_dags/example_trigger_target_dag.py took 0.122 seconds
[2023-07-31T19:53:42.127+0000] {processor.py:157} INFO - Started process (PID=495) to work on /home/airflow/.local/lib/python3.7/site-packages/airflow/example_dags/example_trigger_target_dag.py
[2023-07-31T19:53:42.128+0000] {processor.py:826} INFO - Processing file /home/airflow/.local/lib/python3.7/site-packages/airflow/example_dags/example_trigger_target_dag.py for tasks to queue
[2023-07-31T19:53:42.130+0000] {logging_mixin.py:150} INFO - [2023-07-31T19:53:42.129+0000] {dagbag.py:541} INFO - Filling up the DagBag from /home/airflow/.local/lib/python3.7/site-packages/airflow/example_dags/example_trigger_target_dag.py
[2023-07-31T19:53:42.135+0000] {processor.py:836} INFO - DAG(s) dict_keys(['example_trigger_target_dag']) retrieved from /home/airflow/.local/lib/python3.7/site-packages/airflow/example_dags/example_trigger_target_dag.py
[2023-07-31T19:53:42.168+0000] {logging_mixin.py:150} INFO - [2023-07-31T19:53:42.168+0000] {dag.py:2742} INFO - Sync 1 DAGs
[2023-07-31T19:53:42.213+0000] {logging_mixin.py:150} INFO - [2023-07-31T19:53:42.213+0000] {dag.py:3508} INFO - Setting next_dagrun for example_trigger_target_dag to None, run_after=None
[2023-07-31T19:53:42.243+0000] {processor.py:179} INFO - Processing /home/airflow/.local/lib/python3.7/site-packages/airflow/example_dags/example_trigger_target_dag.py took 0.122 seconds
[2023-07-31T19:54:12.405+0000] {processor.py:157} INFO - Started process (PID=555) to work on /home/airflow/.local/lib/python3.7/site-packages/airflow/example_dags/example_trigger_target_dag.py
[2023-07-31T19:54:12.406+0000] {processor.py:826} INFO - Processing file /home/airflow/.local/lib/python3.7/site-packages/airflow/example_dags/example_trigger_target_dag.py for tasks to queue
[2023-07-31T19:54:12.406+0000] {logging_mixin.py:150} INFO - [2023-07-31T19:54:12.406+0000] {dagbag.py:541} INFO - Filling up the DagBag from /home/airflow/.local/lib/python3.7/site-packages/airflow/example_dags/example_trigger_target_dag.py
[2023-07-31T19:54:12.413+0000] {processor.py:836} INFO - DAG(s) dict_keys(['example_trigger_target_dag']) retrieved from /home/airflow/.local/lib/python3.7/site-packages/airflow/example_dags/example_trigger_target_dag.py
[2023-07-31T19:54:12.453+0000] {logging_mixin.py:150} INFO - [2023-07-31T19:54:12.453+0000] {dag.py:2742} INFO - Sync 1 DAGs
[2023-07-31T19:54:12.491+0000] {logging_mixin.py:150} INFO - [2023-07-31T19:54:12.491+0000] {dag.py:3508} INFO - Setting next_dagrun for example_trigger_target_dag to None, run_after=None
[2023-07-31T19:54:12.526+0000] {processor.py:179} INFO - Processing /home/airflow/.local/lib/python3.7/site-packages/airflow/example_dags/example_trigger_target_dag.py took 0.125 seconds
[2023-07-31T19:54:42.585+0000] {processor.py:157} INFO - Started process (PID=616) to work on /home/airflow/.local/lib/python3.7/site-packages/airflow/example_dags/example_trigger_target_dag.py
[2023-07-31T19:54:42.586+0000] {processor.py:826} INFO - Processing file /home/airflow/.local/lib/python3.7/site-packages/airflow/example_dags/example_trigger_target_dag.py for tasks to queue
[2023-07-31T19:54:42.587+0000] {logging_mixin.py:150} INFO - [2023-07-31T19:54:42.587+0000] {dagbag.py:541} INFO - Filling up the DagBag from /home/airflow/.local/lib/python3.7/site-packages/airflow/example_dags/example_trigger_target_dag.py
[2023-07-31T19:54:42.594+0000] {processor.py:836} INFO - DAG(s) dict_keys(['example_trigger_target_dag']) retrieved from /home/airflow/.local/lib/python3.7/site-packages/airflow/example_dags/example_trigger_target_dag.py
[2023-07-31T19:54:42.620+0000] {logging_mixin.py:150} INFO - [2023-07-31T19:54:42.620+0000] {dag.py:2742} INFO - Sync 1 DAGs
[2023-07-31T19:54:42.655+0000] {logging_mixin.py:150} INFO - [2023-07-31T19:54:42.654+0000] {dag.py:3508} INFO - Setting next_dagrun for example_trigger_target_dag to None, run_after=None
[2023-07-31T19:54:42.682+0000] {processor.py:179} INFO - Processing /home/airflow/.local/lib/python3.7/site-packages/airflow/example_dags/example_trigger_target_dag.py took 0.099 seconds
[2023-07-31T19:55:12.759+0000] {processor.py:157} INFO - Started process (PID=677) to work on /home/airflow/.local/lib/python3.7/site-packages/airflow/example_dags/example_trigger_target_dag.py
[2023-07-31T19:55:12.760+0000] {processor.py:826} INFO - Processing file /home/airflow/.local/lib/python3.7/site-packages/airflow/example_dags/example_trigger_target_dag.py for tasks to queue
[2023-07-31T19:55:12.761+0000] {logging_mixin.py:150} INFO - [2023-07-31T19:55:12.760+0000] {dagbag.py:541} INFO - Filling up the DagBag from /home/airflow/.local/lib/python3.7/site-packages/airflow/example_dags/example_trigger_target_dag.py
[2023-07-31T19:55:12.770+0000] {processor.py:836} INFO - DAG(s) dict_keys(['example_trigger_target_dag']) retrieved from /home/airflow/.local/lib/python3.7/site-packages/airflow/example_dags/example_trigger_target_dag.py
[2023-07-31T19:55:12.797+0000] {logging_mixin.py:150} INFO - [2023-07-31T19:55:12.797+0000] {dag.py:2742} INFO - Sync 1 DAGs
[2023-07-31T19:55:12.830+0000] {logging_mixin.py:150} INFO - [2023-07-31T19:55:12.830+0000] {dag.py:3508} INFO - Setting next_dagrun for example_trigger_target_dag to None, run_after=None
[2023-07-31T19:55:12.861+0000] {processor.py:179} INFO - Processing /home/airflow/.local/lib/python3.7/site-packages/airflow/example_dags/example_trigger_target_dag.py took 0.106 seconds
[2023-07-31T19:55:43.303+0000] {processor.py:157} INFO - Started process (PID=738) to work on /home/airflow/.local/lib/python3.7/site-packages/airflow/example_dags/example_trigger_target_dag.py
[2023-07-31T19:55:43.304+0000] {processor.py:826} INFO - Processing file /home/airflow/.local/lib/python3.7/site-packages/airflow/example_dags/example_trigger_target_dag.py for tasks to queue
[2023-07-31T19:55:43.305+0000] {logging_mixin.py:150} INFO - [2023-07-31T19:55:43.305+0000] {dagbag.py:541} INFO - Filling up the DagBag from /home/airflow/.local/lib/python3.7/site-packages/airflow/example_dags/example_trigger_target_dag.py
[2023-07-31T19:55:43.313+0000] {processor.py:836} INFO - DAG(s) dict_keys(['example_trigger_target_dag']) retrieved from /home/airflow/.local/lib/python3.7/site-packages/airflow/example_dags/example_trigger_target_dag.py
[2023-07-31T19:55:43.339+0000] {logging_mixin.py:150} INFO - [2023-07-31T19:55:43.339+0000] {dag.py:2742} INFO - Sync 1 DAGs
[2023-07-31T19:55:43.376+0000] {logging_mixin.py:150} INFO - [2023-07-31T19:55:43.376+0000] {dag.py:3508} INFO - Setting next_dagrun for example_trigger_target_dag to None, run_after=None
[2023-07-31T19:55:43.405+0000] {processor.py:179} INFO - Processing /home/airflow/.local/lib/python3.7/site-packages/airflow/example_dags/example_trigger_target_dag.py took 0.105 seconds
[2023-07-31T19:56:13.568+0000] {processor.py:157} INFO - Started process (PID=799) to work on /home/airflow/.local/lib/python3.7/site-packages/airflow/example_dags/example_trigger_target_dag.py
[2023-07-31T19:56:13.568+0000] {processor.py:826} INFO - Processing file /home/airflow/.local/lib/python3.7/site-packages/airflow/example_dags/example_trigger_target_dag.py for tasks to queue
[2023-07-31T19:56:13.569+0000] {logging_mixin.py:150} INFO - [2023-07-31T19:56:13.569+0000] {dagbag.py:541} INFO - Filling up the DagBag from /home/airflow/.local/lib/python3.7/site-packages/airflow/example_dags/example_trigger_target_dag.py
[2023-07-31T19:56:13.574+0000] {processor.py:836} INFO - DAG(s) dict_keys(['example_trigger_target_dag']) retrieved from /home/airflow/.local/lib/python3.7/site-packages/airflow/example_dags/example_trigger_target_dag.py
[2023-07-31T19:56:13.598+0000] {logging_mixin.py:150} INFO - [2023-07-31T19:56:13.598+0000] {dag.py:2742} INFO - Sync 1 DAGs
[2023-07-31T19:56:13.636+0000] {logging_mixin.py:150} INFO - [2023-07-31T19:56:13.636+0000] {dag.py:3508} INFO - Setting next_dagrun for example_trigger_target_dag to None, run_after=None
[2023-07-31T19:56:13.660+0000] {processor.py:179} INFO - Processing /home/airflow/.local/lib/python3.7/site-packages/airflow/example_dags/example_trigger_target_dag.py took 0.096 seconds
[2023-07-31T19:56:43.869+0000] {processor.py:157} INFO - Started process (PID=867) to work on /home/airflow/.local/lib/python3.7/site-packages/airflow/example_dags/example_trigger_target_dag.py
[2023-07-31T19:56:43.870+0000] {processor.py:826} INFO - Processing file /home/airflow/.local/lib/python3.7/site-packages/airflow/example_dags/example_trigger_target_dag.py for tasks to queue
[2023-07-31T19:56:43.871+0000] {logging_mixin.py:150} INFO - [2023-07-31T19:56:43.870+0000] {dagbag.py:541} INFO - Filling up the DagBag from /home/airflow/.local/lib/python3.7/site-packages/airflow/example_dags/example_trigger_target_dag.py
[2023-07-31T19:56:43.877+0000] {processor.py:836} INFO - DAG(s) dict_keys(['example_trigger_target_dag']) retrieved from /home/airflow/.local/lib/python3.7/site-packages/airflow/example_dags/example_trigger_target_dag.py
[2023-07-31T19:56:43.900+0000] {logging_mixin.py:150} INFO - [2023-07-31T19:56:43.900+0000] {dag.py:2742} INFO - Sync 1 DAGs
[2023-07-31T19:56:43.928+0000] {logging_mixin.py:150} INFO - [2023-07-31T19:56:43.927+0000] {dag.py:3508} INFO - Setting next_dagrun for example_trigger_target_dag to None, run_after=None
[2023-07-31T19:56:43.953+0000] {processor.py:179} INFO - Processing /home/airflow/.local/lib/python3.7/site-packages/airflow/example_dags/example_trigger_target_dag.py took 0.087 seconds
[2023-07-31T19:57:14.339+0000] {processor.py:157} INFO - Started process (PID=928) to work on /home/airflow/.local/lib/python3.7/site-packages/airflow/example_dags/example_trigger_target_dag.py
[2023-07-31T19:57:14.341+0000] {processor.py:826} INFO - Processing file /home/airflow/.local/lib/python3.7/site-packages/airflow/example_dags/example_trigger_target_dag.py for tasks to queue
[2023-07-31T19:57:14.341+0000] {logging_mixin.py:150} INFO - [2023-07-31T19:57:14.341+0000] {dagbag.py:541} INFO - Filling up the DagBag from /home/airflow/.local/lib/python3.7/site-packages/airflow/example_dags/example_trigger_target_dag.py
[2023-07-31T19:57:14.346+0000] {processor.py:836} INFO - DAG(s) dict_keys(['example_trigger_target_dag']) retrieved from /home/airflow/.local/lib/python3.7/site-packages/airflow/example_dags/example_trigger_target_dag.py
[2023-07-31T19:57:14.373+0000] {logging_mixin.py:150} INFO - [2023-07-31T19:57:14.373+0000] {dag.py:2742} INFO - Sync 1 DAGs
[2023-07-31T19:57:14.402+0000] {logging_mixin.py:150} INFO - [2023-07-31T19:57:14.402+0000] {dag.py:3508} INFO - Setting next_dagrun for example_trigger_target_dag to None, run_after=None
[2023-07-31T19:57:14.428+0000] {processor.py:179} INFO - Processing /home/airflow/.local/lib/python3.7/site-packages/airflow/example_dags/example_trigger_target_dag.py took 0.091 seconds
[2023-07-31T19:57:44.715+0000] {processor.py:157} INFO - Started process (PID=989) to work on /home/airflow/.local/lib/python3.7/site-packages/airflow/example_dags/example_trigger_target_dag.py
[2023-07-31T19:57:44.718+0000] {processor.py:826} INFO - Processing file /home/airflow/.local/lib/python3.7/site-packages/airflow/example_dags/example_trigger_target_dag.py for tasks to queue
[2023-07-31T19:57:44.720+0000] {logging_mixin.py:150} INFO - [2023-07-31T19:57:44.720+0000] {dagbag.py:541} INFO - Filling up the DagBag from /home/airflow/.local/lib/python3.7/site-packages/airflow/example_dags/example_trigger_target_dag.py
[2023-07-31T19:57:44.738+0000] {processor.py:836} INFO - DAG(s) dict_keys(['example_trigger_target_dag']) retrieved from /home/airflow/.local/lib/python3.7/site-packages/airflow/example_dags/example_trigger_target_dag.py
[2023-07-31T19:57:44.771+0000] {logging_mixin.py:150} INFO - [2023-07-31T19:57:44.770+0000] {dag.py:2742} INFO - Sync 1 DAGs
[2023-07-31T19:57:44.811+0000] {logging_mixin.py:150} INFO - [2023-07-31T19:57:44.811+0000] {dag.py:3508} INFO - Setting next_dagrun for example_trigger_target_dag to None, run_after=None
[2023-07-31T19:57:44.837+0000] {processor.py:179} INFO - Processing /home/airflow/.local/lib/python3.7/site-packages/airflow/example_dags/example_trigger_target_dag.py took 0.132 seconds
[2023-07-31T19:58:15.472+0000] {processor.py:157} INFO - Started process (PID=1050) to work on /home/airflow/.local/lib/python3.7/site-packages/airflow/example_dags/example_trigger_target_dag.py
[2023-07-31T19:58:15.474+0000] {processor.py:826} INFO - Processing file /home/airflow/.local/lib/python3.7/site-packages/airflow/example_dags/example_trigger_target_dag.py for tasks to queue
[2023-07-31T19:58:15.474+0000] {logging_mixin.py:150} INFO - [2023-07-31T19:58:15.474+0000] {dagbag.py:541} INFO - Filling up the DagBag from /home/airflow/.local/lib/python3.7/site-packages/airflow/example_dags/example_trigger_target_dag.py
[2023-07-31T19:58:15.479+0000] {processor.py:836} INFO - DAG(s) dict_keys(['example_trigger_target_dag']) retrieved from /home/airflow/.local/lib/python3.7/site-packages/airflow/example_dags/example_trigger_target_dag.py
[2023-07-31T19:58:15.508+0000] {logging_mixin.py:150} INFO - [2023-07-31T19:58:15.508+0000] {dag.py:2742} INFO - Sync 1 DAGs
[2023-07-31T19:58:15.539+0000] {logging_mixin.py:150} INFO - [2023-07-31T19:58:15.539+0000] {dag.py:3508} INFO - Setting next_dagrun for example_trigger_target_dag to None, run_after=None
[2023-07-31T19:58:15.561+0000] {processor.py:179} INFO - Processing /home/airflow/.local/lib/python3.7/site-packages/airflow/example_dags/example_trigger_target_dag.py took 0.095 seconds
[2023-07-31T19:58:45.788+0000] {processor.py:157} INFO - Started process (PID=1111) to work on /home/airflow/.local/lib/python3.7/site-packages/airflow/example_dags/example_trigger_target_dag.py
[2023-07-31T19:58:45.789+0000] {processor.py:826} INFO - Processing file /home/airflow/.local/lib/python3.7/site-packages/airflow/example_dags/example_trigger_target_dag.py for tasks to queue
[2023-07-31T19:58:45.793+0000] {logging_mixin.py:150} INFO - [2023-07-31T19:58:45.793+0000] {dagbag.py:541} INFO - Filling up the DagBag from /home/airflow/.local/lib/python3.7/site-packages/airflow/example_dags/example_trigger_target_dag.py
[2023-07-31T19:58:45.802+0000] {processor.py:836} INFO - DAG(s) dict_keys(['example_trigger_target_dag']) retrieved from /home/airflow/.local/lib/python3.7/site-packages/airflow/example_dags/example_trigger_target_dag.py
[2023-07-31T19:58:45.842+0000] {logging_mixin.py:150} INFO - [2023-07-31T19:58:45.841+0000] {dag.py:2742} INFO - Sync 1 DAGs
[2023-07-31T19:58:45.889+0000] {logging_mixin.py:150} INFO - [2023-07-31T19:58:45.889+0000] {dag.py:3508} INFO - Setting next_dagrun for example_trigger_target_dag to None, run_after=None
[2023-07-31T19:58:45.929+0000] {processor.py:179} INFO - Processing /home/airflow/.local/lib/python3.7/site-packages/airflow/example_dags/example_trigger_target_dag.py took 0.146 seconds
[2023-07-31T20:01:00.692+0000] {processor.py:157} INFO - Started process (PID=70) to work on /home/airflow/.local/lib/python3.7/site-packages/airflow/example_dags/example_trigger_target_dag.py
[2023-07-31T20:01:00.693+0000] {processor.py:826} INFO - Processing file /home/airflow/.local/lib/python3.7/site-packages/airflow/example_dags/example_trigger_target_dag.py for tasks to queue
[2023-07-31T20:01:00.694+0000] {logging_mixin.py:150} INFO - [2023-07-31T20:01:00.694+0000] {dagbag.py:541} INFO - Filling up the DagBag from /home/airflow/.local/lib/python3.7/site-packages/airflow/example_dags/example_trigger_target_dag.py
[2023-07-31T20:01:00.826+0000] {processor.py:836} INFO - DAG(s) dict_keys(['example_trigger_target_dag']) retrieved from /home/airflow/.local/lib/python3.7/site-packages/airflow/example_dags/example_trigger_target_dag.py
[2023-07-31T20:01:00.847+0000] {logging_mixin.py:150} INFO - [2023-07-31T20:01:00.847+0000] {dag.py:2742} INFO - Sync 1 DAGs
[2023-07-31T20:01:00.872+0000] {logging_mixin.py:150} INFO - [2023-07-31T20:01:00.872+0000] {dag.py:3508} INFO - Setting next_dagrun for example_trigger_target_dag to None, run_after=None
[2023-07-31T20:01:00.893+0000] {processor.py:179} INFO - Processing /home/airflow/.local/lib/python3.7/site-packages/airflow/example_dags/example_trigger_target_dag.py took 0.205 seconds
[2023-07-31T20:01:31.354+0000] {processor.py:157} INFO - Started process (PID=132) to work on /home/airflow/.local/lib/python3.7/site-packages/airflow/example_dags/example_trigger_target_dag.py
[2023-07-31T20:01:31.355+0000] {processor.py:826} INFO - Processing file /home/airflow/.local/lib/python3.7/site-packages/airflow/example_dags/example_trigger_target_dag.py for tasks to queue
[2023-07-31T20:01:31.355+0000] {logging_mixin.py:150} INFO - [2023-07-31T20:01:31.355+0000] {dagbag.py:541} INFO - Filling up the DagBag from /home/airflow/.local/lib/python3.7/site-packages/airflow/example_dags/example_trigger_target_dag.py
[2023-07-31T20:01:31.360+0000] {processor.py:836} INFO - DAG(s) dict_keys(['example_trigger_target_dag']) retrieved from /home/airflow/.local/lib/python3.7/site-packages/airflow/example_dags/example_trigger_target_dag.py
[2023-07-31T20:01:31.381+0000] {logging_mixin.py:150} INFO - [2023-07-31T20:01:31.381+0000] {dag.py:2742} INFO - Sync 1 DAGs
[2023-07-31T20:01:31.406+0000] {logging_mixin.py:150} INFO - [2023-07-31T20:01:31.406+0000] {dag.py:3508} INFO - Setting next_dagrun for example_trigger_target_dag to None, run_after=None
[2023-07-31T20:01:31.426+0000] {processor.py:179} INFO - Processing /home/airflow/.local/lib/python3.7/site-packages/airflow/example_dags/example_trigger_target_dag.py took 0.075 seconds
[2023-07-31T20:02:01.823+0000] {processor.py:157} INFO - Started process (PID=194) to work on /home/airflow/.local/lib/python3.7/site-packages/airflow/example_dags/example_trigger_target_dag.py
[2023-07-31T20:02:01.824+0000] {processor.py:826} INFO - Processing file /home/airflow/.local/lib/python3.7/site-packages/airflow/example_dags/example_trigger_target_dag.py for tasks to queue
[2023-07-31T20:02:01.825+0000] {logging_mixin.py:150} INFO - [2023-07-31T20:02:01.825+0000] {dagbag.py:541} INFO - Filling up the DagBag from /home/airflow/.local/lib/python3.7/site-packages/airflow/example_dags/example_trigger_target_dag.py
[2023-07-31T20:02:01.830+0000] {processor.py:836} INFO - DAG(s) dict_keys(['example_trigger_target_dag']) retrieved from /home/airflow/.local/lib/python3.7/site-packages/airflow/example_dags/example_trigger_target_dag.py
[2023-07-31T20:02:01.851+0000] {logging_mixin.py:150} INFO - [2023-07-31T20:02:01.851+0000] {dag.py:2742} INFO - Sync 1 DAGs
[2023-07-31T20:02:01.875+0000] {logging_mixin.py:150} INFO - [2023-07-31T20:02:01.874+0000] {dag.py:3508} INFO - Setting next_dagrun for example_trigger_target_dag to None, run_after=None
[2023-07-31T20:02:01.896+0000] {processor.py:179} INFO - Processing /home/airflow/.local/lib/python3.7/site-packages/airflow/example_dags/example_trigger_target_dag.py took 0.076 seconds
