[2023-07-31T19:50:07.694+0000] {processor.py:157} INFO - Started process (PID=71) to work on /home/airflow/.local/lib/python3.7/site-packages/airflow/example_dags/example_external_task_marker_dag.py
[2023-07-31T19:50:07.696+0000] {processor.py:826} INFO - Processing file /home/airflow/.local/lib/python3.7/site-packages/airflow/example_dags/example_external_task_marker_dag.py for tasks to queue
[2023-07-31T19:50:07.697+0000] {logging_mixin.py:150} INFO - [2023-07-31T19:50:07.696+0000] {dagbag.py:541} INFO - Filling up the DagBag from /home/airflow/.local/lib/python3.7/site-packages/airflow/example_dags/example_external_task_marker_dag.py
[2023-07-31T19:50:07.711+0000] {processor.py:836} INFO - DAG(s) dict_keys(['example_external_task_marker_parent', 'example_external_task_marker_child']) retrieved from /home/airflow/.local/lib/python3.7/site-packages/airflow/example_dags/example_external_task_marker_dag.py
[2023-07-31T19:50:07.892+0000] {logging_mixin.py:150} INFO - [2023-07-31T19:50:07.891+0000] {manager.py:504} INFO - Created Permission View: can delete on DAG:example_external_task_marker_parent
[2023-07-31T19:50:07.949+0000] {logging_mixin.py:150} INFO - [2023-07-31T19:50:07.948+0000] {manager.py:504} INFO - Created Permission View: can edit on DAG:example_external_task_marker_parent
[2023-07-31T19:50:07.977+0000] {logging_mixin.py:150} INFO - [2023-07-31T19:50:07.977+0000] {manager.py:504} INFO - Created Permission View: can read on DAG:example_external_task_marker_parent
[2023-07-31T19:50:08.063+0000] {logging_mixin.py:150} INFO - [2023-07-31T19:50:08.063+0000] {manager.py:504} INFO - Created Permission View: can delete on DAG:example_external_task_marker_child
[2023-07-31T19:50:08.082+0000] {logging_mixin.py:150} INFO - [2023-07-31T19:50:08.082+0000] {manager.py:504} INFO - Created Permission View: can edit on DAG:example_external_task_marker_child
[2023-07-31T19:50:08.111+0000] {logging_mixin.py:150} INFO - [2023-07-31T19:50:08.110+0000] {manager.py:504} INFO - Created Permission View: can read on DAG:example_external_task_marker_child
[2023-07-31T19:50:08.143+0000] {logging_mixin.py:150} INFO - [2023-07-31T19:50:08.141+0000] {dag.py:2742} INFO - Sync 2 DAGs
[2023-07-31T19:50:08.196+0000] {logging_mixin.py:150} INFO - [2023-07-31T19:50:08.195+0000] {dag.py:2763} INFO - Creating ORM DAG for example_external_task_marker_parent
[2023-07-31T19:50:08.197+0000] {logging_mixin.py:150} INFO - [2023-07-31T19:50:08.197+0000] {dag.py:2763} INFO - Creating ORM DAG for example_external_task_marker_child
[2023-07-31T19:50:08.249+0000] {logging_mixin.py:150} INFO - [2023-07-31T19:50:08.249+0000] {dag.py:3508} INFO - Setting next_dagrun for example_external_task_marker_child to None, run_after=None
[2023-07-31T19:50:08.250+0000] {logging_mixin.py:150} INFO - [2023-07-31T19:50:08.250+0000] {dag.py:3508} INFO - Setting next_dagrun for example_external_task_marker_parent to None, run_after=None
[2023-07-31T19:50:08.374+0000] {processor.py:179} INFO - Processing /home/airflow/.local/lib/python3.7/site-packages/airflow/example_dags/example_external_task_marker_dag.py took 0.684 seconds
[2023-07-31T19:50:39.135+0000] {processor.py:157} INFO - Started process (PID=132) to work on /home/airflow/.local/lib/python3.7/site-packages/airflow/example_dags/example_external_task_marker_dag.py
[2023-07-31T19:50:39.136+0000] {processor.py:826} INFO - Processing file /home/airflow/.local/lib/python3.7/site-packages/airflow/example_dags/example_external_task_marker_dag.py for tasks to queue
[2023-07-31T19:50:39.137+0000] {logging_mixin.py:150} INFO - [2023-07-31T19:50:39.137+0000] {dagbag.py:541} INFO - Filling up the DagBag from /home/airflow/.local/lib/python3.7/site-packages/airflow/example_dags/example_external_task_marker_dag.py
[2023-07-31T19:50:39.148+0000] {processor.py:836} INFO - DAG(s) dict_keys(['example_external_task_marker_parent', 'example_external_task_marker_child']) retrieved from /home/airflow/.local/lib/python3.7/site-packages/airflow/example_dags/example_external_task_marker_dag.py
[2023-07-31T19:50:39.186+0000] {logging_mixin.py:150} INFO - [2023-07-31T19:50:39.185+0000] {dag.py:2742} INFO - Sync 2 DAGs
[2023-07-31T19:50:39.222+0000] {logging_mixin.py:150} INFO - [2023-07-31T19:50:39.222+0000] {dag.py:3508} INFO - Setting next_dagrun for example_external_task_marker_child to None, run_after=None
[2023-07-31T19:50:39.230+0000] {logging_mixin.py:150} INFO - [2023-07-31T19:50:39.230+0000] {dag.py:3508} INFO - Setting next_dagrun for example_external_task_marker_parent to None, run_after=None
[2023-07-31T19:50:39.256+0000] {processor.py:179} INFO - Processing /home/airflow/.local/lib/python3.7/site-packages/airflow/example_dags/example_external_task_marker_dag.py took 0.125 seconds
[2023-07-31T19:51:09.954+0000] {processor.py:157} INFO - Started process (PID=193) to work on /home/airflow/.local/lib/python3.7/site-packages/airflow/example_dags/example_external_task_marker_dag.py
[2023-07-31T19:51:09.955+0000] {processor.py:826} INFO - Processing file /home/airflow/.local/lib/python3.7/site-packages/airflow/example_dags/example_external_task_marker_dag.py for tasks to queue
[2023-07-31T19:51:09.955+0000] {logging_mixin.py:150} INFO - [2023-07-31T19:51:09.955+0000] {dagbag.py:541} INFO - Filling up the DagBag from /home/airflow/.local/lib/python3.7/site-packages/airflow/example_dags/example_external_task_marker_dag.py
[2023-07-31T19:51:09.963+0000] {processor.py:836} INFO - DAG(s) dict_keys(['example_external_task_marker_child', 'example_external_task_marker_parent']) retrieved from /home/airflow/.local/lib/python3.7/site-packages/airflow/example_dags/example_external_task_marker_dag.py
[2023-07-31T19:51:10.010+0000] {logging_mixin.py:150} INFO - [2023-07-31T19:51:10.010+0000] {dag.py:2742} INFO - Sync 2 DAGs
[2023-07-31T19:51:10.047+0000] {logging_mixin.py:150} INFO - [2023-07-31T19:51:10.047+0000] {dag.py:3508} INFO - Setting next_dagrun for example_external_task_marker_child to None, run_after=None
[2023-07-31T19:51:10.055+0000] {logging_mixin.py:150} INFO - [2023-07-31T19:51:10.055+0000] {dag.py:3508} INFO - Setting next_dagrun for example_external_task_marker_parent to None, run_after=None
[2023-07-31T19:51:10.092+0000] {processor.py:179} INFO - Processing /home/airflow/.local/lib/python3.7/site-packages/airflow/example_dags/example_external_task_marker_dag.py took 0.144 seconds
[2023-07-31T19:51:40.444+0000] {processor.py:157} INFO - Started process (PID=253) to work on /home/airflow/.local/lib/python3.7/site-packages/airflow/example_dags/example_external_task_marker_dag.py
[2023-07-31T19:51:40.446+0000] {processor.py:826} INFO - Processing file /home/airflow/.local/lib/python3.7/site-packages/airflow/example_dags/example_external_task_marker_dag.py for tasks to queue
[2023-07-31T19:51:40.446+0000] {logging_mixin.py:150} INFO - [2023-07-31T19:51:40.446+0000] {dagbag.py:541} INFO - Filling up the DagBag from /home/airflow/.local/lib/python3.7/site-packages/airflow/example_dags/example_external_task_marker_dag.py
[2023-07-31T19:51:40.452+0000] {processor.py:836} INFO - DAG(s) dict_keys(['example_external_task_marker_child', 'example_external_task_marker_parent']) retrieved from /home/airflow/.local/lib/python3.7/site-packages/airflow/example_dags/example_external_task_marker_dag.py
[2023-07-31T19:51:40.490+0000] {logging_mixin.py:150} INFO - [2023-07-31T19:51:40.490+0000] {dag.py:2742} INFO - Sync 2 DAGs
[2023-07-31T19:51:40.519+0000] {logging_mixin.py:150} INFO - [2023-07-31T19:51:40.519+0000] {dag.py:3508} INFO - Setting next_dagrun for example_external_task_marker_child to None, run_after=None
[2023-07-31T19:51:40.522+0000] {logging_mixin.py:150} INFO - [2023-07-31T19:51:40.522+0000] {dag.py:3508} INFO - Setting next_dagrun for example_external_task_marker_parent to None, run_after=None
[2023-07-31T19:51:40.548+0000] {processor.py:179} INFO - Processing /home/airflow/.local/lib/python3.7/site-packages/airflow/example_dags/example_external_task_marker_dag.py took 0.108 seconds
[2023-07-31T19:52:11.174+0000] {processor.py:157} INFO - Started process (PID=314) to work on /home/airflow/.local/lib/python3.7/site-packages/airflow/example_dags/example_external_task_marker_dag.py
[2023-07-31T19:52:11.174+0000] {processor.py:826} INFO - Processing file /home/airflow/.local/lib/python3.7/site-packages/airflow/example_dags/example_external_task_marker_dag.py for tasks to queue
[2023-07-31T19:52:11.175+0000] {logging_mixin.py:150} INFO - [2023-07-31T19:52:11.175+0000] {dagbag.py:541} INFO - Filling up the DagBag from /home/airflow/.local/lib/python3.7/site-packages/airflow/example_dags/example_external_task_marker_dag.py
[2023-07-31T19:52:11.184+0000] {processor.py:836} INFO - DAG(s) dict_keys(['example_external_task_marker_parent', 'example_external_task_marker_child']) retrieved from /home/airflow/.local/lib/python3.7/site-packages/airflow/example_dags/example_external_task_marker_dag.py
[2023-07-31T19:52:11.218+0000] {logging_mixin.py:150} INFO - [2023-07-31T19:52:11.218+0000] {dag.py:2742} INFO - Sync 2 DAGs
[2023-07-31T19:52:11.250+0000] {logging_mixin.py:150} INFO - [2023-07-31T19:52:11.249+0000] {dag.py:3508} INFO - Setting next_dagrun for example_external_task_marker_child to None, run_after=None
[2023-07-31T19:52:11.256+0000] {logging_mixin.py:150} INFO - [2023-07-31T19:52:11.256+0000] {dag.py:3508} INFO - Setting next_dagrun for example_external_task_marker_parent to None, run_after=None
[2023-07-31T19:52:11.279+0000] {processor.py:179} INFO - Processing /home/airflow/.local/lib/python3.7/site-packages/airflow/example_dags/example_external_task_marker_dag.py took 0.109 seconds
[2023-07-31T19:52:41.678+0000] {processor.py:157} INFO - Started process (PID=375) to work on /home/airflow/.local/lib/python3.7/site-packages/airflow/example_dags/example_external_task_marker_dag.py
[2023-07-31T19:52:41.682+0000] {processor.py:826} INFO - Processing file /home/airflow/.local/lib/python3.7/site-packages/airflow/example_dags/example_external_task_marker_dag.py for tasks to queue
[2023-07-31T19:52:41.683+0000] {logging_mixin.py:150} INFO - [2023-07-31T19:52:41.683+0000] {dagbag.py:541} INFO - Filling up the DagBag from /home/airflow/.local/lib/python3.7/site-packages/airflow/example_dags/example_external_task_marker_dag.py
[2023-07-31T19:52:41.689+0000] {processor.py:836} INFO - DAG(s) dict_keys(['example_external_task_marker_parent', 'example_external_task_marker_child']) retrieved from /home/airflow/.local/lib/python3.7/site-packages/airflow/example_dags/example_external_task_marker_dag.py
[2023-07-31T19:52:41.719+0000] {logging_mixin.py:150} INFO - [2023-07-31T19:52:41.719+0000] {dag.py:2742} INFO - Sync 2 DAGs
[2023-07-31T19:52:41.747+0000] {logging_mixin.py:150} INFO - [2023-07-31T19:52:41.746+0000] {dag.py:3508} INFO - Setting next_dagrun for example_external_task_marker_child to None, run_after=None
[2023-07-31T19:52:41.750+0000] {logging_mixin.py:150} INFO - [2023-07-31T19:52:41.750+0000] {dag.py:3508} INFO - Setting next_dagrun for example_external_task_marker_parent to None, run_after=None
[2023-07-31T19:52:41.772+0000] {processor.py:179} INFO - Processing /home/airflow/.local/lib/python3.7/site-packages/airflow/example_dags/example_external_task_marker_dag.py took 0.096 seconds
[2023-07-31T19:53:12.400+0000] {processor.py:157} INFO - Started process (PID=436) to work on /home/airflow/.local/lib/python3.7/site-packages/airflow/example_dags/example_external_task_marker_dag.py
[2023-07-31T19:53:12.404+0000] {processor.py:826} INFO - Processing file /home/airflow/.local/lib/python3.7/site-packages/airflow/example_dags/example_external_task_marker_dag.py for tasks to queue
[2023-07-31T19:53:12.405+0000] {logging_mixin.py:150} INFO - [2023-07-31T19:53:12.405+0000] {dagbag.py:541} INFO - Filling up the DagBag from /home/airflow/.local/lib/python3.7/site-packages/airflow/example_dags/example_external_task_marker_dag.py
[2023-07-31T19:53:12.411+0000] {processor.py:836} INFO - DAG(s) dict_keys(['example_external_task_marker_child', 'example_external_task_marker_parent']) retrieved from /home/airflow/.local/lib/python3.7/site-packages/airflow/example_dags/example_external_task_marker_dag.py
[2023-07-31T19:53:12.452+0000] {logging_mixin.py:150} INFO - [2023-07-31T19:53:12.452+0000] {dag.py:2742} INFO - Sync 2 DAGs
[2023-07-31T19:53:12.498+0000] {logging_mixin.py:150} INFO - [2023-07-31T19:53:12.498+0000] {dag.py:3508} INFO - Setting next_dagrun for example_external_task_marker_child to None, run_after=None
[2023-07-31T19:53:12.503+0000] {logging_mixin.py:150} INFO - [2023-07-31T19:53:12.503+0000] {dag.py:3508} INFO - Setting next_dagrun for example_external_task_marker_parent to None, run_after=None
[2023-07-31T19:53:12.535+0000] {processor.py:179} INFO - Processing /home/airflow/.local/lib/python3.7/site-packages/airflow/example_dags/example_external_task_marker_dag.py took 0.138 seconds
[2023-07-31T19:53:43.423+0000] {processor.py:157} INFO - Started process (PID=504) to work on /home/airflow/.local/lib/python3.7/site-packages/airflow/example_dags/example_external_task_marker_dag.py
[2023-07-31T19:53:43.432+0000] {processor.py:826} INFO - Processing file /home/airflow/.local/lib/python3.7/site-packages/airflow/example_dags/example_external_task_marker_dag.py for tasks to queue
[2023-07-31T19:53:43.433+0000] {logging_mixin.py:150} INFO - [2023-07-31T19:53:43.433+0000] {dagbag.py:541} INFO - Filling up the DagBag from /home/airflow/.local/lib/python3.7/site-packages/airflow/example_dags/example_external_task_marker_dag.py
[2023-07-31T19:53:43.447+0000] {processor.py:836} INFO - DAG(s) dict_keys(['example_external_task_marker_child', 'example_external_task_marker_parent']) retrieved from /home/airflow/.local/lib/python3.7/site-packages/airflow/example_dags/example_external_task_marker_dag.py
[2023-07-31T19:53:43.520+0000] {logging_mixin.py:150} INFO - [2023-07-31T19:53:43.519+0000] {dag.py:2742} INFO - Sync 2 DAGs
[2023-07-31T19:53:43.585+0000] {logging_mixin.py:150} INFO - [2023-07-31T19:53:43.585+0000] {dag.py:3508} INFO - Setting next_dagrun for example_external_task_marker_child to None, run_after=None
[2023-07-31T19:53:43.595+0000] {logging_mixin.py:150} INFO - [2023-07-31T19:53:43.595+0000] {dag.py:3508} INFO - Setting next_dagrun for example_external_task_marker_parent to None, run_after=None
[2023-07-31T19:53:43.622+0000] {processor.py:179} INFO - Processing /home/airflow/.local/lib/python3.7/site-packages/airflow/example_dags/example_external_task_marker_dag.py took 0.203 seconds
[2023-07-31T19:54:13.807+0000] {processor.py:157} INFO - Started process (PID=565) to work on /home/airflow/.local/lib/python3.7/site-packages/airflow/example_dags/example_external_task_marker_dag.py
[2023-07-31T19:54:13.808+0000] {processor.py:826} INFO - Processing file /home/airflow/.local/lib/python3.7/site-packages/airflow/example_dags/example_external_task_marker_dag.py for tasks to queue
[2023-07-31T19:54:13.809+0000] {logging_mixin.py:150} INFO - [2023-07-31T19:54:13.809+0000] {dagbag.py:541} INFO - Filling up the DagBag from /home/airflow/.local/lib/python3.7/site-packages/airflow/example_dags/example_external_task_marker_dag.py
[2023-07-31T19:54:13.816+0000] {processor.py:836} INFO - DAG(s) dict_keys(['example_external_task_marker_child', 'example_external_task_marker_parent']) retrieved from /home/airflow/.local/lib/python3.7/site-packages/airflow/example_dags/example_external_task_marker_dag.py
[2023-07-31T19:54:13.844+0000] {logging_mixin.py:150} INFO - [2023-07-31T19:54:13.844+0000] {dag.py:2742} INFO - Sync 2 DAGs
[2023-07-31T19:54:13.875+0000] {logging_mixin.py:150} INFO - [2023-07-31T19:54:13.875+0000] {dag.py:3508} INFO - Setting next_dagrun for example_external_task_marker_child to None, run_after=None
[2023-07-31T19:54:13.882+0000] {logging_mixin.py:150} INFO - [2023-07-31T19:54:13.881+0000] {dag.py:3508} INFO - Setting next_dagrun for example_external_task_marker_parent to None, run_after=None
[2023-07-31T19:54:13.907+0000] {processor.py:179} INFO - Processing /home/airflow/.local/lib/python3.7/site-packages/airflow/example_dags/example_external_task_marker_dag.py took 0.104 seconds
[2023-07-31T19:54:43.933+0000] {processor.py:157} INFO - Started process (PID=626) to work on /home/airflow/.local/lib/python3.7/site-packages/airflow/example_dags/example_external_task_marker_dag.py
[2023-07-31T19:54:43.934+0000] {processor.py:826} INFO - Processing file /home/airflow/.local/lib/python3.7/site-packages/airflow/example_dags/example_external_task_marker_dag.py for tasks to queue
[2023-07-31T19:54:43.935+0000] {logging_mixin.py:150} INFO - [2023-07-31T19:54:43.935+0000] {dagbag.py:541} INFO - Filling up the DagBag from /home/airflow/.local/lib/python3.7/site-packages/airflow/example_dags/example_external_task_marker_dag.py
[2023-07-31T19:54:43.942+0000] {processor.py:836} INFO - DAG(s) dict_keys(['example_external_task_marker_parent', 'example_external_task_marker_child']) retrieved from /home/airflow/.local/lib/python3.7/site-packages/airflow/example_dags/example_external_task_marker_dag.py
[2023-07-31T19:54:43.975+0000] {logging_mixin.py:150} INFO - [2023-07-31T19:54:43.974+0000] {dag.py:2742} INFO - Sync 2 DAGs
[2023-07-31T19:54:44.007+0000] {logging_mixin.py:150} INFO - [2023-07-31T19:54:44.005+0000] {dag.py:3508} INFO - Setting next_dagrun for example_external_task_marker_child to None, run_after=None
[2023-07-31T19:54:44.012+0000] {logging_mixin.py:150} INFO - [2023-07-31T19:54:44.011+0000] {dag.py:3508} INFO - Setting next_dagrun for example_external_task_marker_parent to None, run_after=None
[2023-07-31T19:54:44.034+0000] {processor.py:179} INFO - Processing /home/airflow/.local/lib/python3.7/site-packages/airflow/example_dags/example_external_task_marker_dag.py took 0.104 seconds
[2023-07-31T19:55:14.430+0000] {processor.py:157} INFO - Started process (PID=687) to work on /home/airflow/.local/lib/python3.7/site-packages/airflow/example_dags/example_external_task_marker_dag.py
[2023-07-31T19:55:14.432+0000] {processor.py:826} INFO - Processing file /home/airflow/.local/lib/python3.7/site-packages/airflow/example_dags/example_external_task_marker_dag.py for tasks to queue
[2023-07-31T19:55:14.433+0000] {logging_mixin.py:150} INFO - [2023-07-31T19:55:14.433+0000] {dagbag.py:541} INFO - Filling up the DagBag from /home/airflow/.local/lib/python3.7/site-packages/airflow/example_dags/example_external_task_marker_dag.py
[2023-07-31T19:55:14.442+0000] {processor.py:836} INFO - DAG(s) dict_keys(['example_external_task_marker_parent', 'example_external_task_marker_child']) retrieved from /home/airflow/.local/lib/python3.7/site-packages/airflow/example_dags/example_external_task_marker_dag.py
[2023-07-31T19:55:14.485+0000] {logging_mixin.py:150} INFO - [2023-07-31T19:55:14.485+0000] {dag.py:2742} INFO - Sync 2 DAGs
[2023-07-31T19:55:14.526+0000] {logging_mixin.py:150} INFO - [2023-07-31T19:55:14.525+0000] {dag.py:3508} INFO - Setting next_dagrun for example_external_task_marker_child to None, run_after=None
[2023-07-31T19:55:14.533+0000] {logging_mixin.py:150} INFO - [2023-07-31T19:55:14.533+0000] {dag.py:3508} INFO - Setting next_dagrun for example_external_task_marker_parent to None, run_after=None
[2023-07-31T19:55:14.561+0000] {processor.py:179} INFO - Processing /home/airflow/.local/lib/python3.7/site-packages/airflow/example_dags/example_external_task_marker_dag.py took 0.135 seconds
[2023-07-31T19:55:44.842+0000] {processor.py:157} INFO - Started process (PID=748) to work on /home/airflow/.local/lib/python3.7/site-packages/airflow/example_dags/example_external_task_marker_dag.py
[2023-07-31T19:55:44.843+0000] {processor.py:826} INFO - Processing file /home/airflow/.local/lib/python3.7/site-packages/airflow/example_dags/example_external_task_marker_dag.py for tasks to queue
[2023-07-31T19:55:44.844+0000] {logging_mixin.py:150} INFO - [2023-07-31T19:55:44.844+0000] {dagbag.py:541} INFO - Filling up the DagBag from /home/airflow/.local/lib/python3.7/site-packages/airflow/example_dags/example_external_task_marker_dag.py
[2023-07-31T19:55:44.849+0000] {processor.py:836} INFO - DAG(s) dict_keys(['example_external_task_marker_child', 'example_external_task_marker_parent']) retrieved from /home/airflow/.local/lib/python3.7/site-packages/airflow/example_dags/example_external_task_marker_dag.py
[2023-07-31T19:55:44.882+0000] {logging_mixin.py:150} INFO - [2023-07-31T19:55:44.882+0000] {dag.py:2742} INFO - Sync 2 DAGs
[2023-07-31T19:55:44.922+0000] {logging_mixin.py:150} INFO - [2023-07-31T19:55:44.922+0000] {dag.py:3508} INFO - Setting next_dagrun for example_external_task_marker_child to None, run_after=None
[2023-07-31T19:55:44.927+0000] {logging_mixin.py:150} INFO - [2023-07-31T19:55:44.927+0000] {dag.py:3508} INFO - Setting next_dagrun for example_external_task_marker_parent to None, run_after=None
[2023-07-31T19:55:44.951+0000] {processor.py:179} INFO - Processing /home/airflow/.local/lib/python3.7/site-packages/airflow/example_dags/example_external_task_marker_dag.py took 0.115 seconds
[2023-07-31T19:56:15.706+0000] {processor.py:157} INFO - Started process (PID=809) to work on /home/airflow/.local/lib/python3.7/site-packages/airflow/example_dags/example_external_task_marker_dag.py
[2023-07-31T19:56:15.707+0000] {processor.py:826} INFO - Processing file /home/airflow/.local/lib/python3.7/site-packages/airflow/example_dags/example_external_task_marker_dag.py for tasks to queue
[2023-07-31T19:56:15.707+0000] {logging_mixin.py:150} INFO - [2023-07-31T19:56:15.707+0000] {dagbag.py:541} INFO - Filling up the DagBag from /home/airflow/.local/lib/python3.7/site-packages/airflow/example_dags/example_external_task_marker_dag.py
[2023-07-31T19:56:15.712+0000] {processor.py:836} INFO - DAG(s) dict_keys(['example_external_task_marker_parent', 'example_external_task_marker_child']) retrieved from /home/airflow/.local/lib/python3.7/site-packages/airflow/example_dags/example_external_task_marker_dag.py
[2023-07-31T19:56:15.742+0000] {logging_mixin.py:150} INFO - [2023-07-31T19:56:15.742+0000] {dag.py:2742} INFO - Sync 2 DAGs
[2023-07-31T19:56:15.770+0000] {logging_mixin.py:150} INFO - [2023-07-31T19:56:15.770+0000] {dag.py:3508} INFO - Setting next_dagrun for example_external_task_marker_child to None, run_after=None
[2023-07-31T19:56:15.773+0000] {logging_mixin.py:150} INFO - [2023-07-31T19:56:15.773+0000] {dag.py:3508} INFO - Setting next_dagrun for example_external_task_marker_parent to None, run_after=None
[2023-07-31T19:56:15.798+0000] {processor.py:179} INFO - Processing /home/airflow/.local/lib/python3.7/site-packages/airflow/example_dags/example_external_task_marker_dag.py took 0.095 seconds
[2023-07-31T19:56:45.984+0000] {processor.py:157} INFO - Started process (PID=869) to work on /home/airflow/.local/lib/python3.7/site-packages/airflow/example_dags/example_external_task_marker_dag.py
[2023-07-31T19:56:45.985+0000] {processor.py:826} INFO - Processing file /home/airflow/.local/lib/python3.7/site-packages/airflow/example_dags/example_external_task_marker_dag.py for tasks to queue
[2023-07-31T19:56:45.985+0000] {logging_mixin.py:150} INFO - [2023-07-31T19:56:45.985+0000] {dagbag.py:541} INFO - Filling up the DagBag from /home/airflow/.local/lib/python3.7/site-packages/airflow/example_dags/example_external_task_marker_dag.py
[2023-07-31T19:56:45.992+0000] {processor.py:836} INFO - DAG(s) dict_keys(['example_external_task_marker_child', 'example_external_task_marker_parent']) retrieved from /home/airflow/.local/lib/python3.7/site-packages/airflow/example_dags/example_external_task_marker_dag.py
[2023-07-31T19:56:46.020+0000] {logging_mixin.py:150} INFO - [2023-07-31T19:56:46.020+0000] {dag.py:2742} INFO - Sync 2 DAGs
[2023-07-31T19:56:46.048+0000] {logging_mixin.py:150} INFO - [2023-07-31T19:56:46.048+0000] {dag.py:3508} INFO - Setting next_dagrun for example_external_task_marker_child to None, run_after=None
[2023-07-31T19:56:46.051+0000] {logging_mixin.py:150} INFO - [2023-07-31T19:56:46.051+0000] {dag.py:3508} INFO - Setting next_dagrun for example_external_task_marker_parent to None, run_after=None
[2023-07-31T19:56:46.075+0000] {processor.py:179} INFO - Processing /home/airflow/.local/lib/python3.7/site-packages/airflow/example_dags/example_external_task_marker_dag.py took 0.095 seconds
[2023-07-31T19:57:16.467+0000] {processor.py:157} INFO - Started process (PID=931) to work on /home/airflow/.local/lib/python3.7/site-packages/airflow/example_dags/example_external_task_marker_dag.py
[2023-07-31T19:57:16.468+0000] {processor.py:826} INFO - Processing file /home/airflow/.local/lib/python3.7/site-packages/airflow/example_dags/example_external_task_marker_dag.py for tasks to queue
[2023-07-31T19:57:16.469+0000] {logging_mixin.py:150} INFO - [2023-07-31T19:57:16.468+0000] {dagbag.py:541} INFO - Filling up the DagBag from /home/airflow/.local/lib/python3.7/site-packages/airflow/example_dags/example_external_task_marker_dag.py
[2023-07-31T19:57:16.474+0000] {processor.py:836} INFO - DAG(s) dict_keys(['example_external_task_marker_parent', 'example_external_task_marker_child']) retrieved from /home/airflow/.local/lib/python3.7/site-packages/airflow/example_dags/example_external_task_marker_dag.py
[2023-07-31T19:57:16.506+0000] {logging_mixin.py:150} INFO - [2023-07-31T19:57:16.506+0000] {dag.py:2742} INFO - Sync 2 DAGs
[2023-07-31T19:57:16.535+0000] {logging_mixin.py:150} INFO - [2023-07-31T19:57:16.534+0000] {dag.py:3508} INFO - Setting next_dagrun for example_external_task_marker_child to None, run_after=None
[2023-07-31T19:57:16.538+0000] {logging_mixin.py:150} INFO - [2023-07-31T19:57:16.538+0000] {dag.py:3508} INFO - Setting next_dagrun for example_external_task_marker_parent to None, run_after=None
[2023-07-31T19:57:16.592+0000] {processor.py:179} INFO - Processing /home/airflow/.local/lib/python3.7/site-packages/airflow/example_dags/example_external_task_marker_dag.py took 0.129 seconds
[2023-07-31T19:57:46.937+0000] {processor.py:157} INFO - Started process (PID=992) to work on /home/airflow/.local/lib/python3.7/site-packages/airflow/example_dags/example_external_task_marker_dag.py
[2023-07-31T19:57:46.942+0000] {processor.py:826} INFO - Processing file /home/airflow/.local/lib/python3.7/site-packages/airflow/example_dags/example_external_task_marker_dag.py for tasks to queue
[2023-07-31T19:57:46.945+0000] {logging_mixin.py:150} INFO - [2023-07-31T19:57:46.944+0000] {dagbag.py:541} INFO - Filling up the DagBag from /home/airflow/.local/lib/python3.7/site-packages/airflow/example_dags/example_external_task_marker_dag.py
[2023-07-31T19:57:46.971+0000] {processor.py:836} INFO - DAG(s) dict_keys(['example_external_task_marker_child', 'example_external_task_marker_parent']) retrieved from /home/airflow/.local/lib/python3.7/site-packages/airflow/example_dags/example_external_task_marker_dag.py
[2023-07-31T19:57:47.119+0000] {logging_mixin.py:150} INFO - [2023-07-31T19:57:47.118+0000] {dag.py:2742} INFO - Sync 2 DAGs
[2023-07-31T19:57:47.281+0000] {logging_mixin.py:150} INFO - [2023-07-31T19:57:47.281+0000] {dag.py:3508} INFO - Setting next_dagrun for example_external_task_marker_child to None, run_after=None
[2023-07-31T19:57:47.300+0000] {logging_mixin.py:150} INFO - [2023-07-31T19:57:47.299+0000] {dag.py:3508} INFO - Setting next_dagrun for example_external_task_marker_parent to None, run_after=None
[2023-07-31T19:57:47.403+0000] {processor.py:179} INFO - Processing /home/airflow/.local/lib/python3.7/site-packages/airflow/example_dags/example_external_task_marker_dag.py took 0.485 seconds
[2023-07-31T19:58:17.592+0000] {processor.py:157} INFO - Started process (PID=1052) to work on /home/airflow/.local/lib/python3.7/site-packages/airflow/example_dags/example_external_task_marker_dag.py
[2023-07-31T19:58:17.594+0000] {processor.py:826} INFO - Processing file /home/airflow/.local/lib/python3.7/site-packages/airflow/example_dags/example_external_task_marker_dag.py for tasks to queue
[2023-07-31T19:58:17.594+0000] {logging_mixin.py:150} INFO - [2023-07-31T19:58:17.594+0000] {dagbag.py:541} INFO - Filling up the DagBag from /home/airflow/.local/lib/python3.7/site-packages/airflow/example_dags/example_external_task_marker_dag.py
[2023-07-31T19:58:17.603+0000] {processor.py:836} INFO - DAG(s) dict_keys(['example_external_task_marker_parent', 'example_external_task_marker_child']) retrieved from /home/airflow/.local/lib/python3.7/site-packages/airflow/example_dags/example_external_task_marker_dag.py
[2023-07-31T19:58:17.636+0000] {logging_mixin.py:150} INFO - [2023-07-31T19:58:17.635+0000] {dag.py:2742} INFO - Sync 2 DAGs
[2023-07-31T19:58:17.664+0000] {logging_mixin.py:150} INFO - [2023-07-31T19:58:17.663+0000] {dag.py:3508} INFO - Setting next_dagrun for example_external_task_marker_child to None, run_after=None
[2023-07-31T19:58:17.668+0000] {logging_mixin.py:150} INFO - [2023-07-31T19:58:17.668+0000] {dag.py:3508} INFO - Setting next_dagrun for example_external_task_marker_parent to None, run_after=None
[2023-07-31T19:58:17.698+0000] {processor.py:179} INFO - Processing /home/airflow/.local/lib/python3.7/site-packages/airflow/example_dags/example_external_task_marker_dag.py took 0.109 seconds
[2023-07-31T19:58:47.802+0000] {processor.py:157} INFO - Started process (PID=1113) to work on /home/airflow/.local/lib/python3.7/site-packages/airflow/example_dags/example_external_task_marker_dag.py
[2023-07-31T19:58:47.807+0000] {processor.py:826} INFO - Processing file /home/airflow/.local/lib/python3.7/site-packages/airflow/example_dags/example_external_task_marker_dag.py for tasks to queue
[2023-07-31T19:58:47.808+0000] {logging_mixin.py:150} INFO - [2023-07-31T19:58:47.808+0000] {dagbag.py:541} INFO - Filling up the DagBag from /home/airflow/.local/lib/python3.7/site-packages/airflow/example_dags/example_external_task_marker_dag.py
[2023-07-31T19:58:47.814+0000] {processor.py:836} INFO - DAG(s) dict_keys(['example_external_task_marker_child', 'example_external_task_marker_parent']) retrieved from /home/airflow/.local/lib/python3.7/site-packages/airflow/example_dags/example_external_task_marker_dag.py
[2023-07-31T19:58:47.844+0000] {logging_mixin.py:150} INFO - [2023-07-31T19:58:47.844+0000] {dag.py:2742} INFO - Sync 2 DAGs
[2023-07-31T19:58:47.871+0000] {logging_mixin.py:150} INFO - [2023-07-31T19:58:47.870+0000] {dag.py:3508} INFO - Setting next_dagrun for example_external_task_marker_child to None, run_after=None
[2023-07-31T19:58:47.877+0000] {logging_mixin.py:150} INFO - [2023-07-31T19:58:47.877+0000] {dag.py:3508} INFO - Setting next_dagrun for example_external_task_marker_parent to None, run_after=None
[2023-07-31T19:58:47.899+0000] {processor.py:179} INFO - Processing /home/airflow/.local/lib/python3.7/site-packages/airflow/example_dags/example_external_task_marker_dag.py took 0.100 seconds
[2023-07-31T20:01:01.232+0000] {processor.py:157} INFO - Started process (PID=72) to work on /home/airflow/.local/lib/python3.7/site-packages/airflow/example_dags/example_external_task_marker_dag.py
[2023-07-31T20:01:01.233+0000] {processor.py:826} INFO - Processing file /home/airflow/.local/lib/python3.7/site-packages/airflow/example_dags/example_external_task_marker_dag.py for tasks to queue
[2023-07-31T20:01:01.234+0000] {logging_mixin.py:150} INFO - [2023-07-31T20:01:01.234+0000] {dagbag.py:541} INFO - Filling up the DagBag from /home/airflow/.local/lib/python3.7/site-packages/airflow/example_dags/example_external_task_marker_dag.py
[2023-07-31T20:01:01.239+0000] {processor.py:836} INFO - DAG(s) dict_keys(['example_external_task_marker_child', 'example_external_task_marker_parent']) retrieved from /home/airflow/.local/lib/python3.7/site-packages/airflow/example_dags/example_external_task_marker_dag.py
[2023-07-31T20:01:01.269+0000] {logging_mixin.py:150} INFO - [2023-07-31T20:01:01.269+0000] {dag.py:2742} INFO - Sync 2 DAGs
[2023-07-31T20:01:01.296+0000] {logging_mixin.py:150} INFO - [2023-07-31T20:01:01.296+0000] {dag.py:3508} INFO - Setting next_dagrun for example_external_task_marker_child to None, run_after=None
[2023-07-31T20:01:01.300+0000] {logging_mixin.py:150} INFO - [2023-07-31T20:01:01.300+0000] {dag.py:3508} INFO - Setting next_dagrun for example_external_task_marker_parent to None, run_after=None
[2023-07-31T20:01:01.318+0000] {processor.py:179} INFO - Processing /home/airflow/.local/lib/python3.7/site-packages/airflow/example_dags/example_external_task_marker_dag.py took 0.089 seconds
[2023-07-31T20:01:31.446+0000] {processor.py:157} INFO - Started process (PID=134) to work on /home/airflow/.local/lib/python3.7/site-packages/airflow/example_dags/example_external_task_marker_dag.py
[2023-07-31T20:01:31.447+0000] {processor.py:826} INFO - Processing file /home/airflow/.local/lib/python3.7/site-packages/airflow/example_dags/example_external_task_marker_dag.py for tasks to queue
[2023-07-31T20:01:31.448+0000] {logging_mixin.py:150} INFO - [2023-07-31T20:01:31.448+0000] {dagbag.py:541} INFO - Filling up the DagBag from /home/airflow/.local/lib/python3.7/site-packages/airflow/example_dags/example_external_task_marker_dag.py
[2023-07-31T20:01:31.453+0000] {processor.py:836} INFO - DAG(s) dict_keys(['example_external_task_marker_child', 'example_external_task_marker_parent']) retrieved from /home/airflow/.local/lib/python3.7/site-packages/airflow/example_dags/example_external_task_marker_dag.py
[2023-07-31T20:01:31.479+0000] {logging_mixin.py:150} INFO - [2023-07-31T20:01:31.479+0000] {dag.py:2742} INFO - Sync 2 DAGs
[2023-07-31T20:01:31.502+0000] {logging_mixin.py:150} INFO - [2023-07-31T20:01:31.502+0000] {dag.py:3508} INFO - Setting next_dagrun for example_external_task_marker_child to None, run_after=None
[2023-07-31T20:01:31.506+0000] {logging_mixin.py:150} INFO - [2023-07-31T20:01:31.505+0000] {dag.py:3508} INFO - Setting next_dagrun for example_external_task_marker_parent to None, run_after=None
[2023-07-31T20:01:31.527+0000] {processor.py:179} INFO - Processing /home/airflow/.local/lib/python3.7/site-packages/airflow/example_dags/example_external_task_marker_dag.py took 0.083 seconds
[2023-07-31T20:02:01.916+0000] {processor.py:157} INFO - Started process (PID=196) to work on /home/airflow/.local/lib/python3.7/site-packages/airflow/example_dags/example_external_task_marker_dag.py
[2023-07-31T20:02:01.917+0000] {processor.py:826} INFO - Processing file /home/airflow/.local/lib/python3.7/site-packages/airflow/example_dags/example_external_task_marker_dag.py for tasks to queue
[2023-07-31T20:02:01.918+0000] {logging_mixin.py:150} INFO - [2023-07-31T20:02:01.917+0000] {dagbag.py:541} INFO - Filling up the DagBag from /home/airflow/.local/lib/python3.7/site-packages/airflow/example_dags/example_external_task_marker_dag.py
[2023-07-31T20:02:01.924+0000] {processor.py:836} INFO - DAG(s) dict_keys(['example_external_task_marker_parent', 'example_external_task_marker_child']) retrieved from /home/airflow/.local/lib/python3.7/site-packages/airflow/example_dags/example_external_task_marker_dag.py
[2023-07-31T20:02:01.951+0000] {logging_mixin.py:150} INFO - [2023-07-31T20:02:01.951+0000] {dag.py:2742} INFO - Sync 2 DAGs
[2023-07-31T20:02:01.976+0000] {logging_mixin.py:150} INFO - [2023-07-31T20:02:01.976+0000] {dag.py:3508} INFO - Setting next_dagrun for example_external_task_marker_child to None, run_after=None
[2023-07-31T20:02:01.980+0000] {logging_mixin.py:150} INFO - [2023-07-31T20:02:01.980+0000] {dag.py:3508} INFO - Setting next_dagrun for example_external_task_marker_parent to None, run_after=None
[2023-07-31T20:02:02.001+0000] {processor.py:179} INFO - Processing /home/airflow/.local/lib/python3.7/site-packages/airflow/example_dags/example_external_task_marker_dag.py took 0.088 seconds
