[2023-07-31T19:50:02.831+0000] {processor.py:157} INFO - Started process (PID=49) to work on /home/airflow/.local/lib/python3.7/site-packages/airflow/example_dags/tutorial.py
[2023-07-31T19:50:02.832+0000] {processor.py:826} INFO - Processing file /home/airflow/.local/lib/python3.7/site-packages/airflow/example_dags/tutorial.py for tasks to queue
[2023-07-31T19:50:02.833+0000] {logging_mixin.py:150} INFO - [2023-07-31T19:50:02.832+0000] {dagbag.py:541} INFO - Filling up the DagBag from /home/airflow/.local/lib/python3.7/site-packages/airflow/example_dags/tutorial.py
[2023-07-31T19:50:02.847+0000] {processor.py:836} INFO - DAG(s) dict_keys(['tutorial']) retrieved from /home/airflow/.local/lib/python3.7/site-packages/airflow/example_dags/tutorial.py
[2023-07-31T19:50:03.025+0000] {logging_mixin.py:150} INFO - [2023-07-31T19:50:03.024+0000] {manager.py:504} INFO - Created Permission View: can delete on DAG:tutorial
[2023-07-31T19:50:03.042+0000] {logging_mixin.py:150} INFO - [2023-07-31T19:50:03.042+0000] {manager.py:504} INFO - Created Permission View: can edit on DAG:tutorial
[2023-07-31T19:50:03.052+0000] {logging_mixin.py:150} INFO - [2023-07-31T19:50:03.052+0000] {manager.py:504} INFO - Created Permission View: can read on DAG:tutorial
[2023-07-31T19:50:03.083+0000] {logging_mixin.py:150} INFO - [2023-07-31T19:50:03.082+0000] {dag.py:2742} INFO - Sync 1 DAGs
[2023-07-31T19:50:03.113+0000] {logging_mixin.py:150} INFO - [2023-07-31T19:50:03.112+0000] {dag.py:2763} INFO - Creating ORM DAG for tutorial
[2023-07-31T19:50:03.133+0000] {logging_mixin.py:150} INFO - [2023-07-31T19:50:03.132+0000] {dag.py:3508} INFO - Setting next_dagrun for tutorial to 2023-07-30T19:50:03.132709+00:00, run_after=2023-07-31T19:50:03.132709+00:00
[2023-07-31T19:50:03.164+0000] {processor.py:179} INFO - Processing /home/airflow/.local/lib/python3.7/site-packages/airflow/example_dags/tutorial.py took 0.338 seconds
[2023-07-31T19:50:33.604+0000] {processor.py:157} INFO - Started process (PID=110) to work on /home/airflow/.local/lib/python3.7/site-packages/airflow/example_dags/tutorial.py
[2023-07-31T19:50:33.609+0000] {processor.py:826} INFO - Processing file /home/airflow/.local/lib/python3.7/site-packages/airflow/example_dags/tutorial.py for tasks to queue
[2023-07-31T19:50:33.611+0000] {logging_mixin.py:150} INFO - [2023-07-31T19:50:33.611+0000] {dagbag.py:541} INFO - Filling up the DagBag from /home/airflow/.local/lib/python3.7/site-packages/airflow/example_dags/tutorial.py
[2023-07-31T19:50:33.636+0000] {processor.py:836} INFO - DAG(s) dict_keys(['tutorial']) retrieved from /home/airflow/.local/lib/python3.7/site-packages/airflow/example_dags/tutorial.py
[2023-07-31T19:50:33.703+0000] {logging_mixin.py:150} INFO - [2023-07-31T19:50:33.702+0000] {dag.py:2742} INFO - Sync 1 DAGs
[2023-07-31T19:50:33.778+0000] {logging_mixin.py:150} INFO - [2023-07-31T19:50:33.778+0000] {dag.py:3508} INFO - Setting next_dagrun for tutorial to 2023-07-30T19:50:33.777961+00:00, run_after=2023-07-31T19:50:33.777961+00:00
[2023-07-31T19:50:33.861+0000] {processor.py:179} INFO - Processing /home/airflow/.local/lib/python3.7/site-packages/airflow/example_dags/tutorial.py took 0.266 seconds
[2023-07-31T19:51:04.382+0000] {processor.py:157} INFO - Started process (PID=171) to work on /home/airflow/.local/lib/python3.7/site-packages/airflow/example_dags/tutorial.py
[2023-07-31T19:51:04.383+0000] {processor.py:826} INFO - Processing file /home/airflow/.local/lib/python3.7/site-packages/airflow/example_dags/tutorial.py for tasks to queue
[2023-07-31T19:51:04.387+0000] {logging_mixin.py:150} INFO - [2023-07-31T19:51:04.386+0000] {dagbag.py:541} INFO - Filling up the DagBag from /home/airflow/.local/lib/python3.7/site-packages/airflow/example_dags/tutorial.py
[2023-07-31T19:51:04.401+0000] {processor.py:836} INFO - DAG(s) dict_keys(['tutorial']) retrieved from /home/airflow/.local/lib/python3.7/site-packages/airflow/example_dags/tutorial.py
[2023-07-31T19:51:04.467+0000] {logging_mixin.py:150} INFO - [2023-07-31T19:51:04.466+0000] {dag.py:2742} INFO - Sync 1 DAGs
[2023-07-31T19:51:04.534+0000] {logging_mixin.py:150} INFO - [2023-07-31T19:51:04.534+0000] {dag.py:3508} INFO - Setting next_dagrun for tutorial to 2023-07-30T19:51:04.533463+00:00, run_after=2023-07-31T19:51:04.533463+00:00
[2023-07-31T19:51:04.590+0000] {processor.py:179} INFO - Processing /home/airflow/.local/lib/python3.7/site-packages/airflow/example_dags/tutorial.py took 0.216 seconds
[2023-07-31T19:51:35.268+0000] {processor.py:157} INFO - Started process (PID=231) to work on /home/airflow/.local/lib/python3.7/site-packages/airflow/example_dags/tutorial.py
[2023-07-31T19:51:35.270+0000] {processor.py:826} INFO - Processing file /home/airflow/.local/lib/python3.7/site-packages/airflow/example_dags/tutorial.py for tasks to queue
[2023-07-31T19:51:35.272+0000] {logging_mixin.py:150} INFO - [2023-07-31T19:51:35.271+0000] {dagbag.py:541} INFO - Filling up the DagBag from /home/airflow/.local/lib/python3.7/site-packages/airflow/example_dags/tutorial.py
[2023-07-31T19:51:35.283+0000] {processor.py:836} INFO - DAG(s) dict_keys(['tutorial']) retrieved from /home/airflow/.local/lib/python3.7/site-packages/airflow/example_dags/tutorial.py
[2023-07-31T19:51:35.320+0000] {logging_mixin.py:150} INFO - [2023-07-31T19:51:35.320+0000] {dag.py:2742} INFO - Sync 1 DAGs
[2023-07-31T19:51:35.367+0000] {logging_mixin.py:150} INFO - [2023-07-31T19:51:35.366+0000] {dag.py:3508} INFO - Setting next_dagrun for tutorial to 2023-07-30T19:51:35.366550+00:00, run_after=2023-07-31T19:51:35.366550+00:00
[2023-07-31T19:51:35.405+0000] {processor.py:179} INFO - Processing /home/airflow/.local/lib/python3.7/site-packages/airflow/example_dags/tutorial.py took 0.142 seconds
[2023-07-31T19:52:06.334+0000] {processor.py:157} INFO - Started process (PID=292) to work on /home/airflow/.local/lib/python3.7/site-packages/airflow/example_dags/tutorial.py
[2023-07-31T19:52:06.335+0000] {processor.py:826} INFO - Processing file /home/airflow/.local/lib/python3.7/site-packages/airflow/example_dags/tutorial.py for tasks to queue
[2023-07-31T19:52:06.336+0000] {logging_mixin.py:150} INFO - [2023-07-31T19:52:06.335+0000] {dagbag.py:541} INFO - Filling up the DagBag from /home/airflow/.local/lib/python3.7/site-packages/airflow/example_dags/tutorial.py
[2023-07-31T19:52:06.344+0000] {processor.py:836} INFO - DAG(s) dict_keys(['tutorial']) retrieved from /home/airflow/.local/lib/python3.7/site-packages/airflow/example_dags/tutorial.py
[2023-07-31T19:52:06.374+0000] {logging_mixin.py:150} INFO - [2023-07-31T19:52:06.374+0000] {dag.py:2742} INFO - Sync 1 DAGs
[2023-07-31T19:52:06.409+0000] {logging_mixin.py:150} INFO - [2023-07-31T19:52:06.409+0000] {dag.py:3508} INFO - Setting next_dagrun for tutorial to 2023-07-30T19:52:06.409110+00:00, run_after=2023-07-31T19:52:06.409110+00:00
[2023-07-31T19:52:06.432+0000] {processor.py:179} INFO - Processing /home/airflow/.local/lib/python3.7/site-packages/airflow/example_dags/tutorial.py took 0.101 seconds
[2023-07-31T19:52:36.778+0000] {processor.py:157} INFO - Started process (PID=353) to work on /home/airflow/.local/lib/python3.7/site-packages/airflow/example_dags/tutorial.py
[2023-07-31T19:52:36.780+0000] {processor.py:826} INFO - Processing file /home/airflow/.local/lib/python3.7/site-packages/airflow/example_dags/tutorial.py for tasks to queue
[2023-07-31T19:52:36.781+0000] {logging_mixin.py:150} INFO - [2023-07-31T19:52:36.780+0000] {dagbag.py:541} INFO - Filling up the DagBag from /home/airflow/.local/lib/python3.7/site-packages/airflow/example_dags/tutorial.py
[2023-07-31T19:52:36.786+0000] {processor.py:836} INFO - DAG(s) dict_keys(['tutorial']) retrieved from /home/airflow/.local/lib/python3.7/site-packages/airflow/example_dags/tutorial.py
[2023-07-31T19:52:36.813+0000] {logging_mixin.py:150} INFO - [2023-07-31T19:52:36.813+0000] {dag.py:2742} INFO - Sync 1 DAGs
[2023-07-31T19:52:36.842+0000] {logging_mixin.py:150} INFO - [2023-07-31T19:52:36.841+0000] {dag.py:3508} INFO - Setting next_dagrun for tutorial to 2023-07-30T19:52:36.841720+00:00, run_after=2023-07-31T19:52:36.841720+00:00
[2023-07-31T19:52:36.874+0000] {processor.py:179} INFO - Processing /home/airflow/.local/lib/python3.7/site-packages/airflow/example_dags/tutorial.py took 0.100 seconds
[2023-07-31T19:53:06.894+0000] {processor.py:157} INFO - Started process (PID=413) to work on /home/airflow/.local/lib/python3.7/site-packages/airflow/example_dags/tutorial.py
[2023-07-31T19:53:06.895+0000] {processor.py:826} INFO - Processing file /home/airflow/.local/lib/python3.7/site-packages/airflow/example_dags/tutorial.py for tasks to queue
[2023-07-31T19:53:06.896+0000] {logging_mixin.py:150} INFO - [2023-07-31T19:53:06.896+0000] {dagbag.py:541} INFO - Filling up the DagBag from /home/airflow/.local/lib/python3.7/site-packages/airflow/example_dags/tutorial.py
[2023-07-31T19:53:06.909+0000] {processor.py:836} INFO - DAG(s) dict_keys(['tutorial']) retrieved from /home/airflow/.local/lib/python3.7/site-packages/airflow/example_dags/tutorial.py
[2023-07-31T19:53:06.941+0000] {logging_mixin.py:150} INFO - [2023-07-31T19:53:06.941+0000] {dag.py:2742} INFO - Sync 1 DAGs
[2023-07-31T19:53:06.979+0000] {logging_mixin.py:150} INFO - [2023-07-31T19:53:06.979+0000] {dag.py:3508} INFO - Setting next_dagrun for tutorial to 2023-07-30T19:53:06.979248+00:00, run_after=2023-07-31T19:53:06.979248+00:00
[2023-07-31T19:53:07.025+0000] {processor.py:179} INFO - Processing /home/airflow/.local/lib/python3.7/site-packages/airflow/example_dags/tutorial.py took 0.134 seconds
[2023-07-31T19:53:37.528+0000] {processor.py:157} INFO - Started process (PID=475) to work on /home/airflow/.local/lib/python3.7/site-packages/airflow/example_dags/tutorial.py
[2023-07-31T19:53:37.529+0000] {processor.py:826} INFO - Processing file /home/airflow/.local/lib/python3.7/site-packages/airflow/example_dags/tutorial.py for tasks to queue
[2023-07-31T19:53:37.531+0000] {logging_mixin.py:150} INFO - [2023-07-31T19:53:37.530+0000] {dagbag.py:541} INFO - Filling up the DagBag from /home/airflow/.local/lib/python3.7/site-packages/airflow/example_dags/tutorial.py
[2023-07-31T19:53:37.543+0000] {processor.py:836} INFO - DAG(s) dict_keys(['tutorial']) retrieved from /home/airflow/.local/lib/python3.7/site-packages/airflow/example_dags/tutorial.py
[2023-07-31T19:53:37.584+0000] {logging_mixin.py:150} INFO - [2023-07-31T19:53:37.583+0000] {dag.py:2742} INFO - Sync 1 DAGs
[2023-07-31T19:53:37.639+0000] {logging_mixin.py:150} INFO - [2023-07-31T19:53:37.639+0000] {dag.py:3508} INFO - Setting next_dagrun for tutorial to 2023-07-30T19:53:37.638802+00:00, run_after=2023-07-31T19:53:37.638802+00:00
[2023-07-31T19:53:37.672+0000] {processor.py:179} INFO - Processing /home/airflow/.local/lib/python3.7/site-packages/airflow/example_dags/tutorial.py took 0.150 seconds
[2023-07-31T19:54:07.957+0000] {processor.py:157} INFO - Started process (PID=536) to work on /home/airflow/.local/lib/python3.7/site-packages/airflow/example_dags/tutorial.py
[2023-07-31T19:54:07.958+0000] {processor.py:826} INFO - Processing file /home/airflow/.local/lib/python3.7/site-packages/airflow/example_dags/tutorial.py for tasks to queue
[2023-07-31T19:54:07.959+0000] {logging_mixin.py:150} INFO - [2023-07-31T19:54:07.959+0000] {dagbag.py:541} INFO - Filling up the DagBag from /home/airflow/.local/lib/python3.7/site-packages/airflow/example_dags/tutorial.py
[2023-07-31T19:54:07.965+0000] {processor.py:836} INFO - DAG(s) dict_keys(['tutorial']) retrieved from /home/airflow/.local/lib/python3.7/site-packages/airflow/example_dags/tutorial.py
[2023-07-31T19:54:07.998+0000] {logging_mixin.py:150} INFO - [2023-07-31T19:54:07.997+0000] {dag.py:2742} INFO - Sync 1 DAGs
[2023-07-31T19:54:08.040+0000] {logging_mixin.py:150} INFO - [2023-07-31T19:54:08.040+0000] {dag.py:3508} INFO - Setting next_dagrun for tutorial to 2023-07-30T19:54:08.039859+00:00, run_after=2023-07-31T19:54:08.039859+00:00
[2023-07-31T19:54:08.072+0000] {processor.py:179} INFO - Processing /home/airflow/.local/lib/python3.7/site-packages/airflow/example_dags/tutorial.py took 0.119 seconds
[2023-07-31T19:54:38.234+0000] {processor.py:157} INFO - Started process (PID=597) to work on /home/airflow/.local/lib/python3.7/site-packages/airflow/example_dags/tutorial.py
[2023-07-31T19:54:38.235+0000] {processor.py:826} INFO - Processing file /home/airflow/.local/lib/python3.7/site-packages/airflow/example_dags/tutorial.py for tasks to queue
[2023-07-31T19:54:38.236+0000] {logging_mixin.py:150} INFO - [2023-07-31T19:54:38.236+0000] {dagbag.py:541} INFO - Filling up the DagBag from /home/airflow/.local/lib/python3.7/site-packages/airflow/example_dags/tutorial.py
[2023-07-31T19:54:38.247+0000] {processor.py:836} INFO - DAG(s) dict_keys(['tutorial']) retrieved from /home/airflow/.local/lib/python3.7/site-packages/airflow/example_dags/tutorial.py
[2023-07-31T19:54:38.280+0000] {logging_mixin.py:150} INFO - [2023-07-31T19:54:38.280+0000] {dag.py:2742} INFO - Sync 1 DAGs
[2023-07-31T19:54:38.315+0000] {logging_mixin.py:150} INFO - [2023-07-31T19:54:38.315+0000] {dag.py:3508} INFO - Setting next_dagrun for tutorial to 2023-07-30T19:54:38.315120+00:00, run_after=2023-07-31T19:54:38.315120+00:00
[2023-07-31T19:54:38.339+0000] {processor.py:179} INFO - Processing /home/airflow/.local/lib/python3.7/site-packages/airflow/example_dags/tutorial.py took 0.110 seconds
[2023-07-31T19:55:08.496+0000] {processor.py:157} INFO - Started process (PID=658) to work on /home/airflow/.local/lib/python3.7/site-packages/airflow/example_dags/tutorial.py
[2023-07-31T19:55:08.497+0000] {processor.py:826} INFO - Processing file /home/airflow/.local/lib/python3.7/site-packages/airflow/example_dags/tutorial.py for tasks to queue
[2023-07-31T19:55:08.497+0000] {logging_mixin.py:150} INFO - [2023-07-31T19:55:08.497+0000] {dagbag.py:541} INFO - Filling up the DagBag from /home/airflow/.local/lib/python3.7/site-packages/airflow/example_dags/tutorial.py
[2023-07-31T19:55:08.505+0000] {processor.py:836} INFO - DAG(s) dict_keys(['tutorial']) retrieved from /home/airflow/.local/lib/python3.7/site-packages/airflow/example_dags/tutorial.py
[2023-07-31T19:55:08.530+0000] {logging_mixin.py:150} INFO - [2023-07-31T19:55:08.530+0000] {dag.py:2742} INFO - Sync 1 DAGs
[2023-07-31T19:55:08.559+0000] {logging_mixin.py:150} INFO - [2023-07-31T19:55:08.559+0000] {dag.py:3508} INFO - Setting next_dagrun for tutorial to 2023-07-30T19:55:08.559407+00:00, run_after=2023-07-31T19:55:08.559407+00:00
[2023-07-31T19:55:08.583+0000] {processor.py:179} INFO - Processing /home/airflow/.local/lib/python3.7/site-packages/airflow/example_dags/tutorial.py took 0.090 seconds
[2023-07-31T19:55:39.021+0000] {processor.py:157} INFO - Started process (PID=719) to work on /home/airflow/.local/lib/python3.7/site-packages/airflow/example_dags/tutorial.py
[2023-07-31T19:55:39.022+0000] {processor.py:826} INFO - Processing file /home/airflow/.local/lib/python3.7/site-packages/airflow/example_dags/tutorial.py for tasks to queue
[2023-07-31T19:55:39.023+0000] {logging_mixin.py:150} INFO - [2023-07-31T19:55:39.022+0000] {dagbag.py:541} INFO - Filling up the DagBag from /home/airflow/.local/lib/python3.7/site-packages/airflow/example_dags/tutorial.py
[2023-07-31T19:55:39.035+0000] {processor.py:836} INFO - DAG(s) dict_keys(['tutorial']) retrieved from /home/airflow/.local/lib/python3.7/site-packages/airflow/example_dags/tutorial.py
[2023-07-31T19:55:39.064+0000] {logging_mixin.py:150} INFO - [2023-07-31T19:55:39.064+0000] {dag.py:2742} INFO - Sync 1 DAGs
[2023-07-31T19:55:39.100+0000] {logging_mixin.py:150} INFO - [2023-07-31T19:55:39.100+0000] {dag.py:3508} INFO - Setting next_dagrun for tutorial to 2023-07-30T19:55:39.100119+00:00, run_after=2023-07-31T19:55:39.100119+00:00
[2023-07-31T19:55:39.129+0000] {processor.py:179} INFO - Processing /home/airflow/.local/lib/python3.7/site-packages/airflow/example_dags/tutorial.py took 0.111 seconds
[2023-07-31T19:56:09.409+0000] {processor.py:157} INFO - Started process (PID=780) to work on /home/airflow/.local/lib/python3.7/site-packages/airflow/example_dags/tutorial.py
[2023-07-31T19:56:09.410+0000] {processor.py:826} INFO - Processing file /home/airflow/.local/lib/python3.7/site-packages/airflow/example_dags/tutorial.py for tasks to queue
[2023-07-31T19:56:09.411+0000] {logging_mixin.py:150} INFO - [2023-07-31T19:56:09.410+0000] {dagbag.py:541} INFO - Filling up the DagBag from /home/airflow/.local/lib/python3.7/site-packages/airflow/example_dags/tutorial.py
[2023-07-31T19:56:09.416+0000] {processor.py:836} INFO - DAG(s) dict_keys(['tutorial']) retrieved from /home/airflow/.local/lib/python3.7/site-packages/airflow/example_dags/tutorial.py
[2023-07-31T19:56:09.443+0000] {logging_mixin.py:150} INFO - [2023-07-31T19:56:09.443+0000] {dag.py:2742} INFO - Sync 1 DAGs
[2023-07-31T19:56:09.468+0000] {logging_mixin.py:150} INFO - [2023-07-31T19:56:09.468+0000] {dag.py:3508} INFO - Setting next_dagrun for tutorial to 2023-07-30T19:56:09.468177+00:00, run_after=2023-07-31T19:56:09.468177+00:00
[2023-07-31T19:56:09.494+0000] {processor.py:179} INFO - Processing /home/airflow/.local/lib/python3.7/site-packages/airflow/example_dags/tutorial.py took 0.088 seconds
[2023-07-31T19:56:39.786+0000] {processor.py:157} INFO - Started process (PID=841) to work on /home/airflow/.local/lib/python3.7/site-packages/airflow/example_dags/tutorial.py
[2023-07-31T19:56:39.787+0000] {processor.py:826} INFO - Processing file /home/airflow/.local/lib/python3.7/site-packages/airflow/example_dags/tutorial.py for tasks to queue
[2023-07-31T19:56:39.788+0000] {logging_mixin.py:150} INFO - [2023-07-31T19:56:39.787+0000] {dagbag.py:541} INFO - Filling up the DagBag from /home/airflow/.local/lib/python3.7/site-packages/airflow/example_dags/tutorial.py
[2023-07-31T19:56:39.795+0000] {processor.py:836} INFO - DAG(s) dict_keys(['tutorial']) retrieved from /home/airflow/.local/lib/python3.7/site-packages/airflow/example_dags/tutorial.py
[2023-07-31T19:56:39.821+0000] {logging_mixin.py:150} INFO - [2023-07-31T19:56:39.821+0000] {dag.py:2742} INFO - Sync 1 DAGs
[2023-07-31T19:56:39.856+0000] {logging_mixin.py:150} INFO - [2023-07-31T19:56:39.856+0000] {dag.py:3508} INFO - Setting next_dagrun for tutorial to 2023-07-30T19:56:39.856078+00:00, run_after=2023-07-31T19:56:39.856078+00:00
[2023-07-31T19:56:39.889+0000] {processor.py:179} INFO - Processing /home/airflow/.local/lib/python3.7/site-packages/airflow/example_dags/tutorial.py took 0.106 seconds
[2023-07-31T19:57:10.250+0000] {processor.py:157} INFO - Started process (PID=902) to work on /home/airflow/.local/lib/python3.7/site-packages/airflow/example_dags/tutorial.py
[2023-07-31T19:57:10.251+0000] {processor.py:826} INFO - Processing file /home/airflow/.local/lib/python3.7/site-packages/airflow/example_dags/tutorial.py for tasks to queue
[2023-07-31T19:57:10.251+0000] {logging_mixin.py:150} INFO - [2023-07-31T19:57:10.251+0000] {dagbag.py:541} INFO - Filling up the DagBag from /home/airflow/.local/lib/python3.7/site-packages/airflow/example_dags/tutorial.py
[2023-07-31T19:57:10.260+0000] {processor.py:836} INFO - DAG(s) dict_keys(['tutorial']) retrieved from /home/airflow/.local/lib/python3.7/site-packages/airflow/example_dags/tutorial.py
[2023-07-31T19:57:10.289+0000] {logging_mixin.py:150} INFO - [2023-07-31T19:57:10.287+0000] {dag.py:2742} INFO - Sync 1 DAGs
[2023-07-31T19:57:10.318+0000] {logging_mixin.py:150} INFO - [2023-07-31T19:57:10.317+0000] {dag.py:3508} INFO - Setting next_dagrun for tutorial to 2023-07-30T19:57:10.317615+00:00, run_after=2023-07-31T19:57:10.317615+00:00
[2023-07-31T19:57:10.349+0000] {processor.py:179} INFO - Processing /home/airflow/.local/lib/python3.7/site-packages/airflow/example_dags/tutorial.py took 0.101 seconds
[2023-07-31T19:57:40.980+0000] {processor.py:157} INFO - Started process (PID=963) to work on /home/airflow/.local/lib/python3.7/site-packages/airflow/example_dags/tutorial.py
[2023-07-31T19:57:40.982+0000] {processor.py:826} INFO - Processing file /home/airflow/.local/lib/python3.7/site-packages/airflow/example_dags/tutorial.py for tasks to queue
[2023-07-31T19:57:40.983+0000] {logging_mixin.py:150} INFO - [2023-07-31T19:57:40.983+0000] {dagbag.py:541} INFO - Filling up the DagBag from /home/airflow/.local/lib/python3.7/site-packages/airflow/example_dags/tutorial.py
[2023-07-31T19:57:40.994+0000] {processor.py:836} INFO - DAG(s) dict_keys(['tutorial']) retrieved from /home/airflow/.local/lib/python3.7/site-packages/airflow/example_dags/tutorial.py
[2023-07-31T19:57:41.033+0000] {logging_mixin.py:150} INFO - [2023-07-31T19:57:41.032+0000] {dag.py:2742} INFO - Sync 1 DAGs
[2023-07-31T19:57:41.081+0000] {logging_mixin.py:150} INFO - [2023-07-31T19:57:41.081+0000] {dag.py:3508} INFO - Setting next_dagrun for tutorial to 2023-07-30T19:57:41.080821+00:00, run_after=2023-07-31T19:57:41.080821+00:00
[2023-07-31T19:57:41.119+0000] {processor.py:179} INFO - Processing /home/airflow/.local/lib/python3.7/site-packages/airflow/example_dags/tutorial.py took 0.145 seconds
[2023-07-31T19:58:11.193+0000] {processor.py:157} INFO - Started process (PID=1023) to work on /home/airflow/.local/lib/python3.7/site-packages/airflow/example_dags/tutorial.py
[2023-07-31T19:58:11.194+0000] {processor.py:826} INFO - Processing file /home/airflow/.local/lib/python3.7/site-packages/airflow/example_dags/tutorial.py for tasks to queue
[2023-07-31T19:58:11.195+0000] {logging_mixin.py:150} INFO - [2023-07-31T19:58:11.194+0000] {dagbag.py:541} INFO - Filling up the DagBag from /home/airflow/.local/lib/python3.7/site-packages/airflow/example_dags/tutorial.py
[2023-07-31T19:58:11.201+0000] {processor.py:836} INFO - DAG(s) dict_keys(['tutorial']) retrieved from /home/airflow/.local/lib/python3.7/site-packages/airflow/example_dags/tutorial.py
[2023-07-31T19:58:11.229+0000] {logging_mixin.py:150} INFO - [2023-07-31T19:58:11.229+0000] {dag.py:2742} INFO - Sync 1 DAGs
[2023-07-31T19:58:11.258+0000] {logging_mixin.py:150} INFO - [2023-07-31T19:58:11.258+0000] {dag.py:3508} INFO - Setting next_dagrun for tutorial to 2023-07-30T19:58:11.258267+00:00, run_after=2023-07-31T19:58:11.258267+00:00
[2023-07-31T19:58:11.282+0000] {processor.py:179} INFO - Processing /home/airflow/.local/lib/python3.7/site-packages/airflow/example_dags/tutorial.py took 0.092 seconds
[2023-07-31T19:58:41.582+0000] {processor.py:157} INFO - Started process (PID=1084) to work on /home/airflow/.local/lib/python3.7/site-packages/airflow/example_dags/tutorial.py
[2023-07-31T19:58:41.584+0000] {processor.py:826} INFO - Processing file /home/airflow/.local/lib/python3.7/site-packages/airflow/example_dags/tutorial.py for tasks to queue
[2023-07-31T19:58:41.586+0000] {logging_mixin.py:150} INFO - [2023-07-31T19:58:41.586+0000] {dagbag.py:541} INFO - Filling up the DagBag from /home/airflow/.local/lib/python3.7/site-packages/airflow/example_dags/tutorial.py
[2023-07-31T19:58:41.599+0000] {processor.py:836} INFO - DAG(s) dict_keys(['tutorial']) retrieved from /home/airflow/.local/lib/python3.7/site-packages/airflow/example_dags/tutorial.py
[2023-07-31T19:58:41.648+0000] {logging_mixin.py:150} INFO - [2023-07-31T19:58:41.648+0000] {dag.py:2742} INFO - Sync 1 DAGs
[2023-07-31T19:58:41.707+0000] {logging_mixin.py:150} INFO - [2023-07-31T19:58:41.706+0000] {dag.py:3508} INFO - Setting next_dagrun for tutorial to 2023-07-30T19:58:41.706284+00:00, run_after=2023-07-31T19:58:41.706284+00:00
[2023-07-31T19:58:41.754+0000] {processor.py:179} INFO - Processing /home/airflow/.local/lib/python3.7/site-packages/airflow/example_dags/tutorial.py took 0.183 seconds
[2023-07-31T20:00:57.641+0000] {processor.py:157} INFO - Started process (PID=50) to work on /home/airflow/.local/lib/python3.7/site-packages/airflow/example_dags/tutorial.py
[2023-07-31T20:00:57.643+0000] {processor.py:826} INFO - Processing file /home/airflow/.local/lib/python3.7/site-packages/airflow/example_dags/tutorial.py for tasks to queue
[2023-07-31T20:00:57.644+0000] {logging_mixin.py:150} INFO - [2023-07-31T20:00:57.644+0000] {dagbag.py:541} INFO - Filling up the DagBag from /home/airflow/.local/lib/python3.7/site-packages/airflow/example_dags/tutorial.py
[2023-07-31T20:00:57.658+0000] {processor.py:836} INFO - DAG(s) dict_keys(['tutorial']) retrieved from /home/airflow/.local/lib/python3.7/site-packages/airflow/example_dags/tutorial.py
[2023-07-31T20:00:57.868+0000] {logging_mixin.py:150} INFO - [2023-07-31T20:00:57.868+0000] {dag.py:2742} INFO - Sync 1 DAGs
[2023-07-31T20:00:57.899+0000] {logging_mixin.py:150} INFO - [2023-07-31T20:00:57.899+0000] {dag.py:3508} INFO - Setting next_dagrun for tutorial to 2023-07-30T20:00:57.899241+00:00, run_after=2023-07-31T20:00:57.899241+00:00
[2023-07-31T20:00:57.925+0000] {processor.py:179} INFO - Processing /home/airflow/.local/lib/python3.7/site-packages/airflow/example_dags/tutorial.py took 0.286 seconds
[2023-07-31T20:01:28.183+0000] {processor.py:157} INFO - Started process (PID=112) to work on /home/airflow/.local/lib/python3.7/site-packages/airflow/example_dags/tutorial.py
[2023-07-31T20:01:28.184+0000] {processor.py:826} INFO - Processing file /home/airflow/.local/lib/python3.7/site-packages/airflow/example_dags/tutorial.py for tasks to queue
[2023-07-31T20:01:28.184+0000] {logging_mixin.py:150} INFO - [2023-07-31T20:01:28.184+0000] {dagbag.py:541} INFO - Filling up the DagBag from /home/airflow/.local/lib/python3.7/site-packages/airflow/example_dags/tutorial.py
[2023-07-31T20:01:28.190+0000] {processor.py:836} INFO - DAG(s) dict_keys(['tutorial']) retrieved from /home/airflow/.local/lib/python3.7/site-packages/airflow/example_dags/tutorial.py
[2023-07-31T20:01:28.215+0000] {logging_mixin.py:150} INFO - [2023-07-31T20:01:28.214+0000] {dag.py:2742} INFO - Sync 1 DAGs
[2023-07-31T20:01:28.242+0000] {logging_mixin.py:150} INFO - [2023-07-31T20:01:28.241+0000] {dag.py:3508} INFO - Setting next_dagrun for tutorial to 2023-07-30T20:01:28.241532+00:00, run_after=2023-07-31T20:01:28.241532+00:00
[2023-07-31T20:01:28.265+0000] {processor.py:179} INFO - Processing /home/airflow/.local/lib/python3.7/site-packages/airflow/example_dags/tutorial.py took 0.085 seconds
[2023-07-31T20:01:58.562+0000] {processor.py:157} INFO - Started process (PID=174) to work on /home/airflow/.local/lib/python3.7/site-packages/airflow/example_dags/tutorial.py
[2023-07-31T20:01:58.563+0000] {processor.py:826} INFO - Processing file /home/airflow/.local/lib/python3.7/site-packages/airflow/example_dags/tutorial.py for tasks to queue
[2023-07-31T20:01:58.564+0000] {logging_mixin.py:150} INFO - [2023-07-31T20:01:58.563+0000] {dagbag.py:541} INFO - Filling up the DagBag from /home/airflow/.local/lib/python3.7/site-packages/airflow/example_dags/tutorial.py
[2023-07-31T20:01:58.573+0000] {processor.py:836} INFO - DAG(s) dict_keys(['tutorial']) retrieved from /home/airflow/.local/lib/python3.7/site-packages/airflow/example_dags/tutorial.py
[2023-07-31T20:01:58.614+0000] {logging_mixin.py:150} INFO - [2023-07-31T20:01:58.614+0000] {dag.py:2742} INFO - Sync 1 DAGs
[2023-07-31T20:01:58.669+0000] {logging_mixin.py:150} INFO - [2023-07-31T20:01:58.669+0000] {dag.py:3508} INFO - Setting next_dagrun for tutorial to 2023-07-30T20:01:58.667981+00:00, run_after=2023-07-31T20:01:58.667981+00:00
[2023-07-31T20:01:58.691+0000] {processor.py:179} INFO - Processing /home/airflow/.local/lib/python3.7/site-packages/airflow/example_dags/tutorial.py took 0.135 seconds
