[2023-07-31T19:50:03.792+0000] {processor.py:157} INFO - Started process (PID=54) to work on /home/airflow/.local/lib/python3.7/site-packages/airflow/example_dags/tutorial_taskflow_api.py
[2023-07-31T19:50:03.794+0000] {processor.py:826} INFO - Processing file /home/airflow/.local/lib/python3.7/site-packages/airflow/example_dags/tutorial_taskflow_api.py for tasks to queue
[2023-07-31T19:50:03.797+0000] {logging_mixin.py:150} INFO - [2023-07-31T19:50:03.795+0000] {dagbag.py:541} INFO - Filling up the DagBag from /home/airflow/.local/lib/python3.7/site-packages/airflow/example_dags/tutorial_taskflow_api.py
[2023-07-31T19:50:03.831+0000] {processor.py:836} INFO - DAG(s) dict_keys(['tutorial_taskflow_api']) retrieved from /home/airflow/.local/lib/python3.7/site-packages/airflow/example_dags/tutorial_taskflow_api.py
[2023-07-31T19:50:04.125+0000] {logging_mixin.py:150} INFO - [2023-07-31T19:50:04.125+0000] {manager.py:504} INFO - Created Permission View: can delete on DAG:tutorial_taskflow_api
[2023-07-31T19:50:04.149+0000] {logging_mixin.py:150} INFO - [2023-07-31T19:50:04.148+0000] {manager.py:504} INFO - Created Permission View: can edit on DAG:tutorial_taskflow_api
[2023-07-31T19:50:04.171+0000] {logging_mixin.py:150} INFO - [2023-07-31T19:50:04.170+0000] {manager.py:504} INFO - Created Permission View: can read on DAG:tutorial_taskflow_api
[2023-07-31T19:50:04.211+0000] {logging_mixin.py:150} INFO - [2023-07-31T19:50:04.211+0000] {dag.py:2742} INFO - Sync 1 DAGs
[2023-07-31T19:50:04.243+0000] {logging_mixin.py:150} INFO - [2023-07-31T19:50:04.242+0000] {dag.py:2763} INFO - Creating ORM DAG for tutorial_taskflow_api
[2023-07-31T19:50:04.271+0000] {logging_mixin.py:150} INFO - [2023-07-31T19:50:04.270+0000] {dag.py:3508} INFO - Setting next_dagrun for tutorial_taskflow_api to None, run_after=None
[2023-07-31T19:50:04.314+0000] {processor.py:179} INFO - Processing /home/airflow/.local/lib/python3.7/site-packages/airflow/example_dags/tutorial_taskflow_api.py took 0.534 seconds
[2023-07-31T19:50:34.554+0000] {processor.py:157} INFO - Started process (PID=115) to work on /home/airflow/.local/lib/python3.7/site-packages/airflow/example_dags/tutorial_taskflow_api.py
[2023-07-31T19:50:34.559+0000] {processor.py:826} INFO - Processing file /home/airflow/.local/lib/python3.7/site-packages/airflow/example_dags/tutorial_taskflow_api.py for tasks to queue
[2023-07-31T19:50:34.561+0000] {logging_mixin.py:150} INFO - [2023-07-31T19:50:34.561+0000] {dagbag.py:541} INFO - Filling up the DagBag from /home/airflow/.local/lib/python3.7/site-packages/airflow/example_dags/tutorial_taskflow_api.py
[2023-07-31T19:50:34.578+0000] {processor.py:836} INFO - DAG(s) dict_keys(['tutorial_taskflow_api']) retrieved from /home/airflow/.local/lib/python3.7/site-packages/airflow/example_dags/tutorial_taskflow_api.py
[2023-07-31T19:50:34.644+0000] {logging_mixin.py:150} INFO - [2023-07-31T19:50:34.643+0000] {dag.py:2742} INFO - Sync 1 DAGs
[2023-07-31T19:50:34.712+0000] {logging_mixin.py:150} INFO - [2023-07-31T19:50:34.712+0000] {dag.py:3508} INFO - Setting next_dagrun for tutorial_taskflow_api to None, run_after=None
[2023-07-31T19:50:34.757+0000] {processor.py:179} INFO - Processing /home/airflow/.local/lib/python3.7/site-packages/airflow/example_dags/tutorial_taskflow_api.py took 0.214 seconds
[2023-07-31T19:51:04.918+0000] {processor.py:157} INFO - Started process (PID=176) to work on /home/airflow/.local/lib/python3.7/site-packages/airflow/example_dags/tutorial_taskflow_api.py
[2023-07-31T19:51:04.921+0000] {processor.py:826} INFO - Processing file /home/airflow/.local/lib/python3.7/site-packages/airflow/example_dags/tutorial_taskflow_api.py for tasks to queue
[2023-07-31T19:51:04.923+0000] {logging_mixin.py:150} INFO - [2023-07-31T19:51:04.923+0000] {dagbag.py:541} INFO - Filling up the DagBag from /home/airflow/.local/lib/python3.7/site-packages/airflow/example_dags/tutorial_taskflow_api.py
[2023-07-31T19:51:04.937+0000] {processor.py:836} INFO - DAG(s) dict_keys(['tutorial_taskflow_api']) retrieved from /home/airflow/.local/lib/python3.7/site-packages/airflow/example_dags/tutorial_taskflow_api.py
[2023-07-31T19:51:04.983+0000] {logging_mixin.py:150} INFO - [2023-07-31T19:51:04.982+0000] {dag.py:2742} INFO - Sync 1 DAGs
[2023-07-31T19:51:05.032+0000] {logging_mixin.py:150} INFO - [2023-07-31T19:51:05.032+0000] {dag.py:3508} INFO - Setting next_dagrun for tutorial_taskflow_api to None, run_after=None
[2023-07-31T19:51:05.067+0000] {processor.py:179} INFO - Processing /home/airflow/.local/lib/python3.7/site-packages/airflow/example_dags/tutorial_taskflow_api.py took 0.155 seconds
[2023-07-31T19:51:35.809+0000] {processor.py:157} INFO - Started process (PID=236) to work on /home/airflow/.local/lib/python3.7/site-packages/airflow/example_dags/tutorial_taskflow_api.py
[2023-07-31T19:51:35.814+0000] {processor.py:826} INFO - Processing file /home/airflow/.local/lib/python3.7/site-packages/airflow/example_dags/tutorial_taskflow_api.py for tasks to queue
[2023-07-31T19:51:35.815+0000] {logging_mixin.py:150} INFO - [2023-07-31T19:51:35.815+0000] {dagbag.py:541} INFO - Filling up the DagBag from /home/airflow/.local/lib/python3.7/site-packages/airflow/example_dags/tutorial_taskflow_api.py
[2023-07-31T19:51:35.825+0000] {processor.py:836} INFO - DAG(s) dict_keys(['tutorial_taskflow_api']) retrieved from /home/airflow/.local/lib/python3.7/site-packages/airflow/example_dags/tutorial_taskflow_api.py
[2023-07-31T19:51:35.865+0000] {logging_mixin.py:150} INFO - [2023-07-31T19:51:35.865+0000] {dag.py:2742} INFO - Sync 1 DAGs
[2023-07-31T19:51:35.906+0000] {logging_mixin.py:150} INFO - [2023-07-31T19:51:35.905+0000] {dag.py:3508} INFO - Setting next_dagrun for tutorial_taskflow_api to None, run_after=None
[2023-07-31T19:51:35.940+0000] {processor.py:179} INFO - Processing /home/airflow/.local/lib/python3.7/site-packages/airflow/example_dags/tutorial_taskflow_api.py took 0.138 seconds
[2023-07-31T19:52:06.673+0000] {processor.py:157} INFO - Started process (PID=297) to work on /home/airflow/.local/lib/python3.7/site-packages/airflow/example_dags/tutorial_taskflow_api.py
[2023-07-31T19:52:06.673+0000] {processor.py:826} INFO - Processing file /home/airflow/.local/lib/python3.7/site-packages/airflow/example_dags/tutorial_taskflow_api.py for tasks to queue
[2023-07-31T19:52:06.674+0000] {logging_mixin.py:150} INFO - [2023-07-31T19:52:06.674+0000] {dagbag.py:541} INFO - Filling up the DagBag from /home/airflow/.local/lib/python3.7/site-packages/airflow/example_dags/tutorial_taskflow_api.py
[2023-07-31T19:52:06.680+0000] {processor.py:836} INFO - DAG(s) dict_keys(['tutorial_taskflow_api']) retrieved from /home/airflow/.local/lib/python3.7/site-packages/airflow/example_dags/tutorial_taskflow_api.py
[2023-07-31T19:52:06.706+0000] {logging_mixin.py:150} INFO - [2023-07-31T19:52:06.706+0000] {dag.py:2742} INFO - Sync 1 DAGs
[2023-07-31T19:52:06.734+0000] {logging_mixin.py:150} INFO - [2023-07-31T19:52:06.734+0000] {dag.py:3508} INFO - Setting next_dagrun for tutorial_taskflow_api to None, run_after=None
[2023-07-31T19:52:06.756+0000] {processor.py:179} INFO - Processing /home/airflow/.local/lib/python3.7/site-packages/airflow/example_dags/tutorial_taskflow_api.py took 0.087 seconds
[2023-07-31T19:52:37.207+0000] {processor.py:157} INFO - Started process (PID=358) to work on /home/airflow/.local/lib/python3.7/site-packages/airflow/example_dags/tutorial_taskflow_api.py
[2023-07-31T19:52:37.208+0000] {processor.py:826} INFO - Processing file /home/airflow/.local/lib/python3.7/site-packages/airflow/example_dags/tutorial_taskflow_api.py for tasks to queue
[2023-07-31T19:52:37.209+0000] {logging_mixin.py:150} INFO - [2023-07-31T19:52:37.208+0000] {dagbag.py:541} INFO - Filling up the DagBag from /home/airflow/.local/lib/python3.7/site-packages/airflow/example_dags/tutorial_taskflow_api.py
[2023-07-31T19:52:37.220+0000] {processor.py:836} INFO - DAG(s) dict_keys(['tutorial_taskflow_api']) retrieved from /home/airflow/.local/lib/python3.7/site-packages/airflow/example_dags/tutorial_taskflow_api.py
[2023-07-31T19:52:37.254+0000] {logging_mixin.py:150} INFO - [2023-07-31T19:52:37.254+0000] {dag.py:2742} INFO - Sync 1 DAGs
[2023-07-31T19:52:37.297+0000] {logging_mixin.py:150} INFO - [2023-07-31T19:52:37.297+0000] {dag.py:3508} INFO - Setting next_dagrun for tutorial_taskflow_api to None, run_after=None
[2023-07-31T19:52:37.326+0000] {processor.py:179} INFO - Processing /home/airflow/.local/lib/python3.7/site-packages/airflow/example_dags/tutorial_taskflow_api.py took 0.123 seconds
[2023-07-31T19:53:07.579+0000] {processor.py:157} INFO - Started process (PID=419) to work on /home/airflow/.local/lib/python3.7/site-packages/airflow/example_dags/tutorial_taskflow_api.py
[2023-07-31T19:53:07.580+0000] {processor.py:826} INFO - Processing file /home/airflow/.local/lib/python3.7/site-packages/airflow/example_dags/tutorial_taskflow_api.py for tasks to queue
[2023-07-31T19:53:07.581+0000] {logging_mixin.py:150} INFO - [2023-07-31T19:53:07.581+0000] {dagbag.py:541} INFO - Filling up the DagBag from /home/airflow/.local/lib/python3.7/site-packages/airflow/example_dags/tutorial_taskflow_api.py
[2023-07-31T19:53:07.595+0000] {processor.py:836} INFO - DAG(s) dict_keys(['tutorial_taskflow_api']) retrieved from /home/airflow/.local/lib/python3.7/site-packages/airflow/example_dags/tutorial_taskflow_api.py
[2023-07-31T19:53:07.658+0000] {logging_mixin.py:150} INFO - [2023-07-31T19:53:07.657+0000] {dag.py:2742} INFO - Sync 1 DAGs
[2023-07-31T19:53:07.717+0000] {logging_mixin.py:150} INFO - [2023-07-31T19:53:07.716+0000] {dag.py:3508} INFO - Setting next_dagrun for tutorial_taskflow_api to None, run_after=None
[2023-07-31T19:53:07.763+0000] {processor.py:179} INFO - Processing /home/airflow/.local/lib/python3.7/site-packages/airflow/example_dags/tutorial_taskflow_api.py took 0.195 seconds
[2023-07-31T19:53:38.014+0000] {processor.py:157} INFO - Started process (PID=480) to work on /home/airflow/.local/lib/python3.7/site-packages/airflow/example_dags/tutorial_taskflow_api.py
[2023-07-31T19:53:38.015+0000] {processor.py:826} INFO - Processing file /home/airflow/.local/lib/python3.7/site-packages/airflow/example_dags/tutorial_taskflow_api.py for tasks to queue
[2023-07-31T19:53:38.016+0000] {logging_mixin.py:150} INFO - [2023-07-31T19:53:38.016+0000] {dagbag.py:541} INFO - Filling up the DagBag from /home/airflow/.local/lib/python3.7/site-packages/airflow/example_dags/tutorial_taskflow_api.py
[2023-07-31T19:53:38.027+0000] {processor.py:836} INFO - DAG(s) dict_keys(['tutorial_taskflow_api']) retrieved from /home/airflow/.local/lib/python3.7/site-packages/airflow/example_dags/tutorial_taskflow_api.py
[2023-07-31T19:53:38.062+0000] {logging_mixin.py:150} INFO - [2023-07-31T19:53:38.061+0000] {dag.py:2742} INFO - Sync 1 DAGs
[2023-07-31T19:53:38.109+0000] {logging_mixin.py:150} INFO - [2023-07-31T19:53:38.109+0000] {dag.py:3508} INFO - Setting next_dagrun for tutorial_taskflow_api to None, run_after=None
[2023-07-31T19:53:38.144+0000] {processor.py:179} INFO - Processing /home/airflow/.local/lib/python3.7/site-packages/airflow/example_dags/tutorial_taskflow_api.py took 0.135 seconds
[2023-07-31T19:54:08.396+0000] {processor.py:157} INFO - Started process (PID=541) to work on /home/airflow/.local/lib/python3.7/site-packages/airflow/example_dags/tutorial_taskflow_api.py
[2023-07-31T19:54:08.397+0000] {processor.py:826} INFO - Processing file /home/airflow/.local/lib/python3.7/site-packages/airflow/example_dags/tutorial_taskflow_api.py for tasks to queue
[2023-07-31T19:54:08.398+0000] {logging_mixin.py:150} INFO - [2023-07-31T19:54:08.398+0000] {dagbag.py:541} INFO - Filling up the DagBag from /home/airflow/.local/lib/python3.7/site-packages/airflow/example_dags/tutorial_taskflow_api.py
[2023-07-31T19:54:08.409+0000] {processor.py:836} INFO - DAG(s) dict_keys(['tutorial_taskflow_api']) retrieved from /home/airflow/.local/lib/python3.7/site-packages/airflow/example_dags/tutorial_taskflow_api.py
[2023-07-31T19:54:08.443+0000] {logging_mixin.py:150} INFO - [2023-07-31T19:54:08.443+0000] {dag.py:2742} INFO - Sync 1 DAGs
[2023-07-31T19:54:08.493+0000] {logging_mixin.py:150} INFO - [2023-07-31T19:54:08.492+0000] {dag.py:3508} INFO - Setting next_dagrun for tutorial_taskflow_api to None, run_after=None
[2023-07-31T19:54:08.524+0000] {processor.py:179} INFO - Processing /home/airflow/.local/lib/python3.7/site-packages/airflow/example_dags/tutorial_taskflow_api.py took 0.132 seconds
[2023-07-31T19:54:38.631+0000] {processor.py:157} INFO - Started process (PID=602) to work on /home/airflow/.local/lib/python3.7/site-packages/airflow/example_dags/tutorial_taskflow_api.py
[2023-07-31T19:54:38.632+0000] {processor.py:826} INFO - Processing file /home/airflow/.local/lib/python3.7/site-packages/airflow/example_dags/tutorial_taskflow_api.py for tasks to queue
[2023-07-31T19:54:38.632+0000] {logging_mixin.py:150} INFO - [2023-07-31T19:54:38.632+0000] {dagbag.py:541} INFO - Filling up the DagBag from /home/airflow/.local/lib/python3.7/site-packages/airflow/example_dags/tutorial_taskflow_api.py
[2023-07-31T19:54:38.638+0000] {processor.py:836} INFO - DAG(s) dict_keys(['tutorial_taskflow_api']) retrieved from /home/airflow/.local/lib/python3.7/site-packages/airflow/example_dags/tutorial_taskflow_api.py
[2023-07-31T19:54:38.665+0000] {logging_mixin.py:150} INFO - [2023-07-31T19:54:38.665+0000] {dag.py:2742} INFO - Sync 1 DAGs
[2023-07-31T19:54:38.695+0000] {logging_mixin.py:150} INFO - [2023-07-31T19:54:38.695+0000] {dag.py:3508} INFO - Setting next_dagrun for tutorial_taskflow_api to None, run_after=None
[2023-07-31T19:54:38.715+0000] {processor.py:179} INFO - Processing /home/airflow/.local/lib/python3.7/site-packages/airflow/example_dags/tutorial_taskflow_api.py took 0.089 seconds
[2023-07-31T19:55:08.883+0000] {processor.py:157} INFO - Started process (PID=663) to work on /home/airflow/.local/lib/python3.7/site-packages/airflow/example_dags/tutorial_taskflow_api.py
[2023-07-31T19:55:08.884+0000] {processor.py:826} INFO - Processing file /home/airflow/.local/lib/python3.7/site-packages/airflow/example_dags/tutorial_taskflow_api.py for tasks to queue
[2023-07-31T19:55:08.884+0000] {logging_mixin.py:150} INFO - [2023-07-31T19:55:08.884+0000] {dagbag.py:541} INFO - Filling up the DagBag from /home/airflow/.local/lib/python3.7/site-packages/airflow/example_dags/tutorial_taskflow_api.py
[2023-07-31T19:55:08.897+0000] {processor.py:836} INFO - DAG(s) dict_keys(['tutorial_taskflow_api']) retrieved from /home/airflow/.local/lib/python3.7/site-packages/airflow/example_dags/tutorial_taskflow_api.py
[2023-07-31T19:55:08.924+0000] {logging_mixin.py:150} INFO - [2023-07-31T19:55:08.924+0000] {dag.py:2742} INFO - Sync 1 DAGs
[2023-07-31T19:55:08.950+0000] {logging_mixin.py:150} INFO - [2023-07-31T19:55:08.950+0000] {dag.py:3508} INFO - Setting next_dagrun for tutorial_taskflow_api to None, run_after=None
[2023-07-31T19:55:08.975+0000] {processor.py:179} INFO - Processing /home/airflow/.local/lib/python3.7/site-packages/airflow/example_dags/tutorial_taskflow_api.py took 0.095 seconds
[2023-07-31T19:55:39.419+0000] {processor.py:157} INFO - Started process (PID=724) to work on /home/airflow/.local/lib/python3.7/site-packages/airflow/example_dags/tutorial_taskflow_api.py
[2023-07-31T19:55:39.419+0000] {processor.py:826} INFO - Processing file /home/airflow/.local/lib/python3.7/site-packages/airflow/example_dags/tutorial_taskflow_api.py for tasks to queue
[2023-07-31T19:55:39.420+0000] {logging_mixin.py:150} INFO - [2023-07-31T19:55:39.420+0000] {dagbag.py:541} INFO - Filling up the DagBag from /home/airflow/.local/lib/python3.7/site-packages/airflow/example_dags/tutorial_taskflow_api.py
[2023-07-31T19:55:39.425+0000] {processor.py:836} INFO - DAG(s) dict_keys(['tutorial_taskflow_api']) retrieved from /home/airflow/.local/lib/python3.7/site-packages/airflow/example_dags/tutorial_taskflow_api.py
[2023-07-31T19:55:39.448+0000] {logging_mixin.py:150} INFO - [2023-07-31T19:55:39.448+0000] {dag.py:2742} INFO - Sync 1 DAGs
[2023-07-31T19:55:39.474+0000] {logging_mixin.py:150} INFO - [2023-07-31T19:55:39.474+0000] {dag.py:3508} INFO - Setting next_dagrun for tutorial_taskflow_api to None, run_after=None
[2023-07-31T19:55:39.510+0000] {processor.py:179} INFO - Processing /home/airflow/.local/lib/python3.7/site-packages/airflow/example_dags/tutorial_taskflow_api.py took 0.094 seconds
[2023-07-31T19:56:09.742+0000] {processor.py:157} INFO - Started process (PID=785) to work on /home/airflow/.local/lib/python3.7/site-packages/airflow/example_dags/tutorial_taskflow_api.py
[2023-07-31T19:56:09.742+0000] {processor.py:826} INFO - Processing file /home/airflow/.local/lib/python3.7/site-packages/airflow/example_dags/tutorial_taskflow_api.py for tasks to queue
[2023-07-31T19:56:09.743+0000] {logging_mixin.py:150} INFO - [2023-07-31T19:56:09.743+0000] {dagbag.py:541} INFO - Filling up the DagBag from /home/airflow/.local/lib/python3.7/site-packages/airflow/example_dags/tutorial_taskflow_api.py
[2023-07-31T19:56:09.749+0000] {processor.py:836} INFO - DAG(s) dict_keys(['tutorial_taskflow_api']) retrieved from /home/airflow/.local/lib/python3.7/site-packages/airflow/example_dags/tutorial_taskflow_api.py
[2023-07-31T19:56:09.777+0000] {logging_mixin.py:150} INFO - [2023-07-31T19:56:09.776+0000] {dag.py:2742} INFO - Sync 1 DAGs
[2023-07-31T19:56:09.808+0000] {logging_mixin.py:150} INFO - [2023-07-31T19:56:09.808+0000] {dag.py:3508} INFO - Setting next_dagrun for tutorial_taskflow_api to None, run_after=None
[2023-07-31T19:56:09.831+0000] {processor.py:179} INFO - Processing /home/airflow/.local/lib/python3.7/site-packages/airflow/example_dags/tutorial_taskflow_api.py took 0.092 seconds
[2023-07-31T19:56:40.153+0000] {processor.py:157} INFO - Started process (PID=846) to work on /home/airflow/.local/lib/python3.7/site-packages/airflow/example_dags/tutorial_taskflow_api.py
[2023-07-31T19:56:40.154+0000] {processor.py:826} INFO - Processing file /home/airflow/.local/lib/python3.7/site-packages/airflow/example_dags/tutorial_taskflow_api.py for tasks to queue
[2023-07-31T19:56:40.155+0000] {logging_mixin.py:150} INFO - [2023-07-31T19:56:40.155+0000] {dagbag.py:541} INFO - Filling up the DagBag from /home/airflow/.local/lib/python3.7/site-packages/airflow/example_dags/tutorial_taskflow_api.py
[2023-07-31T19:56:40.162+0000] {processor.py:836} INFO - DAG(s) dict_keys(['tutorial_taskflow_api']) retrieved from /home/airflow/.local/lib/python3.7/site-packages/airflow/example_dags/tutorial_taskflow_api.py
[2023-07-31T19:56:40.185+0000] {logging_mixin.py:150} INFO - [2023-07-31T19:56:40.185+0000] {dag.py:2742} INFO - Sync 1 DAGs
[2023-07-31T19:56:40.212+0000] {logging_mixin.py:150} INFO - [2023-07-31T19:56:40.212+0000] {dag.py:3508} INFO - Setting next_dagrun for tutorial_taskflow_api to None, run_after=None
[2023-07-31T19:56:40.232+0000] {processor.py:179} INFO - Processing /home/airflow/.local/lib/python3.7/site-packages/airflow/example_dags/tutorial_taskflow_api.py took 0.082 seconds
[2023-07-31T19:57:10.594+0000] {processor.py:157} INFO - Started process (PID=907) to work on /home/airflow/.local/lib/python3.7/site-packages/airflow/example_dags/tutorial_taskflow_api.py
[2023-07-31T19:57:10.595+0000] {processor.py:826} INFO - Processing file /home/airflow/.local/lib/python3.7/site-packages/airflow/example_dags/tutorial_taskflow_api.py for tasks to queue
[2023-07-31T19:57:10.595+0000] {logging_mixin.py:150} INFO - [2023-07-31T19:57:10.595+0000] {dagbag.py:541} INFO - Filling up the DagBag from /home/airflow/.local/lib/python3.7/site-packages/airflow/example_dags/tutorial_taskflow_api.py
[2023-07-31T19:57:10.600+0000] {processor.py:836} INFO - DAG(s) dict_keys(['tutorial_taskflow_api']) retrieved from /home/airflow/.local/lib/python3.7/site-packages/airflow/example_dags/tutorial_taskflow_api.py
[2023-07-31T19:57:10.634+0000] {logging_mixin.py:150} INFO - [2023-07-31T19:57:10.633+0000] {dag.py:2742} INFO - Sync 1 DAGs
[2023-07-31T19:57:10.660+0000] {logging_mixin.py:150} INFO - [2023-07-31T19:57:10.660+0000] {dag.py:3508} INFO - Setting next_dagrun for tutorial_taskflow_api to None, run_after=None
[2023-07-31T19:57:10.681+0000] {processor.py:179} INFO - Processing /home/airflow/.local/lib/python3.7/site-packages/airflow/example_dags/tutorial_taskflow_api.py took 0.090 seconds
[2023-07-31T19:57:41.534+0000] {processor.py:157} INFO - Started process (PID=968) to work on /home/airflow/.local/lib/python3.7/site-packages/airflow/example_dags/tutorial_taskflow_api.py
[2023-07-31T19:57:41.535+0000] {processor.py:826} INFO - Processing file /home/airflow/.local/lib/python3.7/site-packages/airflow/example_dags/tutorial_taskflow_api.py for tasks to queue
[2023-07-31T19:57:41.536+0000] {logging_mixin.py:150} INFO - [2023-07-31T19:57:41.536+0000] {dagbag.py:541} INFO - Filling up the DagBag from /home/airflow/.local/lib/python3.7/site-packages/airflow/example_dags/tutorial_taskflow_api.py
[2023-07-31T19:57:41.545+0000] {processor.py:836} INFO - DAG(s) dict_keys(['tutorial_taskflow_api']) retrieved from /home/airflow/.local/lib/python3.7/site-packages/airflow/example_dags/tutorial_taskflow_api.py
[2023-07-31T19:57:41.582+0000] {logging_mixin.py:150} INFO - [2023-07-31T19:57:41.582+0000] {dag.py:2742} INFO - Sync 1 DAGs
[2023-07-31T19:57:41.620+0000] {logging_mixin.py:150} INFO - [2023-07-31T19:57:41.620+0000] {dag.py:3508} INFO - Setting next_dagrun for tutorial_taskflow_api to None, run_after=None
[2023-07-31T19:57:41.653+0000] {processor.py:179} INFO - Processing /home/airflow/.local/lib/python3.7/site-packages/airflow/example_dags/tutorial_taskflow_api.py took 0.124 seconds
[2023-07-31T19:58:12.525+0000] {processor.py:157} INFO - Started process (PID=1029) to work on /home/airflow/.local/lib/python3.7/site-packages/airflow/example_dags/tutorial_taskflow_api.py
[2023-07-31T19:58:12.527+0000] {processor.py:826} INFO - Processing file /home/airflow/.local/lib/python3.7/site-packages/airflow/example_dags/tutorial_taskflow_api.py for tasks to queue
[2023-07-31T19:58:12.527+0000] {logging_mixin.py:150} INFO - [2023-07-31T19:58:12.527+0000] {dagbag.py:541} INFO - Filling up the DagBag from /home/airflow/.local/lib/python3.7/site-packages/airflow/example_dags/tutorial_taskflow_api.py
[2023-07-31T19:58:12.533+0000] {processor.py:836} INFO - DAG(s) dict_keys(['tutorial_taskflow_api']) retrieved from /home/airflow/.local/lib/python3.7/site-packages/airflow/example_dags/tutorial_taskflow_api.py
[2023-07-31T19:58:12.562+0000] {logging_mixin.py:150} INFO - [2023-07-31T19:58:12.562+0000] {dag.py:2742} INFO - Sync 1 DAGs
[2023-07-31T19:58:12.590+0000] {logging_mixin.py:150} INFO - [2023-07-31T19:58:12.590+0000] {dag.py:3508} INFO - Setting next_dagrun for tutorial_taskflow_api to None, run_after=None
[2023-07-31T19:58:12.611+0000] {processor.py:179} INFO - Processing /home/airflow/.local/lib/python3.7/site-packages/airflow/example_dags/tutorial_taskflow_api.py took 0.088 seconds
[2023-07-31T19:58:43.247+0000] {processor.py:157} INFO - Started process (PID=1090) to work on /home/airflow/.local/lib/python3.7/site-packages/airflow/example_dags/tutorial_taskflow_api.py
[2023-07-31T19:58:43.248+0000] {processor.py:826} INFO - Processing file /home/airflow/.local/lib/python3.7/site-packages/airflow/example_dags/tutorial_taskflow_api.py for tasks to queue
[2023-07-31T19:58:43.250+0000] {logging_mixin.py:150} INFO - [2023-07-31T19:58:43.249+0000] {dagbag.py:541} INFO - Filling up the DagBag from /home/airflow/.local/lib/python3.7/site-packages/airflow/example_dags/tutorial_taskflow_api.py
[2023-07-31T19:58:43.260+0000] {processor.py:836} INFO - DAG(s) dict_keys(['tutorial_taskflow_api']) retrieved from /home/airflow/.local/lib/python3.7/site-packages/airflow/example_dags/tutorial_taskflow_api.py
[2023-07-31T19:58:43.305+0000] {logging_mixin.py:150} INFO - [2023-07-31T19:58:43.305+0000] {dag.py:2742} INFO - Sync 1 DAGs
[2023-07-31T19:58:43.362+0000] {logging_mixin.py:150} INFO - [2023-07-31T19:58:43.362+0000] {dag.py:3508} INFO - Setting next_dagrun for tutorial_taskflow_api to None, run_after=None
[2023-07-31T19:58:43.397+0000] {processor.py:179} INFO - Processing /home/airflow/.local/lib/python3.7/site-packages/airflow/example_dags/tutorial_taskflow_api.py took 0.159 seconds
[2023-07-31T20:00:58.314+0000] {processor.py:157} INFO - Started process (PID=55) to work on /home/airflow/.local/lib/python3.7/site-packages/airflow/example_dags/tutorial_taskflow_api.py
[2023-07-31T20:00:58.316+0000] {processor.py:826} INFO - Processing file /home/airflow/.local/lib/python3.7/site-packages/airflow/example_dags/tutorial_taskflow_api.py for tasks to queue
[2023-07-31T20:00:58.317+0000] {logging_mixin.py:150} INFO - [2023-07-31T20:00:58.316+0000] {dagbag.py:541} INFO - Filling up the DagBag from /home/airflow/.local/lib/python3.7/site-packages/airflow/example_dags/tutorial_taskflow_api.py
[2023-07-31T20:00:58.327+0000] {processor.py:836} INFO - DAG(s) dict_keys(['tutorial_taskflow_api']) retrieved from /home/airflow/.local/lib/python3.7/site-packages/airflow/example_dags/tutorial_taskflow_api.py
[2023-07-31T20:00:58.482+0000] {logging_mixin.py:150} INFO - [2023-07-31T20:00:58.482+0000] {dag.py:2742} INFO - Sync 1 DAGs
[2023-07-31T20:00:58.511+0000] {logging_mixin.py:150} INFO - [2023-07-31T20:00:58.511+0000] {dag.py:3508} INFO - Setting next_dagrun for tutorial_taskflow_api to None, run_after=None
[2023-07-31T20:00:58.531+0000] {processor.py:179} INFO - Processing /home/airflow/.local/lib/python3.7/site-packages/airflow/example_dags/tutorial_taskflow_api.py took 0.221 seconds
[2023-07-31T20:01:29.423+0000] {processor.py:157} INFO - Started process (PID=117) to work on /home/airflow/.local/lib/python3.7/site-packages/airflow/example_dags/tutorial_taskflow_api.py
[2023-07-31T20:01:29.425+0000] {processor.py:826} INFO - Processing file /home/airflow/.local/lib/python3.7/site-packages/airflow/example_dags/tutorial_taskflow_api.py for tasks to queue
[2023-07-31T20:01:29.425+0000] {logging_mixin.py:150} INFO - [2023-07-31T20:01:29.425+0000] {dagbag.py:541} INFO - Filling up the DagBag from /home/airflow/.local/lib/python3.7/site-packages/airflow/example_dags/tutorial_taskflow_api.py
[2023-07-31T20:01:29.432+0000] {processor.py:836} INFO - DAG(s) dict_keys(['tutorial_taskflow_api']) retrieved from /home/airflow/.local/lib/python3.7/site-packages/airflow/example_dags/tutorial_taskflow_api.py
[2023-07-31T20:01:29.453+0000] {logging_mixin.py:150} INFO - [2023-07-31T20:01:29.453+0000] {dag.py:2742} INFO - Sync 1 DAGs
[2023-07-31T20:01:29.477+0000] {logging_mixin.py:150} INFO - [2023-07-31T20:01:29.477+0000] {dag.py:3508} INFO - Setting next_dagrun for tutorial_taskflow_api to None, run_after=None
[2023-07-31T20:01:29.496+0000] {processor.py:179} INFO - Processing /home/airflow/.local/lib/python3.7/site-packages/airflow/example_dags/tutorial_taskflow_api.py took 0.075 seconds
[2023-07-31T20:01:59.829+0000] {processor.py:157} INFO - Started process (PID=179) to work on /home/airflow/.local/lib/python3.7/site-packages/airflow/example_dags/tutorial_taskflow_api.py
[2023-07-31T20:01:59.830+0000] {processor.py:826} INFO - Processing file /home/airflow/.local/lib/python3.7/site-packages/airflow/example_dags/tutorial_taskflow_api.py for tasks to queue
[2023-07-31T20:01:59.831+0000] {logging_mixin.py:150} INFO - [2023-07-31T20:01:59.830+0000] {dagbag.py:541} INFO - Filling up the DagBag from /home/airflow/.local/lib/python3.7/site-packages/airflow/example_dags/tutorial_taskflow_api.py
[2023-07-31T20:01:59.836+0000] {processor.py:836} INFO - DAG(s) dict_keys(['tutorial_taskflow_api']) retrieved from /home/airflow/.local/lib/python3.7/site-packages/airflow/example_dags/tutorial_taskflow_api.py
[2023-07-31T20:01:59.859+0000] {logging_mixin.py:150} INFO - [2023-07-31T20:01:59.859+0000] {dag.py:2742} INFO - Sync 1 DAGs
[2023-07-31T20:01:59.885+0000] {logging_mixin.py:150} INFO - [2023-07-31T20:01:59.885+0000] {dag.py:3508} INFO - Setting next_dagrun for tutorial_taskflow_api to None, run_after=None
[2023-07-31T20:01:59.909+0000] {processor.py:179} INFO - Processing /home/airflow/.local/lib/python3.7/site-packages/airflow/example_dags/tutorial_taskflow_api.py took 0.082 seconds
