[2023-07-31T19:50:02.841+0000] {processor.py:157} INFO - Started process (PID=50) to work on /home/airflow/.local/lib/python3.7/site-packages/airflow/example_dags/tutorial_dag.py
[2023-07-31T19:50:02.842+0000] {processor.py:826} INFO - Processing file /home/airflow/.local/lib/python3.7/site-packages/airflow/example_dags/tutorial_dag.py for tasks to queue
[2023-07-31T19:50:02.843+0000] {logging_mixin.py:150} INFO - [2023-07-31T19:50:02.843+0000] {dagbag.py:541} INFO - Filling up the DagBag from /home/airflow/.local/lib/python3.7/site-packages/airflow/example_dags/tutorial_dag.py
[2023-07-31T19:50:02.853+0000] {processor.py:836} INFO - DAG(s) dict_keys(['tutorial_dag']) retrieved from /home/airflow/.local/lib/python3.7/site-packages/airflow/example_dags/tutorial_dag.py
[2023-07-31T19:50:03.032+0000] {logging_mixin.py:150} INFO - [2023-07-31T19:50:03.031+0000] {manager.py:504} INFO - Created Permission View: can delete on DAG:tutorial_dag
[2023-07-31T19:50:03.049+0000] {logging_mixin.py:150} INFO - [2023-07-31T19:50:03.049+0000] {manager.py:504} INFO - Created Permission View: can edit on DAG:tutorial_dag
[2023-07-31T19:50:03.060+0000] {logging_mixin.py:150} INFO - [2023-07-31T19:50:03.060+0000] {manager.py:504} INFO - Created Permission View: can read on DAG:tutorial_dag
[2023-07-31T19:50:03.095+0000] {logging_mixin.py:150} INFO - [2023-07-31T19:50:03.094+0000] {dag.py:2742} INFO - Sync 1 DAGs
[2023-07-31T19:50:03.127+0000] {logging_mixin.py:150} INFO - [2023-07-31T19:50:03.127+0000] {dag.py:2763} INFO - Creating ORM DAG for tutorial_dag
[2023-07-31T19:50:03.145+0000] {logging_mixin.py:150} INFO - [2023-07-31T19:50:03.145+0000] {dag.py:3508} INFO - Setting next_dagrun for tutorial_dag to None, run_after=None
[2023-07-31T19:50:03.175+0000] {processor.py:179} INFO - Processing /home/airflow/.local/lib/python3.7/site-packages/airflow/example_dags/tutorial_dag.py took 0.342 seconds
[2023-07-31T19:50:33.690+0000] {processor.py:157} INFO - Started process (PID=111) to work on /home/airflow/.local/lib/python3.7/site-packages/airflow/example_dags/tutorial_dag.py
[2023-07-31T19:50:33.694+0000] {processor.py:826} INFO - Processing file /home/airflow/.local/lib/python3.7/site-packages/airflow/example_dags/tutorial_dag.py for tasks to queue
[2023-07-31T19:50:33.696+0000] {logging_mixin.py:150} INFO - [2023-07-31T19:50:33.695+0000] {dagbag.py:541} INFO - Filling up the DagBag from /home/airflow/.local/lib/python3.7/site-packages/airflow/example_dags/tutorial_dag.py
[2023-07-31T19:50:33.710+0000] {processor.py:836} INFO - DAG(s) dict_keys(['tutorial_dag']) retrieved from /home/airflow/.local/lib/python3.7/site-packages/airflow/example_dags/tutorial_dag.py
[2023-07-31T19:50:33.774+0000] {logging_mixin.py:150} INFO - [2023-07-31T19:50:33.773+0000] {dag.py:2742} INFO - Sync 1 DAGs
[2023-07-31T19:50:33.860+0000] {logging_mixin.py:150} INFO - [2023-07-31T19:50:33.859+0000] {dag.py:3508} INFO - Setting next_dagrun for tutorial_dag to None, run_after=None
[2023-07-31T19:50:33.940+0000] {processor.py:179} INFO - Processing /home/airflow/.local/lib/python3.7/site-packages/airflow/example_dags/tutorial_dag.py took 0.258 seconds
[2023-07-31T19:51:04.398+0000] {processor.py:157} INFO - Started process (PID=172) to work on /home/airflow/.local/lib/python3.7/site-packages/airflow/example_dags/tutorial_dag.py
[2023-07-31T19:51:04.400+0000] {processor.py:826} INFO - Processing file /home/airflow/.local/lib/python3.7/site-packages/airflow/example_dags/tutorial_dag.py for tasks to queue
[2023-07-31T19:51:04.401+0000] {logging_mixin.py:150} INFO - [2023-07-31T19:51:04.401+0000] {dagbag.py:541} INFO - Filling up the DagBag from /home/airflow/.local/lib/python3.7/site-packages/airflow/example_dags/tutorial_dag.py
[2023-07-31T19:51:04.416+0000] {processor.py:836} INFO - DAG(s) dict_keys(['tutorial_dag']) retrieved from /home/airflow/.local/lib/python3.7/site-packages/airflow/example_dags/tutorial_dag.py
[2023-07-31T19:51:04.482+0000] {logging_mixin.py:150} INFO - [2023-07-31T19:51:04.482+0000] {dag.py:2742} INFO - Sync 1 DAGs
[2023-07-31T19:51:04.551+0000] {logging_mixin.py:150} INFO - [2023-07-31T19:51:04.550+0000] {dag.py:3508} INFO - Setting next_dagrun for tutorial_dag to None, run_after=None
[2023-07-31T19:51:04.606+0000] {processor.py:179} INFO - Processing /home/airflow/.local/lib/python3.7/site-packages/airflow/example_dags/tutorial_dag.py took 0.215 seconds
[2023-07-31T19:51:35.434+0000] {processor.py:157} INFO - Started process (PID=232) to work on /home/airflow/.local/lib/python3.7/site-packages/airflow/example_dags/tutorial_dag.py
[2023-07-31T19:51:35.436+0000] {processor.py:826} INFO - Processing file /home/airflow/.local/lib/python3.7/site-packages/airflow/example_dags/tutorial_dag.py for tasks to queue
[2023-07-31T19:51:35.437+0000] {logging_mixin.py:150} INFO - [2023-07-31T19:51:35.436+0000] {dagbag.py:541} INFO - Filling up the DagBag from /home/airflow/.local/lib/python3.7/site-packages/airflow/example_dags/tutorial_dag.py
[2023-07-31T19:51:35.443+0000] {processor.py:836} INFO - DAG(s) dict_keys(['tutorial_dag']) retrieved from /home/airflow/.local/lib/python3.7/site-packages/airflow/example_dags/tutorial_dag.py
[2023-07-31T19:51:35.487+0000] {logging_mixin.py:150} INFO - [2023-07-31T19:51:35.487+0000] {dag.py:2742} INFO - Sync 1 DAGs
[2023-07-31T19:51:35.535+0000] {logging_mixin.py:150} INFO - [2023-07-31T19:51:35.535+0000] {dag.py:3508} INFO - Setting next_dagrun for tutorial_dag to None, run_after=None
[2023-07-31T19:51:35.568+0000] {processor.py:179} INFO - Processing /home/airflow/.local/lib/python3.7/site-packages/airflow/example_dags/tutorial_dag.py took 0.139 seconds
[2023-07-31T19:52:06.452+0000] {processor.py:157} INFO - Started process (PID=293) to work on /home/airflow/.local/lib/python3.7/site-packages/airflow/example_dags/tutorial_dag.py
[2023-07-31T19:52:06.453+0000] {processor.py:826} INFO - Processing file /home/airflow/.local/lib/python3.7/site-packages/airflow/example_dags/tutorial_dag.py for tasks to queue
[2023-07-31T19:52:06.456+0000] {logging_mixin.py:150} INFO - [2023-07-31T19:52:06.456+0000] {dagbag.py:541} INFO - Filling up the DagBag from /home/airflow/.local/lib/python3.7/site-packages/airflow/example_dags/tutorial_dag.py
[2023-07-31T19:52:06.460+0000] {processor.py:836} INFO - DAG(s) dict_keys(['tutorial_dag']) retrieved from /home/airflow/.local/lib/python3.7/site-packages/airflow/example_dags/tutorial_dag.py
[2023-07-31T19:52:06.484+0000] {logging_mixin.py:150} INFO - [2023-07-31T19:52:06.484+0000] {dag.py:2742} INFO - Sync 1 DAGs
[2023-07-31T19:52:06.517+0000] {logging_mixin.py:150} INFO - [2023-07-31T19:52:06.516+0000] {dag.py:3508} INFO - Setting next_dagrun for tutorial_dag to None, run_after=None
[2023-07-31T19:52:06.541+0000] {processor.py:179} INFO - Processing /home/airflow/.local/lib/python3.7/site-packages/airflow/example_dags/tutorial_dag.py took 0.092 seconds
[2023-07-31T19:52:36.892+0000] {processor.py:157} INFO - Started process (PID=354) to work on /home/airflow/.local/lib/python3.7/site-packages/airflow/example_dags/tutorial_dag.py
[2023-07-31T19:52:36.895+0000] {processor.py:826} INFO - Processing file /home/airflow/.local/lib/python3.7/site-packages/airflow/example_dags/tutorial_dag.py for tasks to queue
[2023-07-31T19:52:36.896+0000] {logging_mixin.py:150} INFO - [2023-07-31T19:52:36.896+0000] {dagbag.py:541} INFO - Filling up the DagBag from /home/airflow/.local/lib/python3.7/site-packages/airflow/example_dags/tutorial_dag.py
[2023-07-31T19:52:36.902+0000] {processor.py:836} INFO - DAG(s) dict_keys(['tutorial_dag']) retrieved from /home/airflow/.local/lib/python3.7/site-packages/airflow/example_dags/tutorial_dag.py
[2023-07-31T19:52:36.933+0000] {logging_mixin.py:150} INFO - [2023-07-31T19:52:36.933+0000] {dag.py:2742} INFO - Sync 1 DAGs
[2023-07-31T19:52:36.967+0000] {logging_mixin.py:150} INFO - [2023-07-31T19:52:36.966+0000] {dag.py:3508} INFO - Setting next_dagrun for tutorial_dag to None, run_after=None
[2023-07-31T19:52:36.999+0000] {processor.py:179} INFO - Processing /home/airflow/.local/lib/python3.7/site-packages/airflow/example_dags/tutorial_dag.py took 0.110 seconds
[2023-07-31T19:53:07.059+0000] {processor.py:157} INFO - Started process (PID=415) to work on /home/airflow/.local/lib/python3.7/site-packages/airflow/example_dags/tutorial_dag.py
[2023-07-31T19:53:07.060+0000] {processor.py:826} INFO - Processing file /home/airflow/.local/lib/python3.7/site-packages/airflow/example_dags/tutorial_dag.py for tasks to queue
[2023-07-31T19:53:07.061+0000] {logging_mixin.py:150} INFO - [2023-07-31T19:53:07.060+0000] {dagbag.py:541} INFO - Filling up the DagBag from /home/airflow/.local/lib/python3.7/site-packages/airflow/example_dags/tutorial_dag.py
[2023-07-31T19:53:07.068+0000] {processor.py:836} INFO - DAG(s) dict_keys(['tutorial_dag']) retrieved from /home/airflow/.local/lib/python3.7/site-packages/airflow/example_dags/tutorial_dag.py
[2023-07-31T19:53:07.118+0000] {logging_mixin.py:150} INFO - [2023-07-31T19:53:07.117+0000] {dag.py:2742} INFO - Sync 1 DAGs
[2023-07-31T19:53:07.163+0000] {logging_mixin.py:150} INFO - [2023-07-31T19:53:07.163+0000] {dag.py:3508} INFO - Setting next_dagrun for tutorial_dag to None, run_after=None
[2023-07-31T19:53:07.202+0000] {processor.py:179} INFO - Processing /home/airflow/.local/lib/python3.7/site-packages/airflow/example_dags/tutorial_dag.py took 0.151 seconds
[2023-07-31T19:53:37.696+0000] {processor.py:157} INFO - Started process (PID=476) to work on /home/airflow/.local/lib/python3.7/site-packages/airflow/example_dags/tutorial_dag.py
[2023-07-31T19:53:37.697+0000] {processor.py:826} INFO - Processing file /home/airflow/.local/lib/python3.7/site-packages/airflow/example_dags/tutorial_dag.py for tasks to queue
[2023-07-31T19:53:37.698+0000] {logging_mixin.py:150} INFO - [2023-07-31T19:53:37.698+0000] {dagbag.py:541} INFO - Filling up the DagBag from /home/airflow/.local/lib/python3.7/site-packages/airflow/example_dags/tutorial_dag.py
[2023-07-31T19:53:37.703+0000] {processor.py:836} INFO - DAG(s) dict_keys(['tutorial_dag']) retrieved from /home/airflow/.local/lib/python3.7/site-packages/airflow/example_dags/tutorial_dag.py
[2023-07-31T19:53:37.743+0000] {logging_mixin.py:150} INFO - [2023-07-31T19:53:37.742+0000] {dag.py:2742} INFO - Sync 1 DAGs
[2023-07-31T19:53:37.781+0000] {logging_mixin.py:150} INFO - [2023-07-31T19:53:37.780+0000] {dag.py:3508} INFO - Setting next_dagrun for tutorial_dag to None, run_after=None
[2023-07-31T19:53:37.813+0000] {processor.py:179} INFO - Processing /home/airflow/.local/lib/python3.7/site-packages/airflow/example_dags/tutorial_dag.py took 0.121 seconds
[2023-07-31T19:54:08.093+0000] {processor.py:157} INFO - Started process (PID=537) to work on /home/airflow/.local/lib/python3.7/site-packages/airflow/example_dags/tutorial_dag.py
[2023-07-31T19:54:08.094+0000] {processor.py:826} INFO - Processing file /home/airflow/.local/lib/python3.7/site-packages/airflow/example_dags/tutorial_dag.py for tasks to queue
[2023-07-31T19:54:08.095+0000] {logging_mixin.py:150} INFO - [2023-07-31T19:54:08.095+0000] {dagbag.py:541} INFO - Filling up the DagBag from /home/airflow/.local/lib/python3.7/site-packages/airflow/example_dags/tutorial_dag.py
[2023-07-31T19:54:08.100+0000] {processor.py:836} INFO - DAG(s) dict_keys(['tutorial_dag']) retrieved from /home/airflow/.local/lib/python3.7/site-packages/airflow/example_dags/tutorial_dag.py
[2023-07-31T19:54:08.132+0000] {logging_mixin.py:150} INFO - [2023-07-31T19:54:08.132+0000] {dag.py:2742} INFO - Sync 1 DAGs
[2023-07-31T19:54:08.170+0000] {logging_mixin.py:150} INFO - [2023-07-31T19:54:08.169+0000] {dag.py:3508} INFO - Setting next_dagrun for tutorial_dag to None, run_after=None
[2023-07-31T19:54:08.205+0000] {processor.py:179} INFO - Processing /home/airflow/.local/lib/python3.7/site-packages/airflow/example_dags/tutorial_dag.py took 0.118 seconds
[2023-07-31T19:54:38.358+0000] {processor.py:157} INFO - Started process (PID=598) to work on /home/airflow/.local/lib/python3.7/site-packages/airflow/example_dags/tutorial_dag.py
[2023-07-31T19:54:38.359+0000] {processor.py:826} INFO - Processing file /home/airflow/.local/lib/python3.7/site-packages/airflow/example_dags/tutorial_dag.py for tasks to queue
[2023-07-31T19:54:38.360+0000] {logging_mixin.py:150} INFO - [2023-07-31T19:54:38.360+0000] {dagbag.py:541} INFO - Filling up the DagBag from /home/airflow/.local/lib/python3.7/site-packages/airflow/example_dags/tutorial_dag.py
[2023-07-31T19:54:38.368+0000] {processor.py:836} INFO - DAG(s) dict_keys(['tutorial_dag']) retrieved from /home/airflow/.local/lib/python3.7/site-packages/airflow/example_dags/tutorial_dag.py
[2023-07-31T19:54:38.398+0000] {logging_mixin.py:150} INFO - [2023-07-31T19:54:38.398+0000] {dag.py:2742} INFO - Sync 1 DAGs
[2023-07-31T19:54:38.439+0000] {logging_mixin.py:150} INFO - [2023-07-31T19:54:38.439+0000] {dag.py:3508} INFO - Setting next_dagrun for tutorial_dag to None, run_after=None
[2023-07-31T19:54:38.465+0000] {processor.py:179} INFO - Processing /home/airflow/.local/lib/python3.7/site-packages/airflow/example_dags/tutorial_dag.py took 0.110 seconds
[2023-07-31T19:55:08.601+0000] {processor.py:157} INFO - Started process (PID=659) to work on /home/airflow/.local/lib/python3.7/site-packages/airflow/example_dags/tutorial_dag.py
[2023-07-31T19:55:08.604+0000] {processor.py:826} INFO - Processing file /home/airflow/.local/lib/python3.7/site-packages/airflow/example_dags/tutorial_dag.py for tasks to queue
[2023-07-31T19:55:08.605+0000] {logging_mixin.py:150} INFO - [2023-07-31T19:55:08.605+0000] {dagbag.py:541} INFO - Filling up the DagBag from /home/airflow/.local/lib/python3.7/site-packages/airflow/example_dags/tutorial_dag.py
[2023-07-31T19:55:08.610+0000] {processor.py:836} INFO - DAG(s) dict_keys(['tutorial_dag']) retrieved from /home/airflow/.local/lib/python3.7/site-packages/airflow/example_dags/tutorial_dag.py
[2023-07-31T19:55:08.638+0000] {logging_mixin.py:150} INFO - [2023-07-31T19:55:08.638+0000] {dag.py:2742} INFO - Sync 1 DAGs
[2023-07-31T19:55:08.663+0000] {logging_mixin.py:150} INFO - [2023-07-31T19:55:08.663+0000] {dag.py:3508} INFO - Setting next_dagrun for tutorial_dag to None, run_after=None
[2023-07-31T19:55:08.690+0000] {processor.py:179} INFO - Processing /home/airflow/.local/lib/python3.7/site-packages/airflow/example_dags/tutorial_dag.py took 0.092 seconds
[2023-07-31T19:55:39.147+0000] {processor.py:157} INFO - Started process (PID=720) to work on /home/airflow/.local/lib/python3.7/site-packages/airflow/example_dags/tutorial_dag.py
[2023-07-31T19:55:39.148+0000] {processor.py:826} INFO - Processing file /home/airflow/.local/lib/python3.7/site-packages/airflow/example_dags/tutorial_dag.py for tasks to queue
[2023-07-31T19:55:39.149+0000] {logging_mixin.py:150} INFO - [2023-07-31T19:55:39.148+0000] {dagbag.py:541} INFO - Filling up the DagBag from /home/airflow/.local/lib/python3.7/site-packages/airflow/example_dags/tutorial_dag.py
[2023-07-31T19:55:39.154+0000] {processor.py:836} INFO - DAG(s) dict_keys(['tutorial_dag']) retrieved from /home/airflow/.local/lib/python3.7/site-packages/airflow/example_dags/tutorial_dag.py
[2023-07-31T19:55:39.181+0000] {logging_mixin.py:150} INFO - [2023-07-31T19:55:39.181+0000] {dag.py:2742} INFO - Sync 1 DAGs
[2023-07-31T19:55:39.216+0000] {logging_mixin.py:150} INFO - [2023-07-31T19:55:39.216+0000] {dag.py:3508} INFO - Setting next_dagrun for tutorial_dag to None, run_after=None
[2023-07-31T19:55:39.242+0000] {processor.py:179} INFO - Processing /home/airflow/.local/lib/python3.7/site-packages/airflow/example_dags/tutorial_dag.py took 0.099 seconds
[2023-07-31T19:56:09.511+0000] {processor.py:157} INFO - Started process (PID=781) to work on /home/airflow/.local/lib/python3.7/site-packages/airflow/example_dags/tutorial_dag.py
[2023-07-31T19:56:09.512+0000] {processor.py:826} INFO - Processing file /home/airflow/.local/lib/python3.7/site-packages/airflow/example_dags/tutorial_dag.py for tasks to queue
[2023-07-31T19:56:09.513+0000] {logging_mixin.py:150} INFO - [2023-07-31T19:56:09.513+0000] {dagbag.py:541} INFO - Filling up the DagBag from /home/airflow/.local/lib/python3.7/site-packages/airflow/example_dags/tutorial_dag.py
[2023-07-31T19:56:09.518+0000] {processor.py:836} INFO - DAG(s) dict_keys(['tutorial_dag']) retrieved from /home/airflow/.local/lib/python3.7/site-packages/airflow/example_dags/tutorial_dag.py
[2023-07-31T19:56:09.549+0000] {logging_mixin.py:150} INFO - [2023-07-31T19:56:09.549+0000] {dag.py:2742} INFO - Sync 1 DAGs
[2023-07-31T19:56:09.576+0000] {logging_mixin.py:150} INFO - [2023-07-31T19:56:09.576+0000] {dag.py:3508} INFO - Setting next_dagrun for tutorial_dag to None, run_after=None
[2023-07-31T19:56:09.601+0000] {processor.py:179} INFO - Processing /home/airflow/.local/lib/python3.7/site-packages/airflow/example_dags/tutorial_dag.py took 0.093 seconds
[2023-07-31T19:56:39.912+0000] {processor.py:157} INFO - Started process (PID=842) to work on /home/airflow/.local/lib/python3.7/site-packages/airflow/example_dags/tutorial_dag.py
[2023-07-31T19:56:39.914+0000] {processor.py:826} INFO - Processing file /home/airflow/.local/lib/python3.7/site-packages/airflow/example_dags/tutorial_dag.py for tasks to queue
[2023-07-31T19:56:39.914+0000] {logging_mixin.py:150} INFO - [2023-07-31T19:56:39.914+0000] {dagbag.py:541} INFO - Filling up the DagBag from /home/airflow/.local/lib/python3.7/site-packages/airflow/example_dags/tutorial_dag.py
[2023-07-31T19:56:39.919+0000] {processor.py:836} INFO - DAG(s) dict_keys(['tutorial_dag']) retrieved from /home/airflow/.local/lib/python3.7/site-packages/airflow/example_dags/tutorial_dag.py
[2023-07-31T19:56:39.945+0000] {logging_mixin.py:150} INFO - [2023-07-31T19:56:39.944+0000] {dag.py:2742} INFO - Sync 1 DAGs
[2023-07-31T19:56:39.980+0000] {logging_mixin.py:150} INFO - [2023-07-31T19:56:39.980+0000] {dag.py:3508} INFO - Setting next_dagrun for tutorial_dag to None, run_after=None
[2023-07-31T19:56:40.005+0000] {processor.py:179} INFO - Processing /home/airflow/.local/lib/python3.7/site-packages/airflow/example_dags/tutorial_dag.py took 0.099 seconds
[2023-07-31T19:57:10.368+0000] {processor.py:157} INFO - Started process (PID=903) to work on /home/airflow/.local/lib/python3.7/site-packages/airflow/example_dags/tutorial_dag.py
[2023-07-31T19:57:10.369+0000] {processor.py:826} INFO - Processing file /home/airflow/.local/lib/python3.7/site-packages/airflow/example_dags/tutorial_dag.py for tasks to queue
[2023-07-31T19:57:10.370+0000] {logging_mixin.py:150} INFO - [2023-07-31T19:57:10.369+0000] {dagbag.py:541} INFO - Filling up the DagBag from /home/airflow/.local/lib/python3.7/site-packages/airflow/example_dags/tutorial_dag.py
[2023-07-31T19:57:10.376+0000] {processor.py:836} INFO - DAG(s) dict_keys(['tutorial_dag']) retrieved from /home/airflow/.local/lib/python3.7/site-packages/airflow/example_dags/tutorial_dag.py
[2023-07-31T19:57:10.401+0000] {logging_mixin.py:150} INFO - [2023-07-31T19:57:10.401+0000] {dag.py:2742} INFO - Sync 1 DAGs
[2023-07-31T19:57:10.433+0000] {logging_mixin.py:150} INFO - [2023-07-31T19:57:10.433+0000] {dag.py:3508} INFO - Setting next_dagrun for tutorial_dag to None, run_after=None
[2023-07-31T19:57:10.458+0000] {processor.py:179} INFO - Processing /home/airflow/.local/lib/python3.7/site-packages/airflow/example_dags/tutorial_dag.py took 0.093 seconds
[2023-07-31T19:57:41.146+0000] {processor.py:157} INFO - Started process (PID=964) to work on /home/airflow/.local/lib/python3.7/site-packages/airflow/example_dags/tutorial_dag.py
[2023-07-31T19:57:41.148+0000] {processor.py:826} INFO - Processing file /home/airflow/.local/lib/python3.7/site-packages/airflow/example_dags/tutorial_dag.py for tasks to queue
[2023-07-31T19:57:41.150+0000] {logging_mixin.py:150} INFO - [2023-07-31T19:57:41.149+0000] {dagbag.py:541} INFO - Filling up the DagBag from /home/airflow/.local/lib/python3.7/site-packages/airflow/example_dags/tutorial_dag.py
[2023-07-31T19:57:41.158+0000] {processor.py:836} INFO - DAG(s) dict_keys(['tutorial_dag']) retrieved from /home/airflow/.local/lib/python3.7/site-packages/airflow/example_dags/tutorial_dag.py
[2023-07-31T19:57:41.204+0000] {logging_mixin.py:150} INFO - [2023-07-31T19:57:41.204+0000] {dag.py:2742} INFO - Sync 1 DAGs
[2023-07-31T19:57:41.256+0000] {logging_mixin.py:150} INFO - [2023-07-31T19:57:41.256+0000] {dag.py:3508} INFO - Setting next_dagrun for tutorial_dag to None, run_after=None
[2023-07-31T19:57:41.289+0000] {processor.py:179} INFO - Processing /home/airflow/.local/lib/python3.7/site-packages/airflow/example_dags/tutorial_dag.py took 0.150 seconds
[2023-07-31T19:58:12.208+0000] {processor.py:157} INFO - Started process (PID=1025) to work on /home/airflow/.local/lib/python3.7/site-packages/airflow/example_dags/tutorial_dag.py
[2023-07-31T19:58:12.209+0000] {processor.py:826} INFO - Processing file /home/airflow/.local/lib/python3.7/site-packages/airflow/example_dags/tutorial_dag.py for tasks to queue
[2023-07-31T19:58:12.210+0000] {logging_mixin.py:150} INFO - [2023-07-31T19:58:12.210+0000] {dagbag.py:541} INFO - Filling up the DagBag from /home/airflow/.local/lib/python3.7/site-packages/airflow/example_dags/tutorial_dag.py
[2023-07-31T19:58:12.214+0000] {processor.py:836} INFO - DAG(s) dict_keys(['tutorial_dag']) retrieved from /home/airflow/.local/lib/python3.7/site-packages/airflow/example_dags/tutorial_dag.py
[2023-07-31T19:58:12.240+0000] {logging_mixin.py:150} INFO - [2023-07-31T19:58:12.239+0000] {dag.py:2742} INFO - Sync 1 DAGs
[2023-07-31T19:58:12.266+0000] {logging_mixin.py:150} INFO - [2023-07-31T19:58:12.265+0000] {dag.py:3508} INFO - Setting next_dagrun for tutorial_dag to None, run_after=None
[2023-07-31T19:58:12.292+0000] {processor.py:179} INFO - Processing /home/airflow/.local/lib/python3.7/site-packages/airflow/example_dags/tutorial_dag.py took 0.087 seconds
[2023-07-31T19:58:42.803+0000] {processor.py:157} INFO - Started process (PID=1086) to work on /home/airflow/.local/lib/python3.7/site-packages/airflow/example_dags/tutorial_dag.py
[2023-07-31T19:58:42.805+0000] {processor.py:826} INFO - Processing file /home/airflow/.local/lib/python3.7/site-packages/airflow/example_dags/tutorial_dag.py for tasks to queue
[2023-07-31T19:58:42.807+0000] {logging_mixin.py:150} INFO - [2023-07-31T19:58:42.806+0000] {dagbag.py:541} INFO - Filling up the DagBag from /home/airflow/.local/lib/python3.7/site-packages/airflow/example_dags/tutorial_dag.py
[2023-07-31T19:58:42.819+0000] {processor.py:836} INFO - DAG(s) dict_keys(['tutorial_dag']) retrieved from /home/airflow/.local/lib/python3.7/site-packages/airflow/example_dags/tutorial_dag.py
[2023-07-31T19:58:42.864+0000] {logging_mixin.py:150} INFO - [2023-07-31T19:58:42.864+0000] {dag.py:2742} INFO - Sync 1 DAGs
[2023-07-31T19:58:42.923+0000] {logging_mixin.py:150} INFO - [2023-07-31T19:58:42.923+0000] {dag.py:3508} INFO - Setting next_dagrun for tutorial_dag to None, run_after=None
[2023-07-31T19:58:42.963+0000] {processor.py:179} INFO - Processing /home/airflow/.local/lib/python3.7/site-packages/airflow/example_dags/tutorial_dag.py took 0.165 seconds
[2023-07-31T20:00:57.772+0000] {processor.py:157} INFO - Started process (PID=51) to work on /home/airflow/.local/lib/python3.7/site-packages/airflow/example_dags/tutorial_dag.py
[2023-07-31T20:00:57.774+0000] {processor.py:826} INFO - Processing file /home/airflow/.local/lib/python3.7/site-packages/airflow/example_dags/tutorial_dag.py for tasks to queue
[2023-07-31T20:00:57.775+0000] {logging_mixin.py:150} INFO - [2023-07-31T20:00:57.774+0000] {dagbag.py:541} INFO - Filling up the DagBag from /home/airflow/.local/lib/python3.7/site-packages/airflow/example_dags/tutorial_dag.py
[2023-07-31T20:00:57.786+0000] {processor.py:836} INFO - DAG(s) dict_keys(['tutorial_dag']) retrieved from /home/airflow/.local/lib/python3.7/site-packages/airflow/example_dags/tutorial_dag.py
[2023-07-31T20:00:57.941+0000] {logging_mixin.py:150} INFO - [2023-07-31T20:00:57.941+0000] {dag.py:2742} INFO - Sync 1 DAGs
[2023-07-31T20:00:57.994+0000] {logging_mixin.py:150} INFO - [2023-07-31T20:00:57.993+0000] {dag.py:3508} INFO - Setting next_dagrun for tutorial_dag to None, run_after=None
[2023-07-31T20:00:58.043+0000] {processor.py:179} INFO - Processing /home/airflow/.local/lib/python3.7/site-packages/airflow/example_dags/tutorial_dag.py took 0.274 seconds
[2023-07-31T20:01:28.189+0000] {processor.py:157} INFO - Started process (PID=113) to work on /home/airflow/.local/lib/python3.7/site-packages/airflow/example_dags/tutorial_dag.py
[2023-07-31T20:01:28.190+0000] {processor.py:826} INFO - Processing file /home/airflow/.local/lib/python3.7/site-packages/airflow/example_dags/tutorial_dag.py for tasks to queue
[2023-07-31T20:01:28.191+0000] {logging_mixin.py:150} INFO - [2023-07-31T20:01:28.190+0000] {dagbag.py:541} INFO - Filling up the DagBag from /home/airflow/.local/lib/python3.7/site-packages/airflow/example_dags/tutorial_dag.py
[2023-07-31T20:01:28.195+0000] {processor.py:836} INFO - DAG(s) dict_keys(['tutorial_dag']) retrieved from /home/airflow/.local/lib/python3.7/site-packages/airflow/example_dags/tutorial_dag.py
[2023-07-31T20:01:28.217+0000] {logging_mixin.py:150} INFO - [2023-07-31T20:01:28.216+0000] {dag.py:2742} INFO - Sync 1 DAGs
[2023-07-31T20:01:28.249+0000] {logging_mixin.py:150} INFO - [2023-07-31T20:01:28.248+0000] {dag.py:3508} INFO - Setting next_dagrun for tutorial_dag to None, run_after=None
[2023-07-31T20:01:28.271+0000] {processor.py:179} INFO - Processing /home/airflow/.local/lib/python3.7/site-packages/airflow/example_dags/tutorial_dag.py took 0.085 seconds
[2023-07-31T20:01:58.612+0000] {processor.py:157} INFO - Started process (PID=175) to work on /home/airflow/.local/lib/python3.7/site-packages/airflow/example_dags/tutorial_dag.py
[2023-07-31T20:01:58.620+0000] {processor.py:826} INFO - Processing file /home/airflow/.local/lib/python3.7/site-packages/airflow/example_dags/tutorial_dag.py for tasks to queue
[2023-07-31T20:01:58.623+0000] {logging_mixin.py:150} INFO - [2023-07-31T20:01:58.623+0000] {dagbag.py:541} INFO - Filling up the DagBag from /home/airflow/.local/lib/python3.7/site-packages/airflow/example_dags/tutorial_dag.py
[2023-07-31T20:01:58.629+0000] {processor.py:836} INFO - DAG(s) dict_keys(['tutorial_dag']) retrieved from /home/airflow/.local/lib/python3.7/site-packages/airflow/example_dags/tutorial_dag.py
[2023-07-31T20:01:58.665+0000] {logging_mixin.py:150} INFO - [2023-07-31T20:01:58.665+0000] {dag.py:2742} INFO - Sync 1 DAGs
[2023-07-31T20:01:58.694+0000] {logging_mixin.py:150} INFO - [2023-07-31T20:01:58.693+0000] {dag.py:3508} INFO - Setting next_dagrun for tutorial_dag to None, run_after=None
[2023-07-31T20:01:58.714+0000] {processor.py:179} INFO - Processing /home/airflow/.local/lib/python3.7/site-packages/airflow/example_dags/tutorial_dag.py took 0.106 seconds
