[2023-07-31T20:00:41.386+0000] {processor.py:157} INFO - Started process (PID=31) to work on /opt/airflow/dags/first_dag.py
[2023-07-31T20:00:41.388+0000] {processor.py:826} INFO - Processing file /opt/airflow/dags/first_dag.py for tasks to queue
[2023-07-31T20:00:41.389+0000] {logging_mixin.py:150} INFO - [2023-07-31T20:00:41.389+0000] {dagbag.py:541} INFO - Filling up the DagBag from /opt/airflow/dags/first_dag.py
[2023-07-31T20:00:41.406+0000] {processor.py:836} INFO - DAG(s) dict_keys(['first_dag']) retrieved from /opt/airflow/dags/first_dag.py
[2023-07-31T20:00:41.806+0000] {logging_mixin.py:150} INFO - [2023-07-31T20:00:41.806+0000] {manager.py:504} INFO - Created Permission View: can edit on DAG:first_dag
[2023-07-31T20:00:41.829+0000] {logging_mixin.py:150} INFO - [2023-07-31T20:00:41.829+0000] {manager.py:504} INFO - Created Permission View: can read on DAG:first_dag
[2023-07-31T20:00:41.842+0000] {logging_mixin.py:150} INFO - [2023-07-31T20:00:41.842+0000] {manager.py:504} INFO - Created Permission View: can delete on DAG:first_dag
[2023-07-31T20:00:41.873+0000] {logging_mixin.py:150} INFO - [2023-07-31T20:00:41.873+0000] {dag.py:2742} INFO - Sync 1 DAGs
[2023-07-31T20:00:41.897+0000] {logging_mixin.py:150} INFO - [2023-07-31T20:00:41.897+0000] {dag.py:2763} INFO - Creating ORM DAG for first_dag
[2023-07-31T20:00:41.922+0000] {logging_mixin.py:150} INFO - [2023-07-31T20:00:41.922+0000] {dag.py:3508} INFO - Setting next_dagrun for first_dag to None, run_after=None
[2023-07-31T20:00:41.965+0000] {processor.py:179} INFO - Processing /opt/airflow/dags/first_dag.py took 0.585 seconds
[2023-07-31T20:01:12.030+0000] {processor.py:157} INFO - Started process (PID=93) to work on /opt/airflow/dags/first_dag.py
[2023-07-31T20:01:12.031+0000] {processor.py:826} INFO - Processing file /opt/airflow/dags/first_dag.py for tasks to queue
[2023-07-31T20:01:12.032+0000] {logging_mixin.py:150} INFO - [2023-07-31T20:01:12.031+0000] {dagbag.py:541} INFO - Filling up the DagBag from /opt/airflow/dags/first_dag.py
[2023-07-31T20:01:12.040+0000] {processor.py:836} INFO - DAG(s) dict_keys(['first_dag']) retrieved from /opt/airflow/dags/first_dag.py
[2023-07-31T20:01:12.078+0000] {logging_mixin.py:150} INFO - [2023-07-31T20:01:12.078+0000] {dag.py:2742} INFO - Sync 1 DAGs
[2023-07-31T20:01:12.141+0000] {logging_mixin.py:150} INFO - [2023-07-31T20:01:12.140+0000] {dag.py:3508} INFO - Setting next_dagrun for first_dag to None, run_after=None
[2023-07-31T20:01:12.177+0000] {processor.py:179} INFO - Processing /opt/airflow/dags/first_dag.py took 0.151 seconds
[2023-07-31T20:01:42.273+0000] {processor.py:157} INFO - Started process (PID=155) to work on /opt/airflow/dags/first_dag.py
[2023-07-31T20:01:42.274+0000] {processor.py:826} INFO - Processing file /opt/airflow/dags/first_dag.py for tasks to queue
[2023-07-31T20:01:42.275+0000] {logging_mixin.py:150} INFO - [2023-07-31T20:01:42.275+0000] {dagbag.py:541} INFO - Filling up the DagBag from /opt/airflow/dags/first_dag.py
[2023-07-31T20:01:42.280+0000] {processor.py:836} INFO - DAG(s) dict_keys(['first_dag']) retrieved from /opt/airflow/dags/first_dag.py
[2023-07-31T20:01:42.303+0000] {logging_mixin.py:150} INFO - [2023-07-31T20:01:42.303+0000] {dag.py:2742} INFO - Sync 1 DAGs
[2023-07-31T20:01:42.327+0000] {logging_mixin.py:150} INFO - [2023-07-31T20:01:42.327+0000] {dag.py:3508} INFO - Setting next_dagrun for first_dag to None, run_after=None
[2023-07-31T20:01:42.345+0000] {processor.py:179} INFO - Processing /opt/airflow/dags/first_dag.py took 0.075 seconds
[2023-07-31T20:02:12.596+0000] {processor.py:157} INFO - Started process (PID=217) to work on /opt/airflow/dags/first_dag.py
[2023-07-31T20:02:12.597+0000] {processor.py:826} INFO - Processing file /opt/airflow/dags/first_dag.py for tasks to queue
[2023-07-31T20:02:12.598+0000] {logging_mixin.py:150} INFO - [2023-07-31T20:02:12.598+0000] {dagbag.py:541} INFO - Filling up the DagBag from /opt/airflow/dags/first_dag.py
[2023-07-31T20:02:12.603+0000] {processor.py:836} INFO - DAG(s) dict_keys(['first_dag']) retrieved from /opt/airflow/dags/first_dag.py
[2023-07-31T20:02:12.626+0000] {logging_mixin.py:150} INFO - [2023-07-31T20:02:12.626+0000] {dag.py:2742} INFO - Sync 1 DAGs
[2023-07-31T20:02:12.653+0000] {logging_mixin.py:150} INFO - [2023-07-31T20:02:12.653+0000] {dag.py:3508} INFO - Setting next_dagrun for first_dag to None, run_after=None
[2023-07-31T20:02:12.710+0000] {processor.py:179} INFO - Processing /opt/airflow/dags/first_dag.py took 0.118 seconds
